#
# There is insufficient memory for the Java Runtime Environment to continue.
# Native memory allocation (mmap) failed to map 387973120 bytes for committing reserved memory.
# Possible reasons:
#   The system is out of physical RAM or swap space
#   In 32 bit mode, the process size limit was hit
# Possible solutions:
#   Reduce memory load on the system
#   Increase physical memory or swap space
#   Check if swap backing store is full
#   Use 64 bit Java on a 64 bit OS
#   Decrease Java heap size (-Xmx/-Xms)
#   Decrease number of Java threads
#   Decrease Java thread stack sizes (-Xss)
#   Set larger code cache with -XX:ReservedCodeCacheSize=
# This output file may be truncated or incomplete.
#
#  Out of Memory Error (os_linux.cpp:2627), pid=4838, tid=140568325314304
#
# JRE version: Java(TM) SE Runtime Environment (8.0_60-b27) (build 1.8.0_60-b27)
# Java VM: Java HotSpot(TM) 64-Bit Server VM (25.60-b23 mixed mode linux-amd64 compressed oops)
# Failed to write core dump. Core dumps have been disabled. To enable core dumping, try "ulimit -c unlimited" before starting Java again
#

---------------  T H R E A D  ---------------

Current thread (0x00007fd8cc082000):  VMThread [stack: 0x00007fd89d08d000,0x00007fd89d18e000] [id=4861]

Stack: [0x00007fd89d08d000,0x00007fd89d18e000],  sp=0x00007fd89d18bfa0,  free space=1019k
Native frames: (J=compiled Java code, j=interpreted, Vv=VM code, C=native code)
V  [libjvm.so+0xab97ea]  VMError::report_and_die()+0x2ba
V  [libjvm.so+0x4f9dab]  report_vm_out_of_memory(char const*, int, unsigned long, VMErrorType, char const*)+0x8b
V  [libjvm.so+0x91a7c3]  os::Linux::commit_memory_impl(char*, unsigned long, bool)+0x103
V  [libjvm.so+0x91ad19]  os::pd_commit_memory(char*, unsigned long, unsigned long, bool)+0x29
V  [libjvm.so+0x91502a]  os::commit_memory(char*, unsigned long, unsigned long, bool)+0x2a
V  [libjvm.so+0x9886d3]  PSVirtualSpace::expand_by(unsigned long)+0x53
V  [libjvm.so+0x989ad8]  PSYoungGen::resize_generation(unsigned long, unsigned long)+0xf8
V  [libjvm.so+0x988c32]  PSYoungGen::resize(unsigned long, unsigned long)+0x22
V  [libjvm.so+0x985f0b]  PSScavenge::invoke_no_policy()+0xf3b
V  [libjvm.so+0x986691]  PSScavenge::invoke()+0x41
V  [libjvm.so+0x93e430]  ParallelScavengeHeap::failed_mem_allocate(unsigned long)+0x70
V  [libjvm.so+0xabb207]  VM_ParallelGCFailedAllocation::doit()+0x97
V  [libjvm.so+0xac2c35]  VM_Operation::evaluate()+0x55
V  [libjvm.so+0xac100a]  VMThread::evaluate_operation(VM_Operation*)+0xba
V  [libjvm.so+0xac138e]  VMThread::loop()+0x1ce
V  [libjvm.so+0xac1800]  VMThread::run()+0x70
V  [libjvm.so+0x91cb88]  java_start(Thread*)+0x108

VM_Operation (0x00007fd861135e70): ParallelGCFailedAllocation, mode: safepoint, requested by thread 0x00007fd8cc548000


---------------  P R O C E S S  ---------------

Java Threads: ( => current thread )
  0x00007fd830001000 JavaThread "ojAlgo-daemon-5" daemon [_thread_blocked, id=4902, stack(0x00007fd86042d000,0x00007fd86052e000)]
  0x00007fd82c001000 JavaThread "ojAlgo-daemon-3" daemon [_thread_blocked, id=4900, stack(0x00007fd86062f000,0x00007fd860730000)]
  0x00007fd850040000 JavaThread "ojAlgo-daemon-2" daemon [_thread_blocked, id=4899, stack(0x00007fd860730000,0x00007fd860831000)]
  0x00007fd85003e800 JavaThread "ojAlgo-daemon-1" daemon [_thread_blocked, id=4898, stack(0x00007fd860831000,0x00007fd860932000)]
  0x00007fd84800b000 JavaThread "pool-2-thread-3" [_thread_blocked, id=4897, stack(0x00007fd860b32000,0x00007fd860c33000)]
  0x00007fd848009800 JavaThread "pool-2-thread-2" [_thread_blocked, id=4896, stack(0x00007fd860c33000,0x00007fd860d34000)]
  0x00007fd848009000 JavaThread "pool-2-thread-1" [_thread_blocked, id=4895, stack(0x00007fd860d34000,0x00007fd860e35000)]
  0x00007fd8cc541800 JavaThread "pool-1-thread-4" [_thread_blocked, id=4894, stack(0x00007fd860e35000,0x00007fd860f36000)]
  0x00007fd8cc549000 JavaThread "pool-1-thread-3" [_thread_blocked, id=4893, stack(0x00007fd860f36000,0x00007fd861037000)]
  0x00007fd8cc548000 JavaThread "pool-1-thread-2" [_thread_blocked, id=4892, stack(0x00007fd861037000,0x00007fd861138000)]
  0x00007fd8cc535800 JavaThread "pool-1-thread-1" [_thread_blocked, id=4891, stack(0x00007fd861138000,0x00007fd861239000)]
  0x00007fd8cc52d800 JavaThread "Java2D Disposer" daemon [_thread_blocked, id=4890, stack(0x00007fd861674000,0x00007fd861775000)]
  0x00007fd8cc3b1000 JavaThread "pool-1-thread-1" daemon [_thread_blocked, id=4882, stack(0x00007fd863780000,0x00007fd863881000)]
  0x00007fd8cc3ae800 JavaThread "cluster-ClusterId{value='564f28b0911fb412e6980173', description='null'}-127.0.0.1:27017" daemon [_thread_blocked, id=4881, stack(0x00007fd863881000,0x00007fd863982000)]
  0x00007fd8cc216000 JavaThread "Monitor Ctrl-Break" daemon [_thread_in_native, id=4880, stack(0x00007fd89000e000,0x00007fd89010f000)]
  0x00007fd8cc0ce800 JavaThread "Service Thread" daemon [_thread_blocked, id=4878, stack(0x00007fd89c197000,0x00007fd89c298000)]
  0x00007fd8cc0c9800 JavaThread "C1 CompilerThread3" daemon [_thread_blocked, id=4877, stack(0x00007fd89c298000,0x00007fd89c399000)]
  0x00007fd8cc0c7800 JavaThread "C2 CompilerThread2" daemon [_thread_blocked, id=4876, stack(0x00007fd89c399000,0x00007fd89c49a000)]
  0x00007fd8cc0c5800 JavaThread "C2 CompilerThread1" daemon [_thread_blocked, id=4875, stack(0x00007fd89c49a000,0x00007fd89c59b000)]
  0x00007fd8cc0c2800 JavaThread "C2 CompilerThread0" daemon [_thread_blocked, id=4874, stack(0x00007fd89c59b000,0x00007fd89c69c000)]
  0x00007fd8cc0c1000 JavaThread "Signal Dispatcher" daemon [_thread_blocked, id=4873, stack(0x00007fd89c69c000,0x00007fd89c79d000)]
  0x00007fd8cc089000 JavaThread "Finalizer" daemon [_thread_blocked, id=4865, stack(0x00007fd89ce8b000,0x00007fd89cf8c000)]
  0x00007fd8cc087000 JavaThread "Reference Handler" daemon [_thread_blocked, id=4863, stack(0x00007fd89cf8c000,0x00007fd89d08d000)]
  0x00007fd8cc00c000 JavaThread "main" [_thread_blocked, id=4842, stack(0x00007fd8d3c7f000,0x00007fd8d3d80000)]

Other Threads:
=>0x00007fd8cc082000 VMThread [stack: 0x00007fd89d08d000,0x00007fd89d18e000] [id=4861]
  0x00007fd8cc0d1800 WatcherThread [stack: 0x00007fd89c096000,0x00007fd89c197000] [id=4879]

VM state:at safepoint (normal execution)

VM Mutex/Monitor currently owned by a thread:  ([mutex/lock_event])
[0x00007fd8cc008040] Threads_lock - owner thread: 0x00007fd8cc082000
[0x00007fd8cc008540] Heap_lock - owner thread: 0x00007fd8cc548000

Heap:
 PSYoungGen      total 903680K, used 960K [0x000000076d100000, 0x00000007a8e00000, 0x00000007c0000000)
  eden space 827392K, 0% used [0x000000076d100000,0x000000076d100000,0x000000079f900000)
  from space 76288K, 1% used [0x000000079f900000,0x000000079f9f0000,0x00000007a4380000)
  to   space 70144K, 0% used [0x00000007a4980000,0x00000007a4980000,0x00000007a8e00000)
 ParOldGen       total 240128K, used 122062K [0x00000006c7200000, 0x00000006d5c80000, 0x000000076d100000)
  object space 240128K, 50% used [0x00000006c7200000,0x00000006ce933a30,0x00000006d5c80000)
 Metaspace       used 14695K, capacity 14826K, committed 14976K, reserved 1062912K
  class space    used 1806K, capacity 1851K, committed 1920K, reserved 1048576K

Card table byte_map: [0x00007fd8bc838000,0x00007fd8bd000000] byte_map_base: 0x00007fd8b91ff000

Marking Bits: (ParMarkBitMap*) 0x00007fd8d2949de0
 Begin Bits: [0x00007fd890390000, 0x00007fd8941c8000)
 End Bits:   [0x00007fd8941c8000, 0x00007fd898000000)

Polling page: 0x00007fd8d3db1000

CodeCache: size=245760Kb used=5283Kb max_used=5318Kb free=240477Kb
 bounds [0x00007fd8bd000000, 0x00007fd8bd540000, 0x00007fd8cc000000]
 total_blobs=1869 nmethods=1419 adapters=364
 compilation: enabled

Compilation events (10 events):
Event: 7.024 Thread 0x00007fd8cc0c9800 nmethod 1416 0x00007fd8bd4fa790 code [0x00007fd8bd4fa940, 0x00007fd8bd4fae88]
Event: 7.024 Thread 0x00007fd8cc0c9800 1417       3       org.ojalgo.matrix.PrimitiveMatrix::getStoreFrom (104 bytes)
Event: 7.025 Thread 0x00007fd8cc0c9800 nmethod 1417 0x00007fd8bd50dad0 code [0x00007fd8bd50dd40, 0x00007fd8bd50f548]
Event: 7.025 Thread 0x00007fd8cc0c9800 1418   !   3       DWT.DWT::isValidChoices (115 bytes)
Event: 7.027 Thread 0x00007fd8cc0c9800 nmethod 1418 0x00007fd8bd50f9d0 code [0x00007fd8bd50fcc0, 0x00007fd8bd5112a8]
Event: 7.027 Thread 0x00007fd8cc0c9800 1419       3       DWT.OrthogonalFilters::getHighPass (49 bytes)
Event: 7.028 Thread 0x00007fd8cc0c9800 nmethod 1419 0x00007fd8bd4fa210 code [0x00007fd8bd4fa3a0, 0x00007fd8bd4fa650]
Event: 7.195 Thread 0x00007fd8cc0c5800 nmethod 1297% 0x00007fd8bd51bd50 code [0x00007fd8bd51c4c0, 0x00007fd8bd5253b8]
Event: 7.278 Thread 0x00007fd8cc0c2800 nmethod 1259% 0x00007fd8bd52ced0 code [0x00007fd8bd52d380, 0x00007fd8bd533480]
Event: 7.279 Thread 0x00007fd8cc0c7800 1420   !   4       Utils.Util::ShrinkMap (219 bytes)

GC Heap History (10 events):
Event: 1.753 GC heap after
Heap after GC invocations=5 (full 1):
 PSYoungGen      total 247296K, used 10224K [0x000000076d100000, 0x000000077e100000, 0x00000007c0000000)
  eden space 237056K, 0% used [0x000000076d100000,0x000000076d100000,0x000000077b880000)
  from space 10240K, 99% used [0x000000077d700000,0x000000077e0fc310,0x000000077e100000)
  to   space 10240K, 0% used [0x000000077cd00000,0x000000077cd00000,0x000000077d700000)
 ParOldGen       total 240128K, used 92387K [0x00000006c7200000, 0x00000006d5c80000, 0x000000076d100000)
  object space 240128K, 38% used [0x00000006c7200000,0x00000006ccc38cc8,0x00000006d5c80000)
 Metaspace       used 14068K, capacity 14218K, committed 14464K, reserved 1062912K
  class space    used 1742K, capacity 1819K, committed 1920K, reserved 1048576K
}
Event: 2.582 GC heap before
{Heap before GC invocations=6 (full 1):
 PSYoungGen      total 247296K, used 247280K [0x000000076d100000, 0x000000077e100000, 0x00000007c0000000)
  eden space 237056K, 100% used [0x000000076d100000,0x000000077b880000,0x000000077b880000)
  from space 10240K, 99% used [0x000000077d700000,0x000000077e0fc310,0x000000077e100000)
  to   space 10240K, 0% used [0x000000077cd00000,0x000000077cd00000,0x000000077d700000)
 ParOldGen       total 240128K, used 92387K [0x00000006c7200000, 0x00000006d5c80000, 0x000000076d100000)
  object space 240128K, 38% used [0x00000006c7200000,0x00000006ccc38cc8,0x00000006d5c80000)
 Metaspace       used 14264K, capacity 14410K, committed 14720K, reserved 1062912K
  class space    used 1765K, capacity 1819K, committed 1920K, reserved 1048576K
Event: 2.592 GC heap after
Heap after GC invocations=6 (full 1):
 PSYoungGen      total 268288K, used 10232K [0x000000076d100000, 0x0000000791600000, 0x00000007c0000000)
  eden space 258048K, 0% used [0x000000076d100000,0x000000076d100000,0x000000077cd00000)
  from space 10240K, 99% used [0x000000077cd00000,0x000000077d6fe1a8,0x000000077d700000)
  to   space 83968K, 0% used [0x000000078c400000,0x000000078c400000,0x0000000791600000)
 ParOldGen       total 240128K, used 102029K [0x00000006c7200000, 0x00000006d5c80000, 0x000000076d100000)
  object space 240128K, 42% used [0x00000006c7200000,0x00000006cd5a35e8,0x00000006d5c80000)
 Metaspace       used 14264K, capacity 14410K, committed 14720K, reserved 1062912K
  class space    used 1765K, capacity 1819K, committed 1920K, reserved 1048576K
}
Event: 2.712 GC heap before
{Heap before GC invocations=7 (full 1):
 PSYoungGen      total 268288K, used 267363K [0x000000076d100000, 0x0000000791600000, 0x00000007c0000000)
  eden space 258048K, 99% used [0x000000076d100000,0x000000077cc1ab20,0x000000077cd00000)
  from space 10240K, 99% used [0x000000077cd00000,0x000000077d6fe1a8,0x000000077d700000)
  to   space 83968K, 0% used [0x000000078c400000,0x000000078c400000,0x0000000791600000)
 ParOldGen       total 240128K, used 106222K [0x00000006c7200000, 0x00000006d5c80000, 0x000000076d100000)
  object space 240128K, 44% used [0x00000006c7200000,0x00000006cd9bb848,0x00000006d5c80000)
 Metaspace       used 14626K, capacity 14762K, committed 14976K, reserved 1062912K
  class space    used 1801K, capacity 1851K, committed 1920K, reserved 1048576K
Event: 4.322 GC heap after
Heap after GC invocations=7 (full 1):
 PSYoungGen      total 513536K, used 13143K [0x000000076d100000, 0x0000000795b80000, 0x00000007c0000000)
  eden space 429568K, 0% used [0x000000076d100000,0x000000076d100000,0x0000000787480000)
  from space 83968K, 15% used [0x000000078c400000,0x000000078d0d5e60,0x0000000791600000)
  to   space 81408K, 0% used [0x0000000787480000,0x0000000787480000,0x000000078c400000)
 ParOldGen       total 240128K, used 106222K [0x00000006c7200000, 0x00000006d5c80000, 0x000000076d100000)
  object space 240128K, 44% used [0x00000006c7200000,0x00000006cd9bb848,0x00000006d5c80000)
 Metaspace       used 14626K, capacity 14762K, committed 14976K, reserved 1062912K
  class space    used 1801K, capacity 1851K, committed 1920K, reserved 1048576K
}
Event: 6.819 GC heap before
{Heap before GC invocations=8 (full 1):
 PSYoungGen      total 513536K, used 442711K [0x000000076d100000, 0x0000000795b80000, 0x00000007c0000000)
  eden space 429568K, 100% used [0x000000076d100000,0x0000000787480000,0x0000000787480000)
  from space 83968K, 15% used [0x000000078c400000,0x000000078d0d5e60,0x0000000791600000)
  to   space 81408K, 0% used [0x0000000787480000,0x0000000787480000,0x000000078c400000)
 ParOldGen       total 240128K, used 110662K [0x00000006c7200000, 0x00000006d5c80000, 0x000000076d100000)
  object space 240128K, 46% used [0x00000006c7200000,0x00000006cde119e8,0x00000006d5c80000)
 Metaspace       used 14680K, capacity 14826K, committed 14976K, reserved 1062912K
  class space    used 1804K, capacity 1851K, committed 1920K, reserved 1048576K
Event: 6.821 GC heap after
Heap after GC invocations=8 (full 1):
 PSYoungGen      total 510976K, used 10640K [0x000000076d100000, 0x00000007a9680000, 0x00000007c0000000)
  eden space 429568K, 0% used [0x000000076d100000,0x000000076d100000,0x0000000787480000)
  from space 81408K, 13% used [0x0000000787480000,0x0000000787ee4090,0x000000078c400000)
  to   space 78848K, 0% used [0x00000007a4980000,0x00000007a4980000,0x00000007a9680000)
 ParOldGen       total 240128K, used 110670K [0x00000006c7200000, 0x00000006d5c80000, 0x000000076d100000)
  object space 240128K, 46% used [0x00000006c7200000,0x00000006cde139e8,0x00000006d5c80000)
 Metaspace       used 14680K, capacity 14826K, committed 14976K, reserved 1062912K
  class space    used 1804K, capacity 1851K, committed 1920K, reserved 1048576K
}
Event: 6.927 GC heap before
{Heap before GC invocations=9 (full 1):
 PSYoungGen      total 510976K, used 440208K [0x000000076d100000, 0x00000007a9680000, 0x00000007c0000000)
  eden space 429568K, 100% used [0x000000076d100000,0x0000000787480000,0x0000000787480000)
  from space 81408K, 13% used [0x0000000787480000,0x0000000787ee4090,0x000000078c400000)
  to   space 78848K, 0% used [0x00000007a4980000,0x00000007a4980000,0x00000007a9680000)
 ParOldGen       total 240128K, used 110670K [0x00000006c7200000, 0x00000006d5c80000, 0x000000076d100000)
  object space 240128K, 46% used [0x00000006c7200000,0x00000006cde139e8,0x00000006d5c80000)
 Metaspace       used 14680K, capacity 14826K, committed 14976K, reserved 1062912K
  class space    used 1804K, capacity 1851K, committed 1920K, reserved 1048576K
Event: 6.938 GC heap after
Heap after GC invocations=9 (full 1):
 PSYoungGen      total 897536K, used 10768K [0x000000076d100000, 0x00000007a8e00000, 0x00000007c0000000)
  eden space 827392K, 0% used [0x000000076d100000,0x000000076d100000,0x000000079f900000)
  from space 70144K, 15% used [0x00000007a4980000,0x00000007a5404130,0x00000007a8e00000)
  to   space 76288K, 0% used [0x000000079f900000,0x000000079f900000,0x00000007a4380000)
 ParOldGen       total 240128K, used 114414K [0x00000006c7200000, 0x00000006d5c80000, 0x000000076d100000)
  object space 240128K, 47% used [0x00000006c7200000,0x00000006ce1bb9e8,0x00000006d5c80000)
 Metaspace       used 14680K, capacity 14826K, committed 14976K, reserved 1062912K
  class space    used 1804K, capacity 1851K, committed 1920K, reserved 1048576K
}
Event: 7.315 GC heap before
{Heap before GC invocations=10 (full 1):
 PSYoungGen      total 897536K, used 838160K [0x000000076d100000, 0x00000007a8e00000, 0x00000007c0000000)
  eden space 827392K, 100% used [0x000000076d100000,0x000000079f900000,0x000000079f900000)
  from space 70144K, 15% used [0x00000007a4980000,0x00000007a5404130,0x00000007a8e00000)
  to   space 76288K, 0% used [0x000000079f900000,0x000000079f900000,0x00000007a4380000)
 ParOldGen       total 240128K, used 114414K [0x00000006c7200000, 0x00000006d5c80000, 0x000000076d100000)
  object space 240128K, 47% used [0x00000006c7200000,0x00000006ce1bb9e8,0x00000006d5c80000)
 Metaspace       used 14695K, capacity 14826K, committed 14976K, reserved 1062912K
  class space    used 1806K, capacity 1851K, committed 1920K, reserved 1048576K

Deoptimization events (10 events):
Event: 2.665 Thread 0x00007fd8cc535800 Uncommon trap: reason=class_check action=maybe_recompile pc=0x00007fd8bd3bc4bc method=java.util.Collections.max(Ljava/util/Collection;)Ljava/lang/Object; @ 1
Event: 2.666 Thread 0x00007fd8cc535800 Uncommon trap: reason=bimorphic action=maybe_recompile pc=0x00007fd8bd418e18 method=java.util.Collections.max(Ljava/util/Collection;)Ljava/lang/Object; @ 35
Event: 2.674 Thread 0x00007fd8cc535800 Uncommon trap: reason=bimorphic action=maybe_recompile pc=0x00007fd8bd418e18 method=java.util.Collections.max(Ljava/util/Collection;)Ljava/lang/Object; @ 35
Event: 2.683 Thread 0x00007fd8cc535800 Uncommon trap: reason=class_check action=maybe_recompile pc=0x00007fd8bd3ac880 method=java.util.Collections.min(Ljava/util/Collection;)Ljava/lang/Object; @ 1
Event: 2.693 Thread 0x00007fd8cc535800 Uncommon trap: reason=class_check action=maybe_recompile pc=0x00007fd8bd3ac880 method=java.util.Collections.min(Ljava/util/Collection;)Ljava/lang/Object; @ 1
Event: 4.339 Thread 0x00007fd8cc535800 Uncommon trap: reason=unstable_if action=reinterpret pc=0x00007fd8bd41d384 method=java.lang.Integer.compare(II)I @ 11
Event: 4.375 Thread 0x00007fd8cc535800 Uncommon trap: reason=unstable_if action=reinterpret pc=0x00007fd8bd40db24 method=java.awt.image.ComponentColorModel.getDataElements(ILjava/lang/Object;)Ljava/lang/Object; @ 30
Event: 6.752 Thread 0x00007fd8cc4e1800 Uncommon trap: reason=unstable_if action=reinterpret pc=0x00007fd8bd3e9cc8 method=java.lang.Integer.getChars(II[C)V @ 7
Event: 6.753 Thread 0x00007fd8cc4e1800 Uncommon trap: reason=unstable_if action=reinterpret pc=0x00007fd8bd3deb9c method=java.lang.Integer.getChars(II[C)V @ 7
Event: 6.898 Thread 0x00007fd8cc541800 Uncommon trap: reason=unstable_if action=reinterpret pc=0x00007fd8bd4df938 method=com.sun.imageio.plugins.png.PNGImageWriter.encodePass(Ljavax/imageio/stream/ImageOutputStream;Ljava/awt/image/RenderedImage;IIII)V @ 303

Internal exceptions (10 events):
Event: 7.294 Thread 0x00007fd84800b000 Exception <a 'java/lang/ArrayIndexOutOfBoundsException': 618> (0x000000079c5c1ef0) thrown at [/HUDSON/workspace/8-2-build-linux-amd64/jdk8u60/4407/hotspot/src/share/vm/interpreter/interpreterRuntime.cpp, line 366]
Event: 7.294 Thread 0x00007fd84800b000 Exception <a 'java/lang/ArrayIndexOutOfBoundsException': 619> (0x000000079c5c2358) thrown at [/HUDSON/workspace/8-2-build-linux-amd64/jdk8u60/4407/hotspot/src/share/vm/interpreter/interpreterRuntime.cpp, line 366]
Event: 7.294 Thread 0x00007fd84800b000 Exception <a 'java/lang/ArrayIndexOutOfBoundsException': 621> (0x000000079c5c27c0) thrown at [/HUDSON/workspace/8-2-build-linux-amd64/jdk8u60/4407/hotspot/src/share/vm/interpreter/interpreterRuntime.cpp, line 366]
Event: 7.294 Thread 0x00007fd84800b000 Exception <a 'java/lang/ArrayIndexOutOfBoundsException': 622> (0x000000079c5c2c28) thrown at [/HUDSON/workspace/8-2-build-linux-amd64/jdk8u60/4407/hotspot/src/share/vm/interpreter/interpreterRuntime.cpp, line 366]
Event: 7.294 Thread 0x00007fd84800b000 Exception <a 'java/lang/ArrayIndexOutOfBoundsException': 623> (0x000000079c5c3090) thrown at [/HUDSON/workspace/8-2-build-linux-amd64/jdk8u60/4407/hotspot/src/share/vm/interpreter/interpreterRuntime.cpp, line 366]
Event: 7.294 Thread 0x00007fd84800b000 Exception <a 'java/lang/ArrayIndexOutOfBoundsException': 625> (0x000000079c5c34f8) thrown at [/HUDSON/workspace/8-2-build-linux-amd64/jdk8u60/4407/hotspot/src/share/vm/interpreter/interpreterRuntime.cpp, line 366]
Event: 7.294 Thread 0x00007fd84800b000 Exception <a 'java/lang/ArrayIndexOutOfBoundsException': 626> (0x000000079c5c3960) thrown at [/HUDSON/workspace/8-2-build-linux-amd64/jdk8u60/4407/hotspot/src/share/vm/interpreter/interpreterRuntime.cpp, line 366]
Event: 7.294 Thread 0x00007fd84800b000 Exception <a 'java/lang/ArrayIndexOutOfBoundsException': 627> (0x000000079c5c3dc8) thrown at [/HUDSON/workspace/8-2-build-linux-amd64/jdk8u60/4407/hotspot/src/share/vm/interpreter/interpreterRuntime.cpp, line 366]
Event: 7.294 Thread 0x00007fd84800b000 Exception <a 'java/lang/ArrayIndexOutOfBoundsException': 628> (0x000000079c5c4230) thrown at [/HUDSON/workspace/8-2-build-linux-amd64/jdk8u60/4407/hotspot/src/share/vm/interpreter/interpreterRuntime.cpp, line 366]
Event: 7.295 Thread 0x00007fd84800b000 Exception <a 'java/lang/ArrayIndexOutOfBoundsException': 630> (0x000000079c5c4698) thrown at [/HUDSON/workspace/8-2-build-linux-amd64/jdk8u60/4407/hotspot/src/share/vm/interpreter/interpreterRuntime.cpp, line 366]

Events (10 events):
Event: 6.898 Thread 0x00007fd8cc541800 Uncommon trap: trap_request=0xffffff65 fr.pc=0x00007fd8bd4df938
Event: 6.898 Thread 0x00007fd8cc541800 DEOPT PACKING pc=0x00007fd8bd4df938 sp=0x00007fd860f34150
Event: 6.898 Thread 0x00007fd8cc541800 DEOPT UNPACKING pc=0x00007fd8bd005229 sp=0x00007fd860f34120 mode 2
Event: 6.898 Thread 0x00007fd8cc541800 DEOPT PACKING pc=0x00007fd8bd499918 sp=0x00007fd860f34130
Event: 6.899 Thread 0x00007fd8cc541800 DEOPT UNPACKING pc=0x00007fd8bd047633 sp=0x00007fd860f33e68 mode 0
Event: 6.899 Thread 0x00007fd8cc541800 DEOPT PACKING pc=0x00007fd8bd499918 sp=0x00007fd860f34130
Event: 6.899 Thread 0x00007fd8cc541800 DEOPT UNPACKING pc=0x00007fd8bd047633 sp=0x00007fd860f33e68 mode 0
Event: 6.927 Executing VM operation: ParallelGCFailedAllocation
Event: 6.938 Executing VM operation: ParallelGCFailedAllocation done
Event: 7.315 Executing VM operation: ParallelGCFailedAllocation


Dynamic libraries:
00400000-00401000 r-xp 00000000 08:13 31472115                           /usr/lib/jvm/oracle-jdk-8u60-linux-x64/jdk1.8.0_60/bin/java
00600000-00601000 rw-p 00000000 08:13 31472115                           /usr/lib/jvm/oracle-jdk-8u60-linux-x64/jdk1.8.0_60/bin/java
01652000-01673000 rw-p 00000000 00:00 0                                  [heap]
6c7200000-6d5c80000 rw-p 00000000 00:00 0 
6d5c80000-76d100000 ---p 00000000 00:00 0 
76d100000-7a8e00000 rw-p 00000000 00:00 0 
7c0000000-7c01e0000 rw-p 00000000 00:00 0 
7c01e0000-800000000 ---p 00000000 00:00 0 
7fd81c000000-7fd81c021000 rw-p 00000000 00:00 0 
7fd81c021000-7fd820000000 ---p 00000000 00:00 0 
7fd820000000-7fd820021000 rw-p 00000000 00:00 0 
7fd820021000-7fd824000000 ---p 00000000 00:00 0 
7fd824000000-7fd824021000 rw-p 00000000 00:00 0 
7fd824021000-7fd828000000 ---p 00000000 00:00 0 
7fd828000000-7fd828021000 rw-p 00000000 00:00 0 
7fd828021000-7fd82c000000 ---p 00000000 00:00 0 
7fd82c000000-7fd82c021000 rw-p 00000000 00:00 0 
7fd82c021000-7fd830000000 ---p 00000000 00:00 0 
7fd830000000-7fd830021000 rw-p 00000000 00:00 0 
7fd830021000-7fd834000000 ---p 00000000 00:00 0 
7fd834000000-7fd834021000 rw-p 00000000 00:00 0 
7fd834021000-7fd838000000 ---p 00000000 00:00 0 
7fd838000000-7fd838021000 rw-p 00000000 00:00 0 
7fd838021000-7fd83c000000 ---p 00000000 00:00 0 
7fd83c000000-7fd83c05c000 rw-p 00000000 00:00 0 
7fd83c05c000-7fd840000000 ---p 00000000 00:00 0 
7fd840000000-7fd840021000 rw-p 00000000 00:00 0 
7fd840021000-7fd844000000 ---p 00000000 00:00 0 
7fd844000000-7fd844024000 rw-p 00000000 00:00 0 
7fd844024000-7fd848000000 ---p 00000000 00:00 0 
7fd848000000-7fd848021000 rw-p 00000000 00:00 0 
7fd848021000-7fd84c000000 ---p 00000000 00:00 0 
7fd84c000000-7fd84c021000 rw-p 00000000 00:00 0 
7fd84c021000-7fd850000000 ---p 00000000 00:00 0 
7fd850000000-7fd85011c000 rw-p 00000000 00:00 0 
7fd85011c000-7fd854000000 ---p 00000000 00:00 0 
7fd854000000-7fd854021000 rw-p 00000000 00:00 0 
7fd854021000-7fd858000000 ---p 00000000 00:00 0 
7fd858000000-7fd858021000 rw-p 00000000 00:00 0 
7fd858021000-7fd85c000000 ---p 00000000 00:00 0 
7fd85c000000-7fd85c027000 rw-p 00000000 00:00 0 
7fd85c027000-7fd860000000 ---p 00000000 00:00 0 
7fd86032c000-7fd86032f000 ---p 00000000 00:00 0 
7fd86032f000-7fd86042d000 rw-p 00000000 00:00 0 
7fd86042d000-7fd860430000 ---p 00000000 00:00 0 
7fd860430000-7fd86052e000 rw-p 00000000 00:00 0                          [stack:4902]
7fd86052e000-7fd860531000 ---p 00000000 00:00 0 
7fd860531000-7fd86062f000 rw-p 00000000 00:00 0 
7fd86062f000-7fd860632000 ---p 00000000 00:00 0 
7fd860632000-7fd860730000 rw-p 00000000 00:00 0                          [stack:4900]
7fd860730000-7fd860733000 ---p 00000000 00:00 0 
7fd860733000-7fd860831000 rw-p 00000000 00:00 0                          [stack:4899]
7fd860831000-7fd860834000 ---p 00000000 00:00 0 
7fd860834000-7fd8609f2000 rw-p 00000000 00:00 0                          [stack:4898]
7fd8609f2000-7fd860b32000 ---p 00000000 00:00 0 
7fd860b32000-7fd860b35000 ---p 00000000 00:00 0 
7fd860b35000-7fd860c33000 rw-p 00000000 00:00 0                          [stack:4897]
7fd860c33000-7fd860c36000 ---p 00000000 00:00 0 
7fd860c36000-7fd860d34000 rw-p 00000000 00:00 0                          [stack:4896]
7fd860d34000-7fd860d37000 ---p 00000000 00:00 0 
7fd860d37000-7fd860e35000 rw-p 00000000 00:00 0                          [stack:4895]
7fd860e35000-7fd860e38000 ---p 00000000 00:00 0 
7fd860e38000-7fd860f36000 rw-p 00000000 00:00 0                          [stack:4894]
7fd860f36000-7fd860f39000 ---p 00000000 00:00 0 
7fd860f39000-7fd861037000 rw-p 00000000 00:00 0                          [stack:4893]
7fd861037000-7fd86103a000 ---p 00000000 00:00 0 
7fd86103a000-7fd861138000 rw-p 00000000 00:00 0                          [stack:4892]
7fd861138000-7fd86113b000 ---p 00000000 00:00 0 
7fd86113b000-7fd861439000 rw-p 00000000 00:00 0                          [stack:4891]
7fd861439000-7fd861473000 r-xp 00000000 08:13 31471979                   /usr/lib/jvm/oracle-jdk-8u60-linux-x64/jdk1.8.0_60/jre/lib/amd64/libjpeg.so
7fd861473000-7fd861673000 ---p 0003a000 08:13 31471979                   /usr/lib/jvm/oracle-jdk-8u60-linux-x64/jdk1.8.0_60/jre/lib/amd64/libjpeg.so
7fd861673000-7fd861674000 rw-p 0003a000 08:13 31471979                   /usr/lib/jvm/oracle-jdk-8u60-linux-x64/jdk1.8.0_60/jre/lib/amd64/libjpeg.so
7fd861674000-7fd861677000 ---p 00000000 00:00 0 
7fd861677000-7fd861775000 rw-p 00000000 00:00 0                          [stack:4890]
7fd861775000-7fd86177a000 r-xp 00000000 08:13 30933992                   /usr/lib/x86_64-linux-gnu/libXdmcp.so.6.0.0
7fd86177a000-7fd861979000 ---p 00005000 08:13 30933992                   /usr/lib/x86_64-linux-gnu/libXdmcp.so.6.0.0
7fd861979000-7fd86197a000 r--p 00004000 08:13 30933992                   /usr/lib/x86_64-linux-gnu/libXdmcp.so.6.0.0
7fd86197a000-7fd86197b000 rw-p 00005000 08:13 30933992                   /usr/lib/x86_64-linux-gnu/libXdmcp.so.6.0.0
7fd86197b000-7fd86197d000 r-xp 00000000 08:13 30933267                   /usr/lib/x86_64-linux-gnu/libXau.so.6.0.0
7fd86197d000-7fd861b7d000 ---p 00002000 08:13 30933267                   /usr/lib/x86_64-linux-gnu/libXau.so.6.0.0
7fd861b7d000-7fd861b7e000 r--p 00002000 08:13 30933267                   /usr/lib/x86_64-linux-gnu/libXau.so.6.0.0
7fd861b7e000-7fd861b7f000 rw-p 00003000 08:13 30933267                   /usr/lib/x86_64-linux-gnu/libXau.so.6.0.0
7fd861b7f000-7fd861b9c000 r-xp 00000000 08:13 30938489                   /usr/lib/x86_64-linux-gnu/libxcb.so.1.1.0
7fd861b9c000-7fd861d9c000 ---p 0001d000 08:13 30938489                   /usr/lib/x86_64-linux-gnu/libxcb.so.1.1.0
7fd861d9c000-7fd861d9d000 r--p 0001d000 08:13 30938489                   /usr/lib/x86_64-linux-gnu/libxcb.so.1.1.0
7fd861d9d000-7fd861d9e000 rw-p 0001e000 08:13 30938489                   /usr/lib/x86_64-linux-gnu/libxcb.so.1.1.0
7fd861d9e000-7fd861dad000 r-xp 00000000 08:13 30936015                   /usr/lib/x86_64-linux-gnu/libXi.so.6.1.0
7fd861dad000-7fd861fac000 ---p 0000f000 08:13 30936015                   /usr/lib/x86_64-linux-gnu/libXi.so.6.1.0
7fd861fac000-7fd861fad000 r--p 0000e000 08:13 30936015                   /usr/lib/x86_64-linux-gnu/libXi.so.6.1.0
7fd861fad000-7fd861fae000 rw-p 0000f000 08:13 30936015                   /usr/lib/x86_64-linux-gnu/libXi.so.6.1.0
7fd861fae000-7fd861fb3000 r-xp 00000000 08:13 30936677                   /usr/lib/x86_64-linux-gnu/libXtst.so.6.1.0
7fd861fb3000-7fd8621b2000 ---p 00005000 08:13 30936677                   /usr/lib/x86_64-linux-gnu/libXtst.so.6.1.0
7fd8621b2000-7fd8621b3000 r--p 00004000 08:13 30936677                   /usr/lib/x86_64-linux-gnu/libXtst.so.6.1.0
7fd8621b3000-7fd8621b4000 rw-p 00005000 08:13 30936677                   /usr/lib/x86_64-linux-gnu/libXtst.so.6.1.0
7fd8621b4000-7fd8621bd000 r-xp 00000000 08:13 30938493                   /usr/lib/x86_64-linux-gnu/libXrender.so.1.3.0
7fd8621bd000-7fd8623bc000 ---p 00009000 08:13 30938493                   /usr/lib/x86_64-linux-gnu/libXrender.so.1.3.0
7fd8623bc000-7fd8623bd000 r--p 00008000 08:13 30938493                   /usr/lib/x86_64-linux-gnu/libXrender.so.1.3.0
7fd8623bd000-7fd8623be000 rw-p 00009000 08:13 30938493                   /usr/lib/x86_64-linux-gnu/libXrender.so.1.3.0
7fd8623be000-7fd8624ee000 r-xp 00000000 08:13 30934116                   /usr/lib/x86_64-linux-gnu/libX11.so.6.3.0
7fd8624ee000-7fd8626ee000 ---p 00130000 08:13 30934116                   /usr/lib/x86_64-linux-gnu/libX11.so.6.3.0
7fd8626ee000-7fd8626ef000 r--p 00130000 08:13 30934116                   /usr/lib/x86_64-linux-gnu/libX11.so.6.3.0
7fd8626ef000-7fd8626f3000 rw-p 00131000 08:13 30934116                   /usr/lib/x86_64-linux-gnu/libX11.so.6.3.0
7fd8626f3000-7fd862704000 r-xp 00000000 08:13 30937501                   /usr/lib/x86_64-linux-gnu/libXext.so.6.4.0
7fd862704000-7fd862903000 ---p 00011000 08:13 30937501                   /usr/lib/x86_64-linux-gnu/libXext.so.6.4.0
7fd862903000-7fd862904000 r--p 00010000 08:13 30937501                   /usr/lib/x86_64-linux-gnu/libXext.so.6.4.0
7fd862904000-7fd862905000 rw-p 00011000 08:13 30937501                   /usr/lib/x86_64-linux-gnu/libXext.so.6.4.0
7fd862905000-7fd862959000 r-xp 00000000 08:13 31472000                   /usr/lib/jvm/oracle-jdk-8u60-linux-x64/jdk1.8.0_60/jre/lib/amd64/libawt_xawt.so
7fd862959000-7fd862b59000 ---p 00054000 08:13 31472000                   /usr/lib/jvm/oracle-jdk-8u60-linux-x64/jdk1.8.0_60/jre/lib/amd64/libawt_xawt.so
7fd862b59000-7fd862b5d000 rw-p 00054000 08:13 31472000                   /usr/lib/jvm/oracle-jdk-8u60-linux-x64/jdk1.8.0_60/jre/lib/amd64/libawt_xawt.so
7fd862b5d000-7fd862b5e000 rw-p 00000000 00:00 0 
7fd862b5e000-7fd862c00000 r-xp 00000000 08:13 31472007                   /usr/lib/jvm/oracle-jdk-8u60-linux-x64/jdk1.8.0_60/jre/lib/amd64/libawt.so
7fd862c00000-7fd862e00000 ---p 000a2000 08:13 31472007                   /usr/lib/jvm/oracle-jdk-8u60-linux-x64/jdk1.8.0_60/jre/lib/amd64/libawt.so
7fd862e00000-7fd862e0c000 rw-p 000a2000 08:13 31472007                   /usr/lib/jvm/oracle-jdk-8u60-linux-x64/jdk1.8.0_60/jre/lib/amd64/libawt.so
7fd862e0c000-7fd862e30000 rw-p 00000000 00:00 0 
7fd862e30000-7fd862e33000 ---p 00000000 00:00 0 
7fd862e33000-7fd862f31000 rw-p 00000000 00:00 0 
7fd862f31000-7fd862f48000 r-xp 00000000 08:13 35258813                   /lib/x86_64-linux-gnu/libresolv-2.19.so
7fd862f48000-7fd863148000 ---p 00017000 08:13 35258813                   /lib/x86_64-linux-gnu/libresolv-2.19.so
7fd863148000-7fd863149000 r--p 00017000 08:13 35258813                   /lib/x86_64-linux-gnu/libresolv-2.19.so
7fd863149000-7fd86314a000 rw-p 00018000 08:13 35258813                   /lib/x86_64-linux-gnu/libresolv-2.19.so
7fd86314a000-7fd86314c000 rw-p 00000000 00:00 0 
7fd86314c000-7fd863151000 r-xp 00000000 08:13 35259014                   /lib/x86_64-linux-gnu/libnss_dns-2.19.so
7fd863151000-7fd863350000 ---p 00005000 08:13 35259014                   /lib/x86_64-linux-gnu/libnss_dns-2.19.so
7fd863350000-7fd863351000 r--p 00004000 08:13 35259014                   /lib/x86_64-linux-gnu/libnss_dns-2.19.so
7fd863351000-7fd863352000 rw-p 00005000 08:13 35259014                   /lib/x86_64-linux-gnu/libnss_dns-2.19.so
7fd863352000-7fd863354000 r-xp 00000000 08:13 35258642                   /lib/x86_64-linux-gnu/libnss_mdns4_minimal.so.2
7fd863354000-7fd863553000 ---p 00002000 08:13 35258642                   /lib/x86_64-linux-gnu/libnss_mdns4_minimal.so.2
7fd863553000-7fd863554000 r--p 00001000 08:13 35258642                   /lib/x86_64-linux-gnu/libnss_mdns4_minimal.so.2
7fd863554000-7fd863555000 rw-p 00002000 08:13 35258642                   /lib/x86_64-linux-gnu/libnss_mdns4_minimal.so.2
7fd86357f000-7fd863780000 rw-p 00000000 00:00 0 
7fd863780000-7fd863783000 ---p 00000000 00:00 0 
7fd863783000-7fd863881000 rw-p 00000000 00:00 0                          [stack:4882]
7fd863881000-7fd863884000 ---p 00000000 00:00 0 
7fd863884000-7fd863982000 rw-p 00000000 00:00 0                          [stack:4881]
7fd863982000-7fd863993000 r-xp 00000000 08:13 31472013                   /usr/lib/jvm/oracle-jdk-8u60-linux-x64/jdk1.8.0_60/jre/lib/amd64/libnio.so
7fd863993000-7fd863b92000 ---p 00011000 08:13 31472013                   /usr/lib/jvm/oracle-jdk-8u60-linux-x64/jdk1.8.0_60/jre/lib/amd64/libnio.so
7fd863b92000-7fd863b93000 rw-p 00010000 08:13 31472013                   /usr/lib/jvm/oracle-jdk-8u60-linux-x64/jdk1.8.0_60/jre/lib/amd64/libnio.so
7fd863b93000-7fd863baf000 r--s 00393000 08:13 31472044                   /usr/lib/jvm/oracle-jdk-8u60-linux-x64/jdk1.8.0_60/jre/lib/ext/cldrdata.jar
7fd863baf000-7fd863bb7000 r-xp 00000000 08:13 31471973                   /usr/lib/jvm/oracle-jdk-8u60-linux-x64/jdk1.8.0_60/jre/lib/amd64/libmanagement.so
7fd863bb7000-7fd863db7000 ---p 00008000 08:13 31471973                   /usr/lib/jvm/oracle-jdk-8u60-linux-x64/jdk1.8.0_60/jre/lib/amd64/libmanagement.so
7fd863db7000-7fd863db8000 rw-p 00008000 08:13 31471973                   /usr/lib/jvm/oracle-jdk-8u60-linux-x64/jdk1.8.0_60/jre/lib/amd64/libmanagement.so
7fd863db8000-7fd863de9000 rw-p 00000000 00:00 0 
7fd863de9000-7fd863dff000 r-xp 00000000 08:13 31471987                   /usr/lib/jvm/oracle-jdk-8u60-linux-x64/jdk1.8.0_60/jre/lib/amd64/libnet.so
7fd863dff000-7fd863fff000 ---p 00016000 08:13 31471987                   /usr/lib/jvm/oracle-jdk-8u60-linux-x64/jdk1.8.0_60/jre/lib/amd64/libnet.so
7fd863fff000-7fd864000000 rw-p 00016000 08:13 31471987                   /usr/lib/jvm/oracle-jdk-8u60-linux-x64/jdk1.8.0_60/jre/lib/amd64/libnet.so
7fd864000000-7fd864021000 rw-p 00000000 00:00 0 
7fd864021000-7fd868000000 ---p 00000000 00:00 0 
7fd868000000-7fd868021000 rw-p 00000000 00:00 0 
7fd868021000-7fd86c000000 ---p 00000000 00:00 0 
7fd86c000000-7fd86c75f000 rw-p 00000000 00:00 0 
7fd86c75f000-7fd870000000 ---p 00000000 00:00 0 
7fd870000000-7fd870021000 rw-p 00000000 00:00 0 
7fd870021000-7fd874000000 ---p 00000000 00:00 0 
7fd874000000-7fd874f46000 rw-p 00000000 00:00 0 
7fd874f46000-7fd878000000 ---p 00000000 00:00 0 
7fd878000000-7fd878809000 rw-p 00000000 00:00 0 
7fd878809000-7fd87c000000 ---p 00000000 00:00 0 
7fd87c000000-7fd87c021000 rw-p 00000000 00:00 0 
7fd87c021000-7fd880000000 ---p 00000000 00:00 0 
7fd880000000-7fd880b9c000 rw-p 00000000 00:00 0 
7fd880b9c000-7fd884000000 ---p 00000000 00:00 0 
7fd884000000-7fd884021000 rw-p 00000000 00:00 0 
7fd884021000-7fd888000000 ---p 00000000 00:00 0 
7fd888000000-7fd888021000 rw-p 00000000 00:00 0 
7fd888021000-7fd88c000000 ---p 00000000 00:00 0 
7fd88c000000-7fd88c28b000 rw-p 00000000 00:00 0 
7fd88c28b000-7fd890000000 ---p 00000000 00:00 0 
7fd890000000-7fd89000a000 r--s 00116000 08:13 31472037                   /usr/lib/jvm/oracle-jdk-8u60-linux-x64/jdk1.8.0_60/jre/lib/ext/localedata.jar
7fd89000a000-7fd89000e000 r--s 00095000 08:13 31472033                   /usr/lib/jvm/oracle-jdk-8u60-linux-x64/jdk1.8.0_60/jre/lib/jsse.jar
7fd89000e000-7fd890011000 ---p 00000000 00:00 0 
7fd890011000-7fd89010f000 rw-p 00000000 00:00 0                          [stack:4880]
7fd89010f000-7fd890110000 r-xp 00000000 08:13 71671017                   /home/marzampoglou/IntelliJ_IDEA/idea-IU-141.1532.4/bin/libbreakgen64.so
7fd890110000-7fd89030f000 ---p 00001000 08:13 71671017                   /home/marzampoglou/IntelliJ_IDEA/idea-IU-141.1532.4/bin/libbreakgen64.so
7fd89030f000-7fd890310000 r--p 00000000 08:13 71671017                   /home/marzampoglou/IntelliJ_IDEA/idea-IU-141.1532.4/bin/libbreakgen64.so
7fd890310000-7fd890311000 rw-p 00001000 08:13 71671017                   /home/marzampoglou/IntelliJ_IDEA/idea-IU-141.1532.4/bin/libbreakgen64.so
7fd890311000-7fd890313000 r--s 00016000 08:13 71671111                   /home/marzampoglou/IntelliJ_IDEA/idea-IU-141.1532.4/lib/idea_rt.jar
7fd890313000-7fd890315000 r--s 00005000 08:13 77334120                   /home/marzampoglou/.m2/repository/xpp3/xpp3_min/1.1.4c/xpp3_min-1.1.4c.jar
7fd890315000-7fd890322000 r--s 0006a000 08:13 77334151                   /home/marzampoglou/.m2/repository/com/thoughtworks/xstream/xstream/1.4.4/xstream-1.4.4.jar
7fd890322000-7fd890326000 r--s 0001f000 08:13 77334150                   /home/marzampoglou/.m2/repository/org/ddogleg/ddogleg/0.3/ddogleg-0.3.jar
7fd890326000-7fd89032b000 r--s 0002d000 08:13 77334147                   /home/marzampoglou/.m2/repository/org/georegression/georegression/0.4/georegression-0.4.jar
7fd89032b000-7fd890330000 r--s 00045000 08:13 77334146                   /home/marzampoglou/.m2/repository/com/googlecode/efficient-java-matrix-library/ejml/0.23/ejml-0.23.jar
7fd890330000-7fd890351000 r--s 001a4000 08:13 77334144                   /home/marzampoglou/.m2/repository/org/boofcv/boofcv/0.15/boofcv-0.15.jar
7fd890351000-7fd890354000 r--s 0003d000 08:13 77334136                   /home/marzampoglou/.m2/repository/javax/media/jai/com.springsource.javax.media.jai.codec/1.1.3/com.springsource.javax.media.jai.codec-1.1.3.jar
7fd890354000-7fd890368000 r--s 001c0000 08:13 77334135                   /home/marzampoglou/.m2/repository/javax/media/jai/com.springsource.javax.media.jai.core/1.1.3/com.springsource.javax.media.jai.core-1.1.3.jar
7fd890368000-7fd89036c000 r--s 00107000 08:13 77334142                   /home/marzampoglou/.m2/repository/net/java/dev/jna/jna/4.2.0/jna-4.2.0.jar
7fd89036c000-7fd890390000 r--s 001ce000 08:13 77334139                   /home/marzampoglou/.m2/repository/org/apache/commons/commons-math3/3.5/commons-math3-3.5.jar
7fd890390000-7fd898000000 rw-p 00000000 00:00 0 
7fd898000000-7fd898021000 rw-p 00000000 00:00 0 
7fd898021000-7fd89c000000 ---p 00000000 00:00 0 
7fd89c000000-7fd89c001000 r--s 00001000 08:13 77334118                   /home/marzampoglou/.m2/repository/xmlpull/xmlpull/1.1.3.1/xmlpull-1.1.3.1.jar
7fd89c001000-7fd89c01d000 r--s 00144000 08:13 77334141                   /home/marzampoglou/.m2/repository/org/ojalgo/ojalgo/38.2/ojalgo-38.2.jar
7fd89c01d000-7fd89c024000 r--s 00064000 08:13 77334140                   /home/marzampoglou/.m2/repository/org/apache/commons/commons-lang3/3.4/commons-lang3-3.4.jar
7fd89c024000-7fd89c02a000 r--s 0004f000 08:13 83104502                   /home/marzampoglou/.m2/repository/com/drewnoakes/metadata-extractor/2.8.1/metadata-extractor-2.8.1.jar
7fd89c02a000-7fd89c02f000 r--s 0002f000 08:13 76023650                   /home/marzampoglou/.m2/repository/com/google/code/gson/gson/2.4/gson-2.4.jar
7fd89c02f000-7fd89c035000 r--s 0004a000 08:13 83231062                   /home/marzampoglou/.m2/repository/cglib/cglib-nodep/2.2.2/cglib-nodep-2.2.2.jar
7fd89c035000-7fd89c04d000 r--s 00121000 08:13 76823339                   /home/marzampoglou/.m2/repository/org/mongodb/mongo-java-driver/3.0.2/mongo-java-driver-3.0.2.jar
7fd89c04d000-7fd89c055000 r--s 00051000 08:13 76686121                   /home/marzampoglou/.m2/repository/org/mongodb/morphia/morphia/1.0.1/morphia-1.0.1.jar
7fd89c055000-7fd89c068000 r--s 00344000 08:13 31472057                   /usr/lib/jvm/oracle-jdk-8u60-linux-x64/jdk1.8.0_60/jre/lib/resources.jar
7fd89c068000-7fd89c07b000 r--s 000d5000 08:13 31471949                   /usr/lib/jvm/oracle-jdk-8u60-linux-x64/jdk1.8.0_60/jre/lib/plugin.jar
7fd89c07b000-7fd89c096000 r--s 001fc000 08:13 31472047                   /usr/lib/jvm/oracle-jdk-8u60-linux-x64/jdk1.8.0_60/jre/lib/deploy.jar
7fd89c096000-7fd89c097000 ---p 00000000 00:00 0 
7fd89c097000-7fd89c197000 rw-p 00000000 00:00 0                          [stack:4879]
7fd89c197000-7fd89c19a000 ---p 00000000 00:00 0 
7fd89c19a000-7fd89c298000 rw-p 00000000 00:00 0                          [stack:4878]
7fd89c298000-7fd89c29b000 ---p 00000000 00:00 0 
7fd89c29b000-7fd89c399000 rw-p 00000000 00:00 0                          [stack:4877]
7fd89c399000-7fd89c39c000 ---p 00000000 00:00 0 
7fd89c39c000-7fd89c49a000 rw-p 00000000 00:00 0                          [stack:4876]
7fd89c49a000-7fd89c49d000 ---p 00000000 00:00 0 
7fd89c49d000-7fd89c59b000 rw-p 00000000 00:00 0                          [stack:4875]
7fd89c59b000-7fd89c59e000 ---p 00000000 00:00 0 
7fd89c59e000-7fd89c69c000 rw-p 00000000 00:00 0                          [stack:4874]
7fd89c69c000-7fd89c69f000 ---p 00000000 00:00 0 
7fd89c69f000-7fd89c79d000 rw-p 00000000 00:00 0                          [stack:4873]
7fd89c79d000-7fd89ce8b000 r--p 00000000 08:13 30934335                   /usr/lib/locale/locale-archive
7fd89ce8b000-7fd89ce8e000 ---p 00000000 00:00 0 
7fd89ce8e000-7fd89cf8c000 rw-p 00000000 00:00 0                          [stack:4865]
7fd89cf8c000-7fd89cf8f000 ---p 00000000 00:00 0 
7fd89cf8f000-7fd89d08d000 rw-p 00000000 00:00 0                          [stack:4863]
7fd89d08d000-7fd89d08e000 ---p 00000000 00:00 0 
7fd89d08e000-7fd89ed90000 rw-p 00000000 00:00 0                          [stack:4861]
7fd89ed90000-7fd89ef68000 r--s 03d17000 08:13 31472030                   /usr/lib/jvm/oracle-jdk-8u60-linux-x64/jdk1.8.0_60/jre/lib/rt.jar
7fd89ef68000-7fd8a0000000 rw-p 00000000 00:00 0 
7fd8a0000000-7fd8a0021000 rw-p 00000000 00:00 0 
7fd8a0021000-7fd8a4000000 ---p 00000000 00:00 0 
7fd8a4000000-7fd8a4021000 rw-p 00000000 00:00 0 
7fd8a4021000-7fd8a8000000 ---p 00000000 00:00 0 
7fd8a8000000-7fd8a8021000 rw-p 00000000 00:00 0 
7fd8a8021000-7fd8ac000000 ---p 00000000 00:00 0 
7fd8ac000000-7fd8ac021000 rw-p 00000000 00:00 0 
7fd8ac021000-7fd8b0000000 ---p 00000000 00:00 0 
7fd8b0000000-7fd8b0021000 rw-p 00000000 00:00 0 
7fd8b0021000-7fd8b4000000 ---p 00000000 00:00 0 
7fd8b4000000-7fd8b4021000 rw-p 00000000 00:00 0 
7fd8b4021000-7fd8b8000000 ---p 00000000 00:00 0 
7fd8b8000000-7fd8b8021000 rw-p 00000000 00:00 0 
7fd8b8021000-7fd8bc000000 ---p 00000000 00:00 0 
7fd8bc000000-7fd8bc002000 r--s 0001b000 08:13 83104501                   /home/marzampoglou/.m2/repository/com/adobe/xmp/xmpcore/5.1.2/xmpcore-5.1.2.jar
7fd8bc002000-7fd8bc006000 r--s 00016000 08:13 83231063                   /home/marzampoglou/.m2/repository/com/thoughtworks/proxytoys/proxytoys/1.0/proxytoys-1.0.jar
7fd8bc006000-7fd8bc009000 r--s 0001a000 08:13 31471951                   /usr/lib/jvm/oracle-jdk-8u60-linux-x64/jdk1.8.0_60/jre/lib/jce.jar
7fd8bc009000-7fd8bc00b000 r--s 00007000 08:13 31472060                   /usr/lib/jvm/oracle-jdk-8u60-linux-x64/jdk1.8.0_60/jre/lib/jfxswt.jar
7fd8bc00b000-7fd8bc00f000 r--s 00095000 08:13 31472033                   /usr/lib/jvm/oracle-jdk-8u60-linux-x64/jdk1.8.0_60/jre/lib/jsse.jar
7fd8bc00f000-7fd8bc030000 rw-p 00000000 00:00 0 
7fd8bc030000-7fd8bc031000 ---p 00000000 00:00 0 
7fd8bc031000-7fd8bc131000 rw-p 00000000 00:00 0                          [stack:4859]
7fd8bc131000-7fd8bc132000 ---p 00000000 00:00 0 
7fd8bc132000-7fd8bc232000 rw-p 00000000 00:00 0                          [stack:4858]
7fd8bc232000-7fd8bc233000 ---p 00000000 00:00 0 
7fd8bc233000-7fd8bc333000 rw-p 00000000 00:00 0                          [stack:4857]
7fd8bc333000-7fd8bc334000 ---p 00000000 00:00 0 
7fd8bc334000-7fd8bc434000 rw-p 00000000 00:00 0                          [stack:4856]
7fd8bc434000-7fd8bc435000 ---p 00000000 00:00 0 
7fd8bc435000-7fd8bc535000 rw-p 00000000 00:00 0                          [stack:4855]
7fd8bc535000-7fd8bc536000 ---p 00000000 00:00 0 
7fd8bc536000-7fd8bc636000 rw-p 00000000 00:00 0                          [stack:4854]
7fd8bc636000-7fd8bc637000 ---p 00000000 00:00 0 
7fd8bc637000-7fd8bc737000 rw-p 00000000 00:00 0                          [stack:4853]
7fd8bc737000-7fd8bc738000 ---p 00000000 00:00 0 
7fd8bc738000-7fd8bc8ae000 rw-p 00000000 00:00 0                          [stack:4852]
7fd8bc8ae000-7fd8bcd67000 ---p 00000000 00:00 0 
7fd8bcd67000-7fd8bcf46000 rw-p 00000000 00:00 0 
7fd8bcf46000-7fd8bcfff000 ---p 00000000 00:00 0 
7fd8bcfff000-7fd8bd000000 rw-p 00000000 00:00 0 
7fd8bd000000-7fd8bd540000 rwxp 00000000 00:00 0 
7fd8bd540000-7fd8cc000000 ---p 00000000 00:00 0 
7fd8cc000000-7fd8cc5a9000 rw-p 00000000 00:00 0 
7fd8cc5a9000-7fd8d0000000 ---p 00000000 00:00 0 
7fd8d0000000-7fd8d0001000 r--s 00000000 08:13 31472027                   /usr/lib/jvm/oracle-jdk-8u60-linux-x64/jdk1.8.0_60/jre/lib/management-agent.jar
7fd8d0001000-7fd8d000b000 r--s 0006b000 08:13 31471879                   /usr/lib/jvm/oracle-jdk-8u60-linux-x64/jdk1.8.0_60/jre/lib/javaws.jar
7fd8d000b000-7fd8d0011000 r--s 002f8000 08:13 31471950                   /usr/lib/jvm/oracle-jdk-8u60-linux-x64/jdk1.8.0_60/jre/lib/charsets.jar
7fd8d0011000-7fd8d0087000 rw-p 00000000 00:00 0 
7fd8d0087000-7fd8d0541000 ---p 00000000 00:00 0 
7fd8d0541000-7fd8d0556000 rw-p 00000000 00:00 0 
7fd8d0556000-7fd8d0901000 ---p 00000000 00:00 0 
7fd8d0901000-7fd8d091b000 r-xp 00000000 08:13 31471982                   /usr/lib/jvm/oracle-jdk-8u60-linux-x64/jdk1.8.0_60/jre/lib/amd64/libzip.so
7fd8d091b000-7fd8d0b1b000 ---p 0001a000 08:13 31471982                   /usr/lib/jvm/oracle-jdk-8u60-linux-x64/jdk1.8.0_60/jre/lib/amd64/libzip.so
7fd8d0b1b000-7fd8d0b1c000 rw-p 0001a000 08:13 31471982                   /usr/lib/jvm/oracle-jdk-8u60-linux-x64/jdk1.8.0_60/jre/lib/amd64/libzip.so
7fd8d0b1c000-7fd8d0b27000 r-xp 00000000 08:13 35258873                   /lib/x86_64-linux-gnu/libnss_files-2.19.so
7fd8d0b27000-7fd8d0d26000 ---p 0000b000 08:13 35258873                   /lib/x86_64-linux-gnu/libnss_files-2.19.so
7fd8d0d26000-7fd8d0d27000 r--p 0000a000 08:13 35258873                   /lib/x86_64-linux-gnu/libnss_files-2.19.so
7fd8d0d27000-7fd8d0d28000 rw-p 0000b000 08:13 35258873                   /lib/x86_64-linux-gnu/libnss_files-2.19.so
7fd8d0d28000-7fd8d0d33000 r-xp 00000000 08:13 35259048                   /lib/x86_64-linux-gnu/libnss_nis-2.19.so
7fd8d0d33000-7fd8d0f32000 ---p 0000b000 08:13 35259048                   /lib/x86_64-linux-gnu/libnss_nis-2.19.so
7fd8d0f32000-7fd8d0f33000 r--p 0000a000 08:13 35259048                   /lib/x86_64-linux-gnu/libnss_nis-2.19.so
7fd8d0f33000-7fd8d0f34000 rw-p 0000b000 08:13 35259048                   /lib/x86_64-linux-gnu/libnss_nis-2.19.so
7fd8d0f34000-7fd8d0f4b000 r-xp 00000000 08:13 35259028                   /lib/x86_64-linux-gnu/libnsl-2.19.so
7fd8d0f4b000-7fd8d114a000 ---p 00017000 08:13 35259028                   /lib/x86_64-linux-gnu/libnsl-2.19.so
7fd8d114a000-7fd8d114b000 r--p 00016000 08:13 35259028                   /lib/x86_64-linux-gnu/libnsl-2.19.so
7fd8d114b000-7fd8d114c000 rw-p 00017000 08:13 35259028                   /lib/x86_64-linux-gnu/libnsl-2.19.so
7fd8d114c000-7fd8d114e000 rw-p 00000000 00:00 0 
7fd8d114e000-7fd8d1157000 r-xp 00000000 08:13 35259026                   /lib/x86_64-linux-gnu/libnss_compat-2.19.so
7fd8d1157000-7fd8d1356000 ---p 00009000 08:13 35259026                   /lib/x86_64-linux-gnu/libnss_compat-2.19.so
7fd8d1356000-7fd8d1357000 r--p 00008000 08:13 35259026                   /lib/x86_64-linux-gnu/libnss_compat-2.19.so
7fd8d1357000-7fd8d1358000 rw-p 00009000 08:13 35259026                   /lib/x86_64-linux-gnu/libnss_compat-2.19.so
7fd8d1358000-7fd8d1382000 r-xp 00000000 08:13 31471961                   /usr/lib/jvm/oracle-jdk-8u60-linux-x64/jdk1.8.0_60/jre/lib/amd64/libjava.so
7fd8d1382000-7fd8d1582000 ---p 0002a000 08:13 31471961                   /usr/lib/jvm/oracle-jdk-8u60-linux-x64/jdk1.8.0_60/jre/lib/amd64/libjava.so
7fd8d1582000-7fd8d1584000 rw-p 0002a000 08:13 31471961                   /usr/lib/jvm/oracle-jdk-8u60-linux-x64/jdk1.8.0_60/jre/lib/amd64/libjava.so
7fd8d1584000-7fd8d1591000 r-xp 00000000 08:13 31471976                   /usr/lib/jvm/oracle-jdk-8u60-linux-x64/jdk1.8.0_60/jre/lib/amd64/libverify.so
7fd8d1591000-7fd8d1791000 ---p 0000d000 08:13 31471976                   /usr/lib/jvm/oracle-jdk-8u60-linux-x64/jdk1.8.0_60/jre/lib/amd64/libverify.so
7fd8d1791000-7fd8d1793000 rw-p 0000d000 08:13 31471976                   /usr/lib/jvm/oracle-jdk-8u60-linux-x64/jdk1.8.0_60/jre/lib/amd64/libverify.so
7fd8d1793000-7fd8d179a000 r-xp 00000000 08:13 35259044                   /lib/x86_64-linux-gnu/librt-2.19.so
7fd8d179a000-7fd8d1999000 ---p 00007000 08:13 35259044                   /lib/x86_64-linux-gnu/librt-2.19.so
7fd8d1999000-7fd8d199a000 r--p 00006000 08:13 35259044                   /lib/x86_64-linux-gnu/librt-2.19.so
7fd8d199a000-7fd8d199b000 rw-p 00007000 08:13 35259044                   /lib/x86_64-linux-gnu/librt-2.19.so
7fd8d199b000-7fd8d2659000 r-xp 00000000 08:13 31471997                   /usr/lib/jvm/oracle-jdk-8u60-linux-x64/jdk1.8.0_60/jre/lib/amd64/server/libjvm.so
7fd8d2659000-7fd8d2858000 ---p 00cbe000 08:13 31471997                   /usr/lib/jvm/oracle-jdk-8u60-linux-x64/jdk1.8.0_60/jre/lib/amd64/server/libjvm.so
7fd8d2858000-7fd8d2930000 rw-p 00cbd000 08:13 31471997                   /usr/lib/jvm/oracle-jdk-8u60-linux-x64/jdk1.8.0_60/jre/lib/amd64/server/libjvm.so
7fd8d2930000-7fd8d2975000 rw-p 00000000 00:00 0 
7fd8d2975000-7fd8d298b000 r-xp 00000000 08:13 35258559                   /lib/x86_64-linux-gnu/libgcc_s.so.1
7fd8d298b000-7fd8d2b8a000 ---p 00016000 08:13 35258559                   /lib/x86_64-linux-gnu/libgcc_s.so.1
7fd8d2b8a000-7fd8d2b8b000 rw-p 00015000 08:13 35258559                   /lib/x86_64-linux-gnu/libgcc_s.so.1
7fd8d2b8b000-7fd8d2c90000 r-xp 00000000 08:13 35258845                   /lib/x86_64-linux-gnu/libm-2.19.so
7fd8d2c90000-7fd8d2e8f000 ---p 00105000 08:13 35258845                   /lib/x86_64-linux-gnu/libm-2.19.so
7fd8d2e8f000-7fd8d2e90000 r--p 00104000 08:13 35258845                   /lib/x86_64-linux-gnu/libm-2.19.so
7fd8d2e90000-7fd8d2e91000 rw-p 00105000 08:13 35258845                   /lib/x86_64-linux-gnu/libm-2.19.so
7fd8d2e91000-7fd8d304c000 r-xp 00000000 08:13 35259038                   /lib/x86_64-linux-gnu/libc-2.19.so
7fd8d304c000-7fd8d324b000 ---p 001bb000 08:13 35259038                   /lib/x86_64-linux-gnu/libc-2.19.so
7fd8d324b000-7fd8d324f000 r--p 001ba000 08:13 35259038                   /lib/x86_64-linux-gnu/libc-2.19.so
7fd8d324f000-7fd8d3251000 rw-p 001be000 08:13 35259038                   /lib/x86_64-linux-gnu/libc-2.19.so
7fd8d3251000-7fd8d3256000 rw-p 00000000 00:00 0 
7fd8d3256000-7fd8d3259000 r-xp 00000000 08:13 35259016                   /lib/x86_64-linux-gnu/libdl-2.19.so
7fd8d3259000-7fd8d3458000 ---p 00003000 08:13 35259016                   /lib/x86_64-linux-gnu/libdl-2.19.so
7fd8d3458000-7fd8d3459000 r--p 00002000 08:13 35259016                   /lib/x86_64-linux-gnu/libdl-2.19.so
7fd8d3459000-7fd8d345a000 rw-p 00003000 08:13 35259016                   /lib/x86_64-linux-gnu/libdl-2.19.so
7fd8d345a000-7fd8d346f000 r-xp 00000000 08:13 31461846                   /usr/lib/jvm/oracle-jdk-8u60-linux-x64/jdk1.8.0_60/lib/amd64/jli/libjli.so
7fd8d346f000-7fd8d366f000 ---p 00015000 08:13 31461846                   /usr/lib/jvm/oracle-jdk-8u60-linux-x64/jdk1.8.0_60/lib/amd64/jli/libjli.so
7fd8d366f000-7fd8d3670000 rw-p 00015000 08:13 31461846                   /usr/lib/jvm/oracle-jdk-8u60-linux-x64/jdk1.8.0_60/lib/amd64/jli/libjli.so
7fd8d3670000-7fd8d3689000 r-xp 00000000 08:13 35259040                   /lib/x86_64-linux-gnu/libpthread-2.19.so
7fd8d3689000-7fd8d3888000 ---p 00019000 08:13 35259040                   /lib/x86_64-linux-gnu/libpthread-2.19.so
7fd8d3888000-7fd8d3889000 r--p 00018000 08:13 35259040                   /lib/x86_64-linux-gnu/libpthread-2.19.so
7fd8d3889000-7fd8d388a000 rw-p 00019000 08:13 35259040                   /lib/x86_64-linux-gnu/libpthread-2.19.so
7fd8d388a000-7fd8d388e000 rw-p 00000000 00:00 0 
7fd8d388e000-7fd8d3974000 r-xp 00000000 08:13 30938428                   /usr/lib/x86_64-linux-gnu/libstdc++.so.6.0.19
7fd8d3974000-7fd8d3b73000 ---p 000e6000 08:13 30938428                   /usr/lib/x86_64-linux-gnu/libstdc++.so.6.0.19
7fd8d3b73000-7fd8d3b7b000 r--p 000e5000 08:13 30938428                   /usr/lib/x86_64-linux-gnu/libstdc++.so.6.0.19
7fd8d3b7b000-7fd8d3b7d000 rw-p 000ed000 08:13 30938428                   /usr/lib/x86_64-linux-gnu/libstdc++.so.6.0.19
7fd8d3b7d000-7fd8d3b92000 rw-p 00000000 00:00 0 
7fd8d3b92000-7fd8d3bb5000 r-xp 00000000 08:13 35259032                   /lib/x86_64-linux-gnu/ld-2.19.so
7fd8d3bb5000-7fd8d3bba000 r--s 00083000 08:13 31472031                   /usr/lib/jvm/oracle-jdk-8u60-linux-x64/jdk1.8.0_60/jre/lib/jfr.jar
7fd8d3bba000-7fd8d3c7f000 rw-p 00000000 00:00 0 
7fd8d3c7f000-7fd8d3c82000 ---p 00000000 00:00 0 
7fd8d3c82000-7fd8d3da8000 rw-p 00000000 00:00 0                          [stack:4842]
7fd8d3da8000-7fd8d3db0000 rw-s 00000000 08:13 18087968                   /tmp/hsperfdata_marzampoglou/4838
7fd8d3db0000-7fd8d3db1000 rw-p 00000000 00:00 0 
7fd8d3db1000-7fd8d3db2000 ---p 00000000 00:00 0 
7fd8d3db2000-7fd8d3db4000 rw-p 00000000 00:00 0 
7fd8d3db4000-7fd8d3db5000 r--p 00022000 08:13 35259032                   /lib/x86_64-linux-gnu/ld-2.19.so
7fd8d3db5000-7fd8d3db6000 rw-p 00023000 08:13 35259032                   /lib/x86_64-linux-gnu/ld-2.19.so
7fd8d3db6000-7fd8d3db7000 rw-p 00000000 00:00 0 
7ffc35dc5000-7ffc35de7000 rw-p 00000000 00:00 0                          [stack]
7ffc35deb000-7ffc35ded000 r-xp 00000000 00:00 0                          [vdso]
ffffffffff600000-ffffffffff601000 r-xp 00000000 00:00 0                  [vsyscall]

VM Arguments:
jvm_args: -Didea.launcher.port=7539 -Didea.launcher.bin.path=/home/marzampoglou/IntelliJ_IDEA/idea-IU-141.1532.4/bin -Dfile.encoding=UTF-8 
java_command: com.intellij.rt.execution.application.AppMain ForensicsToolbox.ReportManagement
java_class_path (initial): /usr/lib/jvm/oracle-jdk-8u60-linux-x64/jdk1.8.0_60/jre/lib/charsets.jar:/usr/lib/jvm/oracle-jdk-8u60-linux-x64/jdk1.8.0_60/jre/lib/deploy.jar:/usr/lib/jvm/oracle-jdk-8u60-linux-x64/jdk1.8.0_60/jre/lib/jfr.jar:/usr/lib/jvm/oracle-jdk-8u60-linux-x64/jdk1.8.0_60/jre/lib/javaws.jar:/usr/lib/jvm/oracle-jdk-8u60-linux-x64/jdk1.8.0_60/jre/lib/rt.jar:/usr/lib/jvm/oracle-jdk-8u60-linux-x64/jdk1.8.0_60/jre/lib/plugin.jar:/usr/lib/jvm/oracle-jdk-8u60-linux-x64/jdk1.8.0_60/jre/lib/jsse.jar:/usr/lib/jvm/oracle-jdk-8u60-linux-x64/jdk1.8.0_60/jre/lib/jfxswt.jar:/usr/lib/jvm/oracle-jdk-8u60-linux-x64/jdk1.8.0_60/jre/lib/resources.jar:/usr/lib/jvm/oracle-jdk-8u60-linux-x64/jdk1.8.0_60/jre/lib/jce.jar:/usr/lib/jvm/oracle-jdk-8u60-linux-x64/jdk1.8.0_60/jre/lib/management-agent.jar:/usr/lib/jvm/oracle-jdk-8u60-linux-x64/jdk1.8.0_60/jre/lib/ext/sunpkcs11.jar:/usr/lib/jvm/oracle-jdk-8u60-linux-x64/jdk1.8.0_60/jre/lib/ext/sunec.jar:/usr/lib/jvm/oracle-jdk-8u60-linux-x64/jdk1.8.0_60/jre/lib/ext/jfxrt.jar:/usr/lib/jvm/oracle-jdk-8u60-linux-x64/jdk1.8.0_60/jre/lib/ext/zipfs.jar:/usr/lib/jvm/oracle-jdk-8u60-linux-x64/jdk1.8.0_60/jre/lib/ext/sunjce_provider.jar:/usr/lib/jvm/oracle-jdk-8u60-linux-x64/jdk1.8.0_60/jre/lib/ext/nashorn.jar:/usr/lib/jvm/oracle-jdk-8u60-linux-x64/jdk1.8.0_60/jre/lib/ext/localedata.jar:/usr/lib/jvm/oracle-jdk-8u60-linux-x64/jdk1.8.0_60/jre/lib/ext/jaccess.jar:/usr/lib/jvm/oracle-jdk-8u60-linux-x64/jdk1.8.0_60/jre/lib/ext/cldrdata.jar:/usr/lib/jvm/oracle-jdk-8u60-linux-x64/jdk1.8.0_60/jre/lib/ext/dnsns.jar:/media/marzampoglou/3TB/markzampoglou/ImageForensics/Deliverables/Code/CurrentVersion/MultimediaManipulationToolbox/target/classes:/home/marzampoglou/.m2/repository/org/mongodb/morphia/morphia/1.0.1/morphia-1.0.1.jar:/home/marzampoglou/.m2/repository/org/mongodb/mongo-java-driver/3.0.2/mongo-java-driver-3.0.2.jar:/home/marzampoglou/.m2/repository/com/thoughtworks/proxytoys/proxytoys/1.0/proxytoys-1.0.jar:/home/marzampoglou/.m2/repository/
Launcher Type: SUN_STANDARD

Environment Variables:
PATH=/usr/local/cuda-7.0/bin:/usr/local/anaconda/bin:/usr/local/sbin:/usr/local/bin:/usr/sbin:/usr/bin:/sbin:/bin:/usr/games:/usr/local/games
LD_LIBRARY_PATH=/home/marzampoglou/IntelliJ_IDEA/idea-IU-141.1532.4/bin:/usr/local/anaconda/pkgs/hdf5-1.8.14-0/lib:/usr/lib/cudnn-6.5-linux-x64-v2:/usr/lib/x86_64-linux-gnu:/usr/local/lib:/usr/local/cuda-7.0/lib64:/usr/local/cuda-7.0/lib64
LD_PRELOAD=/usr/lib/x86_64-linux-gnu/libstdc++.so.6
SHELL=/bin/bash
DISPLAY=:0.0

Signal Handlers:
SIGSEGV: [libjvm.so+0xaba070], sa_mask[0]=11111111011111111101111111111110, sa_flags=SA_RESTART|SA_SIGINFO
SIGBUS: [libjvm.so+0xaba070], sa_mask[0]=11111111011111111101111111111110, sa_flags=SA_RESTART|SA_SIGINFO
SIGFPE: [libjvm.so+0x917630], sa_mask[0]=11111111011111111101111111111110, sa_flags=SA_RESTART|SA_SIGINFO
SIGPIPE: [libjvm.so+0x917630], sa_mask[0]=11111111011111111101111111111110, sa_flags=SA_RESTART|SA_SIGINFO
SIGXFSZ: [libjvm.so+0x917630], sa_mask[0]=11111111011111111101111111111110, sa_flags=SA_RESTART|SA_SIGINFO
SIGILL: [libjvm.so+0x917630], sa_mask[0]=11111111011111111101111111111110, sa_flags=SA_RESTART|SA_SIGINFO
SIGUSR1: SIG_DFL, sa_mask[0]=00000000000000000000000000000000, sa_flags=none
SIGUSR2: [libjvm.so+0x918c60], sa_mask[0]=00100000000000000000000000000000, sa_flags=SA_RESTART|SA_SIGINFO
SIGHUP: [libjvm.so+0x91a060], sa_mask[0]=11111111011111111101111111111110, sa_flags=SA_RESTART|SA_SIGINFO
SIGINT: [libjvm.so+0x91a060], sa_mask[0]=11111111011111111101111111111110, sa_flags=SA_RESTART|SA_SIGINFO
SIGTERM: [libjvm.so+0x91a060], sa_mask[0]=11111111011111111101111111111110, sa_flags=SA_RESTART|SA_SIGINFO
SIGQUIT: [libjvm.so+0x91a060], sa_mask[0]=11111111011111111101111111111110, sa_flags=SA_RESTART|SA_SIGINFO


---------------  S Y S T E M  ---------------

OS:DISTRIB_ID=Ubuntu
DISTRIB_RELEASE=14.04
DISTRIB_CODENAME=trusty
DISTRIB_DESCRIPTION="Ubuntu 14.04.2 LTS"

uname:Linux 3.13.0-49-generic #83-Ubuntu SMP Fri Apr 10 20:11:33 UTC 2015 x86_64
libc:glibc 2.19 NPTL 2.19 
rlimit: STACK 8192k, CORE 0k, NPROC 127203, NOFILE 4096, AS infinity
load average:2.75 1.34 0.90

/proc/meminfo:
MemTotal:       16303688 kB
MemFree:          182808 kB
Buffers:            9716 kB
Cached:           248676 kB
SwapCached:            0 kB
Active:         15649256 kB
Inactive:         185856 kB
Active(anon):   15578480 kB
Inactive(anon):   114736 kB
Active(file):      70776 kB
Inactive(file):    71120 kB
Unevictable:          32 kB
Mlocked:              32 kB
SwapTotal:             0 kB
SwapFree:              0 kB
Dirty:                 8 kB
Writeback:           512 kB
AnonPages:      15577188 kB
Mapped:           147484 kB
Shmem:            116060 kB
Slab:              82040 kB
SReclaimable:      39664 kB
SUnreclaim:        42376 kB
KernelStack:        9128 kB
PageTables:        67200 kB
NFS_Unstable:          0 kB
Bounce:                0 kB
WritebackTmp:          0 kB
CommitLimit:     8151844 kB
Committed_AS:   22179604 kB
VmallocTotal:   34359738367 kB
VmallocUsed:      373252 kB
VmallocChunk:   34359353432 kB
HardwareCorrupted:     0 kB
AnonHugePages:  12099584 kB
HugePages_Total:       0
HugePages_Free:        0
HugePages_Rsvd:        0
HugePages_Surp:        0
Hugepagesize:       2048 kB
DirectMap4k:       90956 kB
DirectMap2M:     3973120 kB
DirectMap1G:    12582912 kB


CPU:total 8 (4 cores per cpu, 2 threads per core) family 6 model 60 stepping 3, cmov, cx8, fxsr, mmx, sse, sse2, sse3, ssse3, sse4.1, sse4.2, popcnt, avx, avx2, aes, clmul, erms, lzcnt, ht, tsc, tscinvbit, bmi1, bmi2

/proc/cpuinfo:
processor	: 0
vendor_id	: GenuineIntel
cpu family	: 6
model		: 60
model name	: Intel(R) Core(TM) i7-4770K CPU @ 3.50GHz
stepping	: 3
microcode	: 0x12
cpu MHz		: 1400.000
cache size	: 8192 KB
physical id	: 0
siblings	: 8
core id		: 0
cpu cores	: 4
apicid		: 0
initial apicid	: 0
fpu		: yes
fpu_exception	: yes
cpuid level	: 13
wp		: yes
flags		: fpu vme de pse tsc msr pae mce cx8 apic sep mtrr pge mca cmov pat pse36 clflush dts acpi mmx fxsr sse sse2 ss ht tm pbe syscall nx pdpe1gb rdtscp lm constant_tsc arch_perfmon pebs bts rep_good nopl xtopology nonstop_tsc aperfmperf eagerfpu pni pclmulqdq dtes64 monitor ds_cpl vmx est tm2 ssse3 fma cx16 xtpr pdcm pcid sse4_1 sse4_2 movbe popcnt tsc_deadline_timer aes xsave avx f16c rdrand lahf_lm abm ida arat epb xsaveopt pln pts dtherm tpr_shadow vnmi flexpriority ept vpid fsgsbase tsc_adjust bmi1 avx2 smep bmi2 erms invpcid
bogomips	: 6996.20
clflush size	: 64
cache_alignment	: 64
address sizes	: 39 bits physical, 48 bits virtual
power management:

processor	: 1
vendor_id	: GenuineIntel
cpu family	: 6
model		: 60
model name	: Intel(R) Core(TM) i7-4770K CPU @ 3.50GHz
stepping	: 3
microcode	: 0x12
cpu MHz		: 3501.000
cache size	: 8192 KB
physical id	: 0
siblings	: 8
core id		: 1
cpu cores	: 4
apicid		: 2
initial apicid	: 2
fpu		: yes
fpu_exception	: yes
cpuid level	: 13
wp		: yes
flags		: fpu vme de pse tsc msr pae mce cx8 apic sep mtrr pge mca cmov pat pse36 clflush dts acpi mmx fxsr sse sse2 ss ht tm pbe syscall nx pdpe1gb rdtscp lm constant_tsc arch_perfmon pebs bts rep_good nopl xtopology nonstop_tsc aperfmperf eagerfpu pni pclmulqdq dtes64 monitor ds_cpl vmx est tm2 ssse3 fma cx16 xtpr pdcm pcid sse4_1 sse4_2 movbe popcnt tsc_deadline_timer aes xsave avx f16c rdrand lahf_lm abm ida arat epb xsaveopt pln pts dtherm tpr_shadow vnmi flexpriority ept vpid fsgsbase tsc_adjust bmi1 avx2 smep bmi2 erms invpcid
bogomips	: 6996.20
clflush size	: 64
cache_alignment	: 64
address sizes	: 39 bits physical, 48 bits virtual
power management:

processor	: 2
vendor_id	: GenuineIntel
cpu family	: 6
model		: 60
model name	: Intel(R) Core(TM) i7-4770K CPU @ 3.50GHz
stepping	: 3
microcode	: 0x12
cpu MHz		: 3501.000
cache size	: 8192 KB
physical id	: 0
siblings	: 8
core id		: 2
cpu cores	: 4
apicid		: 4
initial apicid	: 4
fpu		: yes
fpu_exception	: yes
cpuid level	: 13
wp		: yes
flags		: fpu vme de pse tsc msr pae mce cx8 apic sep mtrr pge mca cmov pat pse36 clflush dts acpi mmx fxsr sse sse2 ss ht tm pbe syscall nx pdpe1gb rdtscp lm constant_tsc arch_perfmon pebs bts rep_good nopl xtopology nonstop_tsc aperfmperf eagerfpu pni pclmulqdq dtes64 monitor ds_cpl vmx est tm2 ssse3 fma cx16 xtpr pdcm pcid sse4_1 sse4_2 movbe popcnt tsc_deadline_timer aes xsave avx f16c rdrand lahf_lm abm ida arat epb xsaveopt pln pts dtherm tpr_shadow vnmi flexpriority ept vpid fsgsbase tsc_adjust bmi1 avx2 smep bmi2 erms invpcid
bogomips	: 6996.20
clflush size	: 64
cache_alignment	: 64
address sizes	: 39 bits physical, 48 bits virtual
power management:

processor	: 3
vendor_id	: GenuineIntel
cpu family	: 6
model		: 60
model name	: Intel(R) Core(TM) i7-4770K CPU @ 3.50GHz
stepping	: 3
microcode	: 0x12
cpu MHz		: 3501.000
cache size	: 8192 KB
physical id	: 0
siblings	: 8
core id		: 3
cpu cores	: 4
apicid		: 6
initial apicid	: 6
fpu		: yes
fpu_exception	: yes
cpuid level	: 13
wp		: yes
flags		: fpu vme de pse tsc msr pae mce cx8 apic sep mtrr pge mca cmov pat pse36 clflush dts acpi mmx fxsr sse sse2 ss ht tm pbe syscall nx pdpe1gb rdtscp lm constant_tsc arch_perfmon pebs bts rep_good nopl xtopology nonstop_tsc aperfmperf eagerfpu pni pclmulqdq dtes64 monitor ds_cpl vmx est tm2 ssse3 fma cx16 xtpr pdcm pcid sse4_1 sse4_2 movbe popcnt tsc_deadline_timer aes xsave avx f16c rdrand lahf_lm abm ida arat epb xsaveopt pln pts dtherm tpr_shadow vnmi flexpriority ept vpid fsgsbase tsc_adjust bmi1 avx2 smep bmi2 erms invpcid
bogomips	: 6996.20
clflush size	: 64
cache_alignment	: 64
address sizes	: 39 bits physical, 48 bits virtual
power management:

processor	: 4
vendor_id	: GenuineIntel
cpu family	: 6
model		: 60
model name	: Intel(R) Core(TM) i7-4770K CPU @ 3.50GHz
stepping	: 3
microcode	: 0x12
cpu MHz		: 800.000
cache size	: 8192 KB
physical id	: 0
siblings	: 8
core id		: 0
cpu cores	: 4
apicid		: 1
initial apicid	: 1
fpu		: yes
fpu_exception	: yes
cpuid level	: 13
wp		: yes
flags		: fpu vme de pse tsc msr pae mce cx8 apic sep mtrr pge mca cmov pat pse36 clflush dts acpi mmx fxsr sse sse2 ss ht tm pbe syscall nx pdpe1gb rdtscp lm constant_tsc arch_perfmon pebs bts rep_good nopl xtopology nonstop_tsc aperfmperf eagerfpu pni pclmulqdq dtes64 monitor ds_cpl vmx est tm2 ssse3 fma cx16 xtpr pdcm pcid sse4_1 sse4_2 movbe popcnt tsc_deadline_timer aes xsave avx f16c rdrand lahf_lm abm ida arat epb xsaveopt pln pts dtherm tpr_shadow vnmi flexpriority ept vpid fsgsbase tsc_adjust bmi1 avx2 smep bmi2 erms invpcid
bogomips	: 6996.20
clflush size	: 64
cache_alignment	: 64
address sizes	: 39 bits physical, 48 bits virtual
power management:

processor	: 5
vendor_id	: GenuineIntel
cpu family	: 6
model		: 60
model name	: Intel(R) Core(TM) i7-4770K CPU @ 3.50GHz
stepping	: 3
microcode	: 0x12
cpu MHz		: 800.000
cache size	: 8192 KB
physical id	: 0
siblings	: 8
core id		: 1
cpu cores	: 4
apicid		: 3
initial apicid	: 3
fpu		: yes
fpu_exception	: yes
cpuid level	: 13
wp		: yes
flags		: fpu vme de pse tsc msr pae mce cx8 apic sep mtrr pge mca cmov pat pse36 clflush dts acpi mmx fxsr sse sse2 ss ht tm pbe syscall nx pdpe1gb rdtscp lm constant_tsc arch_perfmon pebs bts rep_good nopl xtopology nonstop_tsc aperfmperf eagerfpu pni pclmulqdq dtes64 monitor ds_cpl vmx est tm2 ssse3 fma cx16 xtpr pdcm pcid sse4_1 sse4_2 movbe popcnt tsc_deadline_timer aes xsave avx f16c rdrand lahf_lm abm ida arat epb xsaveopt pln pts dtherm tpr_shadow vnmi flexpriority ept vpid fsgsbase tsc_adjust bmi1 avx2 smep bmi2 erms invpcid
bogomips	: 6996.20
clflush size	: 64
cache_alignment	: 64
address sizes	: 39 bits physical, 48 bits virtual
power management:

processor	: 6
vendor_id	: GenuineIntel
cpu family	: 6
model		: 60
model name	: Intel(R) Core(TM) i7-4770K CPU @ 3.50GHz
stepping	: 3
microcode	: 0x12
cpu MHz		: 800.000
cache size	: 8192 KB
physical id	: 0
siblings	: 8
core id		: 2
cpu cores	: 4
apicid		: 5
initial apicid	: 5
fpu		: yes
fpu_exception	: yes
cpuid level	: 13
wp		: yes
flags		: fpu vme de pse tsc msr pae mce cx8 apic sep mtrr pge mca cmov pat pse36 clflush dts acpi mmx fxsr sse sse2 ss ht tm pbe syscall nx pdpe1gb rdtscp lm constant_tsc arch_perfmon pebs bts rep_good nopl xtopology nonstop_tsc aperfmperf eagerfpu pni pclmulqdq dtes64 monitor ds_cpl vmx est tm2 ssse3 fma cx16 xtpr pdcm pcid sse4_1 sse4_2 movbe popcnt tsc_deadline_timer aes xsave avx f16c rdrand lahf_lm abm ida arat epb xsaveopt pln pts dtherm tpr_shadow vnmi flexpriority ept vpid fsgsbase tsc_adjust bmi1 avx2 smep bmi2 erms invpcid
bogomips	: 6996.20
clflush size	: 64
cache_alignment	: 64
address sizes	: 39 bits physical, 48 bits virtual
power management:

processor	: 7
vendor_id	: GenuineIntel
cpu family	: 6
model		: 60
model name	: Intel(R) Core(TM) i7-4770K CPU @ 3.50GHz
stepping	: 3
microcode	: 0x12
cpu MHz		: 3501.000
cache size	: 8192 KB
physical id	: 0
siblings	: 8
core id		: 3
cpu cores	: 4
apicid		: 7
initial apicid	: 7
fpu		: yes
fpu_exception	: yes
cpuid level	: 13
wp		: yes
flags		: fpu vme de pse tsc msr pae mce cx8 apic sep mtrr pge mca cmov pat pse36 clflush dts acpi mmx fxsr sse sse2 ss ht tm pbe syscall nx pdpe1gb rdtscp lm constant_tsc arch_perfmon pebs bts rep_good nopl xtopology nonstop_tsc aperfmperf eagerfpu pni pclmulqdq dtes64 monitor ds_cpl vmx est tm2 ssse3 fma cx16 xtpr pdcm pcid sse4_1 sse4_2 movbe popcnt tsc_deadline_timer aes xsave avx f16c rdrand lahf_lm abm ida arat epb xsaveopt pln pts dtherm tpr_shadow vnmi flexpriority ept vpid fsgsbase tsc_adjust bmi1 avx2 smep bmi2 erms invpcid
bogomips	: 6996.20
clflush size	: 64
cache_alignment	: 64
address sizes	: 39 bits physical, 48 bits virtual
power management:



Memory: 4k page, physical 16303688k(182808k free), swap 0k(0k free)

vm_info: Java HotSpot(TM) 64-Bit Server VM (25.60-b23) for linux-amd64 JRE (1.8.0_60-b27), built on Aug  4 2015 12:19:40 by "java_re" with gcc 4.3.0 20080428 (Red Hat 4.3.0-8)

time: Fri Nov 20 16:05:46 2015
elapsed time: 10 seconds (0d 0h 0m 10s)

