#
# There is insufficient memory for the Java Runtime Environment to continue.
# Native memory allocation (mmap) failed to map 452984832 bytes for committing reserved memory.
# Possible reasons:
#   The system is out of physical RAM or swap space
#   In 32 bit mode, the process size limit was hit
# Possible solutions:
#   Reduce memory load on the system
#   Increase physical memory or swap space
#   Check if swap backing store is full
#   Use 64 bit Java on a 64 bit OS
#   Decrease Java heap size (-Xmx/-Xms)
#   Decrease number of Java threads
#   Decrease Java thread stack sizes (-Xss)
#   Set larger code cache with -XX:ReservedCodeCacheSize=
# This output file may be truncated or incomplete.
#
#  Out of Memory Error (os_linux.cpp:2627), pid=5553, tid=140384491042560
#
# JRE version: Java(TM) SE Runtime Environment (8.0_60-b27) (build 1.8.0_60-b27)
# Java VM: Java HotSpot(TM) 64-Bit Server VM (25.60-b23 mixed mode linux-amd64 compressed oops)
# Failed to write core dump. Core dumps have been disabled. To enable core dumping, try "ulimit -c unlimited" before starting Java again
#

---------------  T H R E A D  ---------------

Current thread (0x00007fae0c082000):  VMThread [stack: 0x00007fadcfa87000,0x00007fadcfb88000] [id=5574]

Stack: [0x00007fadcfa87000,0x00007fadcfb88000],  sp=0x00007fadcfb86220,  free space=1020k
Native frames: (J=compiled Java code, j=interpreted, Vv=VM code, C=native code)
V  [libjvm.so+0xab97ea]  VMError::report_and_die()+0x2ba
V  [libjvm.so+0x4f9dab]  report_vm_out_of_memory(char const*, int, unsigned long, VMErrorType, char const*)+0x8b
V  [libjvm.so+0x91a7c3]  os::Linux::commit_memory_impl(char*, unsigned long, bool)+0x103
V  [libjvm.so+0x91ad19]  os::pd_commit_memory(char*, unsigned long, unsigned long, bool)+0x29
V  [libjvm.so+0x91502a]  os::commit_memory(char*, unsigned long, unsigned long, bool)+0x2a
V  [libjvm.so+0x9886d3]  PSVirtualSpace::expand_by(unsigned long)+0x53
V  [libjvm.so+0x989ad8]  PSYoungGen::resize_generation(unsigned long, unsigned long)+0xf8
V  [libjvm.so+0x988c32]  PSYoungGen::resize(unsigned long, unsigned long)+0x22
V  [libjvm.so+0x985f0b]  PSScavenge::invoke_no_policy()+0xf3b
V  [libjvm.so+0x986691]  PSScavenge::invoke()+0x41
V  [libjvm.so+0x93e430]  ParallelScavengeHeap::failed_mem_allocate(unsigned long)+0x70
V  [libjvm.so+0xabb207]  VM_ParallelGCFailedAllocation::doit()+0x97
V  [libjvm.so+0xac2c35]  VM_Operation::evaluate()+0x55
V  [libjvm.so+0xac100a]  VMThread::evaluate_operation(VM_Operation*)+0xba
V  [libjvm.so+0xac138e]  VMThread::loop()+0x1ce
V  [libjvm.so+0xac1800]  VMThread::run()+0x70
V  [libjvm.so+0x91cb88]  java_start(Thread*)+0x108

VM_Operation (0x00007fad977bb220): ParallelGCFailedAllocation, mode: safepoint, requested by thread 0x00007fae0c45f000


---------------  P R O C E S S  ---------------

Java Threads: ( => current thread )
  0x00007fad70002800 JavaThread "ojAlgo-daemon-6" daemon [_thread_blocked, id=5615, stack(0x00007fad96bb3000,0x00007fad96cb4000)]
  0x00007fad70001000 JavaThread "ojAlgo-daemon-5" daemon [_thread_blocked, id=5614, stack(0x00007fad96cb4000,0x00007fad96db5000)]
  0x00007fad78003000 JavaThread "ojAlgo-daemon-4" daemon [_thread_blocked, id=5613, stack(0x00007fad96db5000,0x00007fad96eb6000)]
  0x00007fad8404b000 JavaThread "ojAlgo-daemon-3" daemon [_thread_blocked, id=5612, stack(0x00007fad96eb6000,0x00007fad96fb7000)]
  0x00007fad78001000 JavaThread "ojAlgo-daemon-2" daemon [_thread_blocked, id=5611, stack(0x00007fad96fb7000,0x00007fad970b8000)]
  0x00007fad8404a000 JavaThread "ojAlgo-daemon-1" daemon [_thread_blocked, id=5610, stack(0x00007fad970b8000,0x00007fad971b9000)]
  0x00007fad7c00a800 JavaThread "pool-2-thread-1" [_thread_blocked, id=5608, stack(0x00007fad973b9000,0x00007fad974ba000)]
  0x00007fae0c473800 JavaThread "pool-1-thread-4" [_thread_blocked, id=5607, stack(0x00007fad974ba000,0x00007fad975bb000)]
  0x00007fae0c472800 JavaThread "pool-1-thread-3" [_thread_blocked, id=5606, stack(0x00007fad975bb000,0x00007fad976bc000)]
  0x00007fae0c45f000 JavaThread "pool-1-thread-2" [_thread_blocked, id=5605, stack(0x00007fad976bc000,0x00007fad977bd000)]
  0x00007fae0c3b3000 JavaThread "pool-1-thread-1" [_thread_blocked, id=5604, stack(0x00007fad977bd000,0x00007fad978be000)]
  0x00007fae0c457000 JavaThread "Java2D Disposer" daemon [_thread_blocked, id=5601, stack(0x00007fad97cf9000,0x00007fad97dfa000)]
  0x00007fae0c40a800 JavaThread "Keep-Alive-Timer" daemon [_thread_blocked, id=5600, stack(0x00007fadcd574000,0x00007fadcd675000)]
  0x00007fae0c36a800 JavaThread "pool-1-thread-1" daemon [_thread_blocked, id=5596, stack(0x00007fadcdec4000,0x00007fadcdfc5000)]
  0x00007fae0c366000 JavaThread "cluster-ClusterId{value='564f2c25911fb415b1e0c23f', description='null'}-127.0.0.1:27017" daemon [_thread_blocked, id=5595, stack(0x00007fadcdfc5000,0x00007fadce0c6000)]
  0x00007fae0c214000 JavaThread "Monitor Ctrl-Break" daemon [_thread_in_native, id=5594, stack(0x00007fadce752000,0x00007fadce853000)]
  0x00007fae0c0ce800 JavaThread "Service Thread" daemon [_thread_blocked, id=5591, stack(0x00007fadceb91000,0x00007fadcec92000)]
  0x00007fae0c0c9800 JavaThread "C1 CompilerThread3" daemon [_thread_blocked, id=5589, stack(0x00007fadcec92000,0x00007fadced93000)]
  0x00007fae0c0c7800 JavaThread "C2 CompilerThread2" daemon [_thread_blocked, id=5588, stack(0x00007fadced93000,0x00007fadcee94000)]
  0x00007fae0c0c5800 JavaThread "C2 CompilerThread1" daemon [_thread_blocked, id=5587, stack(0x00007fadcee94000,0x00007fadcef95000)]
  0x00007fae0c0c2800 JavaThread "C2 CompilerThread0" daemon [_thread_blocked, id=5586, stack(0x00007fadcef95000,0x00007fadcf096000)]
  0x00007fae0c0c1800 JavaThread "Signal Dispatcher" daemon [_thread_blocked, id=5580, stack(0x00007fadcf096000,0x00007fadcf197000)]
  0x00007fae0c089000 JavaThread "Finalizer" daemon [_thread_blocked, id=5578, stack(0x00007fadcf885000,0x00007fadcf986000)]
  0x00007fae0c087000 JavaThread "Reference Handler" daemon [_thread_blocked, id=5576, stack(0x00007fadcf986000,0x00007fadcfa87000)]
  0x00007fae0c00c000 JavaThread "main" [_thread_blocked, id=5554, stack(0x00007fae123c4000,0x00007fae124c5000)]

Other Threads:
=>0x00007fae0c082000 VMThread [stack: 0x00007fadcfa87000,0x00007fadcfb88000] [id=5574]
  0x00007fae0c0d1800 WatcherThread [stack: 0x00007fadcea90000,0x00007fadceb91000] [id=5593]

VM state:at safepoint (normal execution)

VM Mutex/Monitor currently owned by a thread:  ([mutex/lock_event])
[0x00007fae0c008040] Threads_lock - owner thread: 0x00007fae0c082000
[0x00007fae0c008540] Heap_lock - owner thread: 0x00007fae0c45f000

Heap:
 PSYoungGen      total 868352K, used 3171K [0x000000076d100000, 0x00000007a5000000, 0x00000007c0000000)
  eden space 820736K, 0% used [0x000000076d100000,0x000000076d100000,0x000000079f280000)
  from space 47616K, 6% used [0x000000079f280000,0x000000079f598e60,0x00000007a2100000)
  to   space 47104K, 0% used [0x00000007a2100000,0x00000007a2100000,0x00000007a4f00000)
 ParOldGen       total 171008K, used 110404K [0x00000006c7200000, 0x00000006d1900000, 0x000000076d100000)
  object space 171008K, 64% used [0x00000006c7200000,0x00000006cddd1330,0x00000006d1900000)
 Metaspace       used 14661K, capacity 14826K, committed 14976K, reserved 1062912K
  class space    used 1802K, capacity 1851K, committed 1920K, reserved 1048576K

Card table byte_map: [0x00007fadfb3de000,0x00007fadfbba6000] byte_map_base: 0x00007fadf7da5000

Marking Bits: (ParMarkBitMap*) 0x00007fae1108ede0
 Begin Bits: [0x00007fadd0390000, 0x00007fadd41c8000)
 End Bits:   [0x00007fadd41c8000, 0x00007fadd8000000)

Polling page: 0x00007fae124f6000

CodeCache: size=245760Kb used=4562Kb max_used=4586Kb free=241197Kb
 bounds [0x00007fadfbf66000, 0x00007fadfc406000, 0x00007fae0af66000]
 total_blobs=1671 nmethods=1221 adapters=364
 compilation: enabled

Compilation events (10 events):
Event: 12.110 Thread 0x00007fae0c0c9800 nmethod 1317 0x00007fadfc25b7d0 code [0x00007fadfc25b920, 0x00007fadfc25ba70]
Event: 12.135 Thread 0x00007fae0c0c2800 nmethod 1268% 0x00007fadfc3eb7d0 code [0x00007fadfc3ebfa0, 0x00007fadfc3f4640]
Event: 12.206 Thread 0x00007fae0c0c9800 1318       3       java.util.HashMap$KeySet::iterator (12 bytes)
Event: 12.207 Thread 0x00007fae0c0c9800 nmethod 1318 0x00007fadfc205a10 code [0x00007fadfc205b80, 0x00007fadfc205de8]
Event: 12.207 Thread 0x00007fae0c0c9800 1319       3       java.util.HashMap$KeyIterator::<init> (11 bytes)
Event: 12.207 Thread 0x00007fae0c0c9800 nmethod 1319 0x00007fadfc286650 code [0x00007fadfc2867c0, 0x00007fadfc286968]
Event: 12.214 Thread 0x00007fae0c0c5800 1320       4       java.awt.image.PixelInterleavedSampleModel::createSubsetSampleModel (59 bytes)
Event: 12.218 Thread 0x00007fae0c0c9800 1321   !   3       javax.imageio.stream.MemoryCache::pad (78 bytes)
Event: 12.219 Thread 0x00007fae0c0c9800 nmethod 1321 0x00007fadfc104650 code [0x00007fadfc104840, 0x00007fadfc105198]
Event: 12.225 Thread 0x00007fae0c0c5800 nmethod 1320 0x00007fadfc1d9610 code [0x00007fadfc1d97e0, 0x00007fadfc1da338]

GC Heap History (10 events):
Event: 11.596 GC heap after
Heap after GC invocations=6 (full 0):
 PSYoungGen      total 303104K, used 11528K [0x000000076d100000, 0x0000000782b00000, 0x00000007c0000000)
  eden space 256512K, 0% used [0x000000076d100000,0x000000076d100000,0x000000077cb80000)
  from space 46592K, 24% used [0x000000077fa80000,0x00000007805c21d8,0x0000000782800000)
  to   space 48128K, 0% used [0x000000077cb80000,0x000000077cb80000,0x000000077fa80000)
 ParOldGen       total 171008K, used 94236K [0x00000006c7200000, 0x00000006d1900000, 0x000000076d100000)
  object space 171008K, 55% used [0x00000006c7200000,0x00000006cce070a8,0x00000006d1900000)
 Metaspace       used 14262K, capacity 14410K, committed 14720K, reserved 1062912K
  class space    used 1755K, capacity 1819K, committed 1920K, reserved 1048576K
}
Event: 11.656 GC heap before
{Heap before GC invocations=7 (full 0):
 PSYoungGen      total 303104K, used 268040K [0x000000076d100000, 0x0000000782b00000, 0x00000007c0000000)
  eden space 256512K, 100% used [0x000000076d100000,0x000000077cb80000,0x000000077cb80000)
  from space 46592K, 24% used [0x000000077fa80000,0x00000007805c21d8,0x0000000782800000)
  to   space 48128K, 0% used [0x000000077cb80000,0x000000077cb80000,0x000000077fa80000)
 ParOldGen       total 171008K, used 98676K [0x00000006c7200000, 0x00000006d1900000, 0x000000076d100000)
  object space 171008K, 57% used [0x00000006c7200000,0x00000006cd25d248,0x00000006d1900000)
 Metaspace       used 14411K, capacity 14570K, committed 14720K, reserved 1062912K
  class space    used 1784K, capacity 1851K, committed 1920K, reserved 1048576K
Event: 11.662 GC heap after
Heap after GC invocations=7 (full 0):
 PSYoungGen      total 304640K, used 14172K [0x000000076d100000, 0x0000000792300000, 0x00000007c0000000)
  eden space 256512K, 0% used [0x000000076d100000,0x000000076d100000,0x000000077cb80000)
  from space 48128K, 29% used [0x000000077cb80000,0x000000077d957108,0x000000077fa80000)
  to   space 47616K, 0% used [0x000000078f480000,0x000000078f480000,0x0000000792300000)
 ParOldGen       total 171008K, used 99630K [0x00000006c7200000, 0x00000006d1900000, 0x000000076d100000)
  object space 171008K, 58% used [0x00000006c7200000,0x00000006cd34b848,0x00000006d1900000)
 Metaspace       used 14411K, capacity 14570K, committed 14720K, reserved 1062912K
  class space    used 1784K, capacity 1851K, committed 1920K, reserved 1048576K
}
Event: 11.714 GC heap before
{Heap before GC invocations=8 (full 0):
 PSYoungGen      total 304640K, used 270684K [0x000000076d100000, 0x0000000792300000, 0x00000007c0000000)
  eden space 256512K, 100% used [0x000000076d100000,0x000000077cb80000,0x000000077cb80000)
  from space 48128K, 29% used [0x000000077cb80000,0x000000077d957108,0x000000077fa80000)
  to   space 47616K, 0% used [0x000000078f480000,0x000000078f480000,0x0000000792300000)
 ParOldGen       total 171008K, used 99630K [0x00000006c7200000, 0x00000006d1900000, 0x000000076d100000)
  object space 171008K, 58% used [0x00000006c7200000,0x00000006cd34b848,0x00000006d1900000)
 Metaspace       used 14451K, capacity 14634K, committed 14976K, reserved 1062912K
  class space    used 1789K, capacity 1851K, committed 1920K, reserved 1048576K
Event: 11.718 GC heap after
Heap after GC invocations=8 (full 0):
 PSYoungGen      total 560640K, used 10725K [0x000000076d100000, 0x0000000792300000, 0x00000007c0000000)
  eden space 513024K, 0% used [0x000000076d100000,0x000000076d100000,0x000000078c600000)
  from space 47616K, 22% used [0x000000078f480000,0x000000078fef9420,0x0000000792300000)
  to   space 47616K, 0% used [0x000000078c600000,0x000000078c600000,0x000000078f480000)
 ParOldGen       total 171008K, used 99850K [0x00000006c7200000, 0x00000006d1900000, 0x000000076d100000)
  object space 171008K, 58% used [0x00000006c7200000,0x00000006cd382858,0x00000006d1900000)
 Metaspace       used 14451K, capacity 14634K, committed 14976K, reserved 1062912K
  class space    used 1789K, capacity 1851K, committed 1920K, reserved 1048576K
}
Event: 11.846 GC heap before
{Heap before GC invocations=9 (full 0):
 PSYoungGen      total 560640K, used 522989K [0x000000076d100000, 0x0000000792300000, 0x00000007c0000000)
  eden space 513024K, 99% used [0x000000076d100000,0x000000078c542368,0x000000078c600000)
  from space 47616K, 22% used [0x000000078f480000,0x000000078fef9420,0x0000000792300000)
  to   space 47616K, 0% used [0x000000078c600000,0x000000078c600000,0x000000078f480000)
 ParOldGen       total 171008K, used 99850K [0x00000006c7200000, 0x00000006d1900000, 0x000000076d100000)
  object space 171008K, 58% used [0x00000006c7200000,0x00000006cd382858,0x00000006d1900000)
 Metaspace       used 14634K, capacity 14762K, committed 14976K, reserved 1062912K
  class space    used 1802K, capacity 1851K, committed 1920K, reserved 1048576K
Event: 11.855 GC heap after
Heap after GC invocations=9 (full 0):
 PSYoungGen      total 560640K, used 9974K [0x000000076d100000, 0x00000007a4f00000, 0x00000007c0000000)
  eden space 513024K, 0% used [0x000000076d100000,0x000000076d100000,0x000000078c600000)
  from space 47616K, 20% used [0x000000078c600000,0x000000078cfbda98,0x000000078f480000)
  to   space 47104K, 0% used [0x00000007a2100000,0x00000007a2100000,0x00000007a4f00000)
 ParOldGen       total 171008K, used 108162K [0x00000006c7200000, 0x00000006d1900000, 0x000000076d100000)
  object space 171008K, 63% used [0x00000006c7200000,0x00000006cdba08c0,0x00000006d1900000)
 Metaspace       used 14634K, capacity 14762K, committed 14976K, reserved 1062912K
  class space    used 1802K, capacity 1851K, committed 1920K, reserved 1048576K
}
Event: 11.988 GC heap before
{Heap before GC invocations=10 (full 0):
 PSYoungGen      total 560640K, used 522982K [0x000000076d100000, 0x00000007a4f00000, 0x00000007c0000000)
  eden space 513024K, 99% used [0x000000076d100000,0x000000078c5fbd90,0x000000078c600000)
  from space 47616K, 20% used [0x000000078c600000,0x000000078cfbda98,0x000000078f480000)
  to   space 47104K, 0% used [0x00000007a2100000,0x00000007a2100000,0x00000007a4f00000)
 ParOldGen       total 171008K, used 108162K [0x00000006c7200000, 0x00000006d1900000, 0x000000076d100000)
  object space 171008K, 63% used [0x00000006c7200000,0x00000006cdba08c0,0x00000006d1900000)
 Metaspace       used 14655K, capacity 14762K, committed 14976K, reserved 1062912K
  class space    used 1802K, capacity 1851K, committed 1920K, reserved 1048576K
Event: 11.993 GC heap after
Heap after GC invocations=10 (full 0):
 PSYoungGen      total 867840K, used 4250K [0x000000076d100000, 0x00000007a5000000, 0x00000007c0000000)
  eden space 820736K, 0% used [0x000000076d100000,0x000000076d100000,0x000000079f280000)
  from space 47104K, 9% used [0x00000007a2100000,0x00000007a2526a70,0x00000007a4f00000)
  to   space 47616K, 0% used [0x000000079f280000,0x000000079f280000,0x00000007a2100000)
 ParOldGen       total 171008K, used 108618K [0x00000006c7200000, 0x00000006d1900000, 0x000000076d100000)
  object space 171008K, 63% used [0x00000006c7200000,0x00000006cdc128c0,0x00000006d1900000)
 Metaspace       used 14655K, capacity 14762K, committed 14976K, reserved 1062912K
  class space    used 1802K, capacity 1851K, committed 1920K, reserved 1048576K
}
Event: 12.232 GC heap before
{Heap before GC invocations=11 (full 0):
 PSYoungGen      total 867840K, used 824986K [0x000000076d100000, 0x00000007a5000000, 0x00000007c0000000)
  eden space 820736K, 100% used [0x000000076d100000,0x000000079f280000,0x000000079f280000)
  from space 47104K, 9% used [0x00000007a2100000,0x00000007a2526a70,0x00000007a4f00000)
  to   space 47616K, 0% used [0x000000079f280000,0x000000079f280000,0x00000007a2100000)
 ParOldGen       total 171008K, used 108618K [0x00000006c7200000, 0x00000006d1900000, 0x000000076d100000)
  object space 171008K, 63% used [0x00000006c7200000,0x00000006cdc128c0,0x00000006d1900000)
 Metaspace       used 14661K, capacity 14826K, committed 14976K, reserved 1062912K
  class space    used 1802K, capacity 1851K, committed 1920K, reserved 1048576K

Deoptimization events (10 events):
Event: 11.564 Thread 0x00007fae0c3b3000 Uncommon trap: reason=class_check action=maybe_recompile pc=0x00007fadfc2c8178 method=java.util.Collections.max(Ljava/util/Collection;)Ljava/lang/Object; @ 1
Event: 11.564 Thread 0x00007fae0c3b3000 Uncommon trap: reason=predicate action=maybe_recompile pc=0x00007fadfc2c420c method=java.util.Collections.max(Ljava/util/Collection;)Ljava/lang/Object; @ 14
Event: 11.566 Thread 0x00007fae0c3b3000 Uncommon trap: reason=class_check action=maybe_recompile pc=0x00007fadfc2c8214 method=java.util.Collections.max(Ljava/util/Collection;)Ljava/lang/Object; @ 31
Event: 11.748 Thread 0x00007fae0c3b3000 Uncommon trap: reason=class_check action=maybe_recompile pc=0x00007fadfc2c8178 method=java.util.Collections.max(Ljava/util/Collection;)Ljava/lang/Object; @ 1
Event: 11.777 Thread 0x00007fae0c3b3000 Uncommon trap: reason=class_check action=maybe_recompile pc=0x00007fadfc2ba17c method=java.util.Collections.min(Ljava/util/Collection;)Ljava/lang/Object; @ 1
Event: 11.777 Thread 0x00007fae0c3b3000 Uncommon trap: reason=class_check action=maybe_recompile pc=0x00007fadfc2c8178 method=java.util.Collections.max(Ljava/util/Collection;)Ljava/lang/Object; @ 1
Event: 11.778 Thread 0x00007fae0c3b3000 Uncommon trap: reason=unstable_if action=reinterpret pc=0x00007fadfc390a64 method=java.lang.StrictMath.floorOrCeil(DDDD)D @ 90
Event: 11.786 Thread 0x00007fae0c3b3000 Uncommon trap: reason=class_check action=maybe_recompile pc=0x00007fadfc2ba17c method=java.util.Collections.min(Ljava/util/Collection;)Ljava/lang/Object; @ 1
Event: 11.793 Thread 0x00007fae0c3b3000 Uncommon trap: reason=class_check action=maybe_recompile pc=0x00007fadfc2ba17c method=java.util.Collections.min(Ljava/util/Collection;)Ljava/lang/Object; @ 1
Event: 11.894 Thread 0x00007fae0c3b3000 Uncommon trap: reason=unstable_if action=reinterpret pc=0x00007fadfc2dfe64 method=java.awt.image.ComponentColorModel.getDataElements(ILjava/lang/Object;)Ljava/lang/Object; @ 30

Internal exceptions (10 events):
Event: 8.226 Thread 0x00007fae0c00c000 Exception <a 'java/lang/ArrayIndexOutOfBoundsException'> (0x000000076dc3aee8) thrown at [/HUDSON/workspace/8-2-build-linux-amd64/jdk8u60/4407/hotspot/src/share/vm/runtime/sharedRuntime.cpp, line 605]
Event: 8.226 Thread 0x00007fae0c00c000 Exception <a 'java/lang/ArrayIndexOutOfBoundsException'> (0x000000076dc3c150) thrown at [/HUDSON/workspace/8-2-build-linux-amd64/jdk8u60/4407/hotspot/src/share/vm/runtime/sharedRuntime.cpp, line 605]
Event: 8.227 Thread 0x00007fae0c00c000 Exception <a 'java/lang/ArrayIndexOutOfBoundsException'> (0x000000076dc3d848) thrown at [/HUDSON/workspace/8-2-build-linux-amd64/jdk8u60/4407/hotspot/src/share/vm/runtime/sharedRuntime.cpp, line 605]
Event: 8.231 Thread 0x00007fae0c00c000 Exception <a 'java/lang/ArrayIndexOutOfBoundsException'> (0x000000076dc633a8) thrown at [/HUDSON/workspace/8-2-build-linux-amd64/jdk8u60/4407/hotspot/src/share/vm/runtime/sharedRuntime.cpp, line 605]
Event: 8.277 Thread 0x00007fae0c00c000 Exception <a 'java/lang/ArrayIndexOutOfBoundsException'> (0x000000076dc73350) thrown at [/HUDSON/workspace/8-2-build-linux-amd64/jdk8u60/4407/hotspot/src/share/vm/runtime/sharedRuntime.cpp, line 605]
Event: 8.312 Thread 0x00007fae0c00c000 Implicit null exception at 0x00007fadfc150a75 to 0x00007fadfc150dd1
Event: 9.565 Thread 0x00007fae0c00c000 Exception <a 'java/lang/NoSuchFieldError': method resolution failed> (0x000000076edac0c8) thrown at [/HUDSON/workspace/8-2-build-linux-amd64/jdk8u60/4407/hotspot/src/share/vm/prims/methodHandles.cpp, line 1146]
Event: 9.566 Thread 0x00007fae0c00c000 Exception <a 'java/lang/NoSuchFieldError': method resolution failed> (0x000000076edb9788) thrown at [/HUDSON/workspace/8-2-build-linux-amd64/jdk8u60/4407/hotspot/src/share/vm/prims/methodHandles.cpp, line 1146]
Event: 9.592 Thread 0x00007fae0c00c000 Exception <a 'java/io/FileNotFoundException'> (0x000000076ee3a620) thrown at [/HUDSON/workspace/8-2-build-linux-amd64/jdk8u60/4407/hotspot/src/share/vm/prims/jni.cpp, line 709]
Event: 9.592 Thread 0x00007fae0c00c000 Exception <a 'java/io/FileNotFoundException'> (0x000000076ee3b0d8) thrown at [/HUDSON/workspace/8-2-build-linux-amd64/jdk8u60/4407/hotspot/src/share/vm/prims/jni.cpp, line 709]

Events (10 events):
Event: 11.967 Thread 0x00007fae0c0c9800 flushing nmethod 0x00007fadfc28b3d0
Event: 11.967 Thread 0x00007fae0c0c9800 flushing nmethod 0x00007fadfc28e2d0
Event: 11.967 Thread 0x00007fae0c0c9800 flushing nmethod 0x00007fadfc28e650
Event: 11.988 Executing VM operation: ParallelGCFailedAllocation
Event: 11.993 Executing VM operation: ParallelGCFailedAllocation done
Event: 11.993 Executing VM operation: RevokeBias
Event: 11.994 Executing VM operation: RevokeBias done
Event: 11.994 Executing VM operation: RevokeBias
Event: 11.994 Executing VM operation: RevokeBias done
Event: 12.232 Executing VM operation: ParallelGCFailedAllocation


Dynamic libraries:
00400000-00401000 r-xp 00000000 08:13 31472115                           /usr/lib/jvm/oracle-jdk-8u60-linux-x64/jdk1.8.0_60/bin/java
00600000-00601000 rw-p 00000000 08:13 31472115                           /usr/lib/jvm/oracle-jdk-8u60-linux-x64/jdk1.8.0_60/bin/java
01bd5000-01bf6000 rw-p 00000000 00:00 0                                  [heap]
6c7200000-6d1900000 rw-p 00000000 00:00 0 
6d1900000-76d100000 ---p 00000000 00:00 0 
76d100000-7a5000000 rw-p 00000000 00:00 0 
7c0000000-7c01e0000 rw-p 00000000 00:00 0 
7c01e0000-800000000 ---p 00000000 00:00 0 
7fad5c000000-7fad5c021000 rw-p 00000000 00:00 0 
7fad5c021000-7fad60000000 ---p 00000000 00:00 0 
7fad64000000-7fad64021000 rw-p 00000000 00:00 0 
7fad64021000-7fad68000000 ---p 00000000 00:00 0 
7fad68000000-7fad68021000 rw-p 00000000 00:00 0 
7fad68021000-7fad6c000000 ---p 00000000 00:00 0 
7fad6c000000-7fad6c021000 rw-p 00000000 00:00 0 
7fad6c021000-7fad70000000 ---p 00000000 00:00 0 
7fad70000000-7fad70021000 rw-p 00000000 00:00 0 
7fad70021000-7fad74000000 ---p 00000000 00:00 0 
7fad74000000-7fad74290000 rw-p 00000000 00:00 0 
7fad74290000-7fad78000000 ---p 00000000 00:00 0 
7fad78000000-7fad78021000 rw-p 00000000 00:00 0 
7fad78021000-7fad7c000000 ---p 00000000 00:00 0 
7fad7c000000-7fad7c021000 rw-p 00000000 00:00 0 
7fad7c021000-7fad80000000 ---p 00000000 00:00 0 
7fad80000000-7fad8005c000 rw-p 00000000 00:00 0 
7fad8005c000-7fad84000000 ---p 00000000 00:00 0 
7fad84000000-7fad84127000 rw-p 00000000 00:00 0 
7fad84127000-7fad88000000 ---p 00000000 00:00 0 
7fad88000000-7fad88021000 rw-p 00000000 00:00 0 
7fad88021000-7fad8c000000 ---p 00000000 00:00 0 
7fad8c000000-7fad8c021000 rw-p 00000000 00:00 0 
7fad8c021000-7fad90000000 ---p 00000000 00:00 0 
7fad90000000-7fad90021000 rw-p 00000000 00:00 0 
7fad90021000-7fad94000000 ---p 00000000 00:00 0 
7fad96bb3000-7fad96bb6000 ---p 00000000 00:00 0 
7fad96bb6000-7fad96cb4000 rw-p 00000000 00:00 0                          [stack:5615]
7fad96cb4000-7fad96cb7000 ---p 00000000 00:00 0 
7fad96cb7000-7fad96db5000 rw-p 00000000 00:00 0                          [stack:5614]
7fad96db5000-7fad96db8000 ---p 00000000 00:00 0 
7fad96db8000-7fad96eb6000 rw-p 00000000 00:00 0                          [stack:5613]
7fad96eb6000-7fad96eb9000 ---p 00000000 00:00 0 
7fad96eb9000-7fad96fb7000 rw-p 00000000 00:00 0                          [stack:5612]
7fad96fb7000-7fad96fba000 ---p 00000000 00:00 0 
7fad96fba000-7fad970b8000 rw-p 00000000 00:00 0                          [stack:5611]
7fad970b8000-7fad970bb000 ---p 00000000 00:00 0 
7fad970bb000-7fad97279000 rw-p 00000000 00:00 0                          [stack:5610]
7fad97279000-7fad973b9000 ---p 00000000 00:00 0 
7fad973b9000-7fad973bc000 ---p 00000000 00:00 0 
7fad973bc000-7fad974ba000 rw-p 00000000 00:00 0                          [stack:5608]
7fad974ba000-7fad974bd000 ---p 00000000 00:00 0 
7fad974bd000-7fad975bb000 rw-p 00000000 00:00 0                          [stack:5607]
7fad975bb000-7fad975be000 ---p 00000000 00:00 0 
7fad975be000-7fad976bc000 rw-p 00000000 00:00 0                          [stack:5606]
7fad976bc000-7fad976bf000 ---p 00000000 00:00 0 
7fad976bf000-7fad977bd000 rw-p 00000000 00:00 0                          [stack:5605]
7fad977bd000-7fad977c0000 ---p 00000000 00:00 0 
7fad977c0000-7fad97abe000 rw-p 00000000 00:00 0                          [stack:5604]
7fad97abe000-7fad97af8000 r-xp 00000000 08:13 31471979                   /usr/lib/jvm/oracle-jdk-8u60-linux-x64/jdk1.8.0_60/jre/lib/amd64/libjpeg.so
7fad97af8000-7fad97cf8000 ---p 0003a000 08:13 31471979                   /usr/lib/jvm/oracle-jdk-8u60-linux-x64/jdk1.8.0_60/jre/lib/amd64/libjpeg.so
7fad97cf8000-7fad97cf9000 rw-p 0003a000 08:13 31471979                   /usr/lib/jvm/oracle-jdk-8u60-linux-x64/jdk1.8.0_60/jre/lib/amd64/libjpeg.so
7fad97cf9000-7fad97cfc000 ---p 00000000 00:00 0 
7fad97cfc000-7fad97dfa000 rw-p 00000000 00:00 0                          [stack:5601]
7fad97dfa000-7fad97dff000 r-xp 00000000 08:13 30933992                   /usr/lib/x86_64-linux-gnu/libXdmcp.so.6.0.0
7fad97dff000-7fad97ffe000 ---p 00005000 08:13 30933992                   /usr/lib/x86_64-linux-gnu/libXdmcp.so.6.0.0
7fad97ffe000-7fad97fff000 r--p 00004000 08:13 30933992                   /usr/lib/x86_64-linux-gnu/libXdmcp.so.6.0.0
7fad97fff000-7fad98000000 rw-p 00005000 08:13 30933992                   /usr/lib/x86_64-linux-gnu/libXdmcp.so.6.0.0
7fad98000000-7fad98021000 rw-p 00000000 00:00 0 
7fad98021000-7fad9c000000 ---p 00000000 00:00 0 
7fad9c000000-7fad9c021000 rw-p 00000000 00:00 0 
7fad9c021000-7fada0000000 ---p 00000000 00:00 0 
7fada0000000-7fada0021000 rw-p 00000000 00:00 0 
7fada0021000-7fada4000000 ---p 00000000 00:00 0 
7fada4000000-7fada4021000 rw-p 00000000 00:00 0 
7fada4021000-7fada8000000 ---p 00000000 00:00 0 
7fada8000000-7fada82a3000 rw-p 00000000 00:00 0 
7fada82a3000-7fadac000000 ---p 00000000 00:00 0 
7fadac000000-7fadac021000 rw-p 00000000 00:00 0 
7fadac021000-7fadb0000000 ---p 00000000 00:00 0 
7fadb0000000-7fadb0451000 rw-p 00000000 00:00 0 
7fadb0451000-7fadb4000000 ---p 00000000 00:00 0 
7fadb4000000-7fadb4663000 rw-p 00000000 00:00 0 
7fadb4663000-7fadb8000000 ---p 00000000 00:00 0 
7fadb8000000-7fadb8021000 rw-p 00000000 00:00 0 
7fadb8021000-7fadbc000000 ---p 00000000 00:00 0 
7fadbc000000-7fadbcef0000 rw-p 00000000 00:00 0 
7fadbcef0000-7fadc0000000 ---p 00000000 00:00 0 
7fadc0000000-7fadc0021000 rw-p 00000000 00:00 0 
7fadc0021000-7fadc4000000 ---p 00000000 00:00 0 
7fadc4000000-7fadc4021000 rw-p 00000000 00:00 0 
7fadc4021000-7fadc8000000 ---p 00000000 00:00 0 
7fadc8000000-7fadc828a000 rw-p 00000000 00:00 0 
7fadc828a000-7fadcc000000 ---p 00000000 00:00 0 
7fadcc0bf000-7fadcc0c1000 r-xp 00000000 08:13 30933267                   /usr/lib/x86_64-linux-gnu/libXau.so.6.0.0
7fadcc0c1000-7fadcc2c1000 ---p 00002000 08:13 30933267                   /usr/lib/x86_64-linux-gnu/libXau.so.6.0.0
7fadcc2c1000-7fadcc2c2000 r--p 00002000 08:13 30933267                   /usr/lib/x86_64-linux-gnu/libXau.so.6.0.0
7fadcc2c2000-7fadcc2c3000 rw-p 00003000 08:13 30933267                   /usr/lib/x86_64-linux-gnu/libXau.so.6.0.0
7fadcc2c3000-7fadcc2e0000 r-xp 00000000 08:13 30938489                   /usr/lib/x86_64-linux-gnu/libxcb.so.1.1.0
7fadcc2e0000-7fadcc4e0000 ---p 0001d000 08:13 30938489                   /usr/lib/x86_64-linux-gnu/libxcb.so.1.1.0
7fadcc4e0000-7fadcc4e1000 r--p 0001d000 08:13 30938489                   /usr/lib/x86_64-linux-gnu/libxcb.so.1.1.0
7fadcc4e1000-7fadcc4e2000 rw-p 0001e000 08:13 30938489                   /usr/lib/x86_64-linux-gnu/libxcb.so.1.1.0
7fadcc4e2000-7fadcc4f1000 r-xp 00000000 08:13 30936015                   /usr/lib/x86_64-linux-gnu/libXi.so.6.1.0
7fadcc4f1000-7fadcc6f0000 ---p 0000f000 08:13 30936015                   /usr/lib/x86_64-linux-gnu/libXi.so.6.1.0
7fadcc6f0000-7fadcc6f1000 r--p 0000e000 08:13 30936015                   /usr/lib/x86_64-linux-gnu/libXi.so.6.1.0
7fadcc6f1000-7fadcc6f2000 rw-p 0000f000 08:13 30936015                   /usr/lib/x86_64-linux-gnu/libXi.so.6.1.0
7fadcc6f2000-7fadcc6f7000 r-xp 00000000 08:13 30936677                   /usr/lib/x86_64-linux-gnu/libXtst.so.6.1.0
7fadcc6f7000-7fadcc8f6000 ---p 00005000 08:13 30936677                   /usr/lib/x86_64-linux-gnu/libXtst.so.6.1.0
7fadcc8f6000-7fadcc8f7000 r--p 00004000 08:13 30936677                   /usr/lib/x86_64-linux-gnu/libXtst.so.6.1.0
7fadcc8f7000-7fadcc8f8000 rw-p 00005000 08:13 30936677                   /usr/lib/x86_64-linux-gnu/libXtst.so.6.1.0
7fadcc8f8000-7fadcc901000 r-xp 00000000 08:13 30938493                   /usr/lib/x86_64-linux-gnu/libXrender.so.1.3.0
7fadcc901000-7fadccb00000 ---p 00009000 08:13 30938493                   /usr/lib/x86_64-linux-gnu/libXrender.so.1.3.0
7fadccb00000-7fadccb01000 r--p 00008000 08:13 30938493                   /usr/lib/x86_64-linux-gnu/libXrender.so.1.3.0
7fadccb01000-7fadccb02000 rw-p 00009000 08:13 30938493                   /usr/lib/x86_64-linux-gnu/libXrender.so.1.3.0
7fadccb02000-7fadccc32000 r-xp 00000000 08:13 30934116                   /usr/lib/x86_64-linux-gnu/libX11.so.6.3.0
7fadccc32000-7fadcce32000 ---p 00130000 08:13 30934116                   /usr/lib/x86_64-linux-gnu/libX11.so.6.3.0
7fadcce32000-7fadcce33000 r--p 00130000 08:13 30934116                   /usr/lib/x86_64-linux-gnu/libX11.so.6.3.0
7fadcce33000-7fadcce37000 rw-p 00131000 08:13 30934116                   /usr/lib/x86_64-linux-gnu/libX11.so.6.3.0
7fadcce37000-7fadcce48000 r-xp 00000000 08:13 30937501                   /usr/lib/x86_64-linux-gnu/libXext.so.6.4.0
7fadcce48000-7fadcd047000 ---p 00011000 08:13 30937501                   /usr/lib/x86_64-linux-gnu/libXext.so.6.4.0
7fadcd047000-7fadcd048000 r--p 00010000 08:13 30937501                   /usr/lib/x86_64-linux-gnu/libXext.so.6.4.0
7fadcd048000-7fadcd049000 rw-p 00011000 08:13 30937501                   /usr/lib/x86_64-linux-gnu/libXext.so.6.4.0
7fadcd049000-7fadcd09d000 r-xp 00000000 08:13 31472000                   /usr/lib/jvm/oracle-jdk-8u60-linux-x64/jdk1.8.0_60/jre/lib/amd64/libawt_xawt.so
7fadcd09d000-7fadcd29d000 ---p 00054000 08:13 31472000                   /usr/lib/jvm/oracle-jdk-8u60-linux-x64/jdk1.8.0_60/jre/lib/amd64/libawt_xawt.so
7fadcd29d000-7fadcd2a1000 rw-p 00054000 08:13 31472000                   /usr/lib/jvm/oracle-jdk-8u60-linux-x64/jdk1.8.0_60/jre/lib/amd64/libawt_xawt.so
7fadcd2a1000-7fadcd2a2000 rw-p 00000000 00:00 0 
7fadcd2a2000-7fadcd344000 r-xp 00000000 08:13 31472007                   /usr/lib/jvm/oracle-jdk-8u60-linux-x64/jdk1.8.0_60/jre/lib/amd64/libawt.so
7fadcd344000-7fadcd544000 ---p 000a2000 08:13 31472007                   /usr/lib/jvm/oracle-jdk-8u60-linux-x64/jdk1.8.0_60/jre/lib/amd64/libawt.so
7fadcd544000-7fadcd550000 rw-p 000a2000 08:13 31472007                   /usr/lib/jvm/oracle-jdk-8u60-linux-x64/jdk1.8.0_60/jre/lib/amd64/libawt.so
7fadcd550000-7fadcd574000 rw-p 00000000 00:00 0 
7fadcd574000-7fadcd577000 ---p 00000000 00:00 0 
7fadcd577000-7fadcd675000 rw-p 00000000 00:00 0                          [stack:5600]
7fadcd675000-7fadcd68c000 r-xp 00000000 08:13 35258813                   /lib/x86_64-linux-gnu/libresolv-2.19.so
7fadcd68c000-7fadcd88c000 ---p 00017000 08:13 35258813                   /lib/x86_64-linux-gnu/libresolv-2.19.so
7fadcd88c000-7fadcd88d000 r--p 00017000 08:13 35258813                   /lib/x86_64-linux-gnu/libresolv-2.19.so
7fadcd88d000-7fadcd88e000 rw-p 00018000 08:13 35258813                   /lib/x86_64-linux-gnu/libresolv-2.19.so
7fadcd88e000-7fadcd890000 rw-p 00000000 00:00 0 
7fadcd890000-7fadcd895000 r-xp 00000000 08:13 35259014                   /lib/x86_64-linux-gnu/libnss_dns-2.19.so
7fadcd895000-7fadcda94000 ---p 00005000 08:13 35259014                   /lib/x86_64-linux-gnu/libnss_dns-2.19.so
7fadcda94000-7fadcda95000 r--p 00004000 08:13 35259014                   /lib/x86_64-linux-gnu/libnss_dns-2.19.so
7fadcda95000-7fadcda96000 rw-p 00005000 08:13 35259014                   /lib/x86_64-linux-gnu/libnss_dns-2.19.so
7fadcda96000-7fadcda98000 r-xp 00000000 08:13 35258642                   /lib/x86_64-linux-gnu/libnss_mdns4_minimal.so.2
7fadcda98000-7fadcdc97000 ---p 00002000 08:13 35258642                   /lib/x86_64-linux-gnu/libnss_mdns4_minimal.so.2
7fadcdc97000-7fadcdc98000 r--p 00001000 08:13 35258642                   /lib/x86_64-linux-gnu/libnss_mdns4_minimal.so.2
7fadcdc98000-7fadcdc99000 rw-p 00002000 08:13 35258642                   /lib/x86_64-linux-gnu/libnss_mdns4_minimal.so.2
7fadcdcc4000-7fadcdec4000 rw-p 00000000 00:00 0 
7fadcdec4000-7fadcdec7000 ---p 00000000 00:00 0 
7fadcdec7000-7fadcdfc5000 rw-p 00000000 00:00 0                          [stack:5596]
7fadcdfc5000-7fadcdfc8000 ---p 00000000 00:00 0 
7fadcdfc8000-7fadce0c6000 rw-p 00000000 00:00 0                          [stack:5595]
7fadce0c6000-7fadce0d7000 r-xp 00000000 08:13 31472013                   /usr/lib/jvm/oracle-jdk-8u60-linux-x64/jdk1.8.0_60/jre/lib/amd64/libnio.so
7fadce0d7000-7fadce2d6000 ---p 00011000 08:13 31472013                   /usr/lib/jvm/oracle-jdk-8u60-linux-x64/jdk1.8.0_60/jre/lib/amd64/libnio.so
7fadce2d6000-7fadce2d7000 rw-p 00010000 08:13 31472013                   /usr/lib/jvm/oracle-jdk-8u60-linux-x64/jdk1.8.0_60/jre/lib/amd64/libnio.so
7fadce2d7000-7fadce2f3000 r--s 00393000 08:13 31472044                   /usr/lib/jvm/oracle-jdk-8u60-linux-x64/jdk1.8.0_60/jre/lib/ext/cldrdata.jar
7fadce2f3000-7fadce2fd000 r--s 00116000 08:13 31472037                   /usr/lib/jvm/oracle-jdk-8u60-linux-x64/jdk1.8.0_60/jre/lib/ext/localedata.jar
7fadce2fd000-7fadce305000 r-xp 00000000 08:13 31471973                   /usr/lib/jvm/oracle-jdk-8u60-linux-x64/jdk1.8.0_60/jre/lib/amd64/libmanagement.so
7fadce305000-7fadce505000 ---p 00008000 08:13 31471973                   /usr/lib/jvm/oracle-jdk-8u60-linux-x64/jdk1.8.0_60/jre/lib/amd64/libmanagement.so
7fadce505000-7fadce506000 rw-p 00008000 08:13 31471973                   /usr/lib/jvm/oracle-jdk-8u60-linux-x64/jdk1.8.0_60/jre/lib/amd64/libmanagement.so
7fadce506000-7fadce50a000 r--s 00095000 08:13 31472033                   /usr/lib/jvm/oracle-jdk-8u60-linux-x64/jdk1.8.0_60/jre/lib/jsse.jar
7fadce50a000-7fadce53b000 rw-p 00000000 00:00 0 
7fadce53b000-7fadce551000 r-xp 00000000 08:13 31471987                   /usr/lib/jvm/oracle-jdk-8u60-linux-x64/jdk1.8.0_60/jre/lib/amd64/libnet.so
7fadce551000-7fadce751000 ---p 00016000 08:13 31471987                   /usr/lib/jvm/oracle-jdk-8u60-linux-x64/jdk1.8.0_60/jre/lib/amd64/libnet.so
7fadce751000-7fadce752000 rw-p 00016000 08:13 31471987                   /usr/lib/jvm/oracle-jdk-8u60-linux-x64/jdk1.8.0_60/jre/lib/amd64/libnet.so
7fadce752000-7fadce755000 ---p 00000000 00:00 0 
7fadce755000-7fadce853000 rw-p 00000000 00:00 0                          [stack:5594]
7fadce853000-7fadce854000 r-xp 00000000 08:13 71671017                   /home/marzampoglou/IntelliJ_IDEA/idea-IU-141.1532.4/bin/libbreakgen64.so
7fadce854000-7fadcea53000 ---p 00001000 08:13 71671017                   /home/marzampoglou/IntelliJ_IDEA/idea-IU-141.1532.4/bin/libbreakgen64.so
7fadcea53000-7fadcea54000 r--p 00000000 08:13 71671017                   /home/marzampoglou/IntelliJ_IDEA/idea-IU-141.1532.4/bin/libbreakgen64.so
7fadcea54000-7fadcea55000 rw-p 00001000 08:13 71671017                   /home/marzampoglou/IntelliJ_IDEA/idea-IU-141.1532.4/bin/libbreakgen64.so
7fadcea55000-7fadcea57000 r--s 00016000 08:13 71671111                   /home/marzampoglou/IntelliJ_IDEA/idea-IU-141.1532.4/lib/idea_rt.jar
7fadcea57000-7fadcea59000 r--s 00005000 08:13 77334120                   /home/marzampoglou/.m2/repository/xpp3/xpp3_min/1.1.4c/xpp3_min-1.1.4c.jar
7fadcea59000-7fadcea66000 r--s 0006a000 08:13 77334151                   /home/marzampoglou/.m2/repository/com/thoughtworks/xstream/xstream/1.4.4/xstream-1.4.4.jar
7fadcea66000-7fadcea6a000 r--s 0001f000 08:13 77334150                   /home/marzampoglou/.m2/repository/org/ddogleg/ddogleg/0.3/ddogleg-0.3.jar
7fadcea6a000-7fadcea6f000 r--s 0002d000 08:13 77334147                   /home/marzampoglou/.m2/repository/org/georegression/georegression/0.4/georegression-0.4.jar
7fadcea6f000-7fadcea90000 r--s 001a4000 08:13 77334144                   /home/marzampoglou/.m2/repository/org/boofcv/boofcv/0.15/boofcv-0.15.jar
7fadcea90000-7fadcea91000 ---p 00000000 00:00 0 
7fadcea91000-7fadceb91000 rw-p 00000000 00:00 0                          [stack:5593]
7fadceb91000-7fadceb94000 ---p 00000000 00:00 0 
7fadceb94000-7fadcec92000 rw-p 00000000 00:00 0                          [stack:5591]
7fadcec92000-7fadcec95000 ---p 00000000 00:00 0 
7fadcec95000-7fadced93000 rw-p 00000000 00:00 0                          [stack:5589]
7fadced93000-7fadced96000 ---p 00000000 00:00 0 
7fadced96000-7fadcee94000 rw-p 00000000 00:00 0                          [stack:5588]
7fadcee94000-7fadcee97000 ---p 00000000 00:00 0 
7fadcee97000-7fadcef95000 rw-p 00000000 00:00 0                          [stack:5587]
7fadcef95000-7fadcef98000 ---p 00000000 00:00 0 
7fadcef98000-7fadcf096000 rw-p 00000000 00:00 0                          [stack:5586]
7fadcf096000-7fadcf099000 ---p 00000000 00:00 0 
7fadcf099000-7fadcf197000 rw-p 00000000 00:00 0                          [stack:5580]
7fadcf197000-7fadcf885000 r--p 00000000 08:13 30934335                   /usr/lib/locale/locale-archive
7fadcf885000-7fadcf888000 ---p 00000000 00:00 0 
7fadcf888000-7fadcf986000 rw-p 00000000 00:00 0                          [stack:5578]
7fadcf986000-7fadcf989000 ---p 00000000 00:00 0 
7fadcf989000-7fadcfa87000 rw-p 00000000 00:00 0                          [stack:5576]
7fadcfa87000-7fadcfa88000 ---p 00000000 00:00 0 
7fadcfa88000-7fadd8000000 rw-p 00000000 00:00 0                          [stack:5574]
7fadd8000000-7fadd8021000 rw-p 00000000 00:00 0 
7fadd8021000-7faddc000000 ---p 00000000 00:00 0 
7faddc000000-7faddc021000 rw-p 00000000 00:00 0 
7faddc021000-7fade0000000 ---p 00000000 00:00 0 
7fade0000000-7fade0021000 rw-p 00000000 00:00 0 
7fade0021000-7fade4000000 ---p 00000000 00:00 0 
7fade4000000-7fade4021000 rw-p 00000000 00:00 0 
7fade4021000-7fade8000000 ---p 00000000 00:00 0 
7fade8000000-7fade8021000 rw-p 00000000 00:00 0 
7fade8021000-7fadec000000 ---p 00000000 00:00 0 
7fadec000000-7fadec021000 rw-p 00000000 00:00 0 
7fadec021000-7fadf0000000 ---p 00000000 00:00 0 
7fadf0000000-7fadf0021000 rw-p 00000000 00:00 0 
7fadf0021000-7fadf4000000 ---p 00000000 00:00 0 
7fadf4000000-7fadf4021000 rw-p 00000000 00:00 0 
7fadf4021000-7fadf8000000 ---p 00000000 00:00 0 
7fadf8000000-7fadf8001000 rw-p 00000000 00:00 0 
7fadf8001000-7fadf8002000 r--s 00001000 08:13 77334118                   /home/marzampoglou/.m2/repository/xmlpull/xmlpull/1.1.3.1/xmlpull-1.1.3.1.jar
7fadf8002000-7fadf8007000 r--s 00045000 08:13 77334146                   /home/marzampoglou/.m2/repository/com/googlecode/efficient-java-matrix-library/ejml/0.23/ejml-0.23.jar
7fadf8007000-7fadf800a000 r--s 0003d000 08:13 77334136                   /home/marzampoglou/.m2/repository/javax/media/jai/com.springsource.javax.media.jai.codec/1.1.3/com.springsource.javax.media.jai.codec-1.1.3.jar
7fadf800a000-7fadf801e000 r--s 001c0000 08:13 77334135                   /home/marzampoglou/.m2/repository/javax/media/jai/com.springsource.javax.media.jai.core/1.1.3/com.springsource.javax.media.jai.core-1.1.3.jar
7fadf801e000-7fadf8022000 r--s 00107000 08:13 77334142                   /home/marzampoglou/.m2/repository/net/java/dev/jna/jna/4.2.0/jna-4.2.0.jar
7fadf8022000-7fadf803e000 r--s 00144000 08:13 77334141                   /home/marzampoglou/.m2/repository/org/ojalgo/ojalgo/38.2/ojalgo-38.2.jar
7fadf803e000-7fadf8062000 r--s 001ce000 08:13 77334139                   /home/marzampoglou/.m2/repository/org/apache/commons/commons-math3/3.5/commons-math3-3.5.jar
7fadf8062000-7fadf8069000 r--s 00064000 08:13 77334140                   /home/marzampoglou/.m2/repository/org/apache/commons/commons-lang3/3.4/commons-lang3-3.4.jar
7fadf8069000-7fadf806b000 r--s 0001b000 08:13 83104501                   /home/marzampoglou/.m2/repository/com/adobe/xmp/xmpcore/5.1.2/xmpcore-5.1.2.jar
7fadf806b000-7fadf8071000 r--s 0004f000 08:13 83104502                   /home/marzampoglou/.m2/repository/com/drewnoakes/metadata-extractor/2.8.1/metadata-extractor-2.8.1.jar
7fadf8071000-7fadf8076000 r--s 0002f000 08:13 76023650                   /home/marzampoglou/.m2/repository/com/google/code/gson/gson/2.4/gson-2.4.jar
7fadf8076000-7fadf807c000 r--s 0004a000 08:13 83231062                   /home/marzampoglou/.m2/repository/cglib/cglib-nodep/2.2.2/cglib-nodep-2.2.2.jar
7fadf807c000-7fadf8080000 r--s 00016000 08:13 83231063                   /home/marzampoglou/.m2/repository/com/thoughtworks/proxytoys/proxytoys/1.0/proxytoys-1.0.jar
7fadf8080000-7fadf8098000 r--s 00121000 08:13 76823339                   /home/marzampoglou/.m2/repository/org/mongodb/mongo-java-driver/3.0.2/mongo-java-driver-3.0.2.jar
7fadf8098000-7fadf80a0000 r--s 00051000 08:13 76686121                   /home/marzampoglou/.m2/repository/org/mongodb/morphia/morphia/1.0.1/morphia-1.0.1.jar
7fadf80a0000-7fadf80a1000 r--s 00000000 08:13 31472027                   /usr/lib/jvm/oracle-jdk-8u60-linux-x64/jdk1.8.0_60/jre/lib/management-agent.jar
7fadf80a1000-7fadf80b4000 r--s 00344000 08:13 31472057                   /usr/lib/jvm/oracle-jdk-8u60-linux-x64/jdk1.8.0_60/jre/lib/resources.jar
7fadf80b4000-7fadf80c7000 r--s 000d5000 08:13 31471949                   /usr/lib/jvm/oracle-jdk-8u60-linux-x64/jdk1.8.0_60/jre/lib/plugin.jar
7fadf80c7000-7fadf80d1000 r--s 0006b000 08:13 31471879                   /usr/lib/jvm/oracle-jdk-8u60-linux-x64/jdk1.8.0_60/jre/lib/javaws.jar
7fadf80d1000-7fadf80ec000 r--s 001fc000 08:13 31472047                   /usr/lib/jvm/oracle-jdk-8u60-linux-x64/jdk1.8.0_60/jre/lib/deploy.jar
7fadf80ec000-7fadf9507000 rw-p 00000000 00:00 0 
7fadf9507000-7fadf96df000 r--s 03d17000 08:13 31472030                   /usr/lib/jvm/oracle-jdk-8u60-linux-x64/jdk1.8.0_60/jre/lib/rt.jar
7fadf96df000-7fadfa6a6000 rw-p 00000000 00:00 0 
7fadfa6a6000-7fadfa6a7000 ---p 00000000 00:00 0 
7fadfa6a7000-7fadfa7a7000 rw-p 00000000 00:00 0                          [stack:5562]
7fadfa7a7000-7fadfa7a8000 ---p 00000000 00:00 0 
7fadfa7a8000-7fadfa8a8000 rw-p 00000000 00:00 0                          [stack:5561]
7fadfa8a8000-7fadfa8a9000 ---p 00000000 00:00 0 
7fadfa8a9000-7fadfa9a9000 rw-p 00000000 00:00 0                          [stack:5560]
7fadfa9a9000-7fadfa9aa000 ---p 00000000 00:00 0 
7fadfa9aa000-7fadfaaaa000 rw-p 00000000 00:00 0                          [stack:5559]
7fadfaaaa000-7fadfaaab000 ---p 00000000 00:00 0 
7fadfaaab000-7fadfabab000 rw-p 00000000 00:00 0                          [stack:5558]
7fadfabab000-7fadfabac000 ---p 00000000 00:00 0 
7fadfabac000-7fadfacac000 rw-p 00000000 00:00 0                          [stack:5557]
7fadfacac000-7fadfacad000 ---p 00000000 00:00 0 
7fadfacad000-7fadfadad000 rw-p 00000000 00:00 0                          [stack:5556]
7fadfadad000-7fadfadae000 ---p 00000000 00:00 0 
7fadfadae000-7fadfaf02000 rw-p 00000000 00:00 0                          [stack:5555]
7fadfaf02000-7fadfb3de000 ---p 00000000 00:00 0 
7fadfb3de000-7fadfb432000 rw-p 00000000 00:00 0 
7fadfb432000-7fadfb90d000 ---p 00000000 00:00 0 
7fadfb90d000-7fadfbacd000 rw-p 00000000 00:00 0 
7fadfbacd000-7fadfbba5000 ---p 00000000 00:00 0 
7fadfbba5000-7fadfbbb9000 rw-p 00000000 00:00 0 
7fadfbbb9000-7fadfbf66000 ---p 00000000 00:00 0 
7fadfbf66000-7fadfc406000 rwxp 00000000 00:00 0 
7fadfc406000-7fae0af66000 ---p 00000000 00:00 0 
7fae0af66000-7fae0af80000 r-xp 00000000 08:13 31471982                   /usr/lib/jvm/oracle-jdk-8u60-linux-x64/jdk1.8.0_60/jre/lib/amd64/libzip.so
7fae0af80000-7fae0b180000 ---p 0001a000 08:13 31471982                   /usr/lib/jvm/oracle-jdk-8u60-linux-x64/jdk1.8.0_60/jre/lib/amd64/libzip.so
7fae0b180000-7fae0b181000 rw-p 0001a000 08:13 31471982                   /usr/lib/jvm/oracle-jdk-8u60-linux-x64/jdk1.8.0_60/jre/lib/amd64/libzip.so
7fae0b181000-7fae0b18c000 r-xp 00000000 08:13 35258873                   /lib/x86_64-linux-gnu/libnss_files-2.19.so
7fae0b18c000-7fae0b38b000 ---p 0000b000 08:13 35258873                   /lib/x86_64-linux-gnu/libnss_files-2.19.so
7fae0b38b000-7fae0b38c000 r--p 0000a000 08:13 35258873                   /lib/x86_64-linux-gnu/libnss_files-2.19.so
7fae0b38c000-7fae0b38d000 rw-p 0000b000 08:13 35258873                   /lib/x86_64-linux-gnu/libnss_files-2.19.so
7fae0b38d000-7fae0b398000 r-xp 00000000 08:13 35259048                   /lib/x86_64-linux-gnu/libnss_nis-2.19.so
7fae0b398000-7fae0b597000 ---p 0000b000 08:13 35259048                   /lib/x86_64-linux-gnu/libnss_nis-2.19.so
7fae0b597000-7fae0b598000 r--p 0000a000 08:13 35259048                   /lib/x86_64-linux-gnu/libnss_nis-2.19.so
7fae0b598000-7fae0b599000 rw-p 0000b000 08:13 35259048                   /lib/x86_64-linux-gnu/libnss_nis-2.19.so
7fae0b599000-7fae0b5b0000 r-xp 00000000 08:13 35259028                   /lib/x86_64-linux-gnu/libnsl-2.19.so
7fae0b5b0000-7fae0b7af000 ---p 00017000 08:13 35259028                   /lib/x86_64-linux-gnu/libnsl-2.19.so
7fae0b7af000-7fae0b7b0000 r--p 00016000 08:13 35259028                   /lib/x86_64-linux-gnu/libnsl-2.19.so
7fae0b7b0000-7fae0b7b1000 rw-p 00017000 08:13 35259028                   /lib/x86_64-linux-gnu/libnsl-2.19.so
7fae0b7b1000-7fae0b7b3000 rw-p 00000000 00:00 0 
7fae0b7b3000-7fae0b7bc000 r-xp 00000000 08:13 35259026                   /lib/x86_64-linux-gnu/libnss_compat-2.19.so
7fae0b7bc000-7fae0b9bb000 ---p 00009000 08:13 35259026                   /lib/x86_64-linux-gnu/libnss_compat-2.19.so
7fae0b9bb000-7fae0b9bc000 r--p 00008000 08:13 35259026                   /lib/x86_64-linux-gnu/libnss_compat-2.19.so
7fae0b9bc000-7fae0b9bd000 rw-p 00009000 08:13 35259026                   /lib/x86_64-linux-gnu/libnss_compat-2.19.so
7fae0b9bd000-7fae0b9e7000 r-xp 00000000 08:13 31471961                   /usr/lib/jvm/oracle-jdk-8u60-linux-x64/jdk1.8.0_60/jre/lib/amd64/libjava.so
7fae0b9e7000-7fae0bbe7000 ---p 0002a000 08:13 31471961                   /usr/lib/jvm/oracle-jdk-8u60-linux-x64/jdk1.8.0_60/jre/lib/amd64/libjava.so
7fae0bbe7000-7fae0bbe9000 rw-p 0002a000 08:13 31471961                   /usr/lib/jvm/oracle-jdk-8u60-linux-x64/jdk1.8.0_60/jre/lib/amd64/libjava.so
7fae0bbe9000-7fae0bbf6000 r-xp 00000000 08:13 31471976                   /usr/lib/jvm/oracle-jdk-8u60-linux-x64/jdk1.8.0_60/jre/lib/amd64/libverify.so
7fae0bbf6000-7fae0bdf6000 ---p 0000d000 08:13 31471976                   /usr/lib/jvm/oracle-jdk-8u60-linux-x64/jdk1.8.0_60/jre/lib/amd64/libverify.so
7fae0bdf6000-7fae0bdf8000 rw-p 0000d000 08:13 31471976                   /usr/lib/jvm/oracle-jdk-8u60-linux-x64/jdk1.8.0_60/jre/lib/amd64/libverify.so
7fae0bdf8000-7fae0bdff000 r-xp 00000000 08:13 35259044                   /lib/x86_64-linux-gnu/librt-2.19.so
7fae0bdff000-7fae0bffe000 ---p 00007000 08:13 35259044                   /lib/x86_64-linux-gnu/librt-2.19.so
7fae0bffe000-7fae0bfff000 r--p 00006000 08:13 35259044                   /lib/x86_64-linux-gnu/librt-2.19.so
7fae0bfff000-7fae0c000000 rw-p 00007000 08:13 35259044                   /lib/x86_64-linux-gnu/librt-2.19.so
7fae0c000000-7fae0c4e3000 rw-p 00000000 00:00 0 
7fae0c4e3000-7fae10000000 ---p 00000000 00:00 0 
7fae10000000-7fae10003000 r--s 0001a000 08:13 31471951                   /usr/lib/jvm/oracle-jdk-8u60-linux-x64/jdk1.8.0_60/jre/lib/jce.jar
7fae10003000-7fae10005000 r--s 00007000 08:13 31472060                   /usr/lib/jvm/oracle-jdk-8u60-linux-x64/jdk1.8.0_60/jre/lib/jfxswt.jar
7fae10005000-7fae10009000 r--s 00095000 08:13 31472033                   /usr/lib/jvm/oracle-jdk-8u60-linux-x64/jdk1.8.0_60/jre/lib/jsse.jar
7fae10009000-7fae1000f000 r--s 002f8000 08:13 31471950                   /usr/lib/jvm/oracle-jdk-8u60-linux-x64/jdk1.8.0_60/jre/lib/charsets.jar
7fae1000f000-7fae100e0000 rw-p 00000000 00:00 0 
7fae100e0000-7fae10d9e000 r-xp 00000000 08:13 31471997                   /usr/lib/jvm/oracle-jdk-8u60-linux-x64/jdk1.8.0_60/jre/lib/amd64/server/libjvm.so
7fae10d9e000-7fae10f9d000 ---p 00cbe000 08:13 31471997                   /usr/lib/jvm/oracle-jdk-8u60-linux-x64/jdk1.8.0_60/jre/lib/amd64/server/libjvm.so
7fae10f9d000-7fae11075000 rw-p 00cbd000 08:13 31471997                   /usr/lib/jvm/oracle-jdk-8u60-linux-x64/jdk1.8.0_60/jre/lib/amd64/server/libjvm.so
7fae11075000-7fae110ba000 rw-p 00000000 00:00 0 
7fae110ba000-7fae110d0000 r-xp 00000000 08:13 35258559                   /lib/x86_64-linux-gnu/libgcc_s.so.1
7fae110d0000-7fae112cf000 ---p 00016000 08:13 35258559                   /lib/x86_64-linux-gnu/libgcc_s.so.1
7fae112cf000-7fae112d0000 rw-p 00015000 08:13 35258559                   /lib/x86_64-linux-gnu/libgcc_s.so.1
7fae112d0000-7fae113d5000 r-xp 00000000 08:13 35258845                   /lib/x86_64-linux-gnu/libm-2.19.so
7fae113d5000-7fae115d4000 ---p 00105000 08:13 35258845                   /lib/x86_64-linux-gnu/libm-2.19.so
7fae115d4000-7fae115d5000 r--p 00104000 08:13 35258845                   /lib/x86_64-linux-gnu/libm-2.19.so
7fae115d5000-7fae115d6000 rw-p 00105000 08:13 35258845                   /lib/x86_64-linux-gnu/libm-2.19.so
7fae115d6000-7fae11791000 r-xp 00000000 08:13 35259038                   /lib/x86_64-linux-gnu/libc-2.19.so
7fae11791000-7fae11990000 ---p 001bb000 08:13 35259038                   /lib/x86_64-linux-gnu/libc-2.19.so
7fae11990000-7fae11994000 r--p 001ba000 08:13 35259038                   /lib/x86_64-linux-gnu/libc-2.19.so
7fae11994000-7fae11996000 rw-p 001be000 08:13 35259038                   /lib/x86_64-linux-gnu/libc-2.19.so
7fae11996000-7fae1199b000 rw-p 00000000 00:00 0 
7fae1199b000-7fae1199e000 r-xp 00000000 08:13 35259016                   /lib/x86_64-linux-gnu/libdl-2.19.so
7fae1199e000-7fae11b9d000 ---p 00003000 08:13 35259016                   /lib/x86_64-linux-gnu/libdl-2.19.so
7fae11b9d000-7fae11b9e000 r--p 00002000 08:13 35259016                   /lib/x86_64-linux-gnu/libdl-2.19.so
7fae11b9e000-7fae11b9f000 rw-p 00003000 08:13 35259016                   /lib/x86_64-linux-gnu/libdl-2.19.so
7fae11b9f000-7fae11bb4000 r-xp 00000000 08:13 31461846                   /usr/lib/jvm/oracle-jdk-8u60-linux-x64/jdk1.8.0_60/lib/amd64/jli/libjli.so
7fae11bb4000-7fae11db4000 ---p 00015000 08:13 31461846                   /usr/lib/jvm/oracle-jdk-8u60-linux-x64/jdk1.8.0_60/lib/amd64/jli/libjli.so
7fae11db4000-7fae11db5000 rw-p 00015000 08:13 31461846                   /usr/lib/jvm/oracle-jdk-8u60-linux-x64/jdk1.8.0_60/lib/amd64/jli/libjli.so
7fae11db5000-7fae11dce000 r-xp 00000000 08:13 35259040                   /lib/x86_64-linux-gnu/libpthread-2.19.so
7fae11dce000-7fae11fcd000 ---p 00019000 08:13 35259040                   /lib/x86_64-linux-gnu/libpthread-2.19.so
7fae11fcd000-7fae11fce000 r--p 00018000 08:13 35259040                   /lib/x86_64-linux-gnu/libpthread-2.19.so
7fae11fce000-7fae11fcf000 rw-p 00019000 08:13 35259040                   /lib/x86_64-linux-gnu/libpthread-2.19.so
7fae11fcf000-7fae11fd3000 rw-p 00000000 00:00 0 
7fae11fd3000-7fae120b9000 r-xp 00000000 08:13 30938428                   /usr/lib/x86_64-linux-gnu/libstdc++.so.6.0.19
7fae120b9000-7fae122b8000 ---p 000e6000 08:13 30938428                   /usr/lib/x86_64-linux-gnu/libstdc++.so.6.0.19
7fae122b8000-7fae122c0000 r--p 000e5000 08:13 30938428                   /usr/lib/x86_64-linux-gnu/libstdc++.so.6.0.19
7fae122c0000-7fae122c2000 rw-p 000ed000 08:13 30938428                   /usr/lib/x86_64-linux-gnu/libstdc++.so.6.0.19
7fae122c2000-7fae122d7000 rw-p 00000000 00:00 0 
7fae122d7000-7fae122fa000 r-xp 00000000 08:13 35259032                   /lib/x86_64-linux-gnu/ld-2.19.so
7fae122fa000-7fae122ff000 r--s 00083000 08:13 31472031                   /usr/lib/jvm/oracle-jdk-8u60-linux-x64/jdk1.8.0_60/jre/lib/jfr.jar
7fae122ff000-7fae123c4000 rw-p 00000000 00:00 0 
7fae123c4000-7fae123c7000 ---p 00000000 00:00 0 
7fae123c7000-7fae124ed000 rw-p 00000000 00:00 0                          [stack:5554]
7fae124ed000-7fae124f5000 rw-s 00000000 08:13 18087967                   /tmp/hsperfdata_marzampoglou/5553
7fae124f5000-7fae124f6000 rw-p 00000000 00:00 0 
7fae124f6000-7fae124f7000 ---p 00000000 00:00 0 
7fae124f7000-7fae124f9000 rw-p 00000000 00:00 0 
7fae124f9000-7fae124fa000 r--p 00022000 08:13 35259032                   /lib/x86_64-linux-gnu/ld-2.19.so
7fae124fa000-7fae124fb000 rw-p 00023000 08:13 35259032                   /lib/x86_64-linux-gnu/ld-2.19.so
7fae124fb000-7fae124fc000 rw-p 00000000 00:00 0 
7fffe2703000-7fffe2725000 rw-p 00000000 00:00 0                          [stack]
7fffe2743000-7fffe2745000 r-xp 00000000 00:00 0                          [vdso]
ffffffffff600000-ffffffffff601000 r-xp 00000000 00:00 0                  [vsyscall]

VM Arguments:
jvm_args: -Didea.launcher.port=7539 -Didea.launcher.bin.path=/home/marzampoglou/IntelliJ_IDEA/idea-IU-141.1532.4/bin -Dfile.encoding=UTF-8 
java_command: com.intellij.rt.execution.application.AppMain ForensicsToolbox.ReportManagement
java_class_path (initial): /usr/lib/jvm/oracle-jdk-8u60-linux-x64/jdk1.8.0_60/jre/lib/charsets.jar:/usr/lib/jvm/oracle-jdk-8u60-linux-x64/jdk1.8.0_60/jre/lib/deploy.jar:/usr/lib/jvm/oracle-jdk-8u60-linux-x64/jdk1.8.0_60/jre/lib/jfr.jar:/usr/lib/jvm/oracle-jdk-8u60-linux-x64/jdk1.8.0_60/jre/lib/javaws.jar:/usr/lib/jvm/oracle-jdk-8u60-linux-x64/jdk1.8.0_60/jre/lib/rt.jar:/usr/lib/jvm/oracle-jdk-8u60-linux-x64/jdk1.8.0_60/jre/lib/plugin.jar:/usr/lib/jvm/oracle-jdk-8u60-linux-x64/jdk1.8.0_60/jre/lib/jsse.jar:/usr/lib/jvm/oracle-jdk-8u60-linux-x64/jdk1.8.0_60/jre/lib/jfxswt.jar:/usr/lib/jvm/oracle-jdk-8u60-linux-x64/jdk1.8.0_60/jre/lib/resources.jar:/usr/lib/jvm/oracle-jdk-8u60-linux-x64/jdk1.8.0_60/jre/lib/jce.jar:/usr/lib/jvm/oracle-jdk-8u60-linux-x64/jdk1.8.0_60/jre/lib/management-agent.jar:/usr/lib/jvm/oracle-jdk-8u60-linux-x64/jdk1.8.0_60/jre/lib/ext/sunpkcs11.jar:/usr/lib/jvm/oracle-jdk-8u60-linux-x64/jdk1.8.0_60/jre/lib/ext/sunec.jar:/usr/lib/jvm/oracle-jdk-8u60-linux-x64/jdk1.8.0_60/jre/lib/ext/jfxrt.jar:/usr/lib/jvm/oracle-jdk-8u60-linux-x64/jdk1.8.0_60/jre/lib/ext/zipfs.jar:/usr/lib/jvm/oracle-jdk-8u60-linux-x64/jdk1.8.0_60/jre/lib/ext/sunjce_provider.jar:/usr/lib/jvm/oracle-jdk-8u60-linux-x64/jdk1.8.0_60/jre/lib/ext/nashorn.jar:/usr/lib/jvm/oracle-jdk-8u60-linux-x64/jdk1.8.0_60/jre/lib/ext/localedata.jar:/usr/lib/jvm/oracle-jdk-8u60-linux-x64/jdk1.8.0_60/jre/lib/ext/jaccess.jar:/usr/lib/jvm/oracle-jdk-8u60-linux-x64/jdk1.8.0_60/jre/lib/ext/cldrdata.jar:/usr/lib/jvm/oracle-jdk-8u60-linux-x64/jdk1.8.0_60/jre/lib/ext/dnsns.jar:/media/marzampoglou/3TB/markzampoglou/ImageForensics/Deliverables/Code/CurrentVersion/MultimediaManipulationToolbox/target/classes:/home/marzampoglou/.m2/repository/org/mongodb/morphia/morphia/1.0.1/morphia-1.0.1.jar:/home/marzampoglou/.m2/repository/org/mongodb/mongo-java-driver/3.0.2/mongo-java-driver-3.0.2.jar:/home/marzampoglou/.m2/repository/com/thoughtworks/proxytoys/proxytoys/1.0/proxytoys-1.0.jar:/home/marzampoglou/.m2/repository/
Launcher Type: SUN_STANDARD

Environment Variables:
PATH=/usr/local/cuda-7.0/bin:/usr/local/anaconda/bin:/usr/local/sbin:/usr/local/bin:/usr/sbin:/usr/bin:/sbin:/bin:/usr/games:/usr/local/games
LD_LIBRARY_PATH=/home/marzampoglou/IntelliJ_IDEA/idea-IU-141.1532.4/bin:/usr/local/anaconda/pkgs/hdf5-1.8.14-0/lib:/usr/lib/cudnn-6.5-linux-x64-v2:/usr/lib/x86_64-linux-gnu:/usr/local/lib:/usr/local/cuda-7.0/lib64:/usr/local/cuda-7.0/lib64
LD_PRELOAD=/usr/lib/x86_64-linux-gnu/libstdc++.so.6
SHELL=/bin/bash
DISPLAY=:0.0

Signal Handlers:
SIGSEGV: [libjvm.so+0xaba070], sa_mask[0]=11111111011111111101111111111110, sa_flags=SA_RESTART|SA_SIGINFO
SIGBUS: [libjvm.so+0xaba070], sa_mask[0]=11111111011111111101111111111110, sa_flags=SA_RESTART|SA_SIGINFO
SIGFPE: [libjvm.so+0x917630], sa_mask[0]=11111111011111111101111111111110, sa_flags=SA_RESTART|SA_SIGINFO
SIGPIPE: [libjvm.so+0x917630], sa_mask[0]=11111111011111111101111111111110, sa_flags=SA_RESTART|SA_SIGINFO
SIGXFSZ: [libjvm.so+0x917630], sa_mask[0]=11111111011111111101111111111110, sa_flags=SA_RESTART|SA_SIGINFO
SIGILL: [libjvm.so+0x917630], sa_mask[0]=11111111011111111101111111111110, sa_flags=SA_RESTART|SA_SIGINFO
SIGUSR1: SIG_DFL, sa_mask[0]=00000000000000000000000000000000, sa_flags=none
SIGUSR2: [libjvm.so+0x918c60], sa_mask[0]=00100000000000000000000000000000, sa_flags=SA_RESTART|SA_SIGINFO
SIGHUP: [libjvm.so+0x91a060], sa_mask[0]=11111111011111111101111111111110, sa_flags=SA_RESTART|SA_SIGINFO
SIGINT: [libjvm.so+0x91a060], sa_mask[0]=11111111011111111101111111111110, sa_flags=SA_RESTART|SA_SIGINFO
SIGTERM: [libjvm.so+0x91a060], sa_mask[0]=11111111011111111101111111111110, sa_flags=SA_RESTART|SA_SIGINFO
SIGQUIT: [libjvm.so+0x91a060], sa_mask[0]=11111111011111111101111111111110, sa_flags=SA_RESTART|SA_SIGINFO


---------------  S Y S T E M  ---------------

OS:DISTRIB_ID=Ubuntu
DISTRIB_RELEASE=14.04
DISTRIB_CODENAME=trusty
DISTRIB_DESCRIPTION="Ubuntu 14.04.2 LTS"

uname:Linux 3.13.0-49-generic #83-Ubuntu SMP Fri Apr 10 20:11:33 UTC 2015 x86_64
libc:glibc 2.19 NPTL 2.19 
rlimit: STACK 8192k, CORE 0k, NPROC 127203, NOFILE 4096, AS infinity
load average:1.39 0.90 0.87

/proc/meminfo:
MemTotal:       16303688 kB
MemFree:          166128 kB
Buffers:            2144 kB
Cached:           259132 kB
SwapCached:            0 kB
Active:         15659360 kB
Inactive:         196048 kB
Active(anon):   15595428 kB
Inactive(anon):   131224 kB
Active(file):      63932 kB
Inactive(file):    64824 kB
Unevictable:          32 kB
Mlocked:              32 kB
SwapTotal:             0 kB
SwapFree:              0 kB
Dirty:               184 kB
Writeback:             0 kB
AnonPages:      15594188 kB
Mapped:           169748 kB
Shmem:            132560 kB
Slab:              77036 kB
SReclaimable:      33696 kB
SUnreclaim:        43340 kB
KernelStack:        9152 kB
PageTables:        68376 kB
NFS_Unstable:          0 kB
Bounce:                0 kB
WritebackTmp:          0 kB
CommitLimit:     8151844 kB
Committed_AS:   22189088 kB
VmallocTotal:   34359738367 kB
VmallocUsed:      373252 kB
VmallocChunk:   34359353432 kB
HardwareCorrupted:     0 kB
AnonHugePages:  12515328 kB
HugePages_Total:       0
HugePages_Free:        0
HugePages_Rsvd:        0
HugePages_Surp:        0
Hugepagesize:       2048 kB
DirectMap4k:       90956 kB
DirectMap2M:     3973120 kB
DirectMap1G:    12582912 kB


CPU:total 8 (4 cores per cpu, 2 threads per core) family 6 model 60 stepping 3, cmov, cx8, fxsr, mmx, sse, sse2, sse3, ssse3, sse4.1, sse4.2, popcnt, avx, avx2, aes, clmul, erms, lzcnt, ht, tsc, tscinvbit, bmi1, bmi2

/proc/cpuinfo:
processor	: 0
vendor_id	: GenuineIntel
cpu family	: 6
model		: 60
model name	: Intel(R) Core(TM) i7-4770K CPU @ 3.50GHz
stepping	: 3
microcode	: 0x12
cpu MHz		: 800.000
cache size	: 8192 KB
physical id	: 0
siblings	: 8
core id		: 0
cpu cores	: 4
apicid		: 0
initial apicid	: 0
fpu		: yes
fpu_exception	: yes
cpuid level	: 13
wp		: yes
flags		: fpu vme de pse tsc msr pae mce cx8 apic sep mtrr pge mca cmov pat pse36 clflush dts acpi mmx fxsr sse sse2 ss ht tm pbe syscall nx pdpe1gb rdtscp lm constant_tsc arch_perfmon pebs bts rep_good nopl xtopology nonstop_tsc aperfmperf eagerfpu pni pclmulqdq dtes64 monitor ds_cpl vmx est tm2 ssse3 fma cx16 xtpr pdcm pcid sse4_1 sse4_2 movbe popcnt tsc_deadline_timer aes xsave avx f16c rdrand lahf_lm abm ida arat epb xsaveopt pln pts dtherm tpr_shadow vnmi flexpriority ept vpid fsgsbase tsc_adjust bmi1 avx2 smep bmi2 erms invpcid
bogomips	: 6996.20
clflush size	: 64
cache_alignment	: 64
address sizes	: 39 bits physical, 48 bits virtual
power management:

processor	: 1
vendor_id	: GenuineIntel
cpu family	: 6
model		: 60
model name	: Intel(R) Core(TM) i7-4770K CPU @ 3.50GHz
stepping	: 3
microcode	: 0x12
cpu MHz		: 800.000
cache size	: 8192 KB
physical id	: 0
siblings	: 8
core id		: 1
cpu cores	: 4
apicid		: 2
initial apicid	: 2
fpu		: yes
fpu_exception	: yes
cpuid level	: 13
wp		: yes
flags		: fpu vme de pse tsc msr pae mce cx8 apic sep mtrr pge mca cmov pat pse36 clflush dts acpi mmx fxsr sse sse2 ss ht tm pbe syscall nx pdpe1gb rdtscp lm constant_tsc arch_perfmon pebs bts rep_good nopl xtopology nonstop_tsc aperfmperf eagerfpu pni pclmulqdq dtes64 monitor ds_cpl vmx est tm2 ssse3 fma cx16 xtpr pdcm pcid sse4_1 sse4_2 movbe popcnt tsc_deadline_timer aes xsave avx f16c rdrand lahf_lm abm ida arat epb xsaveopt pln pts dtherm tpr_shadow vnmi flexpriority ept vpid fsgsbase tsc_adjust bmi1 avx2 smep bmi2 erms invpcid
bogomips	: 6996.20
clflush size	: 64
cache_alignment	: 64
address sizes	: 39 bits physical, 48 bits virtual
power management:

processor	: 2
vendor_id	: GenuineIntel
cpu family	: 6
model		: 60
model name	: Intel(R) Core(TM) i7-4770K CPU @ 3.50GHz
stepping	: 3
microcode	: 0x12
cpu MHz		: 800.000
cache size	: 8192 KB
physical id	: 0
siblings	: 8
core id		: 2
cpu cores	: 4
apicid		: 4
initial apicid	: 4
fpu		: yes
fpu_exception	: yes
cpuid level	: 13
wp		: yes
flags		: fpu vme de pse tsc msr pae mce cx8 apic sep mtrr pge mca cmov pat pse36 clflush dts acpi mmx fxsr sse sse2 ss ht tm pbe syscall nx pdpe1gb rdtscp lm constant_tsc arch_perfmon pebs bts rep_good nopl xtopology nonstop_tsc aperfmperf eagerfpu pni pclmulqdq dtes64 monitor ds_cpl vmx est tm2 ssse3 fma cx16 xtpr pdcm pcid sse4_1 sse4_2 movbe popcnt tsc_deadline_timer aes xsave avx f16c rdrand lahf_lm abm ida arat epb xsaveopt pln pts dtherm tpr_shadow vnmi flexpriority ept vpid fsgsbase tsc_adjust bmi1 avx2 smep bmi2 erms invpcid
bogomips	: 6996.20
clflush size	: 64
cache_alignment	: 64
address sizes	: 39 bits physical, 48 bits virtual
power management:

processor	: 3
vendor_id	: GenuineIntel
cpu family	: 6
model		: 60
model name	: Intel(R) Core(TM) i7-4770K CPU @ 3.50GHz
stepping	: 3
microcode	: 0x12
cpu MHz		: 1000.000
cache size	: 8192 KB
physical id	: 0
siblings	: 8
core id		: 3
cpu cores	: 4
apicid		: 6
initial apicid	: 6
fpu		: yes
fpu_exception	: yes
cpuid level	: 13
wp		: yes
flags		: fpu vme de pse tsc msr pae mce cx8 apic sep mtrr pge mca cmov pat pse36 clflush dts acpi mmx fxsr sse sse2 ss ht tm pbe syscall nx pdpe1gb rdtscp lm constant_tsc arch_perfmon pebs bts rep_good nopl xtopology nonstop_tsc aperfmperf eagerfpu pni pclmulqdq dtes64 monitor ds_cpl vmx est tm2 ssse3 fma cx16 xtpr pdcm pcid sse4_1 sse4_2 movbe popcnt tsc_deadline_timer aes xsave avx f16c rdrand lahf_lm abm ida arat epb xsaveopt pln pts dtherm tpr_shadow vnmi flexpriority ept vpid fsgsbase tsc_adjust bmi1 avx2 smep bmi2 erms invpcid
bogomips	: 6996.20
clflush size	: 64
cache_alignment	: 64
address sizes	: 39 bits physical, 48 bits virtual
power management:

processor	: 4
vendor_id	: GenuineIntel
cpu family	: 6
model		: 60
model name	: Intel(R) Core(TM) i7-4770K CPU @ 3.50GHz
stepping	: 3
microcode	: 0x12
cpu MHz		: 800.000
cache size	: 8192 KB
physical id	: 0
siblings	: 8
core id		: 0
cpu cores	: 4
apicid		: 1
initial apicid	: 1
fpu		: yes
fpu_exception	: yes
cpuid level	: 13
wp		: yes
flags		: fpu vme de pse tsc msr pae mce cx8 apic sep mtrr pge mca cmov pat pse36 clflush dts acpi mmx fxsr sse sse2 ss ht tm pbe syscall nx pdpe1gb rdtscp lm constant_tsc arch_perfmon pebs bts rep_good nopl xtopology nonstop_tsc aperfmperf eagerfpu pni pclmulqdq dtes64 monitor ds_cpl vmx est tm2 ssse3 fma cx16 xtpr pdcm pcid sse4_1 sse4_2 movbe popcnt tsc_deadline_timer aes xsave avx f16c rdrand lahf_lm abm ida arat epb xsaveopt pln pts dtherm tpr_shadow vnmi flexpriority ept vpid fsgsbase tsc_adjust bmi1 avx2 smep bmi2 erms invpcid
bogomips	: 6996.20
clflush size	: 64
cache_alignment	: 64
address sizes	: 39 bits physical, 48 bits virtual
power management:

processor	: 5
vendor_id	: GenuineIntel
cpu family	: 6
model		: 60
model name	: Intel(R) Core(TM) i7-4770K CPU @ 3.50GHz
stepping	: 3
microcode	: 0x12
cpu MHz		: 800.000
cache size	: 8192 KB
physical id	: 0
siblings	: 8
core id		: 1
cpu cores	: 4
apicid		: 3
initial apicid	: 3
fpu		: yes
fpu_exception	: yes
cpuid level	: 13
wp		: yes
flags		: fpu vme de pse tsc msr pae mce cx8 apic sep mtrr pge mca cmov pat pse36 clflush dts acpi mmx fxsr sse sse2 ss ht tm pbe syscall nx pdpe1gb rdtscp lm constant_tsc arch_perfmon pebs bts rep_good nopl xtopology nonstop_tsc aperfmperf eagerfpu pni pclmulqdq dtes64 monitor ds_cpl vmx est tm2 ssse3 fma cx16 xtpr pdcm pcid sse4_1 sse4_2 movbe popcnt tsc_deadline_timer aes xsave avx f16c rdrand lahf_lm abm ida arat epb xsaveopt pln pts dtherm tpr_shadow vnmi flexpriority ept vpid fsgsbase tsc_adjust bmi1 avx2 smep bmi2 erms invpcid
bogomips	: 6996.20
clflush size	: 64
cache_alignment	: 64
address sizes	: 39 bits physical, 48 bits virtual
power management:

processor	: 6
vendor_id	: GenuineIntel
cpu family	: 6
model		: 60
model name	: Intel(R) Core(TM) i7-4770K CPU @ 3.50GHz
stepping	: 3
microcode	: 0x12
cpu MHz		: 3501.000
cache size	: 8192 KB
physical id	: 0
siblings	: 8
core id		: 2
cpu cores	: 4
apicid		: 5
initial apicid	: 5
fpu		: yes
fpu_exception	: yes
cpuid level	: 13
wp		: yes
flags		: fpu vme de pse tsc msr pae mce cx8 apic sep mtrr pge mca cmov pat pse36 clflush dts acpi mmx fxsr sse sse2 ss ht tm pbe syscall nx pdpe1gb rdtscp lm constant_tsc arch_perfmon pebs bts rep_good nopl xtopology nonstop_tsc aperfmperf eagerfpu pni pclmulqdq dtes64 monitor ds_cpl vmx est tm2 ssse3 fma cx16 xtpr pdcm pcid sse4_1 sse4_2 movbe popcnt tsc_deadline_timer aes xsave avx f16c rdrand lahf_lm abm ida arat epb xsaveopt pln pts dtherm tpr_shadow vnmi flexpriority ept vpid fsgsbase tsc_adjust bmi1 avx2 smep bmi2 erms invpcid
bogomips	: 6996.20
clflush size	: 64
cache_alignment	: 64
address sizes	: 39 bits physical, 48 bits virtual
power management:

processor	: 7
vendor_id	: GenuineIntel
cpu family	: 6
model		: 60
model name	: Intel(R) Core(TM) i7-4770K CPU @ 3.50GHz
stepping	: 3
microcode	: 0x12
cpu MHz		: 3501.000
cache size	: 8192 KB
physical id	: 0
siblings	: 8
core id		: 3
cpu cores	: 4
apicid		: 7
initial apicid	: 7
fpu		: yes
fpu_exception	: yes
cpuid level	: 13
wp		: yes
flags		: fpu vme de pse tsc msr pae mce cx8 apic sep mtrr pge mca cmov pat pse36 clflush dts acpi mmx fxsr sse sse2 ss ht tm pbe syscall nx pdpe1gb rdtscp lm constant_tsc arch_perfmon pebs bts rep_good nopl xtopology nonstop_tsc aperfmperf eagerfpu pni pclmulqdq dtes64 monitor ds_cpl vmx est tm2 ssse3 fma cx16 xtpr pdcm pcid sse4_1 sse4_2 movbe popcnt tsc_deadline_timer aes xsave avx f16c rdrand lahf_lm abm ida arat epb xsaveopt pln pts dtherm tpr_shadow vnmi flexpriority ept vpid fsgsbase tsc_adjust bmi1 avx2 smep bmi2 erms invpcid
bogomips	: 6996.20
clflush size	: 64
cache_alignment	: 64
address sizes	: 39 bits physical, 48 bits virtual
power management:



Memory: 4k page, physical 16303688k(166128k free), swap 0k(0k free)

vm_info: Java HotSpot(TM) 64-Bit Server VM (25.60-b23) for linux-amd64 JRE (1.8.0_60-b27), built on Aug  4 2015 12:19:40 by "java_re" with gcc 4.3.0 20080428 (Red Hat 4.3.0-8)

time: Fri Nov 20 16:20:28 2015
elapsed time: 13 seconds (0d 0h 0m 13s)

