#
# There is insufficient memory for the Java Runtime Environment to continue.
# Native memory allocation (mmap) failed to map 700448768 bytes for committing reserved memory.
# Possible reasons:
#   The system is out of physical RAM or swap space
#   In 32 bit mode, the process size limit was hit
# Possible solutions:
#   Reduce memory load on the system
#   Increase physical memory or swap space
#   Check if swap backing store is full
#   Use 64 bit Java on a 64 bit OS
#   Decrease Java heap size (-Xmx/-Xms)
#   Decrease number of Java threads
#   Decrease Java thread stack sizes (-Xss)
#   Set larger code cache with -XX:ReservedCodeCacheSize=
# This output file may be truncated or incomplete.
#
#  Out of Memory Error (os_linux.cpp:2627), pid=30028, tid=139914668037888
#
# JRE version: Java(TM) SE Runtime Environment (8.0_60-b27) (build 1.8.0_60-b27)
# Java VM: Java HotSpot(TM) 64-Bit Server VM (25.60-b23 mixed mode linux-amd64 compressed oops)
# Failed to write core dump. Core dumps have been disabled. To enable core dumping, try "ulimit -c unlimited" before starting Java again
#

---------------  T H R E A D  ---------------

Current thread (0x00007f4080081800):  VMThread [stack: 0x00007f406c065000,0x00007f406c166000] [id=30047]

Stack: [0x00007f406c065000,0x00007f406c166000],  sp=0x00007f406c164120,  free space=1020k
Native frames: (J=compiled Java code, j=interpreted, Vv=VM code, C=native code)
V  [libjvm.so+0xab97ea]  VMError::report_and_die()+0x2ba
V  [libjvm.so+0x4f9dab]  report_vm_out_of_memory(char const*, int, unsigned long, VMErrorType, char const*)+0x8b
V  [libjvm.so+0x91a7c3]  os::Linux::commit_memory_impl(char*, unsigned long, bool)+0x103
V  [libjvm.so+0x91ad19]  os::pd_commit_memory(char*, unsigned long, unsigned long, bool)+0x29
V  [libjvm.so+0x91502a]  os::commit_memory(char*, unsigned long, unsigned long, bool)+0x2a
V  [libjvm.so+0x9886d3]  PSVirtualSpace::expand_by(unsigned long)+0x53
V  [libjvm.so+0x978fc0]  PSOldGen::expand(unsigned long)+0x170
V  [libjvm.so+0x9791cb]  PSOldGen::resize(unsigned long)+0x1cb
V  [libjvm.so+0x980ea1]  PSParallelCompact::invoke_no_policy(bool)+0x991
V  [libjvm.so+0x9867fd]  PSScavenge::invoke()+0x1ad
V  [libjvm.so+0x93e430]  ParallelScavengeHeap::failed_mem_allocate(unsigned long)+0x70
V  [libjvm.so+0xabb207]  VM_ParallelGCFailedAllocation::doit()+0x97
V  [libjvm.so+0xac2c35]  VM_Operation::evaluate()+0x55
V  [libjvm.so+0xac100a]  VMThread::evaluate_operation(VM_Operation*)+0xba
V  [libjvm.so+0xac138e]  VMThread::loop()+0x1ce
V  [libjvm.so+0xac1800]  VMThread::run()+0x70
V  [libjvm.so+0x91cb88]  java_start(Thread*)+0x108

VM_Operation (0x00007f4086de5b70): ParallelGCFailedAllocation, mode: safepoint, requested by thread 0x00007f408000b800


---------------  P R O C E S S  ---------------

Java Threads: ( => current thread )
  0x00007f408029b800 JavaThread "process reaper" daemon [_thread_blocked, id=30071, stack(0x00007f4064eef000,0x00007f4064f28000)]
  0x00007f4080257800 JavaThread "Java2D Disposer" daemon [_thread_blocked, id=30068, stack(0x00007f406527b000,0x00007f406537c000)]
  0x00007f40801ce800 JavaThread "Monitor Ctrl-Break" daemon [_thread_in_native, id=30067, stack(0x00007f4066c83000,0x00007f4066d84000)]
  0x00007f40800ce800 JavaThread "Service Thread" daemon [_thread_blocked, id=30065, stack(0x00007f406710a000,0x00007f406720b000)]
  0x00007f40800c9000 JavaThread "C1 CompilerThread3" daemon [_thread_blocked, id=30064, stack(0x00007f406720b000,0x00007f406730c000)]
  0x00007f40800c7000 JavaThread "C2 CompilerThread2" daemon [_thread_blocked, id=30063, stack(0x00007f406730c000,0x00007f406740d000)]
  0x00007f40800c5000 JavaThread "C2 CompilerThread1" daemon [_thread_blocked, id=30062, stack(0x00007f406740d000,0x00007f406750e000)]
  0x00007f40800c2800 JavaThread "C2 CompilerThread0" daemon [_thread_blocked, id=30061, stack(0x00007f406750e000,0x00007f406760f000)]
  0x00007f40800c1000 JavaThread "Signal Dispatcher" daemon [_thread_blocked, id=30059, stack(0x00007f406760f000,0x00007f4067710000)]
  0x00007f4080089000 JavaThread "Finalizer" daemon [_thread_blocked, id=30049, stack(0x00007f4067dfe000,0x00007f4067eff000)]
  0x00007f4080086800 JavaThread "Reference Handler" daemon [_thread_blocked, id=30048, stack(0x00007f4067eff000,0x00007f4068000000)]
  0x00007f408000b800 JavaThread "main" [_thread_blocked, id=30030, stack(0x00007f4086ce7000,0x00007f4086de8000)]

Other Threads:
=>0x00007f4080081800 VMThread [stack: 0x00007f406c065000,0x00007f406c166000] [id=30047]
  0x00007f40800d1800 WatcherThread [stack: 0x00007f4067009000,0x00007f406710a000] [id=30066]

VM state:at safepoint (normal execution)

VM Mutex/Monitor currently owned by a thread:  ([mutex/lock_event])
[0x00007f4080007510] ExpandHeap_lock - owner thread: 0x00007f4080081800
[0x00007f4080007b90] Threads_lock - owner thread: 0x00007f4080081800
[0x00007f4080008090] Heap_lock - owner thread: 0x00007f408000b800

Heap:
 PSYoungGen      total 931840K, used 0K [0x000000076ab00000, 0x00000007c0000000, 0x00000007c0000000)
  eden space 465920K, 0% used [0x000000076ab00000,0x000000076ab00000,0x0000000787200000)
  from space 465920K, 0% used [0x00000007a3900000,0x00000007a3900000,0x00000007c0000000)
  to   space 465920K, 9% used [0x0000000787200000,0x0000000789b3c270,0x00000007a3900000)
 ParOldGen       total 1426432K, used 1426127K [0x00000006c0000000, 0x0000000717100000, 0x000000076ab00000)
  object space 1426432K, 99% used [0x00000006c0000000,0x00000007170b3c08,0x0000000717100000)
 Metaspace       used 7814K, capacity 7976K, committed 8192K, reserved 1056768K
  class space    used 861K, capacity 932K, committed 1024K, reserved 1048576K

Card table byte_map: [0x00007f406fbf2000,0x00007f40703f3000] byte_map_base: 0x00007f406c5f2000

Marking Bits: (ParMarkBitMap*) 0x00007f40859b1de0
 Begin Bits: [0x00007f4044000000, 0x00007f4048000000)
 End Bits:   [0x00007f4048000000, 0x00007f404c000000)

Polling page: 0x00007f4086e19000

CodeCache: size=245760Kb used=3575Kb max_used=3586Kb free=242184Kb
 bounds [0x00007f40707b3000, 0x00007f4070b43000, 0x00007f407f7b3000]
 total_blobs=1142 nmethods=765 adapters=291
 compilation: enabled

Compilation events (10 events):
Event: 15.592 Thread 0x00007f40800c9000  761       3       javax.imageio.stream.FileCacheImageInputStream::read (128 bytes)
Event: 15.593 Thread 0x00007f40800c9000 nmethod 761 0x00007f4070b32510 code [0x00007f4070b32740, 0x00007f4070b33188]
Event: 15.593 Thread 0x00007f40800c9000  762       3       java.io.RandomAccessFile::readFully (45 bytes)
Event: 15.593 Thread 0x00007f40800c9000 nmethod 762 0x00007f4070b2aad0 code [0x00007f4070b2ac60, 0x00007f4070b2aff8]
Event: 20.004 Thread 0x00007f40800c5000  763       4       Utils.Util::CalculateImageDifference (130 bytes)
Event: 21.306 Thread 0x00007f40800c5000 nmethod 763 0x00007f4070b263d0 code [0x00007f4070b26520, 0x00007f4070b26958]
Event: 23.962 Thread 0x00007f40800c2800  764       4       Utils.Util::MeanChannelImage (91 bytes)
Event: 23.967 Thread 0x00007f40800c2800 nmethod 764 0x00007f4070b34fd0 code [0x00007f4070b35160, 0x00007f4070b35498]
Event: 24.128 Thread 0x00007f40800c7000  765       4       java.util.AbstractList$Itr::<init> (6 bytes)
Event: 24.129 Thread 0x00007f40800c7000 nmethod 765 0x00007f4070b25650 code [0x00007f4070b257a0, 0x00007f4070b25838]

GC Heap History (10 events):
Event: 18.214 GC heap after
Heap after GC invocations=24 (full 6):
 PSYoungGen      total 931840K, used 172511K [0x000000076ab00000, 0x00000007c0000000, 0x00000007c0000000)
  eden space 465920K, 0% used [0x000000076ab00000,0x000000076ab00000,0x0000000787200000)
  from space 465920K, 37% used [0x00000007a3900000,0x00000007ae177d00,0x00000007c0000000)
  to   space 465920K, 0% used [0x0000000787200000,0x0000000787200000,0x00000007a3900000)
 ParOldGen       total 1809408K, used 1672567K [0x00000006c0000000, 0x000000072e700000, 0x000000076ab00000)
  object space 1809408K, 92% used [0x00000006c0000000,0x000000072615dd08,0x000000072e700000)
 Metaspace       used 7813K, capacity 7976K, committed 8192K, reserved 1056768K
  class space    used 861K, capacity 932K, committed 1024K, reserved 1048576K
}
Event: 18.214 GC heap before
{Heap before GC invocations=25 (full 7):
 PSYoungGen      total 931840K, used 172511K [0x000000076ab00000, 0x00000007c0000000, 0x00000007c0000000)
  eden space 465920K, 0% used [0x000000076ab00000,0x000000076ab00000,0x0000000787200000)
  from space 465920K, 37% used [0x00000007a3900000,0x00000007ae177d00,0x00000007c0000000)
  to   space 465920K, 0% used [0x0000000787200000,0x0000000787200000,0x00000007a3900000)
 ParOldGen       total 1809408K, used 1672567K [0x00000006c0000000, 0x000000072e700000, 0x000000076ab00000)
  object space 1809408K, 92% used [0x00000006c0000000,0x000000072615dd08,0x000000072e700000)
 Metaspace       used 7813K, capacity 7976K, committed 8192K, reserved 1056768K
  class space    used 861K, capacity 932K, committed 1024K, reserved 1048576K
Event: 19.735 GC heap after
Heap after GC invocations=25 (full 7):
 PSYoungGen      total 931840K, used 0K [0x000000076ab00000, 0x00000007c0000000, 0x00000007c0000000)
  eden space 465920K, 0% used [0x000000076ab00000,0x000000076ab00000,0x0000000787200000)
  from space 465920K, 0% used [0x00000007a3900000,0x00000007a3900000,0x00000007c0000000)
  to   space 465920K, 0% used [0x0000000787200000,0x0000000787200000,0x00000007a3900000)
 ParOldGen       total 1412608K, used 770317K [0x00000006c0000000, 0x0000000716380000, 0x000000076ab00000)
  object space 1412608K, 54% used [0x00000006c0000000,0x00000006ef0436a8,0x0000000716380000)
 Metaspace       used 7813K, capacity 7976K, committed 8192K, reserved 1056768K
  class space    used 861K, capacity 932K, committed 1024K, reserved 1048576K
}
Event: 20.606 GC heap before
{Heap before GC invocations=26 (full 7):
 PSYoungGen      total 931840K, used 465920K [0x000000076ab00000, 0x00000007c0000000, 0x00000007c0000000)
  eden space 465920K, 100% used [0x000000076ab00000,0x0000000787200000,0x0000000787200000)
  from space 465920K, 0% used [0x00000007a3900000,0x00000007a3900000,0x00000007c0000000)
  to   space 465920K, 0% used [0x0000000787200000,0x0000000787200000,0x00000007a3900000)
 ParOldGen       total 1412608K, used 770317K [0x00000006c0000000, 0x0000000716380000, 0x000000076ab00000)
  object space 1412608K, 54% used [0x00000006c0000000,0x00000006ef0436a8,0x0000000716380000)
 Metaspace       used 7813K, capacity 7976K, committed 8192K, reserved 1056768K
  class space    used 861K, capacity 932K, committed 1024K, reserved 1048576K
Event: 20.713 GC heap after
Heap after GC invocations=26 (full 7):
 PSYoungGen      total 931840K, used 465043K [0x000000076ab00000, 0x00000007c0000000, 0x00000007c0000000)
  eden space 465920K, 0% used [0x000000076ab00000,0x000000076ab00000,0x0000000787200000)
  from space 465920K, 99% used [0x0000000787200000,0x00000007a3824d40,0x00000007a3900000)
  to   space 465920K, 0% used [0x00000007a3900000,0x00000007a3900000,0x00000007c0000000)
 ParOldGen       total 1412608K, used 770317K [0x00000006c0000000, 0x0000000716380000, 0x000000076ab00000)
  object space 1412608K, 54% used [0x00000006c0000000,0x00000006ef0436a8,0x0000000716380000)
 Metaspace       used 7813K, capacity 7976K, committed 8192K, reserved 1056768K
  class space    used 861K, capacity 932K, committed 1024K, reserved 1048576K
}
Event: 22.975 GC heap before
{Heap before GC invocations=27 (full 7):
 PSYoungGen      total 931840K, used 930963K [0x000000076ab00000, 0x00000007c0000000, 0x00000007c0000000)
  eden space 465920K, 100% used [0x000000076ab00000,0x0000000787200000,0x0000000787200000)
  from space 465920K, 99% used [0x0000000787200000,0x00000007a3824d40,0x00000007a3900000)
  to   space 465920K, 0% used [0x00000007a3900000,0x00000007a3900000,0x00000007c0000000)
 ParOldGen       total 1412608K, used 770317K [0x00000006c0000000, 0x0000000716380000, 0x000000076ab00000)
  object space 1412608K, 54% used [0x00000006c0000000,0x00000006ef0436a8,0x0000000716380000)
 Metaspace       used 7813K, capacity 7976K, committed 8192K, reserved 1056768K
  class space    used 861K, capacity 932K, committed 1024K, reserved 1048576K
Event: 23.118 GC heap after
Heap after GC invocations=27 (full 7):
 PSYoungGen      total 931840K, used 465264K [0x000000076ab00000, 0x00000007c0000000, 0x00000007c0000000)
  eden space 465920K, 0% used [0x000000076ab00000,0x000000076ab00000,0x0000000787200000)
  from space 465920K, 99% used [0x00000007a3900000,0x00000007bff5c110,0x00000007c0000000)
  to   space 465920K, 0% used [0x0000000787200000,0x0000000787200000,0x00000007a3900000)
 ParOldGen       total 1412608K, used 987505K [0x00000006c0000000, 0x0000000716380000, 0x000000076ab00000)
  object space 1412608K, 69% used [0x00000006c0000000,0x00000006fc45c598,0x0000000716380000)
 Metaspace       used 7813K, capacity 7976K, committed 8192K, reserved 1056768K
  class space    used 861K, capacity 932K, committed 1024K, reserved 1048576K
}
Event: 24.323 GC heap before
{Heap before GC invocations=28 (full 7):
 PSYoungGen      total 931840K, used 931184K [0x000000076ab00000, 0x00000007c0000000, 0x00000007c0000000)
  eden space 465920K, 100% used [0x000000076ab00000,0x0000000787200000,0x0000000787200000)
  from space 465920K, 99% used [0x00000007a3900000,0x00000007bff5c110,0x00000007c0000000)
  to   space 465920K, 0% used [0x0000000787200000,0x0000000787200000,0x00000007a3900000)
 ParOldGen       total 1412608K, used 987505K [0x00000006c0000000, 0x0000000716380000, 0x000000076ab00000)
  object space 1412608K, 69% used [0x00000006c0000000,0x00000006fc45c598,0x0000000716380000)
 Metaspace       used 7814K, capacity 7976K, committed 8192K, reserved 1056768K
  class space    used 861K, capacity 932K, committed 1024K, reserved 1048576K
Event: 24.586 GC heap after
Heap after GC invocations=28 (full 7):
 PSYoungGen      total 931840K, used 931184K [0x000000076ab00000, 0x00000007c0000000, 0x00000007c0000000)
  eden space 465920K, 100% used [0x000000076ab00000,0x0000000787200000,0x0000000787200000)
  from space 465920K, 99% used [0x00000007a3900000,0x00000007bff5c110,0x00000007c0000000)
  to   space 465920K, 29% used [0x0000000787200000,0x000000078fa40720,0x00000007a3900000)
 ParOldGen       total 1426432K, used 1423138K [0x00000006c0000000, 0x0000000717100000, 0x000000076ab00000)
  object space 1426432K, 99% used [0x00000006c0000000,0x0000000716dc8b38,0x0000000717100000)
 Metaspace       used 7814K, capacity 7976K, committed 8192K, reserved 1056768K
  class space    used 861K, capacity 932K, committed 1024K, reserved 1048576K
}
Event: 24.587 GC heap before
{Heap before GC invocations=29 (full 8):
 PSYoungGen      total 931840K, used 931184K [0x000000076ab00000, 0x00000007c0000000, 0x00000007c0000000)
  eden space 465920K, 100% used [0x000000076ab00000,0x0000000787200000,0x0000000787200000)
  from space 465920K, 99% used [0x00000007a3900000,0x00000007bff5c110,0x00000007c0000000)
  to   space 465920K, 29% used [0x0000000787200000,0x000000078fa40720,0x00000007a3900000)
 ParOldGen       total 1426432K, used 1423138K [0x00000006c0000000, 0x0000000717100000, 0x000000076ab00000)
  object space 1426432K, 99% used [0x00000006c0000000,0x0000000716dc8b38,0x0000000717100000)
 Metaspace       used 7814K, capacity 7976K, committed 8192K, reserved 1056768K
  class space    used 861K, capacity 932K, committed 1024K, reserved 1048576K

Deoptimization events (10 events):
Event: 2.636 Thread 0x00007f408000b800 Uncommon trap: reason=unstable_if action=reinterpret pc=0x00007f4070a4ccb4 method=pkg01_DoubleQuantization.DQDetector.DetectDQDiscontinuities()V @ 1459
Event: 3.301 Thread 0x00007f408000b800 Uncommon trap: reason=unstable_if action=reinterpret pc=0x00007f4070a877d4 method=Utils.Util.VisualizeWithJet([[D)Ljava/awt/image/BufferedImage; @ 30
Event: 6.940 Thread 0x00007f408000b800 Uncommon trap: reason=unstable_if action=reinterpret pc=0x00007f4070afd020 method=Utils.Util.GetRGBArray(Ljava/awt/image/BufferedImage;)[[[I @ 25
Event: 6.949 Thread 0x00007f408000b800 Uncommon trap: reason=unstable_if action=reinterpret pc=0x00007f4070ad6464 method=sun.awt.image.ByteInterleavedRaster.setDataElements(IIIIIILjava/awt/image/Raster;)V @ 54
Event: 6.949 Thread 0x00007f408000b800 Uncommon trap: reason=unstable_if action=reinterpret pc=0x00007f4070952698 method=sun.awt.image.ByteInterleavedRaster.putByteData(IIII[B)V @ 79
Event: 10.647 Thread 0x00007f408000b800 Uncommon trap: reason=unstable_if action=reinterpret pc=0x00007f4070b0b528 method=Utils.Util.CalculateImageDifference([[[I[[[I)[[[D @ 41
Event: 14.083 Thread 0x00007f408000b800 Uncommon trap: reason=class_check action=maybe_recompile pc=0x00007f4070a4b108 method=java.util.Collections.min(Ljava/util/Collection;)Ljava/lang/Object; @ 1
Event: 14.084 Thread 0x00007f408000b800 Uncommon trap: reason=class_check action=maybe_recompile pc=0x00007f4070a4b108 method=java.util.Collections.min(Ljava/util/Collection;)Ljava/lang/Object; @ 1
Event: 14.085 Thread 0x00007f408000b800 Uncommon trap: reason=class_check action=maybe_recompile pc=0x00007f4070a4b108 method=java.util.Collections.min(Ljava/util/Collection;)Ljava/lang/Object; @ 1
Event: 14.085 Thread 0x00007f408000b800 Uncommon trap: reason=class_check action=maybe_recompile pc=0x00007f4070a4b108 method=java.util.Collections.min(Ljava/util/Collection;)Ljava/lang/Object; @ 1

Internal exceptions (10 events):
Event: 0.108 Thread 0x00007f408000b800 Exception <a 'java/lang/NoSuchMethodError': Method sun.misc.Unsafe.defineClass(Ljava/lang/String;[BII)Ljava/lang/Class; name or signature does not match> (0x000000076ab12b98) thrown at [/HUDSON/workspace/8-2-build-linux-amd64/jdk8u60/4407/hotspot/src/shar
Event: 0.108 Thread 0x00007f408000b800 Exception <a 'java/lang/NoSuchMethodError': Method sun.misc.Unsafe.prefetchRead(Ljava/lang/Object;J)V name or signature does not match> (0x000000076ab12e80) thrown at [/HUDSON/workspace/8-2-build-linux-amd64/jdk8u60/4407/hotspot/src/share/vm/prims/jni.cpp
Event: 0.321 Thread 0x00007f408000b800 Exception <a 'java/security/PrivilegedActionException'> (0x000000076b815758) thrown at [/HUDSON/workspace/8-2-build-linux-amd64/jdk8u60/4407/hotspot/src/share/vm/prims/jvm.cpp, line 1386]
Event: 0.321 Thread 0x00007f408000b800 Exception <a 'java/security/PrivilegedActionException'> (0x000000076b815b50) thrown at [/HUDSON/workspace/8-2-build-linux-amd64/jdk8u60/4407/hotspot/src/share/vm/prims/jvm.cpp, line 1386]
Event: 0.322 Thread 0x00007f408000b800 Exception <a 'java/security/PrivilegedActionException'> (0x000000076b818cc0) thrown at [/HUDSON/workspace/8-2-build-linux-amd64/jdk8u60/4407/hotspot/src/share/vm/prims/jvm.cpp, line 1386]
Event: 0.322 Thread 0x00007f408000b800 Exception <a 'java/security/PrivilegedActionException'> (0x000000076b8190b8) thrown at [/HUDSON/workspace/8-2-build-linux-amd64/jdk8u60/4407/hotspot/src/share/vm/prims/jvm.cpp, line 1386]
Event: 0.392 Thread 0x00007f408000b800 Exception <a 'java/lang/NoSuchFieldError': method resolution failed> (0x000000076b8e54f0) thrown at [/HUDSON/workspace/8-2-build-linux-amd64/jdk8u60/4407/hotspot/src/share/vm/prims/methodHandles.cpp, line 1146]
Event: 0.408 Thread 0x00007f408000b800 Exception <a 'java/lang/NoSuchFieldError': method resolution failed> (0x000000076b8f2c40) thrown at [/HUDSON/workspace/8-2-build-linux-amd64/jdk8u60/4407/hotspot/src/share/vm/prims/methodHandles.cpp, line 1146]
Event: 0.504 Thread 0x00007f408000b800 Exception <a 'java/io/FileNotFoundException'> (0x000000076b974108) thrown at [/HUDSON/workspace/8-2-build-linux-amd64/jdk8u60/4407/hotspot/src/share/vm/prims/jni.cpp, line 709]
Event: 0.504 Thread 0x00007f408000b800 Exception <a 'java/io/FileNotFoundException'> (0x000000076b974bf0) thrown at [/HUDSON/workspace/8-2-build-linux-amd64/jdk8u60/4407/hotspot/src/share/vm/prims/jni.cpp, line 709]

Events (10 events):
Event: 20.172 Thread 0x00007f408000b800 DEOPT UNPACKING pc=0x00007f40707fa633 sp=0x00007f4086de5aa8 mode 0
Event: 20.606 Executing VM operation: ParallelGCFailedAllocation
Event: 20.713 Executing VM operation: ParallelGCFailedAllocation done
Event: 22.975 Executing VM operation: ParallelGCFailedAllocation
Event: 23.118 Executing VM operation: ParallelGCFailedAllocation done
Event: 23.962 Thread 0x00007f408000b800 DEOPT PACKING pc=0x00007f4070b1838f sp=0x00007f4086de5d70
Event: 23.962 Thread 0x00007f408000b800 DEOPT UNPACKING pc=0x00007f40707fa633 sp=0x00007f4086de5ac8 mode 0
Event: 24.088 loading class java/util/AbstractList$1
Event: 24.128 loading class java/util/AbstractList$1 done
Event: 24.322 Executing VM operation: ParallelGCFailedAllocation


Dynamic libraries:
00400000-00401000 r-xp 00000000 08:13 31472115                           /usr/lib/jvm/oracle-jdk-8u60-linux-x64/jdk1.8.0_60/bin/java
00600000-00601000 rw-p 00000000 08:13 31472115                           /usr/lib/jvm/oracle-jdk-8u60-linux-x64/jdk1.8.0_60/bin/java
01221000-01242000 rw-p 00000000 00:00 0                                  [heap]
6c0000000-717100000 rw-p 00000000 00:00 0 
740d00000-76ab00000 ---p 00000000 00:00 0 
76ab00000-7c0000000 rw-p 00000000 00:00 0 
7c0000000-7c0100000 rw-p 00000000 00:00 0 
7c0100000-800000000 ---p 00000000 00:00 0 
7f4000309000-7f4004000000 rw-p 00000000 00:00 0 
7f4004000000-7f4004021000 rw-p 00000000 00:00 0 
7f4004021000-7f4008000000 ---p 00000000 00:00 0 
7f400a184000-7f400c000000 rw-p 00000000 00:00 0 
7f400c000000-7f400c021000 rw-p 00000000 00:00 0 
7f400c021000-7f4010000000 ---p 00000000 00:00 0 
7f4010000000-7f4010021000 rw-p 00000000 00:00 0 
7f4010021000-7f4014000000 ---p 00000000 00:00 0 
7f4014000000-7f4014021000 rw-p 00000000 00:00 0 
7f4014021000-7f4018000000 ---p 00000000 00:00 0 
7f4018000000-7f4018021000 rw-p 00000000 00:00 0 
7f4018021000-7f401c000000 ---p 00000000 00:00 0 
7f401c000000-7f401c570000 rw-p 00000000 00:00 0 
7f401c570000-7f4020000000 ---p 00000000 00:00 0 
7f4020308000-7f4024000000 rw-p 00000000 00:00 0 
7f4024000000-7f40242a9000 rw-p 00000000 00:00 0 
7f40242a9000-7f4028000000 ---p 00000000 00:00 0 
7f4028000000-7f402841e000 rw-p 00000000 00:00 0 
7f402841e000-7f402c000000 ---p 00000000 00:00 0 
7f402c000000-7f402c021000 rw-p 00000000 00:00 0 
7f402c021000-7f4030000000 ---p 00000000 00:00 0 
7f4030000000-7f4030e6f000 rw-p 00000000 00:00 0 
7f4030e6f000-7f4034000000 ---p 00000000 00:00 0 
7f4034000000-7f4034021000 rw-p 00000000 00:00 0 
7f4034021000-7f4038000000 ---p 00000000 00:00 0 
7f4038000000-7f4038021000 rw-p 00000000 00:00 0 
7f4038021000-7f403c000000 ---p 00000000 00:00 0 
7f403c000000-7f403c021000 rw-p 00000000 00:00 0 
7f403c021000-7f4040000000 ---p 00000000 00:00 0 
7f4040000000-7f4040293000 rw-p 00000000 00:00 0 
7f4040293000-7f4044000000 ---p 00000000 00:00 0 
7f4044000000-7f404c000000 rw-p 00000000 00:00 0 
7f404c000000-7f404c021000 rw-p 00000000 00:00 0 
7f404c021000-7f4050000000 ---p 00000000 00:00 0 
7f4050000000-7f4050021000 rw-p 00000000 00:00 0 
7f4050021000-7f4054000000 ---p 00000000 00:00 0 
7f4054000000-7f4054021000 rw-p 00000000 00:00 0 
7f4054021000-7f4058000000 ---p 00000000 00:00 0 
7f4058000000-7f4058021000 rw-p 00000000 00:00 0 
7f4058021000-7f405c000000 ---p 00000000 00:00 0 
7f405c000000-7f405c021000 rw-p 00000000 00:00 0 
7f405c021000-7f4060000000 ---p 00000000 00:00 0 
7f4060000000-7f4060021000 rw-p 00000000 00:00 0 
7f4060021000-7f4064000000 ---p 00000000 00:00 0 
7f406489e000-7f406489f000 rw-p 00000000 00:00 0 
7f406489f000-7f40648b0000 r-xp 00000000 08:13 31472013                   /usr/lib/jvm/oracle-jdk-8u60-linux-x64/jdk1.8.0_60/jre/lib/amd64/libnio.so
7f40648b0000-7f4064aaf000 ---p 00011000 08:13 31472013                   /usr/lib/jvm/oracle-jdk-8u60-linux-x64/jdk1.8.0_60/jre/lib/amd64/libnio.so
7f4064aaf000-7f4064ab0000 rw-p 00010000 08:13 31472013                   /usr/lib/jvm/oracle-jdk-8u60-linux-x64/jdk1.8.0_60/jre/lib/amd64/libnio.so
7f4064ab0000-7f4064ab1000 rw-p 00000000 00:00 0 
7f4064ab1000-7f4064aea000 r-xp 00000000 08:13 31196338                   /usr/local/lib/libjpeg2.so.8.4.0
7f4064aea000-7f4064cea000 ---p 00039000 08:13 31196338                   /usr/local/lib/libjpeg2.so.8.4.0
7f4064cea000-7f4064ceb000 r--p 00039000 08:13 31196338                   /usr/local/lib/libjpeg2.so.8.4.0
7f4064ceb000-7f4064cec000 rw-p 0003a000 08:13 31196338                   /usr/local/lib/libjpeg2.so.8.4.0
7f4064cec000-7f4064ced000 r-xp 00000000 08:13 31199420                   /usr/local/lib/libExportDCT.so
7f4064ced000-7f4064eed000 ---p 00001000 08:13 31199420                   /usr/local/lib/libExportDCT.so
7f4064eed000-7f4064eee000 r--p 00001000 08:13 31199420                   /usr/local/lib/libExportDCT.so
7f4064eee000-7f4064eef000 rw-p 00002000 08:13 31199420                   /usr/local/lib/libExportDCT.so
7f4064eef000-7f4064ef2000 ---p 00000000 00:00 0 
7f4064ef2000-7f4064f28000 rw-p 00000000 00:00 0                          [stack:30071]
7f4064f28000-7f4064f3f000 r-xp 00000000 08:13 18088172                   /tmp/jna--899608046/jna365832245445869099.tmp (deleted)
7f4064f3f000-7f406503e000 ---p 00017000 08:13 18088172                   /tmp/jna--899608046/jna365832245445869099.tmp (deleted)
7f406503e000-7f4065040000 rw-p 00016000 08:13 18088172                   /tmp/jna--899608046/jna365832245445869099.tmp (deleted)
7f4065040000-7f406507a000 r-xp 00000000 08:13 31471979                   /usr/lib/jvm/oracle-jdk-8u60-linux-x64/jdk1.8.0_60/jre/lib/amd64/libjpeg.so
7f406507a000-7f406527a000 ---p 0003a000 08:13 31471979                   /usr/lib/jvm/oracle-jdk-8u60-linux-x64/jdk1.8.0_60/jre/lib/amd64/libjpeg.so
7f406527a000-7f406527b000 rw-p 0003a000 08:13 31471979                   /usr/lib/jvm/oracle-jdk-8u60-linux-x64/jdk1.8.0_60/jre/lib/amd64/libjpeg.so
7f406527b000-7f406527e000 ---p 00000000 00:00 0 
7f406527e000-7f406537c000 rw-p 00000000 00:00 0                          [stack:30068]
7f406537c000-7f4065381000 r-xp 00000000 08:13 30933992                   /usr/lib/x86_64-linux-gnu/libXdmcp.so.6.0.0
7f4065381000-7f4065580000 ---p 00005000 08:13 30933992                   /usr/lib/x86_64-linux-gnu/libXdmcp.so.6.0.0
7f4065580000-7f4065581000 r--p 00004000 08:13 30933992                   /usr/lib/x86_64-linux-gnu/libXdmcp.so.6.0.0
7f4065581000-7f4065582000 rw-p 00005000 08:13 30933992                   /usr/lib/x86_64-linux-gnu/libXdmcp.so.6.0.0
7f4065582000-7f4065584000 r-xp 00000000 08:13 30933267                   /usr/lib/x86_64-linux-gnu/libXau.so.6.0.0
7f4065584000-7f4065784000 ---p 00002000 08:13 30933267                   /usr/lib/x86_64-linux-gnu/libXau.so.6.0.0
7f4065784000-7f4065785000 r--p 00002000 08:13 30933267                   /usr/lib/x86_64-linux-gnu/libXau.so.6.0.0
7f4065785000-7f4065786000 rw-p 00003000 08:13 30933267                   /usr/lib/x86_64-linux-gnu/libXau.so.6.0.0
7f4065786000-7f40657a3000 r-xp 00000000 08:13 30938489                   /usr/lib/x86_64-linux-gnu/libxcb.so.1.1.0
7f40657a3000-7f40659a3000 ---p 0001d000 08:13 30938489                   /usr/lib/x86_64-linux-gnu/libxcb.so.1.1.0
7f40659a3000-7f40659a4000 r--p 0001d000 08:13 30938489                   /usr/lib/x86_64-linux-gnu/libxcb.so.1.1.0
7f40659a4000-7f40659a5000 rw-p 0001e000 08:13 30938489                   /usr/lib/x86_64-linux-gnu/libxcb.so.1.1.0
7f40659a5000-7f40659b4000 r-xp 00000000 08:13 30936015                   /usr/lib/x86_64-linux-gnu/libXi.so.6.1.0
7f40659b4000-7f4065bb3000 ---p 0000f000 08:13 30936015                   /usr/lib/x86_64-linux-gnu/libXi.so.6.1.0
7f4065bb3000-7f4065bb4000 r--p 0000e000 08:13 30936015                   /usr/lib/x86_64-linux-gnu/libXi.so.6.1.0
7f4065bb4000-7f4065bb5000 rw-p 0000f000 08:13 30936015                   /usr/lib/x86_64-linux-gnu/libXi.so.6.1.0
7f4065bb5000-7f4065bba000 r-xp 00000000 08:13 30936677                   /usr/lib/x86_64-linux-gnu/libXtst.so.6.1.0
7f4065bba000-7f4065db9000 ---p 00005000 08:13 30936677                   /usr/lib/x86_64-linux-gnu/libXtst.so.6.1.0
7f4065db9000-7f4065dba000 r--p 00004000 08:13 30936677                   /usr/lib/x86_64-linux-gnu/libXtst.so.6.1.0
7f4065dba000-7f4065dbb000 rw-p 00005000 08:13 30936677                   /usr/lib/x86_64-linux-gnu/libXtst.so.6.1.0
7f4065dbb000-7f4065dc4000 r-xp 00000000 08:13 30938493                   /usr/lib/x86_64-linux-gnu/libXrender.so.1.3.0
7f4065dc4000-7f4065fc3000 ---p 00009000 08:13 30938493                   /usr/lib/x86_64-linux-gnu/libXrender.so.1.3.0
7f4065fc3000-7f4065fc4000 r--p 00008000 08:13 30938493                   /usr/lib/x86_64-linux-gnu/libXrender.so.1.3.0
7f4065fc4000-7f4065fc5000 rw-p 00009000 08:13 30938493                   /usr/lib/x86_64-linux-gnu/libXrender.so.1.3.0
7f4065fc5000-7f40660f5000 r-xp 00000000 08:13 30934116                   /usr/lib/x86_64-linux-gnu/libX11.so.6.3.0
7f40660f5000-7f40662f5000 ---p 00130000 08:13 30934116                   /usr/lib/x86_64-linux-gnu/libX11.so.6.3.0
7f40662f5000-7f40662f6000 r--p 00130000 08:13 30934116                   /usr/lib/x86_64-linux-gnu/libX11.so.6.3.0
7f40662f6000-7f40662fa000 rw-p 00131000 08:13 30934116                   /usr/lib/x86_64-linux-gnu/libX11.so.6.3.0
7f40662fa000-7f406630b000 r-xp 00000000 08:13 30937501                   /usr/lib/x86_64-linux-gnu/libXext.so.6.4.0
7f406630b000-7f406650a000 ---p 00011000 08:13 30937501                   /usr/lib/x86_64-linux-gnu/libXext.so.6.4.0
7f406650a000-7f406650b000 r--p 00010000 08:13 30937501                   /usr/lib/x86_64-linux-gnu/libXext.so.6.4.0
7f406650b000-7f406650c000 rw-p 00011000 08:13 30937501                   /usr/lib/x86_64-linux-gnu/libXext.so.6.4.0
7f406650c000-7f4066560000 r-xp 00000000 08:13 31472000                   /usr/lib/jvm/oracle-jdk-8u60-linux-x64/jdk1.8.0_60/jre/lib/amd64/libawt_xawt.so
7f4066560000-7f4066760000 ---p 00054000 08:13 31472000                   /usr/lib/jvm/oracle-jdk-8u60-linux-x64/jdk1.8.0_60/jre/lib/amd64/libawt_xawt.so
7f4066760000-7f4066764000 rw-p 00054000 08:13 31472000                   /usr/lib/jvm/oracle-jdk-8u60-linux-x64/jdk1.8.0_60/jre/lib/amd64/libawt_xawt.so
7f4066764000-7f4066765000 rw-p 00000000 00:00 0 
7f4066765000-7f4066807000 r-xp 00000000 08:13 31472007                   /usr/lib/jvm/oracle-jdk-8u60-linux-x64/jdk1.8.0_60/jre/lib/amd64/libawt.so
7f4066807000-7f4066a07000 ---p 000a2000 08:13 31472007                   /usr/lib/jvm/oracle-jdk-8u60-linux-x64/jdk1.8.0_60/jre/lib/amd64/libawt.so
7f4066a07000-7f4066a13000 rw-p 000a2000 08:13 31472007                   /usr/lib/jvm/oracle-jdk-8u60-linux-x64/jdk1.8.0_60/jre/lib/amd64/libawt.so
7f4066a13000-7f4066a37000 rw-p 00000000 00:00 0 
7f4066a37000-7f4066a3b000 r--s 00095000 08:13 31472033                   /usr/lib/jvm/oracle-jdk-8u60-linux-x64/jdk1.8.0_60/jre/lib/jsse.jar
7f4066a3b000-7f4066a6c000 rw-p 00000000 00:00 0 
7f4066a6c000-7f4066a82000 r-xp 00000000 08:13 31471987                   /usr/lib/jvm/oracle-jdk-8u60-linux-x64/jdk1.8.0_60/jre/lib/amd64/libnet.so
7f4066a82000-7f4066c82000 ---p 00016000 08:13 31471987                   /usr/lib/jvm/oracle-jdk-8u60-linux-x64/jdk1.8.0_60/jre/lib/amd64/libnet.so
7f4066c82000-7f4066c83000 rw-p 00016000 08:13 31471987                   /usr/lib/jvm/oracle-jdk-8u60-linux-x64/jdk1.8.0_60/jre/lib/amd64/libnet.so
7f4066c83000-7f4066c86000 ---p 00000000 00:00 0 
7f4066c86000-7f4066d84000 rw-p 00000000 00:00 0                          [stack:30067]
7f4066d84000-7f4066d85000 r-xp 00000000 08:13 71671017                   /home/marzampoglou/IntelliJ_IDEA/idea-IU-141.1532.4/bin/libbreakgen64.so
7f4066d85000-7f4066f84000 ---p 00001000 08:13 71671017                   /home/marzampoglou/IntelliJ_IDEA/idea-IU-141.1532.4/bin/libbreakgen64.so
7f4066f84000-7f4066f85000 r--p 00000000 08:13 71671017                   /home/marzampoglou/IntelliJ_IDEA/idea-IU-141.1532.4/bin/libbreakgen64.so
7f4066f85000-7f4066f86000 rw-p 00001000 08:13 71671017                   /home/marzampoglou/IntelliJ_IDEA/idea-IU-141.1532.4/bin/libbreakgen64.so
7f4066f86000-7f4066f88000 r--s 00016000 08:13 71671111                   /home/marzampoglou/IntelliJ_IDEA/idea-IU-141.1532.4/lib/idea_rt.jar
7f4066f88000-7f4066f8a000 r--s 00005000 08:13 71709074                   /home/marzampoglou/.m2/repository/xpp3/xpp3_min/1.1.4c/xpp3_min-1.1.4c.jar
7f4066f8a000-7f4066f97000 r--s 0006a000 08:13 71709069                   /home/marzampoglou/.m2/repository/com/thoughtworks/xstream/xstream/1.4.4/xstream-1.4.4.jar
7f4066f97000-7f4066f9b000 r--s 0001f000 08:13 71964359                   /home/marzampoglou/.m2/repository/org/ddogleg/ddogleg/0.3/ddogleg-0.3.jar
7f4066f9b000-7f4066fa0000 r--s 0002d000 08:13 71964902                   /home/marzampoglou/.m2/repository/org/georegression/georegression/0.4/georegression-0.4.jar
7f4066fa0000-7f4066fa5000 r--s 00045000 08:13 71709058                   /home/marzampoglou/.m2/repository/com/googlecode/efficient-java-matrix-library/ejml/0.23/ejml-0.23.jar
7f4066fa5000-7f4066fc6000 r--s 001a4000 08:13 71964360                   /home/marzampoglou/.m2/repository/org/boofcv/boofcv/0.15/boofcv-0.15.jar
7f4066fc6000-7f4066fc9000 r--s 0003d000 08:13 71709135                   /home/marzampoglou/.m2/repository/javax/media/jai/com.springsource.javax.media.jai.codec/1.1.3/com.springsource.javax.media.jai.codec-1.1.3.jar
7f4066fc9000-7f4066fe5000 r--s 00144000 08:13 71707387                   /home/marzampoglou/.m2/repository/org/ojalgo/ojalgo/38.2/ojalgo-38.2.jar
7f4066fe5000-7f4067009000 r--s 001ce000 08:13 71707386                   /home/marzampoglou/.m2/repository/org/apache/commons/commons-math3/3.5/commons-math3-3.5.jar
7f4067009000-7f406700a000 ---p 00000000 00:00 0 
7f406700a000-7f406710a000 rw-p 00000000 00:00 0                          [stack:30066]
7f406710a000-7f406710d000 ---p 00000000 00:00 0 
7f406710d000-7f406720b000 rw-p 00000000 00:00 0                          [stack:30065]
7f406720b000-7f406720e000 ---p 00000000 00:00 0 
7f406720e000-7f406730c000 rw-p 00000000 00:00 0                          [stack:30064]
7f406730c000-7f406730f000 ---p 00000000 00:00 0 
7f406730f000-7f406740d000 rw-p 00000000 00:00 0                          [stack:30063]
7f406740d000-7f4067410000 ---p 00000000 00:00 0 
7f4067410000-7f406750e000 rw-p 00000000 00:00 0                          [stack:30062]
7f406750e000-7f4067511000 ---p 00000000 00:00 0 
7f4067511000-7f406760f000 rw-p 00000000 00:00 0                          [stack:30061]
7f406760f000-7f4067612000 ---p 00000000 00:00 0 
7f4067612000-7f4067710000 rw-p 00000000 00:00 0                          [stack:30059]
7f4067710000-7f4067dfe000 r--p 00000000 08:13 30934335                   /usr/lib/locale/locale-archive
7f4067dfe000-7f4067e01000 ---p 00000000 00:00 0 
7f4067e01000-7f4067eff000 rw-p 00000000 00:00 0                          [stack:30049]
7f4067eff000-7f4067f02000 ---p 00000000 00:00 0 
7f4067f02000-7f4068000000 rw-p 00000000 00:00 0                          [stack:30048]
7f4068000000-7f4068021000 rw-p 00000000 00:00 0 
7f4068021000-7f406c000000 ---p 00000000 00:00 0 
7f406c000000-7f406c001000 r--s 00001000 08:13 71709071                   /home/marzampoglou/.m2/repository/xmlpull/xmlpull/1.1.3.1/xmlpull-1.1.3.1.jar
7f406c001000-7f406c015000 r--s 001c0000 08:13 71709134                   /home/marzampoglou/.m2/repository/javax/media/jai/com.springsource.javax.media.jai.core/1.1.3/com.springsource.javax.media.jai.core-1.1.3.jar
7f406c015000-7f406c019000 r--s 00107000 08:13 71707148                   /home/marzampoglou/.m2/repository/net/java/dev/jna/jna/4.2.0/jna-4.2.0.jar
7f406c019000-7f406c020000 r--s 00064000 08:13 71707385                   /home/marzampoglou/.m2/repository/org/apache/commons/commons-lang3/3.4/commons-lang3-3.4.jar
7f406c020000-7f406c033000 r--s 00344000 08:13 31472057                   /usr/lib/jvm/oracle-jdk-8u60-linux-x64/jdk1.8.0_60/jre/lib/resources.jar
7f406c033000-7f406c037000 r--s 00095000 08:13 31472033                   /usr/lib/jvm/oracle-jdk-8u60-linux-x64/jdk1.8.0_60/jre/lib/jsse.jar
7f406c037000-7f406c04a000 r--s 000d5000 08:13 31471949                   /usr/lib/jvm/oracle-jdk-8u60-linux-x64/jdk1.8.0_60/jre/lib/plugin.jar
7f406c04a000-7f406c065000 r--s 001fc000 08:13 31472047                   /usr/lib/jvm/oracle-jdk-8u60-linux-x64/jdk1.8.0_60/jre/lib/deploy.jar
7f406c065000-7f406c066000 ---p 00000000 00:00 0 
7f406c066000-7f406dd47000 rw-p 00000000 00:00 0                          [stack:30047]
7f406dd47000-7f406df1f000 r--s 03d17000 08:13 31472030                   /usr/lib/jvm/oracle-jdk-8u60-linux-x64/jdk1.8.0_60/jre/lib/rt.jar
7f406df1f000-7f406e695000 rw-p 00000000 00:00 0 
7f406e695000-7f406e795000 ---p 00000000 00:00 0 
7f406e795000-7f406ef95000 rw-p 00000000 00:00 0 
7f406ef95000-7f406ef96000 ---p 00000000 00:00 0 
7f406ef96000-7f406f096000 rw-p 00000000 00:00 0                          [stack:30038]
7f406f096000-7f406f097000 ---p 00000000 00:00 0 
7f406f097000-7f406f197000 rw-p 00000000 00:00 0                          [stack:30037]
7f406f197000-7f406f198000 ---p 00000000 00:00 0 
7f406f198000-7f406f298000 rw-p 00000000 00:00 0                          [stack:30036]
7f406f298000-7f406f299000 ---p 00000000 00:00 0 
7f406f299000-7f406f399000 rw-p 00000000 00:00 0                          [stack:30035]
7f406f399000-7f406f39a000 ---p 00000000 00:00 0 
7f406f39a000-7f406f49a000 rw-p 00000000 00:00 0                          [stack:30034]
7f406f49a000-7f406f49b000 ---p 00000000 00:00 0 
7f406f49b000-7f406f59b000 rw-p 00000000 00:00 0                          [stack:30033]
7f406f59b000-7f406f59c000 ---p 00000000 00:00 0 
7f406f59c000-7f406f955000 rw-p 00000000 00:00 0                          [stack:30032]
7f406f955000-7f406fbf2000 ---p 00000000 00:00 0 
7f406fbf2000-7f406feab000 rw-p 00000000 00:00 0 
7f406feab000-7f4070147000 ---p 00000000 00:00 0 
7f4070147000-7f40703f2000 rw-p 00000000 00:00 0 
7f40703f2000-7f4070402000 rw-p 00000000 00:00 0 
7f4070402000-7f40707b3000 ---p 00000000 00:00 0 
7f40707b3000-7f4070b43000 rwxp 00000000 00:00 0 
7f4070b43000-7f407f7b3000 ---p 00000000 00:00 0 
7f407f7b3000-7f407f7cd000 r-xp 00000000 08:13 31471982                   /usr/lib/jvm/oracle-jdk-8u60-linux-x64/jdk1.8.0_60/jre/lib/amd64/libzip.so
7f407f7cd000-7f407f9cd000 ---p 0001a000 08:13 31471982                   /usr/lib/jvm/oracle-jdk-8u60-linux-x64/jdk1.8.0_60/jre/lib/amd64/libzip.so
7f407f9cd000-7f407f9ce000 rw-p 0001a000 08:13 31471982                   /usr/lib/jvm/oracle-jdk-8u60-linux-x64/jdk1.8.0_60/jre/lib/amd64/libzip.so
7f407f9ce000-7f407f9d9000 r-xp 00000000 08:13 35258873                   /lib/x86_64-linux-gnu/libnss_files-2.19.so
7f407f9d9000-7f407fbd8000 ---p 0000b000 08:13 35258873                   /lib/x86_64-linux-gnu/libnss_files-2.19.so
7f407fbd8000-7f407fbd9000 r--p 0000a000 08:13 35258873                   /lib/x86_64-linux-gnu/libnss_files-2.19.so
7f407fbd9000-7f407fbda000 rw-p 0000b000 08:13 35258873                   /lib/x86_64-linux-gnu/libnss_files-2.19.so
7f407fbda000-7f407fbe5000 r-xp 00000000 08:13 35259048                   /lib/x86_64-linux-gnu/libnss_nis-2.19.so
7f407fbe5000-7f407fde4000 ---p 0000b000 08:13 35259048                   /lib/x86_64-linux-gnu/libnss_nis-2.19.so
7f407fde4000-7f407fde5000 r--p 0000a000 08:13 35259048                   /lib/x86_64-linux-gnu/libnss_nis-2.19.so
7f407fde5000-7f407fde6000 rw-p 0000b000 08:13 35259048                   /lib/x86_64-linux-gnu/libnss_nis-2.19.so
7f407fde6000-7f407fdfd000 r-xp 00000000 08:13 35259028                   /lib/x86_64-linux-gnu/libnsl-2.19.so
7f407fdfd000-7f407fffc000 ---p 00017000 08:13 35259028                   /lib/x86_64-linux-gnu/libnsl-2.19.so
7f407fffc000-7f407fffd000 r--p 00016000 08:13 35259028                   /lib/x86_64-linux-gnu/libnsl-2.19.so
7f407fffd000-7f407fffe000 rw-p 00017000 08:13 35259028                   /lib/x86_64-linux-gnu/libnsl-2.19.so
7f407fffe000-7f4080000000 rw-p 00000000 00:00 0 
7f4080000000-7f40805db000 rw-p 00000000 00:00 0 
7f40805db000-7f4084000000 ---p 00000000 00:00 0 
7f4084000000-7f4084003000 r--s 0001a000 08:13 31471951                   /usr/lib/jvm/oracle-jdk-8u60-linux-x64/jdk1.8.0_60/jre/lib/jce.jar
7f4084003000-7f408400d000 r--s 0006b000 08:13 31471879                   /usr/lib/jvm/oracle-jdk-8u60-linux-x64/jdk1.8.0_60/jre/lib/javaws.jar
7f408400d000-7f4084012000 r--s 00083000 08:13 31472031                   /usr/lib/jvm/oracle-jdk-8u60-linux-x64/jdk1.8.0_60/jre/lib/jfr.jar
7f4084012000-7f4084018000 r--s 002f8000 08:13 31471950                   /usr/lib/jvm/oracle-jdk-8u60-linux-x64/jdk1.8.0_60/jre/lib/charsets.jar
7f4084018000-7f40840b5000 rw-p 00000000 00:00 0 
7f40840b5000-7f40840b6000 ---p 00000000 00:00 0 
7f40840b6000-7f40841b6000 rw-p 00000000 00:00 0                          [stack:30031]
7f40841b6000-7f40841bf000 r-xp 00000000 08:13 35259026                   /lib/x86_64-linux-gnu/libnss_compat-2.19.so
7f40841bf000-7f40843be000 ---p 00009000 08:13 35259026                   /lib/x86_64-linux-gnu/libnss_compat-2.19.so
7f40843be000-7f40843bf000 r--p 00008000 08:13 35259026                   /lib/x86_64-linux-gnu/libnss_compat-2.19.so
7f40843bf000-7f40843c0000 rw-p 00009000 08:13 35259026                   /lib/x86_64-linux-gnu/libnss_compat-2.19.so
7f40843c0000-7f40843ea000 r-xp 00000000 08:13 31471961                   /usr/lib/jvm/oracle-jdk-8u60-linux-x64/jdk1.8.0_60/jre/lib/amd64/libjava.so
7f40843ea000-7f40845ea000 ---p 0002a000 08:13 31471961                   /usr/lib/jvm/oracle-jdk-8u60-linux-x64/jdk1.8.0_60/jre/lib/amd64/libjava.so
7f40845ea000-7f40845ec000 rw-p 0002a000 08:13 31471961                   /usr/lib/jvm/oracle-jdk-8u60-linux-x64/jdk1.8.0_60/jre/lib/amd64/libjava.so
7f40845ec000-7f40845f9000 r-xp 00000000 08:13 31471976                   /usr/lib/jvm/oracle-jdk-8u60-linux-x64/jdk1.8.0_60/jre/lib/amd64/libverify.so
7f40845f9000-7f40847f9000 ---p 0000d000 08:13 31471976                   /usr/lib/jvm/oracle-jdk-8u60-linux-x64/jdk1.8.0_60/jre/lib/amd64/libverify.so
7f40847f9000-7f40847fb000 rw-p 0000d000 08:13 31471976                   /usr/lib/jvm/oracle-jdk-8u60-linux-x64/jdk1.8.0_60/jre/lib/amd64/libverify.so
7f40847fb000-7f4084802000 r-xp 00000000 08:13 35259044                   /lib/x86_64-linux-gnu/librt-2.19.so
7f4084802000-7f4084a01000 ---p 00007000 08:13 35259044                   /lib/x86_64-linux-gnu/librt-2.19.so
7f4084a01000-7f4084a02000 r--p 00006000 08:13 35259044                   /lib/x86_64-linux-gnu/librt-2.19.so
7f4084a02000-7f4084a03000 rw-p 00007000 08:13 35259044                   /lib/x86_64-linux-gnu/librt-2.19.so
7f4084a03000-7f40856c1000 r-xp 00000000 08:13 31471997                   /usr/lib/jvm/oracle-jdk-8u60-linux-x64/jdk1.8.0_60/jre/lib/amd64/server/libjvm.so
7f40856c1000-7f40858c0000 ---p 00cbe000 08:13 31471997                   /usr/lib/jvm/oracle-jdk-8u60-linux-x64/jdk1.8.0_60/jre/lib/amd64/server/libjvm.so
7f40858c0000-7f4085998000 rw-p 00cbd000 08:13 31471997                   /usr/lib/jvm/oracle-jdk-8u60-linux-x64/jdk1.8.0_60/jre/lib/amd64/server/libjvm.so
7f4085998000-7f40859dd000 rw-p 00000000 00:00 0 
7f40859dd000-7f40859f3000 r-xp 00000000 08:13 35258559                   /lib/x86_64-linux-gnu/libgcc_s.so.1
7f40859f3000-7f4085bf2000 ---p 00016000 08:13 35258559                   /lib/x86_64-linux-gnu/libgcc_s.so.1
7f4085bf2000-7f4085bf3000 rw-p 00015000 08:13 35258559                   /lib/x86_64-linux-gnu/libgcc_s.so.1
7f4085bf3000-7f4085cf8000 r-xp 00000000 08:13 35258845                   /lib/x86_64-linux-gnu/libm-2.19.so
7f4085cf8000-7f4085ef7000 ---p 00105000 08:13 35258845                   /lib/x86_64-linux-gnu/libm-2.19.so
7f4085ef7000-7f4085ef8000 r--p 00104000 08:13 35258845                   /lib/x86_64-linux-gnu/libm-2.19.so
7f4085ef8000-7f4085ef9000 rw-p 00105000 08:13 35258845                   /lib/x86_64-linux-gnu/libm-2.19.so
7f4085ef9000-7f40860b4000 r-xp 00000000 08:13 35259038                   /lib/x86_64-linux-gnu/libc-2.19.so
7f40860b4000-7f40862b3000 ---p 001bb000 08:13 35259038                   /lib/x86_64-linux-gnu/libc-2.19.so
7f40862b3000-7f40862b7000 r--p 001ba000 08:13 35259038                   /lib/x86_64-linux-gnu/libc-2.19.so
7f40862b7000-7f40862b9000 rw-p 001be000 08:13 35259038                   /lib/x86_64-linux-gnu/libc-2.19.so
7f40862b9000-7f40862be000 rw-p 00000000 00:00 0 
7f40862be000-7f40862c1000 r-xp 00000000 08:13 35259016                   /lib/x86_64-linux-gnu/libdl-2.19.so
7f40862c1000-7f40864c0000 ---p 00003000 08:13 35259016                   /lib/x86_64-linux-gnu/libdl-2.19.so
7f40864c0000-7f40864c1000 r--p 00002000 08:13 35259016                   /lib/x86_64-linux-gnu/libdl-2.19.so
7f40864c1000-7f40864c2000 rw-p 00003000 08:13 35259016                   /lib/x86_64-linux-gnu/libdl-2.19.so
7f40864c2000-7f40864d7000 r-xp 00000000 08:13 31461846                   /usr/lib/jvm/oracle-jdk-8u60-linux-x64/jdk1.8.0_60/lib/amd64/jli/libjli.so
7f40864d7000-7f40866d7000 ---p 00015000 08:13 31461846                   /usr/lib/jvm/oracle-jdk-8u60-linux-x64/jdk1.8.0_60/lib/amd64/jli/libjli.so
7f40866d7000-7f40866d8000 rw-p 00015000 08:13 31461846                   /usr/lib/jvm/oracle-jdk-8u60-linux-x64/jdk1.8.0_60/lib/amd64/jli/libjli.so
7f40866d8000-7f40866f1000 r-xp 00000000 08:13 35259040                   /lib/x86_64-linux-gnu/libpthread-2.19.so
7f40866f1000-7f40868f0000 ---p 00019000 08:13 35259040                   /lib/x86_64-linux-gnu/libpthread-2.19.so
7f40868f0000-7f40868f1000 r--p 00018000 08:13 35259040                   /lib/x86_64-linux-gnu/libpthread-2.19.so
7f40868f1000-7f40868f2000 rw-p 00019000 08:13 35259040                   /lib/x86_64-linux-gnu/libpthread-2.19.so
7f40868f2000-7f40868f6000 rw-p 00000000 00:00 0 
7f40868f6000-7f40869dc000 r-xp 00000000 08:13 30938428                   /usr/lib/x86_64-linux-gnu/libstdc++.so.6.0.19
7f40869dc000-7f4086bdb000 ---p 000e6000 08:13 30938428                   /usr/lib/x86_64-linux-gnu/libstdc++.so.6.0.19
7f4086bdb000-7f4086be3000 r--p 000e5000 08:13 30938428                   /usr/lib/x86_64-linux-gnu/libstdc++.so.6.0.19
7f4086be3000-7f4086be5000 rw-p 000ed000 08:13 30938428                   /usr/lib/x86_64-linux-gnu/libstdc++.so.6.0.19
7f4086be5000-7f4086bfa000 rw-p 00000000 00:00 0 
7f4086bfa000-7f4086c1d000 r-xp 00000000 08:13 35259032                   /lib/x86_64-linux-gnu/ld-2.19.so
7f4086c1d000-7f4086c1e000 r--s 00000000 08:13 31472027                   /usr/lib/jvm/oracle-jdk-8u60-linux-x64/jdk1.8.0_60/jre/lib/management-agent.jar
7f4086c1e000-7f4086c20000 r--s 00007000 08:13 31472060                   /usr/lib/jvm/oracle-jdk-8u60-linux-x64/jdk1.8.0_60/jre/lib/jfxswt.jar
7f4086c20000-7f4086ce7000 rw-p 00000000 00:00 0 
7f4086ce7000-7f4086cea000 ---p 00000000 00:00 0 
7f4086cea000-7f4086e10000 rw-p 00000000 00:00 0                          [stack:30030]
7f4086e10000-7f4086e18000 rw-s 00000000 08:13 18088170                   /tmp/hsperfdata_marzampoglou/30028
7f4086e18000-7f4086e19000 rw-p 00000000 00:00 0 
7f4086e19000-7f4086e1a000 ---p 00000000 00:00 0 
7f4086e1a000-7f4086e1c000 rw-p 00000000 00:00 0 
7f4086e1c000-7f4086e1d000 r--p 00022000 08:13 35259032                   /lib/x86_64-linux-gnu/ld-2.19.so
7f4086e1d000-7f4086e1e000 rw-p 00023000 08:13 35259032                   /lib/x86_64-linux-gnu/ld-2.19.so
7f4086e1e000-7f4086e1f000 rw-p 00000000 00:00 0 
7fffa06a9000-7fffa06cb000 rw-p 00000000 00:00 0                          [stack]
7fffa077e000-7fffa0780000 r-xp 00000000 00:00 0                          [vdso]
ffffffffff600000-ffffffffff601000 r-xp 00000000 00:00 0                  [vsyscall]

VM Arguments:
jvm_args: -Xmx4g -Didea.launcher.port=7536 -Didea.launcher.bin.path=/home/marzampoglou/IntelliJ_IDEA/idea-IU-141.1532.4/bin -Dfile.encoding=UTF-8 
java_command: com.intellij.rt.execution.application.AppMain ForensicsToolbox.ToolboxAPI
java_class_path (initial): /usr/lib/jvm/oracle-jdk-8u60-linux-x64/jdk1.8.0_60/jre/lib/charsets.jar:/usr/lib/jvm/oracle-jdk-8u60-linux-x64/jdk1.8.0_60/jre/lib/deploy.jar:/usr/lib/jvm/oracle-jdk-8u60-linux-x64/jdk1.8.0_60/jre/lib/jfr.jar:/usr/lib/jvm/oracle-jdk-8u60-linux-x64/jdk1.8.0_60/jre/lib/javaws.jar:/usr/lib/jvm/oracle-jdk-8u60-linux-x64/jdk1.8.0_60/jre/lib/rt.jar:/usr/lib/jvm/oracle-jdk-8u60-linux-x64/jdk1.8.0_60/jre/lib/plugin.jar:/usr/lib/jvm/oracle-jdk-8u60-linux-x64/jdk1.8.0_60/jre/lib/jsse.jar:/usr/lib/jvm/oracle-jdk-8u60-linux-x64/jdk1.8.0_60/jre/lib/jfxswt.jar:/usr/lib/jvm/oracle-jdk-8u60-linux-x64/jdk1.8.0_60/jre/lib/resources.jar:/usr/lib/jvm/oracle-jdk-8u60-linux-x64/jdk1.8.0_60/jre/lib/jce.jar:/usr/lib/jvm/oracle-jdk-8u60-linux-x64/jdk1.8.0_60/jre/lib/management-agent.jar:/usr/lib/jvm/oracle-jdk-8u60-linux-x64/jdk1.8.0_60/jre/lib/ext/sunpkcs11.jar:/usr/lib/jvm/oracle-jdk-8u60-linux-x64/jdk1.8.0_60/jre/lib/ext/sunec.jar:/usr/lib/jvm/oracle-jdk-8u60-linux-x64/jdk1.8.0_60/jre/lib/ext/jfxrt.jar:/usr/lib/jvm/oracle-jdk-8u60-linux-x64/jdk1.8.0_60/jre/lib/ext/zipfs.jar:/usr/lib/jvm/oracle-jdk-8u60-linux-x64/jdk1.8.0_60/jre/lib/ext/sunjce_provider.jar:/usr/lib/jvm/oracle-jdk-8u60-linux-x64/jdk1.8.0_60/jre/lib/ext/nashorn.jar:/usr/lib/jvm/oracle-jdk-8u60-linux-x64/jdk1.8.0_60/jre/lib/ext/localedata.jar:/usr/lib/jvm/oracle-jdk-8u60-linux-x64/jdk1.8.0_60/jre/lib/ext/jaccess.jar:/usr/lib/jvm/oracle-jdk-8u60-linux-x64/jdk1.8.0_60/jre/lib/ext/cldrdata.jar:/usr/lib/jvm/oracle-jdk-8u60-linux-x64/jdk1.8.0_60/jre/lib/ext/dnsns.jar:/media/marzampoglou/3TB/markzampoglou/ImageForensics/Deliverables/Code/CurrentVersion/MultimediaManipulationToolbox/target/classes:/home/marzampoglou/.m2/repository/org/apache/commons/commons-lang3/3.4/commons-lang3-3.4.jar:/home/marzampoglou/.m2/repository/org/apache/commons/commons-math3/3.5/commons-math3-3.5.jar:/home/marzampoglou/.m2/repository/org/ojalgo/ojalgo/38.2/ojalgo-38.2.jar:/home/marzampoglou/.m2/repository/net/java/dev/jna/j
Launcher Type: SUN_STANDARD

Environment Variables:
PATH=/usr/local/cuda-7.0/bin:/usr/local/anaconda/bin:/usr/local/sbin:/usr/local/bin:/usr/sbin:/usr/bin:/sbin:/bin:/usr/games:/usr/local/games
LD_LIBRARY_PATH=/home/marzampoglou/IntelliJ_IDEA/idea-IU-141.1532.4/bin:/usr/local/anaconda/pkgs/hdf5-1.8.14-0/lib:/usr/lib/cudnn-6.5-linux-x64-v2:/usr/lib/x86_64-linux-gnu:/usr/local/lib:/usr/local/cuda-7.0/lib64:/usr/local/cuda-7.0/lib64
LD_PRELOAD=/usr/lib/x86_64-linux-gnu/libstdc++.so.6
SHELL=/bin/bash
DISPLAY=:0

Signal Handlers:
SIGSEGV: [libjvm.so+0xaba070], sa_mask[0]=11111111011111111101111111111110, sa_flags=SA_RESTART|SA_SIGINFO
SIGBUS: [libjvm.so+0xaba070], sa_mask[0]=11111111011111111101111111111110, sa_flags=SA_RESTART|SA_SIGINFO
SIGFPE: [libjvm.so+0x917630], sa_mask[0]=11111111011111111101111111111110, sa_flags=SA_RESTART|SA_SIGINFO
SIGPIPE: [libjvm.so+0x917630], sa_mask[0]=11111111011111111101111111111110, sa_flags=SA_RESTART|SA_SIGINFO
SIGXFSZ: [libjvm.so+0x917630], sa_mask[0]=11111111011111111101111111111110, sa_flags=SA_RESTART|SA_SIGINFO
SIGILL: [libjvm.so+0x917630], sa_mask[0]=11111111011111111101111111111110, sa_flags=SA_RESTART|SA_SIGINFO
SIGUSR1: SIG_DFL, sa_mask[0]=00000000000000000000000000000000, sa_flags=none
SIGUSR2: [libjvm.so+0x918c60], sa_mask[0]=00100000000000000000000000000000, sa_flags=SA_RESTART|SA_SIGINFO
SIGHUP: [libjvm.so+0x91a060], sa_mask[0]=11111111011111111101111111111110, sa_flags=SA_RESTART|SA_SIGINFO
SIGINT: [libjvm.so+0x91a060], sa_mask[0]=11111111011111111101111111111110, sa_flags=SA_RESTART|SA_SIGINFO
SIGTERM: [libjvm.so+0x91a060], sa_mask[0]=11111111011111111101111111111110, sa_flags=SA_RESTART|SA_SIGINFO
SIGQUIT: [libjvm.so+0x91a060], sa_mask[0]=11111111011111111101111111111110, sa_flags=SA_RESTART|SA_SIGINFO


---------------  S Y S T E M  ---------------

OS:DISTRIB_ID=Ubuntu
DISTRIB_RELEASE=14.04
DISTRIB_CODENAME=trusty
DISTRIB_DESCRIPTION="Ubuntu 14.04.2 LTS"

uname:Linux 3.13.0-49-generic #83-Ubuntu SMP Fri Apr 10 20:11:33 UTC 2015 x86_64
libc:glibc 2.19 NPTL 2.19 
rlimit: STACK 8192k, CORE 0k, NPROC 127203, NOFILE 4096, AS infinity
load average:8.95 7.94 5.70

/proc/meminfo:
MemTotal:       16303688 kB
MemFree:          276392 kB
Buffers:            1636 kB
Cached:           230544 kB
SwapCached:            0 kB
Active:         15519444 kB
Inactive:         219472 kB
Active(anon):   15508512 kB
Inactive(anon):   157776 kB
Active(file):      10932 kB
Inactive(file):    61696 kB
Unevictable:          32 kB
Mlocked:              32 kB
SwapTotal:             0 kB
SwapFree:              0 kB
Dirty:               320 kB
Writeback:             0 kB
AnonPages:      15507096 kB
Mapped:           117540 kB
Shmem:            159276 kB
Slab:              85440 kB
SReclaimable:      39896 kB
SUnreclaim:        45544 kB
KernelStack:        7472 kB
PageTables:        66784 kB
NFS_Unstable:          0 kB
Bounce:                0 kB
WritebackTmp:          0 kB
CommitLimit:     8151844 kB
Committed_AS:   20187280 kB
VmallocTotal:   34359738367 kB
VmallocUsed:      373284 kB
VmallocChunk:   34359352920 kB
HardwareCorrupted:     0 kB
AnonHugePages:  10680320 kB
HugePages_Total:       0
HugePages_Free:        0
HugePages_Rsvd:        0
HugePages_Surp:        0
Hugepagesize:       2048 kB
DirectMap4k:       90956 kB
DirectMap2M:     3973120 kB
DirectMap1G:    12582912 kB


CPU:total 8 (4 cores per cpu, 2 threads per core) family 6 model 60 stepping 3, cmov, cx8, fxsr, mmx, sse, sse2, sse3, ssse3, sse4.1, sse4.2, popcnt, avx, avx2, aes, clmul, erms, lzcnt, ht, tsc, tscinvbit, bmi1, bmi2

/proc/cpuinfo:
processor	: 0
vendor_id	: GenuineIntel
cpu family	: 6
model		: 60
model name	: Intel(R) Core(TM) i7-4770K CPU @ 3.50GHz
stepping	: 3
microcode	: 0x12
cpu MHz		: 800.000
cache size	: 8192 KB
physical id	: 0
siblings	: 8
core id		: 0
cpu cores	: 4
apicid		: 0
initial apicid	: 0
fpu		: yes
fpu_exception	: yes
cpuid level	: 13
wp		: yes
flags		: fpu vme de pse tsc msr pae mce cx8 apic sep mtrr pge mca cmov pat pse36 clflush dts acpi mmx fxsr sse sse2 ss ht tm pbe syscall nx pdpe1gb rdtscp lm constant_tsc arch_perfmon pebs bts rep_good nopl xtopology nonstop_tsc aperfmperf eagerfpu pni pclmulqdq dtes64 monitor ds_cpl vmx est tm2 ssse3 fma cx16 xtpr pdcm pcid sse4_1 sse4_2 movbe popcnt tsc_deadline_timer aes xsave avx f16c rdrand lahf_lm abm ida arat epb xsaveopt pln pts dtherm tpr_shadow vnmi flexpriority ept vpid fsgsbase tsc_adjust bmi1 avx2 smep bmi2 erms invpcid
bogomips	: 6996.04
clflush size	: 64
cache_alignment	: 64
address sizes	: 39 bits physical, 48 bits virtual
power management:

processor	: 1
vendor_id	: GenuineIntel
cpu family	: 6
model		: 60
model name	: Intel(R) Core(TM) i7-4770K CPU @ 3.50GHz
stepping	: 3
microcode	: 0x12
cpu MHz		: 3501.000
cache size	: 8192 KB
physical id	: 0
siblings	: 8
core id		: 1
cpu cores	: 4
apicid		: 2
initial apicid	: 2
fpu		: yes
fpu_exception	: yes
cpuid level	: 13
wp		: yes
flags		: fpu vme de pse tsc msr pae mce cx8 apic sep mtrr pge mca cmov pat pse36 clflush dts acpi mmx fxsr sse sse2 ss ht tm pbe syscall nx pdpe1gb rdtscp lm constant_tsc arch_perfmon pebs bts rep_good nopl xtopology nonstop_tsc aperfmperf eagerfpu pni pclmulqdq dtes64 monitor ds_cpl vmx est tm2 ssse3 fma cx16 xtpr pdcm pcid sse4_1 sse4_2 movbe popcnt tsc_deadline_timer aes xsave avx f16c rdrand lahf_lm abm ida arat epb xsaveopt pln pts dtherm tpr_shadow vnmi flexpriority ept vpid fsgsbase tsc_adjust bmi1 avx2 smep bmi2 erms invpcid
bogomips	: 6996.04
clflush size	: 64
cache_alignment	: 64
address sizes	: 39 bits physical, 48 bits virtual
power management:

processor	: 2
vendor_id	: GenuineIntel
cpu family	: 6
model		: 60
model name	: Intel(R) Core(TM) i7-4770K CPU @ 3.50GHz
stepping	: 3
microcode	: 0x12
cpu MHz		: 3501.000
cache size	: 8192 KB
physical id	: 0
siblings	: 8
core id		: 2
cpu cores	: 4
apicid		: 4
initial apicid	: 4
fpu		: yes
fpu_exception	: yes
cpuid level	: 13
wp		: yes
flags		: fpu vme de pse tsc msr pae mce cx8 apic sep mtrr pge mca cmov pat pse36 clflush dts acpi mmx fxsr sse sse2 ss ht tm pbe syscall nx pdpe1gb rdtscp lm constant_tsc arch_perfmon pebs bts rep_good nopl xtopology nonstop_tsc aperfmperf eagerfpu pni pclmulqdq dtes64 monitor ds_cpl vmx est tm2 ssse3 fma cx16 xtpr pdcm pcid sse4_1 sse4_2 movbe popcnt tsc_deadline_timer aes xsave avx f16c rdrand lahf_lm abm ida arat epb xsaveopt pln pts dtherm tpr_shadow vnmi flexpriority ept vpid fsgsbase tsc_adjust bmi1 avx2 smep bmi2 erms invpcid
bogomips	: 6996.04
clflush size	: 64
cache_alignment	: 64
address sizes	: 39 bits physical, 48 bits virtual
power management:

processor	: 3
vendor_id	: GenuineIntel
cpu family	: 6
model		: 60
model name	: Intel(R) Core(TM) i7-4770K CPU @ 3.50GHz
stepping	: 3
microcode	: 0x12
cpu MHz		: 1200.000
cache size	: 8192 KB
physical id	: 0
siblings	: 8
core id		: 3
cpu cores	: 4
apicid		: 6
initial apicid	: 6
fpu		: yes
fpu_exception	: yes
cpuid level	: 13
wp		: yes
flags		: fpu vme de pse tsc msr pae mce cx8 apic sep mtrr pge mca cmov pat pse36 clflush dts acpi mmx fxsr sse sse2 ss ht tm pbe syscall nx pdpe1gb rdtscp lm constant_tsc arch_perfmon pebs bts rep_good nopl xtopology nonstop_tsc aperfmperf eagerfpu pni pclmulqdq dtes64 monitor ds_cpl vmx est tm2 ssse3 fma cx16 xtpr pdcm pcid sse4_1 sse4_2 movbe popcnt tsc_deadline_timer aes xsave avx f16c rdrand lahf_lm abm ida arat epb xsaveopt pln pts dtherm tpr_shadow vnmi flexpriority ept vpid fsgsbase tsc_adjust bmi1 avx2 smep bmi2 erms invpcid
bogomips	: 6996.04
clflush size	: 64
cache_alignment	: 64
address sizes	: 39 bits physical, 48 bits virtual
power management:

processor	: 4
vendor_id	: GenuineIntel
cpu family	: 6
model		: 60
model name	: Intel(R) Core(TM) i7-4770K CPU @ 3.50GHz
stepping	: 3
microcode	: 0x12
cpu MHz		: 2700.000
cache size	: 8192 KB
physical id	: 0
siblings	: 8
core id		: 0
cpu cores	: 4
apicid		: 1
initial apicid	: 1
fpu		: yes
fpu_exception	: yes
cpuid level	: 13
wp		: yes
flags		: fpu vme de pse tsc msr pae mce cx8 apic sep mtrr pge mca cmov pat pse36 clflush dts acpi mmx fxsr sse sse2 ss ht tm pbe syscall nx pdpe1gb rdtscp lm constant_tsc arch_perfmon pebs bts rep_good nopl xtopology nonstop_tsc aperfmperf eagerfpu pni pclmulqdq dtes64 monitor ds_cpl vmx est tm2 ssse3 fma cx16 xtpr pdcm pcid sse4_1 sse4_2 movbe popcnt tsc_deadline_timer aes xsave avx f16c rdrand lahf_lm abm ida arat epb xsaveopt pln pts dtherm tpr_shadow vnmi flexpriority ept vpid fsgsbase tsc_adjust bmi1 avx2 smep bmi2 erms invpcid
bogomips	: 6996.04
clflush size	: 64
cache_alignment	: 64
address sizes	: 39 bits physical, 48 bits virtual
power management:

processor	: 5
vendor_id	: GenuineIntel
cpu family	: 6
model		: 60
model name	: Intel(R) Core(TM) i7-4770K CPU @ 3.50GHz
stepping	: 3
microcode	: 0x12
cpu MHz		: 800.000
cache size	: 8192 KB
physical id	: 0
siblings	: 8
core id		: 1
cpu cores	: 4
apicid		: 3
initial apicid	: 3
fpu		: yes
fpu_exception	: yes
cpuid level	: 13
wp		: yes
flags		: fpu vme de pse tsc msr pae mce cx8 apic sep mtrr pge mca cmov pat pse36 clflush dts acpi mmx fxsr sse sse2 ss ht tm pbe syscall nx pdpe1gb rdtscp lm constant_tsc arch_perfmon pebs bts rep_good nopl xtopology nonstop_tsc aperfmperf eagerfpu pni pclmulqdq dtes64 monitor ds_cpl vmx est tm2 ssse3 fma cx16 xtpr pdcm pcid sse4_1 sse4_2 movbe popcnt tsc_deadline_timer aes xsave avx f16c rdrand lahf_lm abm ida arat epb xsaveopt pln pts dtherm tpr_shadow vnmi flexpriority ept vpid fsgsbase tsc_adjust bmi1 avx2 smep bmi2 erms invpcid
bogomips	: 6996.04
clflush size	: 64
cache_alignment	: 64
address sizes	: 39 bits physical, 48 bits virtual
power management:

processor	: 6
vendor_id	: GenuineIntel
cpu family	: 6
model		: 60
model name	: Intel(R) Core(TM) i7-4770K CPU @ 3.50GHz
stepping	: 3
microcode	: 0x12
cpu MHz		: 3501.000
cache size	: 8192 KB
physical id	: 0
siblings	: 8
core id		: 2
cpu cores	: 4
apicid		: 5
initial apicid	: 5
fpu		: yes
fpu_exception	: yes
cpuid level	: 13
wp		: yes
flags		: fpu vme de pse tsc msr pae mce cx8 apic sep mtrr pge mca cmov pat pse36 clflush dts acpi mmx fxsr sse sse2 ss ht tm pbe syscall nx pdpe1gb rdtscp lm constant_tsc arch_perfmon pebs bts rep_good nopl xtopology nonstop_tsc aperfmperf eagerfpu pni pclmulqdq dtes64 monitor ds_cpl vmx est tm2 ssse3 fma cx16 xtpr pdcm pcid sse4_1 sse4_2 movbe popcnt tsc_deadline_timer aes xsave avx f16c rdrand lahf_lm abm ida arat epb xsaveopt pln pts dtherm tpr_shadow vnmi flexpriority ept vpid fsgsbase tsc_adjust bmi1 avx2 smep bmi2 erms invpcid
bogomips	: 6996.04
clflush size	: 64
cache_alignment	: 64
address sizes	: 39 bits physical, 48 bits virtual
power management:

processor	: 7
vendor_id	: GenuineIntel
cpu family	: 6
model		: 60
model name	: Intel(R) Core(TM) i7-4770K CPU @ 3.50GHz
stepping	: 3
microcode	: 0x12
cpu MHz		: 2300.000
cache size	: 8192 KB
physical id	: 0
siblings	: 8
core id		: 3
cpu cores	: 4
apicid		: 7
initial apicid	: 7
fpu		: yes
fpu_exception	: yes
cpuid level	: 13
wp		: yes
flags		: fpu vme de pse tsc msr pae mce cx8 apic sep mtrr pge mca cmov pat pse36 clflush dts acpi mmx fxsr sse sse2 ss ht tm pbe syscall nx pdpe1gb rdtscp lm constant_tsc arch_perfmon pebs bts rep_good nopl xtopology nonstop_tsc aperfmperf eagerfpu pni pclmulqdq dtes64 monitor ds_cpl vmx est tm2 ssse3 fma cx16 xtpr pdcm pcid sse4_1 sse4_2 movbe popcnt tsc_deadline_timer aes xsave avx f16c rdrand lahf_lm abm ida arat epb xsaveopt pln pts dtherm tpr_shadow vnmi flexpriority ept vpid fsgsbase tsc_adjust bmi1 avx2 smep bmi2 erms invpcid
bogomips	: 6996.04
clflush size	: 64
cache_alignment	: 64
address sizes	: 39 bits physical, 48 bits virtual
power management:



Memory: 4k page, physical 16303688k(276392k free), swap 0k(0k free)

vm_info: Java HotSpot(TM) 64-Bit Server VM (25.60-b23) for linux-amd64 JRE (1.8.0_60-b27), built on Aug  4 2015 12:19:40 by "java_re" with gcc 4.3.0 20080428 (Red Hat 4.3.0-8)

time: Tue Nov  3 15:26:32 2015
elapsed time: 25 seconds (0d 0h 0m 25s)

