#
# There is insufficient memory for the Java Runtime Environment to continue.
# Native memory allocation (mmap) failed to map 444596224 bytes for committing reserved memory.
# Possible reasons:
#   The system is out of physical RAM or swap space
#   In 32 bit mode, the process size limit was hit
# Possible solutions:
#   Reduce memory load on the system
#   Increase physical memory or swap space
#   Check if swap backing store is full
#   Use 64 bit Java on a 64 bit OS
#   Decrease Java heap size (-Xmx/-Xms)
#   Decrease number of Java threads
#   Decrease Java thread stack sizes (-Xss)
#   Set larger code cache with -XX:ReservedCodeCacheSize=
# This output file may be truncated or incomplete.
#
#  Out of Memory Error (os_linux.cpp:2627), pid=5206, tid=139826778072832
#
# JRE version: Java(TM) SE Runtime Environment (8.0_60-b27) (build 1.8.0_60-b27)
# Java VM: Java HotSpot(TM) 64-Bit Server VM (25.60-b23 mixed mode linux-amd64 compressed oops)
# Failed to write core dump. Core dumps have been disabled. To enable core dumping, try "ulimit -c unlimited" before starting Java again
#

---------------  T H R E A D  ---------------

Current thread (0x00007f2c0c082000):  VMThread [stack: 0x00007f2bf55fe000,0x00007f2bf56ff000] [id=5227]

Stack: [0x00007f2bf55fe000,0x00007f2bf56ff000],  sp=0x00007f2bf56fcfe0,  free space=1019k
Native frames: (J=compiled Java code, j=interpreted, Vv=VM code, C=native code)
V  [libjvm.so+0xab97ea]  VMError::report_and_die()+0x2ba
V  [libjvm.so+0x4f9dab]  report_vm_out_of_memory(char const*, int, unsigned long, VMErrorType, char const*)+0x8b
V  [libjvm.so+0x91a7c3]  os::Linux::commit_memory_impl(char*, unsigned long, bool)+0x103
V  [libjvm.so+0x91ad19]  os::pd_commit_memory(char*, unsigned long, unsigned long, bool)+0x29
V  [libjvm.so+0x91502a]  os::commit_memory(char*, unsigned long, unsigned long, bool)+0x2a
V  [libjvm.so+0x9886d3]  PSVirtualSpace::expand_by(unsigned long)+0x53
V  [libjvm.so+0x989ad8]  PSYoungGen::resize_generation(unsigned long, unsigned long)+0xf8
V  [libjvm.so+0x988c32]  PSYoungGen::resize(unsigned long, unsigned long)+0x22
V  [libjvm.so+0x985f0b]  PSScavenge::invoke_no_policy()+0xf3b
V  [libjvm.so+0x986691]  PSScavenge::invoke()+0x41
V  [libjvm.so+0xabb3ad]  VM_ParallelGCSystemGC::doit()+0x10d
V  [libjvm.so+0xac2c35]  VM_Operation::evaluate()+0x55
V  [libjvm.so+0xac100a]  VMThread::evaluate_operation(VM_Operation*)+0xba
V  [libjvm.so+0xac138e]  VMThread::loop()+0x1ce
V  [libjvm.so+0xac1800]  VMThread::run()+0x70
V  [libjvm.so+0x91cb88]  java_start(Thread*)+0x108

VM_Operation (0x00007f2beceaac50): ParallelGCSystemGC, mode: safepoint, requested by thread 0x00007f2b78006000


---------------  P R O C E S S  ---------------

Java Threads: ( => current thread )
  0x00007f2b58002800 JavaThread "ojAlgo-daemon-6" daemon [_thread_blocked, id=5269, stack(0x00007f2bec4a5000,0x00007f2bec5a6000)]
  0x00007f2b58001000 JavaThread "ojAlgo-daemon-5" daemon [_thread_blocked, id=5268, stack(0x00007f2bec5a6000,0x00007f2bec6a7000)]
  0x00007f2b80022000 JavaThread "ojAlgo-daemon-3" daemon [_thread_blocked, id=5267, stack(0x00007f2bec6a7000,0x00007f2bec7a8000)]
  0x00007f2b5c003000 JavaThread "ojAlgo-daemon-4" daemon [_thread_blocked, id=5266, stack(0x00007f2bec7a8000,0x00007f2bec8a9000)]
  0x00007f2b5c001000 JavaThread "ojAlgo-daemon-2" daemon [_thread_blocked, id=5265, stack(0x00007f2bec8a9000,0x00007f2bec9aa000)]
  0x00007f2b80020800 JavaThread "ojAlgo-daemon-1" daemon [_thread_blocked, id=5264, stack(0x00007f2bec9aa000,0x00007f2becaab000)]
  0x00007f2b78008000 JavaThread "pool-2-thread-3" [_thread_blocked, id=5263, stack(0x00007f2beccab000,0x00007f2becdac000)]
  0x00007f2b78006000 JavaThread "pool-2-thread-2" [_thread_blocked, id=5262, stack(0x00007f2becdac000,0x00007f2becead000)]
  0x00007f2b78005800 JavaThread "pool-2-thread-1" [_thread_blocked, id=5261, stack(0x00007f2becead000,0x00007f2becfae000)]
  0x00007f2c0c507800 JavaThread "pool-1-thread-4" [_thread_blocked, id=5260, stack(0x00007f2becfae000,0x00007f2bed0af000)]
  0x00007f2c0c50f000 JavaThread "pool-1-thread-3" [_thread_blocked, id=5259, stack(0x00007f2bed0af000,0x00007f2bed1b0000)]
  0x00007f2c0c50e800 JavaThread "pool-1-thread-2" [_thread_blocked, id=5258, stack(0x00007f2bed1b0000,0x00007f2bed2b1000)]
  0x00007f2c0c4fc000 JavaThread "pool-1-thread-1" [_thread_blocked, id=5257, stack(0x00007f2bed2b1000,0x00007f2bed3b2000)]
  0x00007f2c0c4f4000 JavaThread "Java2D Disposer" daemon [_thread_blocked, id=5255, stack(0x00007f2bed7ed000,0x00007f2bed8ee000)]
  0x00007f2c0c4af800 JavaThread "Keep-Alive-Timer" daemon [_thread_blocked, id=5254, stack(0x00007f2beefa9000,0x00007f2bef0aa000)]
  0x00007f2c0c389000 JavaThread "pool-1-thread-1" daemon [_thread_blocked, id=5249, stack(0x00007f2bef8ce000,0x00007f2bef9cf000)]
  0x00007f2c0c32b800 JavaThread "cluster-ClusterId{value='564f2aa5911fb4145605a06e', description='null'}-127.0.0.1:27017" daemon [_thread_blocked, id=5248, stack(0x00007f2bf4088000,0x00007f2bf4189000)]
  0x00007f2c0c224800 JavaThread "Monitor Ctrl-Break" daemon [_thread_in_native, id=5246, stack(0x00007f2bf41e4000,0x00007f2bf42e5000)]
  0x00007f2c0c0d6800 JavaThread "Service Thread" daemon [_thread_blocked, id=5244, stack(0x00007f2bf4708000,0x00007f2bf4809000)]
  0x00007f2c0c0c9800 JavaThread "C1 CompilerThread3" daemon [_thread_blocked, id=5243, stack(0x00007f2bf4809000,0x00007f2bf490a000)]
  0x00007f2c0c0c7800 JavaThread "C2 CompilerThread2" daemon [_thread_blocked, id=5242, stack(0x00007f2bf490a000,0x00007f2bf4a0b000)]
  0x00007f2c0c0c5800 JavaThread "C2 CompilerThread1" daemon [_thread_blocked, id=5241, stack(0x00007f2bf4a0b000,0x00007f2bf4b0c000)]
  0x00007f2c0c0c2800 JavaThread "C2 CompilerThread0" daemon [_thread_blocked, id=5240, stack(0x00007f2bf4b0c000,0x00007f2bf4c0d000)]
  0x00007f2c0c0c1000 JavaThread "Signal Dispatcher" daemon [_thread_blocked, id=5233, stack(0x00007f2bf4c0d000,0x00007f2bf4d0e000)]
  0x00007f2c0c089000 JavaThread "Finalizer" daemon [_thread_blocked, id=5231, stack(0x00007f2bf53fc000,0x00007f2bf54fd000)]
  0x00007f2c0c087000 JavaThread "Reference Handler" daemon [_thread_blocked, id=5229, stack(0x00007f2bf54fd000,0x00007f2bf55fe000)]
  0x00007f2c0c00c000 JavaThread "main" [_thread_blocked, id=5208, stack(0x00007f2c141e5000,0x00007f2c142e6000)]

Other Threads:
=>0x00007f2c0c082000 VMThread [stack: 0x00007f2bf55fe000,0x00007f2bf56ff000] [id=5227]
  0x00007f2c0c0d9800 WatcherThread [stack: 0x00007f2bf4607000,0x00007f2bf4708000] [id=5245]

VM state:at safepoint (normal execution)

VM Mutex/Monitor currently owned by a thread:  ([mutex/lock_event])
[0x00007f2c0c008040] Threads_lock - owner thread: 0x00007f2c0c082000
[0x00007f2c0c008540] Heap_lock - owner thread: 0x00007f2b78006000

Heap:
 PSYoungGen      total 874496K, used 18200K [0x000000076d100000, 0x00000007a5680000, 0x00000007c0000000)
  eden space 825856K, 0% used [0x000000076d100000,0x000000076d100000,0x000000079f780000)
  from space 48640K, 37% used [0x000000079f780000,0x00000007a09461d0,0x00000007a2700000)
  to   space 47104K, 0% used [0x00000007a2880000,0x00000007a2880000,0x00000007a5680000)
 ParOldGen       total 171008K, used 121202K [0x00000006c7200000, 0x00000006d1900000, 0x000000076d100000)
  object space 171008K, 70% used [0x00000006c7200000,0x00000006ce85c950,0x00000006d1900000)
 Metaspace       used 14675K, capacity 14826K, committed 14976K, reserved 1062912K
  class space    used 1802K, capacity 1851K, committed 1920K, reserved 1048576K

Card table byte_map: [0x00007f2c102df000,0x00007f2c10aa7000] byte_map_base: 0x00007f2c0cca6000

Marking Bits: (ParMarkBitMap*) 0x00007f2c12eafde0
 Begin Bits: [0x00007f2bb8390000, 0x00007f2bbc1c8000)
 End Bits:   [0x00007f2bbc1c8000, 0x00007f2bc0000000)

Polling page: 0x00007f2c14317000

CodeCache: size=245760Kb used=4917Kb max_used=4929Kb free=240842Kb
 bounds [0x00007f2bfd000000, 0x00007f2bfd4e0000, 0x00007f2c0c000000]
 total_blobs=1792 nmethods=1342 adapters=364
 compilation: enabled

Compilation events (10 events):
Event: 2.541 Thread 0x00007f2c0c0c9800 1338       3       com.mongodb.connection.ByteBufferBsonOutput::write (109 bytes)
Event: 2.542 Thread 0x00007f2c0c0c9800 nmethod 1338 0x00007f2bfd4ce7d0 code [0x00007f2bfd4cec00, 0x00007f2bfd4d11d8]
Event: 2.542 Thread 0x00007f2c0c0c9800 1339       3       com.mongodb.connection.ByteBufferBsonOutput::getBufferPositionPair (69 bytes)
Event: 2.543 Thread 0x00007f2c0c0c9800 nmethod 1339 0x00007f2bfd4c6110 code [0x00007f2bfd4c62c0, 0x00007f2bfd4c6988]
Event: 2.543 Thread 0x00007f2c0c0c9800 1340       3       com.mongodb.connection.ByteBufferBsonOutput$BufferPositionPair::<init> (15 bytes)
Event: 2.543 Thread 0x00007f2c0c0c9800 nmethod 1340 0x00007f2bfd4c5d50 code [0x00007f2bfd4c5ec0, 0x00007f2bfd4c6070]
Event: 2.543 Thread 0x00007f2c0c0c9800 1341       1       java.util.concurrent.atomic.AtomicReference::get (5 bytes)
Event: 2.543 Thread 0x00007f2c0c0c9800 nmethod 1341 0x00007f2bfd4c5a90 code [0x00007f2bfd4c5be0, 0x00007f2bfd4c5cf0]
Event: 2.577 Thread 0x00007f2c0c0c7800 1342       4       Utils.Util::CalculateImageDifference (130 bytes)
Event: 2.581 Thread 0x00007f2c0c0c7800 nmethod 1342 0x00007f2bfd4d4810 code [0x00007f2bfd4d4960, 0x00007f2bfd4d4d98]

GC Heap History (10 events):
Event: 1.952 GC heap after
Heap after GC invocations=6 (full 0):
 PSYoungGen      total 312832K, used 14237K [0x000000076d100000, 0x0000000783a00000, 0x00000007c0000000)
  eden space 258048K, 0% used [0x000000076d100000,0x000000076d100000,0x000000077cd00000)
  from space 54784K, 25% used [0x0000000780480000,0x0000000781267450,0x0000000783a00000)
  to   space 55808K, 0% used [0x000000077cd00000,0x000000077cd00000,0x0000000780380000)
 ParOldGen       total 171008K, used 98967K [0x00000006c7200000, 0x00000006d1900000, 0x000000076d100000)
  object space 171008K, 57% used [0x00000006c7200000,0x00000006cd2a5c68,0x00000006d1900000)
 Metaspace       used 14233K, capacity 14410K, committed 14720K, reserved 1062912K
  class space    used 1750K, capacity 1819K, committed 1920K, reserved 1048576K
}
Event: 2.023 GC heap before
{Heap before GC invocations=7 (full 0):
 PSYoungGen      total 312832K, used 272285K [0x000000076d100000, 0x0000000783a00000, 0x00000007c0000000)
  eden space 258048K, 100% used [0x000000076d100000,0x000000077cd00000,0x000000077cd00000)
  from space 54784K, 25% used [0x0000000780480000,0x0000000781267450,0x0000000783a00000)
  to   space 55808K, 0% used [0x000000077cd00000,0x000000077cd00000,0x0000000780380000)
 ParOldGen       total 171008K, used 104051K [0x00000006c7200000, 0x00000006d1900000, 0x000000076d100000)
  object space 171008K, 60% used [0x00000006c7200000,0x00000006cd79cfd0,0x00000006d1900000)
 Metaspace       used 14539K, capacity 14698K, committed 14976K, reserved 1062912K
  class space    used 1795K, capacity 1851K, committed 1920K, reserved 1048576K
Event: 2.035 GC heap after
Heap after GC invocations=7 (full 0):
 PSYoungGen      total 313856K, used 27983K [0x000000076d100000, 0x0000000793000000, 0x00000007c0000000)
  eden space 258048K, 0% used [0x000000076d100000,0x000000076d100000,0x000000077cd00000)
  from space 55808K, 50% used [0x000000077cd00000,0x000000077e853d08,0x0000000780380000)
  to   space 52736K, 0% used [0x000000078fc80000,0x000000078fc80000,0x0000000793000000)
 ParOldGen       total 171008K, used 106016K [0x00000006c7200000, 0x00000006d1900000, 0x000000076d100000)
  object space 171008K, 61% used [0x00000006c7200000,0x00000006cd9882f0,0x00000006d1900000)
 Metaspace       used 14539K, capacity 14698K, committed 14976K, reserved 1062912K
  class space    used 1795K, capacity 1851K, committed 1920K, reserved 1048576K
}
Event: 2.097 GC heap before
{Heap before GC invocations=8 (full 0):
 PSYoungGen      total 313856K, used 286031K [0x000000076d100000, 0x0000000793000000, 0x00000007c0000000)
  eden space 258048K, 100% used [0x000000076d100000,0x000000077cd00000,0x000000077cd00000)
  from space 55808K, 50% used [0x000000077cd00000,0x000000077e853d08,0x0000000780380000)
  to   space 52736K, 0% used [0x000000078fc80000,0x000000078fc80000,0x0000000793000000)
 ParOldGen       total 171008K, used 108138K [0x00000006c7200000, 0x00000006d1900000, 0x000000076d100000)
  object space 171008K, 63% used [0x00000006c7200000,0x00000006cdb9a8b0,0x00000006d1900000)
 Metaspace       used 14625K, capacity 14762K, committed 14976K, reserved 1062912K
  class space    used 1802K, capacity 1851K, committed 1920K, reserved 1048576K
Event: 2.111 GC heap after
Heap after GC invocations=8 (full 0):
 PSYoungGen      total 563712K, used 22470K [0x000000076d100000, 0x0000000792b00000, 0x00000007c0000000)
  eden space 516096K, 0% used [0x000000076d100000,0x000000076d100000,0x000000078c900000)
  from space 47616K, 47% used [0x000000078fc80000,0x0000000791271b98,0x0000000792b00000)
  to   space 50176K, 0% used [0x000000078c900000,0x000000078c900000,0x000000078fa00000)
 ParOldGen       total 171008K, used 108330K [0x00000006c7200000, 0x00000006d1900000, 0x000000076d100000)
  object space 171008K, 63% used [0x00000006c7200000,0x00000006cdbca8b0,0x00000006d1900000)
 Metaspace       used 14625K, capacity 14762K, committed 14976K, reserved 1062912K
  class space    used 1802K, capacity 1851K, committed 1920K, reserved 1048576K
}
Event: 2.246 GC heap before
{Heap before GC invocations=9 (full 0):
 PSYoungGen      total 563712K, used 538566K [0x000000076d100000, 0x0000000792b00000, 0x00000007c0000000)
  eden space 516096K, 100% used [0x000000076d100000,0x000000078c900000,0x000000078c900000)
  from space 47616K, 47% used [0x000000078fc80000,0x0000000791271b98,0x0000000792b00000)
  to   space 50176K, 0% used [0x000000078c900000,0x000000078c900000,0x000000078fa00000)
 ParOldGen       total 171008K, used 111524K [0x00000006c7200000, 0x00000006d1900000, 0x000000076d100000)
  object space 171008K, 65% used [0x00000006c7200000,0x00000006cdee9120,0x00000006d1900000)
 Metaspace       used 14654K, capacity 14762K, committed 14976K, reserved 1062912K
  class space    used 1802K, capacity 1851K, committed 1920K, reserved 1048576K
Event: 2.259 GC heap after
Heap after GC invocations=9 (full 0):
 PSYoungGen      total 566272K, used 10684K [0x000000076d100000, 0x00000007a5980000, 0x00000007c0000000)
  eden space 516096K, 0% used [0x000000076d100000,0x000000076d100000,0x000000078c900000)
  from space 50176K, 21% used [0x000000078c900000,0x000000078d36f0f8,0x000000078fa00000)
  to   space 50176K, 0% used [0x00000007a2880000,0x00000007a2880000,0x00000007a5980000)
 ParOldGen       total 171008K, used 115960K [0x00000006c7200000, 0x00000006d1900000, 0x000000076d100000)
  object space 171008K, 67% used [0x00000006c7200000,0x00000006ce33e298,0x00000006d1900000)
 Metaspace       used 14654K, capacity 14762K, committed 14976K, reserved 1062912K
  class space    used 1802K, capacity 1851K, committed 1920K, reserved 1048576K
}
Event: 2.364 GC heap before
{Heap before GC invocations=10 (full 0):
 PSYoungGen      total 566272K, used 526780K [0x000000076d100000, 0x00000007a5980000, 0x00000007c0000000)
  eden space 516096K, 100% used [0x000000076d100000,0x000000078c900000,0x000000078c900000)
  from space 50176K, 21% used [0x000000078c900000,0x000000078d36f0f8,0x000000078fa00000)
  to   space 50176K, 0% used [0x00000007a2880000,0x00000007a2880000,0x00000007a5980000)
 ParOldGen       total 171008K, used 118705K [0x00000006c7200000, 0x00000006d1900000, 0x000000076d100000)
  object space 171008K, 69% used [0x00000006c7200000,0x00000006ce5ec558,0x00000006d1900000)
 Metaspace       used 14657K, capacity 14762K, committed 14976K, reserved 1062912K
  class space    used 1802K, capacity 1851K, committed 1920K, reserved 1048576K
Event: 2.376 GC heap after
Heap after GC invocations=10 (full 0):
 PSYoungGen      total 872960K, used 18524K [0x000000076d100000, 0x00000007a5680000, 0x00000007c0000000)
  eden space 825856K, 0% used [0x000000076d100000,0x000000076d100000,0x000000079f780000)
  from space 47104K, 39% used [0x00000007a2880000,0x00000007a3a970e8,0x00000007a5680000)
  to   space 48640K, 0% used [0x000000079f780000,0x000000079f780000,0x00000007a2700000)
 ParOldGen       total 171008K, used 119193K [0x00000006c7200000, 0x00000006d1900000, 0x000000076d100000)
  object space 171008K, 69% used [0x00000006c7200000,0x00000006ce6665a0,0x00000006d1900000)
 Metaspace       used 14657K, capacity 14762K, committed 14976K, reserved 1062912K
  class space    used 1802K, capacity 1851K, committed 1920K, reserved 1048576K
}
Event: 3.104 GC heap before
{Heap before GC invocations=11 (full 0):
 PSYoungGen      total 872960K, used 844380K [0x000000076d100000, 0x00000007a5680000, 0x00000007c0000000)
  eden space 825856K, 100% used [0x000000076d100000,0x000000079f780000,0x000000079f780000)
  from space 47104K, 39% used [0x00000007a2880000,0x00000007a3a970e8,0x00000007a5680000)
  to   space 48640K, 0% used [0x000000079f780000,0x000000079f780000,0x00000007a2700000)
 ParOldGen       total 171008K, used 119930K [0x00000006c7200000, 0x00000006d1900000, 0x000000076d100000)
  object space 171008K, 70% used [0x00000006c7200000,0x00000006ce71e8c0,0x00000006d1900000)
 Metaspace       used 14675K, capacity 14826K, committed 14976K, reserved 1062912K
  class space    used 1802K, capacity 1851K, committed 1920K, reserved 1048576K

Deoptimization events (10 events):
Event: 1.952 Thread 0x00007f2c0c4fc000 Uncommon trap: reason=class_check action=maybe_recompile pc=0x00007f2bfd39a524 method=java.util.Collections.max(Ljava/util/Collection;)Ljava/lang/Object; @ 31
Event: 1.972 Thread 0x00007f2b78005800 Uncommon trap: reason=unstable_if action=reinterpret pc=0x00007f2bfd3809d8 method=Utils.Util.CalculateImageDifference([[[I[[[I)[[[F @ 41
Event: 2.020 Thread 0x00007f2b78005800 Uncommon trap: reason=unstable_if action=reinterpret pc=0x00007f2bfd3b27cc method=Utils.Util.MeanChannelImage([[[F)[[F @ 25
Event: 2.045 Thread 0x00007f2b78005800 Uncommon trap: reason=unstable_if action=reinterpret pc=0x00007f2bfd3b2fe4 method=Utils.Util.ShrinkMap([[FII)[[F @ 31
Event: 2.045 Thread 0x00007f2c0c4fc000 Uncommon trap: reason=class_check action=maybe_recompile pc=0x00007f2bfd39a488 method=java.util.Collections.max(Ljava/util/Collection;)Ljava/lang/Object; @ 1
Event: 2.090 Thread 0x00007f2c0c4fc000 Uncommon trap: reason=class_check action=maybe_recompile pc=0x00007f2bfd394c10 method=java.util.Collections.min(Ljava/util/Collection;)Ljava/lang/Object; @ 1
Event: 2.090 Thread 0x00007f2c0c4fc000 Uncommon trap: reason=class_check action=maybe_recompile pc=0x00007f2bfd39a488 method=java.util.Collections.max(Ljava/util/Collection;)Ljava/lang/Object; @ 1
Event: 2.120 Thread 0x00007f2c0c4fc000 Uncommon trap: reason=class_check action=maybe_recompile pc=0x00007f2bfd394c10 method=java.util.Collections.min(Ljava/util/Collection;)Ljava/lang/Object; @ 1
Event: 2.128 Thread 0x00007f2c0c4fc000 Uncommon trap: reason=class_check action=maybe_recompile pc=0x00007f2bfd394c10 method=java.util.Collections.min(Ljava/util/Collection;)Ljava/lang/Object; @ 1
Event: 2.191 Thread 0x00007f2c0c4fc000 Uncommon trap: reason=unstable_if action=reinterpret pc=0x00007f2bfd3b69e4 method=java.awt.image.ComponentColorModel.getDataElements(ILjava/lang/Object;)Ljava/lang/Object; @ 30

Internal exceptions (10 events):
Event: 0.264 Thread 0x00007f2c0c00c000 Exception <a 'java/lang/ArrayIndexOutOfBoundsException'> (0x000000076dc3ae48) thrown at [/HUDSON/workspace/8-2-build-linux-amd64/jdk8u60/4407/hotspot/src/share/vm/runtime/sharedRuntime.cpp, line 605]
Event: 0.264 Thread 0x00007f2c0c00c000 Exception <a 'java/lang/ArrayIndexOutOfBoundsException'> (0x000000076dc3c0b0) thrown at [/HUDSON/workspace/8-2-build-linux-amd64/jdk8u60/4407/hotspot/src/share/vm/runtime/sharedRuntime.cpp, line 605]
Event: 0.264 Thread 0x00007f2c0c00c000 Exception <a 'java/lang/ArrayIndexOutOfBoundsException'> (0x000000076dc3d7a8) thrown at [/HUDSON/workspace/8-2-build-linux-amd64/jdk8u60/4407/hotspot/src/share/vm/runtime/sharedRuntime.cpp, line 605]
Event: 0.270 Thread 0x00007f2c0c00c000 Exception <a 'java/lang/ArrayIndexOutOfBoundsException'> (0x000000076dc63330) thrown at [/HUDSON/workspace/8-2-build-linux-amd64/jdk8u60/4407/hotspot/src/share/vm/runtime/sharedRuntime.cpp, line 605]
Event: 0.273 Thread 0x00007f2c0c00c000 Exception <a 'java/lang/ArrayIndexOutOfBoundsException'> (0x000000076dc732d8) thrown at [/HUDSON/workspace/8-2-build-linux-amd64/jdk8u60/4407/hotspot/src/share/vm/runtime/sharedRuntime.cpp, line 605]
Event: 0.292 Thread 0x00007f2c0c00c000 Implicit null exception at 0x00007f2bfd1e87f5 to 0x00007f2bfd1e8b51
Event: 1.008 Thread 0x00007f2c0c00c000 Exception <a 'java/lang/NoSuchFieldError': method resolution failed> (0x000000076edad900) thrown at [/HUDSON/workspace/8-2-build-linux-amd64/jdk8u60/4407/hotspot/src/share/vm/prims/methodHandles.cpp, line 1146]
Event: 1.009 Thread 0x00007f2c0c00c000 Exception <a 'java/lang/NoSuchFieldError': method resolution failed> (0x000000076edbafc0) thrown at [/HUDSON/workspace/8-2-build-linux-amd64/jdk8u60/4407/hotspot/src/share/vm/prims/methodHandles.cpp, line 1146]
Event: 1.036 Thread 0x00007f2c0c00c000 Exception <a 'java/io/FileNotFoundException'> (0x000000076ee3be08) thrown at [/HUDSON/workspace/8-2-build-linux-amd64/jdk8u60/4407/hotspot/src/share/vm/prims/jni.cpp, line 709]
Event: 1.036 Thread 0x00007f2c0c00c000 Exception <a 'java/io/FileNotFoundException'> (0x000000076ee3c8c0) thrown at [/HUDSON/workspace/8-2-build-linux-amd64/jdk8u60/4407/hotspot/src/share/vm/prims/jni.cpp, line 709]

Events (10 events):
Event: 2.376 Executing VM operation: ParallelGCSystemGC done
Event: 2.462 Thread 0x00007f2b78008000 DEOPT PACKING pc=0x00007f2bfd402b21 sp=0x00007f2becdaa3b0
Event: 2.462 Thread 0x00007f2b78008000 DEOPT UNPACKING pc=0x00007f2bfd047633 sp=0x00007f2becdaa0f8 mode 0
Event: 2.577 Thread 0x00007f2b78005800 DEOPT PACKING pc=0x00007f2bfd402b21 sp=0x00007f2becfac2b0
Event: 2.577 Thread 0x00007f2b78005800 DEOPT UNPACKING pc=0x00007f2bfd047633 sp=0x00007f2becfabff8 mode 0
Event: 3.104 Executing VM operation: ParallelGCFailedAllocation
Event: 3.104 Executing VM operation: ParallelGCFailedAllocation done
Event: 3.104 Executing VM operation: ParallelGCFailedAllocation
Event: 3.104 Executing VM operation: ParallelGCFailedAllocation done
Event: 3.104 Executing VM operation: ParallelGCSystemGC


Dynamic libraries:
00400000-00401000 r-xp 00000000 08:13 31472115                           /usr/lib/jvm/oracle-jdk-8u60-linux-x64/jdk1.8.0_60/bin/java
00600000-00601000 rw-p 00000000 08:13 31472115                           /usr/lib/jvm/oracle-jdk-8u60-linux-x64/jdk1.8.0_60/bin/java
0112d000-0114e000 rw-p 00000000 00:00 0                                  [heap]
6c7200000-6d1900000 rw-p 00000000 00:00 0 
6d1900000-76d100000 ---p 00000000 00:00 0 
76d100000-7a5680000 rw-p 00000000 00:00 0 
7bfe80000-7c0000000 ---p 00000000 00:00 0 
7c0000000-7c01e0000 rw-p 00000000 00:00 0 
7c01e0000-800000000 ---p 00000000 00:00 0 
7f2b4c000000-7f2b4c021000 rw-p 00000000 00:00 0 
7f2b4c021000-7f2b50000000 ---p 00000000 00:00 0 
7f2b50000000-7f2b50021000 rw-p 00000000 00:00 0 
7f2b50021000-7f2b54000000 ---p 00000000 00:00 0 
7f2b54000000-7f2b54021000 rw-p 00000000 00:00 0 
7f2b54021000-7f2b58000000 ---p 00000000 00:00 0 
7f2b58000000-7f2b58021000 rw-p 00000000 00:00 0 
7f2b58021000-7f2b5c000000 ---p 00000000 00:00 0 
7f2b5c000000-7f2b5c021000 rw-p 00000000 00:00 0 
7f2b5c021000-7f2b60000000 ---p 00000000 00:00 0 
7f2b60000000-7f2b60021000 rw-p 00000000 00:00 0 
7f2b60021000-7f2b64000000 ---p 00000000 00:00 0 
7f2b64000000-7f2b64021000 rw-p 00000000 00:00 0 
7f2b64021000-7f2b68000000 ---p 00000000 00:00 0 
7f2b68000000-7f2b68021000 rw-p 00000000 00:00 0 
7f2b68021000-7f2b6c000000 ---p 00000000 00:00 0 
7f2b6c000000-7f2b6c058000 rw-p 00000000 00:00 0 
7f2b6c058000-7f2b70000000 ---p 00000000 00:00 0 
7f2b70000000-7f2b70021000 rw-p 00000000 00:00 0 
7f2b70021000-7f2b74000000 ---p 00000000 00:00 0 
7f2b74000000-7f2b7404b000 rw-p 00000000 00:00 0 
7f2b7404b000-7f2b78000000 ---p 00000000 00:00 0 
7f2b78000000-7f2b78021000 rw-p 00000000 00:00 0 
7f2b78021000-7f2b7c000000 ---p 00000000 00:00 0 
7f2b7c000000-7f2b7c021000 rw-p 00000000 00:00 0 
7f2b7c021000-7f2b80000000 ---p 00000000 00:00 0 
7f2b80000000-7f2b800fe000 rw-p 00000000 00:00 0 
7f2b800fe000-7f2b84000000 ---p 00000000 00:00 0 
7f2b84000000-7f2b84021000 rw-p 00000000 00:00 0 
7f2b84021000-7f2b88000000 ---p 00000000 00:00 0 
7f2b88000000-7f2b88021000 rw-p 00000000 00:00 0 
7f2b88021000-7f2b8c000000 ---p 00000000 00:00 0 
7f2b8c000000-7f2b8c021000 rw-p 00000000 00:00 0 
7f2b8c021000-7f2b90000000 ---p 00000000 00:00 0 
7f2b90000000-7f2b90068000 rw-p 00000000 00:00 0 
7f2b90068000-7f2b94000000 ---p 00000000 00:00 0 
7f2b94000000-7f2b94021000 rw-p 00000000 00:00 0 
7f2b94021000-7f2b98000000 ---p 00000000 00:00 0 
7f2b98000000-7f2b98021000 rw-p 00000000 00:00 0 
7f2b98021000-7f2b9c000000 ---p 00000000 00:00 0 
7f2b9c000000-7f2b9c302000 rw-p 00000000 00:00 0 
7f2b9c302000-7f2ba0000000 ---p 00000000 00:00 0 
7f2ba0000000-7f2ba0378000 rw-p 00000000 00:00 0 
7f2ba0378000-7f2ba4000000 ---p 00000000 00:00 0 
7f2ba4000000-7f2ba4385000 rw-p 00000000 00:00 0 
7f2ba4385000-7f2ba8000000 ---p 00000000 00:00 0 
7f2ba8000000-7f2ba8392000 rw-p 00000000 00:00 0 
7f2ba8392000-7f2bac000000 ---p 00000000 00:00 0 
7f2bac000000-7f2bac021000 rw-p 00000000 00:00 0 
7f2bac021000-7f2bb0000000 ---p 00000000 00:00 0 
7f2bb0000000-7f2bb0021000 rw-p 00000000 00:00 0 
7f2bb0021000-7f2bb4000000 ---p 00000000 00:00 0 
7f2bb4000000-7f2bb4021000 rw-p 00000000 00:00 0 
7f2bb4021000-7f2bb8000000 ---p 00000000 00:00 0 
7f2bb8390000-7f2bc0000000 rw-p 00000000 00:00 0 
7f2bc0000000-7f2bc0021000 rw-p 00000000 00:00 0 
7f2bc0021000-7f2bc4000000 ---p 00000000 00:00 0 
7f2bc4000000-7f2bc428a000 rw-p 00000000 00:00 0 
7f2bc428a000-7f2bc8000000 ---p 00000000 00:00 0 
7f2bc8000000-7f2bc8021000 rw-p 00000000 00:00 0 
7f2bc8021000-7f2bcc000000 ---p 00000000 00:00 0 
7f2bd0000000-7f2bd0021000 rw-p 00000000 00:00 0 
7f2bd0021000-7f2bd4000000 ---p 00000000 00:00 0 
7f2bd8000000-7f2bd8021000 rw-p 00000000 00:00 0 
7f2bd8021000-7f2bdc000000 ---p 00000000 00:00 0 
7f2be0000000-7f2be0021000 rw-p 00000000 00:00 0 
7f2be0021000-7f2be4000000 ---p 00000000 00:00 0 
7f2be8000000-7f2be8021000 rw-p 00000000 00:00 0 
7f2be8021000-7f2bec000000 ---p 00000000 00:00 0 
7f2bec4a5000-7f2bec4a8000 ---p 00000000 00:00 0 
7f2bec4a8000-7f2bec5a6000 rw-p 00000000 00:00 0                          [stack:5269]
7f2bec5a6000-7f2bec5a9000 ---p 00000000 00:00 0 
7f2bec5a9000-7f2bec6a7000 rw-p 00000000 00:00 0                          [stack:5268]
7f2bec6a7000-7f2bec6aa000 ---p 00000000 00:00 0 
7f2bec6aa000-7f2bec7a8000 rw-p 00000000 00:00 0                          [stack:5267]
7f2bec7a8000-7f2bec7ab000 ---p 00000000 00:00 0 
7f2bec7ab000-7f2bec8a9000 rw-p 00000000 00:00 0                          [stack:5266]
7f2bec8a9000-7f2bec8ac000 ---p 00000000 00:00 0 
7f2bec8ac000-7f2bec9aa000 rw-p 00000000 00:00 0                          [stack:5265]
7f2bec9aa000-7f2bec9ad000 ---p 00000000 00:00 0 
7f2bec9ad000-7f2becb6b000 rw-p 00000000 00:00 0                          [stack:5264]
7f2becb6b000-7f2beccab000 ---p 00000000 00:00 0 
7f2beccab000-7f2beccae000 ---p 00000000 00:00 0 
7f2beccae000-7f2becdac000 rw-p 00000000 00:00 0                          [stack:5263]
7f2becdac000-7f2becdaf000 ---p 00000000 00:00 0 
7f2becdaf000-7f2becead000 rw-p 00000000 00:00 0                          [stack:5262]
7f2becead000-7f2beceb0000 ---p 00000000 00:00 0 
7f2beceb0000-7f2becfae000 rw-p 00000000 00:00 0                          [stack:5261]
7f2becfae000-7f2becfb1000 ---p 00000000 00:00 0 
7f2becfb1000-7f2bed0af000 rw-p 00000000 00:00 0                          [stack:5260]
7f2bed0af000-7f2bed0b2000 ---p 00000000 00:00 0 
7f2bed0b2000-7f2bed1b0000 rw-p 00000000 00:00 0                          [stack:5259]
7f2bed1b0000-7f2bed1b3000 ---p 00000000 00:00 0 
7f2bed1b3000-7f2bed2b1000 rw-p 00000000 00:00 0                          [stack:5258]
7f2bed2b1000-7f2bed2b4000 ---p 00000000 00:00 0 
7f2bed2b4000-7f2bed5b2000 rw-p 00000000 00:00 0                          [stack:5257]
7f2bed5b2000-7f2bed5ec000 r-xp 00000000 08:13 31471979                   /usr/lib/jvm/oracle-jdk-8u60-linux-x64/jdk1.8.0_60/jre/lib/amd64/libjpeg.so
7f2bed5ec000-7f2bed7ec000 ---p 0003a000 08:13 31471979                   /usr/lib/jvm/oracle-jdk-8u60-linux-x64/jdk1.8.0_60/jre/lib/amd64/libjpeg.so
7f2bed7ec000-7f2bed7ed000 rw-p 0003a000 08:13 31471979                   /usr/lib/jvm/oracle-jdk-8u60-linux-x64/jdk1.8.0_60/jre/lib/amd64/libjpeg.so
7f2bed7ed000-7f2bed7f0000 ---p 00000000 00:00 0 
7f2bed7f0000-7f2bed8ee000 rw-p 00000000 00:00 0                          [stack:5255]
7f2bed8ee000-7f2bed8f3000 r-xp 00000000 08:13 30933992                   /usr/lib/x86_64-linux-gnu/libXdmcp.so.6.0.0
7f2bed8f3000-7f2bedaf2000 ---p 00005000 08:13 30933992                   /usr/lib/x86_64-linux-gnu/libXdmcp.so.6.0.0
7f2bedaf2000-7f2bedaf3000 r--p 00004000 08:13 30933992                   /usr/lib/x86_64-linux-gnu/libXdmcp.so.6.0.0
7f2bedaf3000-7f2bedaf4000 rw-p 00005000 08:13 30933992                   /usr/lib/x86_64-linux-gnu/libXdmcp.so.6.0.0
7f2bedaf4000-7f2bedaf6000 r-xp 00000000 08:13 30933267                   /usr/lib/x86_64-linux-gnu/libXau.so.6.0.0
7f2bedaf6000-7f2bedcf6000 ---p 00002000 08:13 30933267                   /usr/lib/x86_64-linux-gnu/libXau.so.6.0.0
7f2bedcf6000-7f2bedcf7000 r--p 00002000 08:13 30933267                   /usr/lib/x86_64-linux-gnu/libXau.so.6.0.0
7f2bedcf7000-7f2bedcf8000 rw-p 00003000 08:13 30933267                   /usr/lib/x86_64-linux-gnu/libXau.so.6.0.0
7f2bedcf8000-7f2bedd15000 r-xp 00000000 08:13 30938489                   /usr/lib/x86_64-linux-gnu/libxcb.so.1.1.0
7f2bedd15000-7f2bedf15000 ---p 0001d000 08:13 30938489                   /usr/lib/x86_64-linux-gnu/libxcb.so.1.1.0
7f2bedf15000-7f2bedf16000 r--p 0001d000 08:13 30938489                   /usr/lib/x86_64-linux-gnu/libxcb.so.1.1.0
7f2bedf16000-7f2bedf17000 rw-p 0001e000 08:13 30938489                   /usr/lib/x86_64-linux-gnu/libxcb.so.1.1.0
7f2bedf17000-7f2bedf26000 r-xp 00000000 08:13 30936015                   /usr/lib/x86_64-linux-gnu/libXi.so.6.1.0
7f2bedf26000-7f2bee125000 ---p 0000f000 08:13 30936015                   /usr/lib/x86_64-linux-gnu/libXi.so.6.1.0
7f2bee125000-7f2bee126000 r--p 0000e000 08:13 30936015                   /usr/lib/x86_64-linux-gnu/libXi.so.6.1.0
7f2bee126000-7f2bee127000 rw-p 0000f000 08:13 30936015                   /usr/lib/x86_64-linux-gnu/libXi.so.6.1.0
7f2bee127000-7f2bee12c000 r-xp 00000000 08:13 30936677                   /usr/lib/x86_64-linux-gnu/libXtst.so.6.1.0
7f2bee12c000-7f2bee32b000 ---p 00005000 08:13 30936677                   /usr/lib/x86_64-linux-gnu/libXtst.so.6.1.0
7f2bee32b000-7f2bee32c000 r--p 00004000 08:13 30936677                   /usr/lib/x86_64-linux-gnu/libXtst.so.6.1.0
7f2bee32c000-7f2bee32d000 rw-p 00005000 08:13 30936677                   /usr/lib/x86_64-linux-gnu/libXtst.so.6.1.0
7f2bee32d000-7f2bee336000 r-xp 00000000 08:13 30938493                   /usr/lib/x86_64-linux-gnu/libXrender.so.1.3.0
7f2bee336000-7f2bee535000 ---p 00009000 08:13 30938493                   /usr/lib/x86_64-linux-gnu/libXrender.so.1.3.0
7f2bee535000-7f2bee536000 r--p 00008000 08:13 30938493                   /usr/lib/x86_64-linux-gnu/libXrender.so.1.3.0
7f2bee536000-7f2bee537000 rw-p 00009000 08:13 30938493                   /usr/lib/x86_64-linux-gnu/libXrender.so.1.3.0
7f2bee537000-7f2bee667000 r-xp 00000000 08:13 30934116                   /usr/lib/x86_64-linux-gnu/libX11.so.6.3.0
7f2bee667000-7f2bee867000 ---p 00130000 08:13 30934116                   /usr/lib/x86_64-linux-gnu/libX11.so.6.3.0
7f2bee867000-7f2bee868000 r--p 00130000 08:13 30934116                   /usr/lib/x86_64-linux-gnu/libX11.so.6.3.0
7f2bee868000-7f2bee86c000 rw-p 00131000 08:13 30934116                   /usr/lib/x86_64-linux-gnu/libX11.so.6.3.0
7f2bee86c000-7f2bee87d000 r-xp 00000000 08:13 30937501                   /usr/lib/x86_64-linux-gnu/libXext.so.6.4.0
7f2bee87d000-7f2beea7c000 ---p 00011000 08:13 30937501                   /usr/lib/x86_64-linux-gnu/libXext.so.6.4.0
7f2beea7c000-7f2beea7d000 r--p 00010000 08:13 30937501                   /usr/lib/x86_64-linux-gnu/libXext.so.6.4.0
7f2beea7d000-7f2beea7e000 rw-p 00011000 08:13 30937501                   /usr/lib/x86_64-linux-gnu/libXext.so.6.4.0
7f2beea7e000-7f2beead2000 r-xp 00000000 08:13 31472000                   /usr/lib/jvm/oracle-jdk-8u60-linux-x64/jdk1.8.0_60/jre/lib/amd64/libawt_xawt.so
7f2beead2000-7f2beecd2000 ---p 00054000 08:13 31472000                   /usr/lib/jvm/oracle-jdk-8u60-linux-x64/jdk1.8.0_60/jre/lib/amd64/libawt_xawt.so
7f2beecd2000-7f2beecd6000 rw-p 00054000 08:13 31472000                   /usr/lib/jvm/oracle-jdk-8u60-linux-x64/jdk1.8.0_60/jre/lib/amd64/libawt_xawt.so
7f2beecd6000-7f2beecd7000 rw-p 00000000 00:00 0 
7f2beecd7000-7f2beed79000 r-xp 00000000 08:13 31472007                   /usr/lib/jvm/oracle-jdk-8u60-linux-x64/jdk1.8.0_60/jre/lib/amd64/libawt.so
7f2beed79000-7f2beef79000 ---p 000a2000 08:13 31472007                   /usr/lib/jvm/oracle-jdk-8u60-linux-x64/jdk1.8.0_60/jre/lib/amd64/libawt.so
7f2beef79000-7f2beef85000 rw-p 000a2000 08:13 31472007                   /usr/lib/jvm/oracle-jdk-8u60-linux-x64/jdk1.8.0_60/jre/lib/amd64/libawt.so
7f2beef85000-7f2beefa9000 rw-p 00000000 00:00 0 
7f2beefa9000-7f2beefac000 ---p 00000000 00:00 0 
7f2beefac000-7f2bef0aa000 rw-p 00000000 00:00 0                          [stack:5254]
7f2bef0aa000-7f2bef0c1000 r-xp 00000000 08:13 35258813                   /lib/x86_64-linux-gnu/libresolv-2.19.so
7f2bef0c1000-7f2bef2c1000 ---p 00017000 08:13 35258813                   /lib/x86_64-linux-gnu/libresolv-2.19.so
7f2bef2c1000-7f2bef2c2000 r--p 00017000 08:13 35258813                   /lib/x86_64-linux-gnu/libresolv-2.19.so
7f2bef2c2000-7f2bef2c3000 rw-p 00018000 08:13 35258813                   /lib/x86_64-linux-gnu/libresolv-2.19.so
7f2bef2c3000-7f2bef2c5000 rw-p 00000000 00:00 0 
7f2bef2c5000-7f2bef2ca000 r-xp 00000000 08:13 35259014                   /lib/x86_64-linux-gnu/libnss_dns-2.19.so
7f2bef2ca000-7f2bef4c9000 ---p 00005000 08:13 35259014                   /lib/x86_64-linux-gnu/libnss_dns-2.19.so
7f2bef4c9000-7f2bef4ca000 r--p 00004000 08:13 35259014                   /lib/x86_64-linux-gnu/libnss_dns-2.19.so
7f2bef4ca000-7f2bef4cb000 rw-p 00005000 08:13 35259014                   /lib/x86_64-linux-gnu/libnss_dns-2.19.so
7f2bef4cb000-7f2bef4cd000 r-xp 00000000 08:13 35258642                   /lib/x86_64-linux-gnu/libnss_mdns4_minimal.so.2
7f2bef4cd000-7f2bef6cc000 ---p 00002000 08:13 35258642                   /lib/x86_64-linux-gnu/libnss_mdns4_minimal.so.2
7f2bef6cc000-7f2bef6cd000 r--p 00001000 08:13 35258642                   /lib/x86_64-linux-gnu/libnss_mdns4_minimal.so.2
7f2bef6cd000-7f2bef6ce000 rw-p 00002000 08:13 35258642                   /lib/x86_64-linux-gnu/libnss_mdns4_minimal.so.2
7f2bef6ce000-7f2bef8ce000 rw-p 00000000 00:00 0 
7f2bef8ce000-7f2bef8d1000 ---p 00000000 00:00 0 
7f2bef8d1000-7f2bef9cf000 rw-p 00000000 00:00 0                          [stack:5249]
7f2bef9cf000-7f2bef9e0000 r-xp 00000000 08:13 31472013                   /usr/lib/jvm/oracle-jdk-8u60-linux-x64/jdk1.8.0_60/jre/lib/amd64/libnio.so
7f2bef9e0000-7f2befbdf000 ---p 00011000 08:13 31472013                   /usr/lib/jvm/oracle-jdk-8u60-linux-x64/jdk1.8.0_60/jre/lib/amd64/libnio.so
7f2befbdf000-7f2befbe0000 rw-p 00010000 08:13 31472013                   /usr/lib/jvm/oracle-jdk-8u60-linux-x64/jdk1.8.0_60/jre/lib/amd64/libnio.so
7f2befbe0000-7f2befbe8000 r-xp 00000000 08:13 31471973                   /usr/lib/jvm/oracle-jdk-8u60-linux-x64/jdk1.8.0_60/jre/lib/amd64/libmanagement.so
7f2befbe8000-7f2befde8000 ---p 00008000 08:13 31471973                   /usr/lib/jvm/oracle-jdk-8u60-linux-x64/jdk1.8.0_60/jre/lib/amd64/libmanagement.so
7f2befde8000-7f2befde9000 rw-p 00008000 08:13 31471973                   /usr/lib/jvm/oracle-jdk-8u60-linux-x64/jdk1.8.0_60/jre/lib/amd64/libmanagement.so
7f2befde9000-7f2befdff000 r-xp 00000000 08:13 31471987                   /usr/lib/jvm/oracle-jdk-8u60-linux-x64/jdk1.8.0_60/jre/lib/amd64/libnet.so
7f2befdff000-7f2beffff000 ---p 00016000 08:13 31471987                   /usr/lib/jvm/oracle-jdk-8u60-linux-x64/jdk1.8.0_60/jre/lib/amd64/libnet.so
7f2beffff000-7f2bf0000000 rw-p 00016000 08:13 31471987                   /usr/lib/jvm/oracle-jdk-8u60-linux-x64/jdk1.8.0_60/jre/lib/amd64/libnet.so
7f2bf0000000-7f2bf0021000 rw-p 00000000 00:00 0 
7f2bf0021000-7f2bf4000000 ---p 00000000 00:00 0 
7f2bf4087000-7f2bf4088000 rw-p 00000000 00:00 0 
7f2bf4088000-7f2bf408b000 ---p 00000000 00:00 0 
7f2bf408b000-7f2bf4189000 rw-p 00000000 00:00 0                          [stack:5248]
7f2bf4189000-7f2bf41a5000 r--s 00393000 08:13 31472044                   /usr/lib/jvm/oracle-jdk-8u60-linux-x64/jdk1.8.0_60/jre/lib/ext/cldrdata.jar
7f2bf41a5000-7f2bf41af000 r--s 00116000 08:13 31472037                   /usr/lib/jvm/oracle-jdk-8u60-linux-x64/jdk1.8.0_60/jre/lib/ext/localedata.jar
7f2bf41af000-7f2bf41b3000 r--s 00095000 08:13 31472033                   /usr/lib/jvm/oracle-jdk-8u60-linux-x64/jdk1.8.0_60/jre/lib/jsse.jar
7f2bf41b3000-7f2bf41e4000 rw-p 00000000 00:00 0 
7f2bf41e4000-7f2bf41e7000 ---p 00000000 00:00 0 
7f2bf41e7000-7f2bf42e5000 rw-p 00000000 00:00 0                          [stack:5246]
7f2bf42e5000-7f2bf42e6000 r-xp 00000000 08:13 71671017                   /home/marzampoglou/IntelliJ_IDEA/idea-IU-141.1532.4/bin/libbreakgen64.so
7f2bf42e6000-7f2bf44e5000 ---p 00001000 08:13 71671017                   /home/marzampoglou/IntelliJ_IDEA/idea-IU-141.1532.4/bin/libbreakgen64.so
7f2bf44e5000-7f2bf44e6000 r--p 00000000 08:13 71671017                   /home/marzampoglou/IntelliJ_IDEA/idea-IU-141.1532.4/bin/libbreakgen64.so
7f2bf44e6000-7f2bf44e7000 rw-p 00001000 08:13 71671017                   /home/marzampoglou/IntelliJ_IDEA/idea-IU-141.1532.4/bin/libbreakgen64.so
7f2bf44e7000-7f2bf44e9000 r--s 00016000 08:13 71671111                   /home/marzampoglou/IntelliJ_IDEA/idea-IU-141.1532.4/lib/idea_rt.jar
7f2bf44e9000-7f2bf44eb000 r--s 00005000 08:13 77334120                   /home/marzampoglou/.m2/repository/xpp3/xpp3_min/1.1.4c/xpp3_min-1.1.4c.jar
7f2bf44eb000-7f2bf44f8000 r--s 0006a000 08:13 77334151                   /home/marzampoglou/.m2/repository/com/thoughtworks/xstream/xstream/1.4.4/xstream-1.4.4.jar
7f2bf44f8000-7f2bf44fc000 r--s 0001f000 08:13 77334150                   /home/marzampoglou/.m2/repository/org/ddogleg/ddogleg/0.3/ddogleg-0.3.jar
7f2bf44fc000-7f2bf4501000 r--s 0002d000 08:13 77334147                   /home/marzampoglou/.m2/repository/org/georegression/georegression/0.4/georegression-0.4.jar
7f2bf4501000-7f2bf4506000 r--s 00045000 08:13 77334146                   /home/marzampoglou/.m2/repository/com/googlecode/efficient-java-matrix-library/ejml/0.23/ejml-0.23.jar
7f2bf4506000-7f2bf4527000 r--s 001a4000 08:13 77334144                   /home/marzampoglou/.m2/repository/org/boofcv/boofcv/0.15/boofcv-0.15.jar
7f2bf4527000-7f2bf452a000 r--s 0003d000 08:13 77334136                   /home/marzampoglou/.m2/repository/javax/media/jai/com.springsource.javax.media.jai.codec/1.1.3/com.springsource.javax.media.jai.codec-1.1.3.jar
7f2bf452a000-7f2bf453e000 r--s 001c0000 08:13 77334135                   /home/marzampoglou/.m2/repository/javax/media/jai/com.springsource.javax.media.jai.core/1.1.3/com.springsource.javax.media.jai.core-1.1.3.jar
7f2bf453e000-7f2bf4542000 r--s 00107000 08:13 77334142                   /home/marzampoglou/.m2/repository/net/java/dev/jna/jna/4.2.0/jna-4.2.0.jar
7f2bf4542000-7f2bf455e000 r--s 00144000 08:13 77334141                   /home/marzampoglou/.m2/repository/org/ojalgo/ojalgo/38.2/ojalgo-38.2.jar
7f2bf455e000-7f2bf4582000 r--s 001ce000 08:13 77334139                   /home/marzampoglou/.m2/repository/org/apache/commons/commons-math3/3.5/commons-math3-3.5.jar
7f2bf4582000-7f2bf4589000 r--s 00064000 08:13 77334140                   /home/marzampoglou/.m2/repository/org/apache/commons/commons-lang3/3.4/commons-lang3-3.4.jar
7f2bf4589000-7f2bf458b000 r--s 0001b000 08:13 83104501                   /home/marzampoglou/.m2/repository/com/adobe/xmp/xmpcore/5.1.2/xmpcore-5.1.2.jar
7f2bf458b000-7f2bf4591000 r--s 0004f000 08:13 83104502                   /home/marzampoglou/.m2/repository/com/drewnoakes/metadata-extractor/2.8.1/metadata-extractor-2.8.1.jar
7f2bf4591000-7f2bf4596000 r--s 0002f000 08:13 76023650                   /home/marzampoglou/.m2/repository/com/google/code/gson/gson/2.4/gson-2.4.jar
7f2bf4596000-7f2bf459c000 r--s 0004a000 08:13 83231062                   /home/marzampoglou/.m2/repository/cglib/cglib-nodep/2.2.2/cglib-nodep-2.2.2.jar
7f2bf459c000-7f2bf45b4000 r--s 00121000 08:13 76823339                   /home/marzampoglou/.m2/repository/org/mongodb/mongo-java-driver/3.0.2/mongo-java-driver-3.0.2.jar
7f2bf45b4000-7f2bf45bc000 r--s 00051000 08:13 76686121                   /home/marzampoglou/.m2/repository/org/mongodb/morphia/morphia/1.0.1/morphia-1.0.1.jar
7f2bf45bc000-7f2bf45cf000 r--s 00344000 08:13 31472057                   /usr/lib/jvm/oracle-jdk-8u60-linux-x64/jdk1.8.0_60/jre/lib/resources.jar
7f2bf45cf000-7f2bf45e2000 r--s 000d5000 08:13 31471949                   /usr/lib/jvm/oracle-jdk-8u60-linux-x64/jdk1.8.0_60/jre/lib/plugin.jar
7f2bf45e2000-7f2bf45ec000 r--s 0006b000 08:13 31471879                   /usr/lib/jvm/oracle-jdk-8u60-linux-x64/jdk1.8.0_60/jre/lib/javaws.jar
7f2bf45ec000-7f2bf4607000 r--s 001fc000 08:13 31472047                   /usr/lib/jvm/oracle-jdk-8u60-linux-x64/jdk1.8.0_60/jre/lib/deploy.jar
7f2bf4607000-7f2bf4608000 ---p 00000000 00:00 0 
7f2bf4608000-7f2bf4708000 rw-p 00000000 00:00 0                          [stack:5245]
7f2bf4708000-7f2bf470b000 ---p 00000000 00:00 0 
7f2bf470b000-7f2bf4809000 rw-p 00000000 00:00 0                          [stack:5244]
7f2bf4809000-7f2bf480c000 ---p 00000000 00:00 0 
7f2bf480c000-7f2bf490a000 rw-p 00000000 00:00 0                          [stack:5243]
7f2bf490a000-7f2bf490d000 ---p 00000000 00:00 0 
7f2bf490d000-7f2bf4a0b000 rw-p 00000000 00:00 0                          [stack:5242]
7f2bf4a0b000-7f2bf4a0e000 ---p 00000000 00:00 0 
7f2bf4a0e000-7f2bf4b0c000 rw-p 00000000 00:00 0                          [stack:5241]
7f2bf4b0c000-7f2bf4b0f000 ---p 00000000 00:00 0 
7f2bf4b0f000-7f2bf4c0d000 rw-p 00000000 00:00 0                          [stack:5240]
7f2bf4c0d000-7f2bf4c10000 ---p 00000000 00:00 0 
7f2bf4c10000-7f2bf4d0e000 rw-p 00000000 00:00 0                          [stack:5233]
7f2bf4d0e000-7f2bf53fc000 r--p 00000000 08:13 30934335                   /usr/lib/locale/locale-archive
7f2bf53fc000-7f2bf53ff000 ---p 00000000 00:00 0 
7f2bf53ff000-7f2bf54fd000 rw-p 00000000 00:00 0                          [stack:5231]
7f2bf54fd000-7f2bf5500000 ---p 00000000 00:00 0 
7f2bf5500000-7f2bf55fe000 rw-p 00000000 00:00 0                          [stack:5229]
7f2bf55fe000-7f2bf55ff000 ---p 00000000 00:00 0 
7f2bf55ff000-7f2bf8000000 rw-p 00000000 00:00 0                          [stack:5227]
7f2bf8000000-7f2bf8021000 rw-p 00000000 00:00 0 
7f2bf8021000-7f2bfc000000 ---p 00000000 00:00 0 
7f2bfc000000-7f2bfc001000 r--s 00001000 08:13 77334118                   /home/marzampoglou/.m2/repository/xmlpull/xmlpull/1.1.3.1/xmlpull-1.1.3.1.jar
7f2bfc001000-7f2bfc005000 r--s 00016000 08:13 83231063                   /home/marzampoglou/.m2/repository/com/thoughtworks/proxytoys/proxytoys/1.0/proxytoys-1.0.jar
7f2bfc005000-7f2bfc006000 r--s 00000000 08:13 31472027                   /usr/lib/jvm/oracle-jdk-8u60-linux-x64/jdk1.8.0_60/jre/lib/management-agent.jar
7f2bfc006000-7f2bfc009000 r--s 0001a000 08:13 31471951                   /usr/lib/jvm/oracle-jdk-8u60-linux-x64/jdk1.8.0_60/jre/lib/jce.jar
7f2bfc009000-7f2bfc2f2000 rw-p 00000000 00:00 0 
7f2bfc2f2000-7f2bfc4ca000 r--s 03d17000 08:13 31472030                   /usr/lib/jvm/oracle-jdk-8u60-linux-x64/jdk1.8.0_60/jre/lib/rt.jar
7f2bfc4ca000-7f2bfc4cb000 ---p 00000000 00:00 0 
7f2bfc4cb000-7f2bfc5cb000 rw-p 00000000 00:00 0                          [stack:5225]
7f2bfc5cb000-7f2bfc5cc000 ---p 00000000 00:00 0 
7f2bfc5cc000-7f2bfc6cc000 rw-p 00000000 00:00 0                          [stack:5224]
7f2bfc6cc000-7f2bfc6cd000 ---p 00000000 00:00 0 
7f2bfc6cd000-7f2bfc7cd000 rw-p 00000000 00:00 0                          [stack:5223]
7f2bfc7cd000-7f2bfc7ce000 ---p 00000000 00:00 0 
7f2bfc7ce000-7f2bfc8ce000 rw-p 00000000 00:00 0                          [stack:5220]
7f2bfc8ce000-7f2bfc8cf000 ---p 00000000 00:00 0 
7f2bfc8cf000-7f2bfc9cf000 rw-p 00000000 00:00 0                          [stack:5218]
7f2bfc9cf000-7f2bfc9d0000 ---p 00000000 00:00 0 
7f2bfc9d0000-7f2bfcb24000 rw-p 00000000 00:00 0                          [stack:5216]
7f2bfcb24000-7f2bfd000000 ---p 00000000 00:00 0 
7f2bfd000000-7f2bfd4e0000 rwxp 00000000 00:00 0 
7f2bfd4e0000-7f2c0c000000 ---p 00000000 00:00 0 
7f2c0c000000-7f2c0c7d4000 rw-p 00000000 00:00 0 
7f2c0c7d4000-7f2c10000000 ---p 00000000 00:00 0 
7f2c10000000-7f2c10002000 r--s 00007000 08:13 31472060                   /usr/lib/jvm/oracle-jdk-8u60-linux-x64/jdk1.8.0_60/jre/lib/jfxswt.jar
7f2c10002000-7f2c10006000 r--s 00095000 08:13 31472033                   /usr/lib/jvm/oracle-jdk-8u60-linux-x64/jdk1.8.0_60/jre/lib/jsse.jar
7f2c10006000-7f2c1000c000 r--s 002f8000 08:13 31471950                   /usr/lib/jvm/oracle-jdk-8u60-linux-x64/jdk1.8.0_60/jre/lib/charsets.jar
7f2c1000c000-7f2c100dd000 rw-p 00000000 00:00 0 
7f2c100dd000-7f2c100de000 ---p 00000000 00:00 0 
7f2c100de000-7f2c101de000 rw-p 00000000 00:00 0                          [stack:5214]
7f2c101de000-7f2c101df000 ---p 00000000 00:00 0 
7f2c101df000-7f2c10333000 rw-p 00000000 00:00 0                          [stack:5212]
7f2c10333000-7f2c1080e000 ---p 00000000 00:00 0 
7f2c1080e000-7f2c109d2000 rw-p 00000000 00:00 0 
7f2c109d2000-7f2c10aa6000 ---p 00000000 00:00 0 
7f2c10aa6000-7f2c10abb000 rw-p 00000000 00:00 0 
7f2c10abb000-7f2c10e67000 ---p 00000000 00:00 0 
7f2c10e67000-7f2c10e81000 r-xp 00000000 08:13 31471982                   /usr/lib/jvm/oracle-jdk-8u60-linux-x64/jdk1.8.0_60/jre/lib/amd64/libzip.so
7f2c10e81000-7f2c11081000 ---p 0001a000 08:13 31471982                   /usr/lib/jvm/oracle-jdk-8u60-linux-x64/jdk1.8.0_60/jre/lib/amd64/libzip.so
7f2c11081000-7f2c11082000 rw-p 0001a000 08:13 31471982                   /usr/lib/jvm/oracle-jdk-8u60-linux-x64/jdk1.8.0_60/jre/lib/amd64/libzip.so
7f2c11082000-7f2c1108d000 r-xp 00000000 08:13 35258873                   /lib/x86_64-linux-gnu/libnss_files-2.19.so
7f2c1108d000-7f2c1128c000 ---p 0000b000 08:13 35258873                   /lib/x86_64-linux-gnu/libnss_files-2.19.so
7f2c1128c000-7f2c1128d000 r--p 0000a000 08:13 35258873                   /lib/x86_64-linux-gnu/libnss_files-2.19.so
7f2c1128d000-7f2c1128e000 rw-p 0000b000 08:13 35258873                   /lib/x86_64-linux-gnu/libnss_files-2.19.so
7f2c1128e000-7f2c11299000 r-xp 00000000 08:13 35259048                   /lib/x86_64-linux-gnu/libnss_nis-2.19.so
7f2c11299000-7f2c11498000 ---p 0000b000 08:13 35259048                   /lib/x86_64-linux-gnu/libnss_nis-2.19.so
7f2c11498000-7f2c11499000 r--p 0000a000 08:13 35259048                   /lib/x86_64-linux-gnu/libnss_nis-2.19.so
7f2c11499000-7f2c1149a000 rw-p 0000b000 08:13 35259048                   /lib/x86_64-linux-gnu/libnss_nis-2.19.so
7f2c1149a000-7f2c114b1000 r-xp 00000000 08:13 35259028                   /lib/x86_64-linux-gnu/libnsl-2.19.so
7f2c114b1000-7f2c116b0000 ---p 00017000 08:13 35259028                   /lib/x86_64-linux-gnu/libnsl-2.19.so
7f2c116b0000-7f2c116b1000 r--p 00016000 08:13 35259028                   /lib/x86_64-linux-gnu/libnsl-2.19.so
7f2c116b1000-7f2c116b2000 rw-p 00017000 08:13 35259028                   /lib/x86_64-linux-gnu/libnsl-2.19.so
7f2c116b2000-7f2c116b4000 rw-p 00000000 00:00 0 
7f2c116b4000-7f2c116bd000 r-xp 00000000 08:13 35259026                   /lib/x86_64-linux-gnu/libnss_compat-2.19.so
7f2c116bd000-7f2c118bc000 ---p 00009000 08:13 35259026                   /lib/x86_64-linux-gnu/libnss_compat-2.19.so
7f2c118bc000-7f2c118bd000 r--p 00008000 08:13 35259026                   /lib/x86_64-linux-gnu/libnss_compat-2.19.so
7f2c118bd000-7f2c118be000 rw-p 00009000 08:13 35259026                   /lib/x86_64-linux-gnu/libnss_compat-2.19.so
7f2c118be000-7f2c118e8000 r-xp 00000000 08:13 31471961                   /usr/lib/jvm/oracle-jdk-8u60-linux-x64/jdk1.8.0_60/jre/lib/amd64/libjava.so
7f2c118e8000-7f2c11ae8000 ---p 0002a000 08:13 31471961                   /usr/lib/jvm/oracle-jdk-8u60-linux-x64/jdk1.8.0_60/jre/lib/amd64/libjava.so
7f2c11ae8000-7f2c11aea000 rw-p 0002a000 08:13 31471961                   /usr/lib/jvm/oracle-jdk-8u60-linux-x64/jdk1.8.0_60/jre/lib/amd64/libjava.so
7f2c11aea000-7f2c11af7000 r-xp 00000000 08:13 31471976                   /usr/lib/jvm/oracle-jdk-8u60-linux-x64/jdk1.8.0_60/jre/lib/amd64/libverify.so
7f2c11af7000-7f2c11cf7000 ---p 0000d000 08:13 31471976                   /usr/lib/jvm/oracle-jdk-8u60-linux-x64/jdk1.8.0_60/jre/lib/amd64/libverify.so
7f2c11cf7000-7f2c11cf9000 rw-p 0000d000 08:13 31471976                   /usr/lib/jvm/oracle-jdk-8u60-linux-x64/jdk1.8.0_60/jre/lib/amd64/libverify.so
7f2c11cf9000-7f2c11d00000 r-xp 00000000 08:13 35259044                   /lib/x86_64-linux-gnu/librt-2.19.so
7f2c11d00000-7f2c11eff000 ---p 00007000 08:13 35259044                   /lib/x86_64-linux-gnu/librt-2.19.so
7f2c11eff000-7f2c11f00000 r--p 00006000 08:13 35259044                   /lib/x86_64-linux-gnu/librt-2.19.so
7f2c11f00000-7f2c11f01000 rw-p 00007000 08:13 35259044                   /lib/x86_64-linux-gnu/librt-2.19.so
7f2c11f01000-7f2c12bbf000 r-xp 00000000 08:13 31471997                   /usr/lib/jvm/oracle-jdk-8u60-linux-x64/jdk1.8.0_60/jre/lib/amd64/server/libjvm.so
7f2c12bbf000-7f2c12dbe000 ---p 00cbe000 08:13 31471997                   /usr/lib/jvm/oracle-jdk-8u60-linux-x64/jdk1.8.0_60/jre/lib/amd64/server/libjvm.so
7f2c12dbe000-7f2c12e96000 rw-p 00cbd000 08:13 31471997                   /usr/lib/jvm/oracle-jdk-8u60-linux-x64/jdk1.8.0_60/jre/lib/amd64/server/libjvm.so
7f2c12e96000-7f2c12edb000 rw-p 00000000 00:00 0 
7f2c12edb000-7f2c12ef1000 r-xp 00000000 08:13 35258559                   /lib/x86_64-linux-gnu/libgcc_s.so.1
7f2c12ef1000-7f2c130f0000 ---p 00016000 08:13 35258559                   /lib/x86_64-linux-gnu/libgcc_s.so.1
7f2c130f0000-7f2c130f1000 rw-p 00015000 08:13 35258559                   /lib/x86_64-linux-gnu/libgcc_s.so.1
7f2c130f1000-7f2c131f6000 r-xp 00000000 08:13 35258845                   /lib/x86_64-linux-gnu/libm-2.19.so
7f2c131f6000-7f2c133f5000 ---p 00105000 08:13 35258845                   /lib/x86_64-linux-gnu/libm-2.19.so
7f2c133f5000-7f2c133f6000 r--p 00104000 08:13 35258845                   /lib/x86_64-linux-gnu/libm-2.19.so
7f2c133f6000-7f2c133f7000 rw-p 00105000 08:13 35258845                   /lib/x86_64-linux-gnu/libm-2.19.so
7f2c133f7000-7f2c135b2000 r-xp 00000000 08:13 35259038                   /lib/x86_64-linux-gnu/libc-2.19.so
7f2c135b2000-7f2c137b1000 ---p 001bb000 08:13 35259038                   /lib/x86_64-linux-gnu/libc-2.19.so
7f2c137b1000-7f2c137b5000 r--p 001ba000 08:13 35259038                   /lib/x86_64-linux-gnu/libc-2.19.so
7f2c137b5000-7f2c137b7000 rw-p 001be000 08:13 35259038                   /lib/x86_64-linux-gnu/libc-2.19.so
7f2c137b7000-7f2c137bc000 rw-p 00000000 00:00 0 
7f2c137bc000-7f2c137bf000 r-xp 00000000 08:13 35259016                   /lib/x86_64-linux-gnu/libdl-2.19.so
7f2c137bf000-7f2c139be000 ---p 00003000 08:13 35259016                   /lib/x86_64-linux-gnu/libdl-2.19.so
7f2c139be000-7f2c139bf000 r--p 00002000 08:13 35259016                   /lib/x86_64-linux-gnu/libdl-2.19.so
7f2c139bf000-7f2c139c0000 rw-p 00003000 08:13 35259016                   /lib/x86_64-linux-gnu/libdl-2.19.so
7f2c139c0000-7f2c139d5000 r-xp 00000000 08:13 31461846                   /usr/lib/jvm/oracle-jdk-8u60-linux-x64/jdk1.8.0_60/lib/amd64/jli/libjli.so
7f2c139d5000-7f2c13bd5000 ---p 00015000 08:13 31461846                   /usr/lib/jvm/oracle-jdk-8u60-linux-x64/jdk1.8.0_60/lib/amd64/jli/libjli.so
7f2c13bd5000-7f2c13bd6000 rw-p 00015000 08:13 31461846                   /usr/lib/jvm/oracle-jdk-8u60-linux-x64/jdk1.8.0_60/lib/amd64/jli/libjli.so
7f2c13bd6000-7f2c13bef000 r-xp 00000000 08:13 35259040                   /lib/x86_64-linux-gnu/libpthread-2.19.so
7f2c13bef000-7f2c13dee000 ---p 00019000 08:13 35259040                   /lib/x86_64-linux-gnu/libpthread-2.19.so
7f2c13dee000-7f2c13def000 r--p 00018000 08:13 35259040                   /lib/x86_64-linux-gnu/libpthread-2.19.so
7f2c13def000-7f2c13df0000 rw-p 00019000 08:13 35259040                   /lib/x86_64-linux-gnu/libpthread-2.19.so
7f2c13df0000-7f2c13df4000 rw-p 00000000 00:00 0 
7f2c13df4000-7f2c13eda000 r-xp 00000000 08:13 30938428                   /usr/lib/x86_64-linux-gnu/libstdc++.so.6.0.19
7f2c13eda000-7f2c140d9000 ---p 000e6000 08:13 30938428                   /usr/lib/x86_64-linux-gnu/libstdc++.so.6.0.19
7f2c140d9000-7f2c140e1000 r--p 000e5000 08:13 30938428                   /usr/lib/x86_64-linux-gnu/libstdc++.so.6.0.19
7f2c140e1000-7f2c140e3000 rw-p 000ed000 08:13 30938428                   /usr/lib/x86_64-linux-gnu/libstdc++.so.6.0.19
7f2c140e3000-7f2c140f8000 rw-p 00000000 00:00 0 
7f2c140f8000-7f2c1411b000 r-xp 00000000 08:13 35259032                   /lib/x86_64-linux-gnu/ld-2.19.so
7f2c1411b000-7f2c14120000 r--s 00083000 08:13 31472031                   /usr/lib/jvm/oracle-jdk-8u60-linux-x64/jdk1.8.0_60/jre/lib/jfr.jar
7f2c14120000-7f2c141e5000 rw-p 00000000 00:00 0 
7f2c141e5000-7f2c141e8000 ---p 00000000 00:00 0 
7f2c141e8000-7f2c1430e000 rw-p 00000000 00:00 0                          [stack:5208]
7f2c1430e000-7f2c14316000 rw-s 00000000 08:13 18087968                   /tmp/hsperfdata_marzampoglou/5206
7f2c14316000-7f2c14317000 rw-p 00000000 00:00 0 
7f2c14317000-7f2c14318000 ---p 00000000 00:00 0 
7f2c14318000-7f2c1431a000 rw-p 00000000 00:00 0 
7f2c1431a000-7f2c1431b000 r--p 00022000 08:13 35259032                   /lib/x86_64-linux-gnu/ld-2.19.so
7f2c1431b000-7f2c1431c000 rw-p 00023000 08:13 35259032                   /lib/x86_64-linux-gnu/ld-2.19.so
7f2c1431c000-7f2c1431d000 rw-p 00000000 00:00 0 
7ffeca111000-7ffeca133000 rw-p 00000000 00:00 0                          [stack]
7ffeca190000-7ffeca192000 r-xp 00000000 00:00 0                          [vdso]
ffffffffff600000-ffffffffff601000 r-xp 00000000 00:00 0                  [vsyscall]

VM Arguments:
jvm_args: -Didea.launcher.port=7539 -Didea.launcher.bin.path=/home/marzampoglou/IntelliJ_IDEA/idea-IU-141.1532.4/bin -Dfile.encoding=UTF-8 
java_command: com.intellij.rt.execution.application.AppMain ForensicsToolbox.ReportManagement
java_class_path (initial): /usr/lib/jvm/oracle-jdk-8u60-linux-x64/jdk1.8.0_60/jre/lib/charsets.jar:/usr/lib/jvm/oracle-jdk-8u60-linux-x64/jdk1.8.0_60/jre/lib/deploy.jar:/usr/lib/jvm/oracle-jdk-8u60-linux-x64/jdk1.8.0_60/jre/lib/jfr.jar:/usr/lib/jvm/oracle-jdk-8u60-linux-x64/jdk1.8.0_60/jre/lib/javaws.jar:/usr/lib/jvm/oracle-jdk-8u60-linux-x64/jdk1.8.0_60/jre/lib/rt.jar:/usr/lib/jvm/oracle-jdk-8u60-linux-x64/jdk1.8.0_60/jre/lib/plugin.jar:/usr/lib/jvm/oracle-jdk-8u60-linux-x64/jdk1.8.0_60/jre/lib/jsse.jar:/usr/lib/jvm/oracle-jdk-8u60-linux-x64/jdk1.8.0_60/jre/lib/jfxswt.jar:/usr/lib/jvm/oracle-jdk-8u60-linux-x64/jdk1.8.0_60/jre/lib/resources.jar:/usr/lib/jvm/oracle-jdk-8u60-linux-x64/jdk1.8.0_60/jre/lib/jce.jar:/usr/lib/jvm/oracle-jdk-8u60-linux-x64/jdk1.8.0_60/jre/lib/management-agent.jar:/usr/lib/jvm/oracle-jdk-8u60-linux-x64/jdk1.8.0_60/jre/lib/ext/sunpkcs11.jar:/usr/lib/jvm/oracle-jdk-8u60-linux-x64/jdk1.8.0_60/jre/lib/ext/sunec.jar:/usr/lib/jvm/oracle-jdk-8u60-linux-x64/jdk1.8.0_60/jre/lib/ext/jfxrt.jar:/usr/lib/jvm/oracle-jdk-8u60-linux-x64/jdk1.8.0_60/jre/lib/ext/zipfs.jar:/usr/lib/jvm/oracle-jdk-8u60-linux-x64/jdk1.8.0_60/jre/lib/ext/sunjce_provider.jar:/usr/lib/jvm/oracle-jdk-8u60-linux-x64/jdk1.8.0_60/jre/lib/ext/nashorn.jar:/usr/lib/jvm/oracle-jdk-8u60-linux-x64/jdk1.8.0_60/jre/lib/ext/localedata.jar:/usr/lib/jvm/oracle-jdk-8u60-linux-x64/jdk1.8.0_60/jre/lib/ext/jaccess.jar:/usr/lib/jvm/oracle-jdk-8u60-linux-x64/jdk1.8.0_60/jre/lib/ext/cldrdata.jar:/usr/lib/jvm/oracle-jdk-8u60-linux-x64/jdk1.8.0_60/jre/lib/ext/dnsns.jar:/media/marzampoglou/3TB/markzampoglou/ImageForensics/Deliverables/Code/CurrentVersion/MultimediaManipulationToolbox/target/classes:/home/marzampoglou/.m2/repository/org/mongodb/morphia/morphia/1.0.1/morphia-1.0.1.jar:/home/marzampoglou/.m2/repository/org/mongodb/mongo-java-driver/3.0.2/mongo-java-driver-3.0.2.jar:/home/marzampoglou/.m2/repository/com/thoughtworks/proxytoys/proxytoys/1.0/proxytoys-1.0.jar:/home/marzampoglou/.m2/repository/
Launcher Type: SUN_STANDARD

Environment Variables:
PATH=/usr/local/cuda-7.0/bin:/usr/local/anaconda/bin:/usr/local/sbin:/usr/local/bin:/usr/sbin:/usr/bin:/sbin:/bin:/usr/games:/usr/local/games
LD_LIBRARY_PATH=/home/marzampoglou/IntelliJ_IDEA/idea-IU-141.1532.4/bin:/usr/local/anaconda/pkgs/hdf5-1.8.14-0/lib:/usr/lib/cudnn-6.5-linux-x64-v2:/usr/lib/x86_64-linux-gnu:/usr/local/lib:/usr/local/cuda-7.0/lib64:/usr/local/cuda-7.0/lib64
LD_PRELOAD=/usr/lib/x86_64-linux-gnu/libstdc++.so.6
SHELL=/bin/bash
DISPLAY=:0.0

Signal Handlers:
SIGSEGV: [libjvm.so+0xaba070], sa_mask[0]=11111111011111111101111111111110, sa_flags=SA_RESTART|SA_SIGINFO
SIGBUS: [libjvm.so+0xaba070], sa_mask[0]=11111111011111111101111111111110, sa_flags=SA_RESTART|SA_SIGINFO
SIGFPE: [libjvm.so+0x917630], sa_mask[0]=11111111011111111101111111111110, sa_flags=SA_RESTART|SA_SIGINFO
SIGPIPE: [libjvm.so+0x917630], sa_mask[0]=11111111011111111101111111111110, sa_flags=SA_RESTART|SA_SIGINFO
SIGXFSZ: [libjvm.so+0x917630], sa_mask[0]=11111111011111111101111111111110, sa_flags=SA_RESTART|SA_SIGINFO
SIGILL: [libjvm.so+0x917630], sa_mask[0]=11111111011111111101111111111110, sa_flags=SA_RESTART|SA_SIGINFO
SIGUSR1: SIG_DFL, sa_mask[0]=00000000000000000000000000000000, sa_flags=none
SIGUSR2: [libjvm.so+0x918c60], sa_mask[0]=00100000000000000000000000000000, sa_flags=SA_RESTART|SA_SIGINFO
SIGHUP: [libjvm.so+0x91a060], sa_mask[0]=11111111011111111101111111111110, sa_flags=SA_RESTART|SA_SIGINFO
SIGINT: [libjvm.so+0x91a060], sa_mask[0]=11111111011111111101111111111110, sa_flags=SA_RESTART|SA_SIGINFO
SIGTERM: [libjvm.so+0x91a060], sa_mask[0]=11111111011111111101111111111110, sa_flags=SA_RESTART|SA_SIGINFO
SIGQUIT: [libjvm.so+0x91a060], sa_mask[0]=11111111011111111101111111111110, sa_flags=SA_RESTART|SA_SIGINFO


---------------  S Y S T E M  ---------------

OS:DISTRIB_ID=Ubuntu
DISTRIB_RELEASE=14.04
DISTRIB_CODENAME=trusty
DISTRIB_DESCRIPTION="Ubuntu 14.04.2 LTS"

uname:Linux 3.13.0-49-generic #83-Ubuntu SMP Fri Apr 10 20:11:33 UTC 2015 x86_64
libc:glibc 2.19 NPTL 2.19 
rlimit: STACK 8192k, CORE 0k, NPROC 127203, NOFILE 4096, AS infinity
load average:1.09 0.99 0.88

/proc/meminfo:
MemTotal:       16303688 kB
MemFree:          158724 kB
Buffers:            3044 kB
Cached:           237756 kB
SwapCached:            0 kB
Active:         15684152 kB
Inactive:         179572 kB
Active(anon):   15624156 kB
Inactive(anon):   118148 kB
Active(file):      59996 kB
Inactive(file):    61424 kB
Unevictable:          32 kB
Mlocked:              32 kB
SwapTotal:             0 kB
SwapFree:              0 kB
Dirty:              1448 kB
Writeback:           128 kB
AnonPages:      15622664 kB
Mapped:           163572 kB
Shmem:            119472 kB
Slab:              78732 kB
SReclaimable:      36208 kB
SUnreclaim:        42524 kB
KernelStack:        9136 kB
PageTables:        67848 kB
NFS_Unstable:          0 kB
Bounce:                0 kB
WritebackTmp:          0 kB
CommitLimit:     8151844 kB
Committed_AS:   22161824 kB
VmallocTotal:   34359738367 kB
VmallocUsed:      373252 kB
VmallocChunk:   34359353432 kB
HardwareCorrupted:     0 kB
AnonHugePages:  12308480 kB
HugePages_Total:       0
HugePages_Free:        0
HugePages_Rsvd:        0
HugePages_Surp:        0
Hugepagesize:       2048 kB
DirectMap4k:       90956 kB
DirectMap2M:     3973120 kB
DirectMap1G:    12582912 kB


CPU:total 8 (4 cores per cpu, 2 threads per core) family 6 model 60 stepping 3, cmov, cx8, fxsr, mmx, sse, sse2, sse3, ssse3, sse4.1, sse4.2, popcnt, avx, avx2, aes, clmul, erms, lzcnt, ht, tsc, tscinvbit, bmi1, bmi2

/proc/cpuinfo:
processor	: 0
vendor_id	: GenuineIntel
cpu family	: 6
model		: 60
model name	: Intel(R) Core(TM) i7-4770K CPU @ 3.50GHz
stepping	: 3
microcode	: 0x12
cpu MHz		: 800.000
cache size	: 8192 KB
physical id	: 0
siblings	: 8
core id		: 0
cpu cores	: 4
apicid		: 0
initial apicid	: 0
fpu		: yes
fpu_exception	: yes
cpuid level	: 13
wp		: yes
flags		: fpu vme de pse tsc msr pae mce cx8 apic sep mtrr pge mca cmov pat pse36 clflush dts acpi mmx fxsr sse sse2 ss ht tm pbe syscall nx pdpe1gb rdtscp lm constant_tsc arch_perfmon pebs bts rep_good nopl xtopology nonstop_tsc aperfmperf eagerfpu pni pclmulqdq dtes64 monitor ds_cpl vmx est tm2 ssse3 fma cx16 xtpr pdcm pcid sse4_1 sse4_2 movbe popcnt tsc_deadline_timer aes xsave avx f16c rdrand lahf_lm abm ida arat epb xsaveopt pln pts dtherm tpr_shadow vnmi flexpriority ept vpid fsgsbase tsc_adjust bmi1 avx2 smep bmi2 erms invpcid
bogomips	: 6996.20
clflush size	: 64
cache_alignment	: 64
address sizes	: 39 bits physical, 48 bits virtual
power management:

processor	: 1
vendor_id	: GenuineIntel
cpu family	: 6
model		: 60
model name	: Intel(R) Core(TM) i7-4770K CPU @ 3.50GHz
stepping	: 3
microcode	: 0x12
cpu MHz		: 3501.000
cache size	: 8192 KB
physical id	: 0
siblings	: 8
core id		: 1
cpu cores	: 4
apicid		: 2
initial apicid	: 2
fpu		: yes
fpu_exception	: yes
cpuid level	: 13
wp		: yes
flags		: fpu vme de pse tsc msr pae mce cx8 apic sep mtrr pge mca cmov pat pse36 clflush dts acpi mmx fxsr sse sse2 ss ht tm pbe syscall nx pdpe1gb rdtscp lm constant_tsc arch_perfmon pebs bts rep_good nopl xtopology nonstop_tsc aperfmperf eagerfpu pni pclmulqdq dtes64 monitor ds_cpl vmx est tm2 ssse3 fma cx16 xtpr pdcm pcid sse4_1 sse4_2 movbe popcnt tsc_deadline_timer aes xsave avx f16c rdrand lahf_lm abm ida arat epb xsaveopt pln pts dtherm tpr_shadow vnmi flexpriority ept vpid fsgsbase tsc_adjust bmi1 avx2 smep bmi2 erms invpcid
bogomips	: 6996.20
clflush size	: 64
cache_alignment	: 64
address sizes	: 39 bits physical, 48 bits virtual
power management:

processor	: 2
vendor_id	: GenuineIntel
cpu family	: 6
model		: 60
model name	: Intel(R) Core(TM) i7-4770K CPU @ 3.50GHz
stepping	: 3
microcode	: 0x12
cpu MHz		: 2900.000
cache size	: 8192 KB
physical id	: 0
siblings	: 8
core id		: 2
cpu cores	: 4
apicid		: 4
initial apicid	: 4
fpu		: yes
fpu_exception	: yes
cpuid level	: 13
wp		: yes
flags		: fpu vme de pse tsc msr pae mce cx8 apic sep mtrr pge mca cmov pat pse36 clflush dts acpi mmx fxsr sse sse2 ss ht tm pbe syscall nx pdpe1gb rdtscp lm constant_tsc arch_perfmon pebs bts rep_good nopl xtopology nonstop_tsc aperfmperf eagerfpu pni pclmulqdq dtes64 monitor ds_cpl vmx est tm2 ssse3 fma cx16 xtpr pdcm pcid sse4_1 sse4_2 movbe popcnt tsc_deadline_timer aes xsave avx f16c rdrand lahf_lm abm ida arat epb xsaveopt pln pts dtherm tpr_shadow vnmi flexpriority ept vpid fsgsbase tsc_adjust bmi1 avx2 smep bmi2 erms invpcid
bogomips	: 6996.20
clflush size	: 64
cache_alignment	: 64
address sizes	: 39 bits physical, 48 bits virtual
power management:

processor	: 3
vendor_id	: GenuineIntel
cpu family	: 6
model		: 60
model name	: Intel(R) Core(TM) i7-4770K CPU @ 3.50GHz
stepping	: 3
microcode	: 0x12
cpu MHz		: 1000.000
cache size	: 8192 KB
physical id	: 0
siblings	: 8
core id		: 3
cpu cores	: 4
apicid		: 6
initial apicid	: 6
fpu		: yes
fpu_exception	: yes
cpuid level	: 13
wp		: yes
flags		: fpu vme de pse tsc msr pae mce cx8 apic sep mtrr pge mca cmov pat pse36 clflush dts acpi mmx fxsr sse sse2 ss ht tm pbe syscall nx pdpe1gb rdtscp lm constant_tsc arch_perfmon pebs bts rep_good nopl xtopology nonstop_tsc aperfmperf eagerfpu pni pclmulqdq dtes64 monitor ds_cpl vmx est tm2 ssse3 fma cx16 xtpr pdcm pcid sse4_1 sse4_2 movbe popcnt tsc_deadline_timer aes xsave avx f16c rdrand lahf_lm abm ida arat epb xsaveopt pln pts dtherm tpr_shadow vnmi flexpriority ept vpid fsgsbase tsc_adjust bmi1 avx2 smep bmi2 erms invpcid
bogomips	: 6996.20
clflush size	: 64
cache_alignment	: 64
address sizes	: 39 bits physical, 48 bits virtual
power management:

processor	: 4
vendor_id	: GenuineIntel
cpu family	: 6
model		: 60
model name	: Intel(R) Core(TM) i7-4770K CPU @ 3.50GHz
stepping	: 3
microcode	: 0x12
cpu MHz		: 800.000
cache size	: 8192 KB
physical id	: 0
siblings	: 8
core id		: 0
cpu cores	: 4
apicid		: 1
initial apicid	: 1
fpu		: yes
fpu_exception	: yes
cpuid level	: 13
wp		: yes
flags		: fpu vme de pse tsc msr pae mce cx8 apic sep mtrr pge mca cmov pat pse36 clflush dts acpi mmx fxsr sse sse2 ss ht tm pbe syscall nx pdpe1gb rdtscp lm constant_tsc arch_perfmon pebs bts rep_good nopl xtopology nonstop_tsc aperfmperf eagerfpu pni pclmulqdq dtes64 monitor ds_cpl vmx est tm2 ssse3 fma cx16 xtpr pdcm pcid sse4_1 sse4_2 movbe popcnt tsc_deadline_timer aes xsave avx f16c rdrand lahf_lm abm ida arat epb xsaveopt pln pts dtherm tpr_shadow vnmi flexpriority ept vpid fsgsbase tsc_adjust bmi1 avx2 smep bmi2 erms invpcid
bogomips	: 6996.20
clflush size	: 64
cache_alignment	: 64
address sizes	: 39 bits physical, 48 bits virtual
power management:

processor	: 5
vendor_id	: GenuineIntel
cpu family	: 6
model		: 60
model name	: Intel(R) Core(TM) i7-4770K CPU @ 3.50GHz
stepping	: 3
microcode	: 0x12
cpu MHz		: 800.000
cache size	: 8192 KB
physical id	: 0
siblings	: 8
core id		: 1
cpu cores	: 4
apicid		: 3
initial apicid	: 3
fpu		: yes
fpu_exception	: yes
cpuid level	: 13
wp		: yes
flags		: fpu vme de pse tsc msr pae mce cx8 apic sep mtrr pge mca cmov pat pse36 clflush dts acpi mmx fxsr sse sse2 ss ht tm pbe syscall nx pdpe1gb rdtscp lm constant_tsc arch_perfmon pebs bts rep_good nopl xtopology nonstop_tsc aperfmperf eagerfpu pni pclmulqdq dtes64 monitor ds_cpl vmx est tm2 ssse3 fma cx16 xtpr pdcm pcid sse4_1 sse4_2 movbe popcnt tsc_deadline_timer aes xsave avx f16c rdrand lahf_lm abm ida arat epb xsaveopt pln pts dtherm tpr_shadow vnmi flexpriority ept vpid fsgsbase tsc_adjust bmi1 avx2 smep bmi2 erms invpcid
bogomips	: 6996.20
clflush size	: 64
cache_alignment	: 64
address sizes	: 39 bits physical, 48 bits virtual
power management:

processor	: 6
vendor_id	: GenuineIntel
cpu family	: 6
model		: 60
model name	: Intel(R) Core(TM) i7-4770K CPU @ 3.50GHz
stepping	: 3
microcode	: 0x12
cpu MHz		: 1800.000
cache size	: 8192 KB
physical id	: 0
siblings	: 8
core id		: 2
cpu cores	: 4
apicid		: 5
initial apicid	: 5
fpu		: yes
fpu_exception	: yes
cpuid level	: 13
wp		: yes
flags		: fpu vme de pse tsc msr pae mce cx8 apic sep mtrr pge mca cmov pat pse36 clflush dts acpi mmx fxsr sse sse2 ss ht tm pbe syscall nx pdpe1gb rdtscp lm constant_tsc arch_perfmon pebs bts rep_good nopl xtopology nonstop_tsc aperfmperf eagerfpu pni pclmulqdq dtes64 monitor ds_cpl vmx est tm2 ssse3 fma cx16 xtpr pdcm pcid sse4_1 sse4_2 movbe popcnt tsc_deadline_timer aes xsave avx f16c rdrand lahf_lm abm ida arat epb xsaveopt pln pts dtherm tpr_shadow vnmi flexpriority ept vpid fsgsbase tsc_adjust bmi1 avx2 smep bmi2 erms invpcid
bogomips	: 6996.20
clflush size	: 64
cache_alignment	: 64
address sizes	: 39 bits physical, 48 bits virtual
power management:

processor	: 7
vendor_id	: GenuineIntel
cpu family	: 6
model		: 60
model name	: Intel(R) Core(TM) i7-4770K CPU @ 3.50GHz
stepping	: 3
microcode	: 0x12
cpu MHz		: 800.000
cache size	: 8192 KB
physical id	: 0
siblings	: 8
core id		: 3
cpu cores	: 4
apicid		: 7
initial apicid	: 7
fpu		: yes
fpu_exception	: yes
cpuid level	: 13
wp		: yes
flags		: fpu vme de pse tsc msr pae mce cx8 apic sep mtrr pge mca cmov pat pse36 clflush dts acpi mmx fxsr sse sse2 ss ht tm pbe syscall nx pdpe1gb rdtscp lm constant_tsc arch_perfmon pebs bts rep_good nopl xtopology nonstop_tsc aperfmperf eagerfpu pni pclmulqdq dtes64 monitor ds_cpl vmx est tm2 ssse3 fma cx16 xtpr pdcm pcid sse4_1 sse4_2 movbe popcnt tsc_deadline_timer aes xsave avx f16c rdrand lahf_lm abm ida arat epb xsaveopt pln pts dtherm tpr_shadow vnmi flexpriority ept vpid fsgsbase tsc_adjust bmi1 avx2 smep bmi2 erms invpcid
bogomips	: 6996.20
clflush size	: 64
cache_alignment	: 64
address sizes	: 39 bits physical, 48 bits virtual
power management:



Memory: 4k page, physical 16303688k(158724k free), swap 0k(0k free)

vm_info: Java HotSpot(TM) 64-Bit Server VM (25.60-b23) for linux-amd64 JRE (1.8.0_60-b27), built on Aug  4 2015 12:19:40 by "java_re" with gcc 4.3.0 20080428 (Red Hat 4.3.0-8)

time: Fri Nov 20 16:14:01 2015
elapsed time: 3 seconds (0d 0h 0m 3s)

