#
# There is insufficient memory for the Java Runtime Environment to continue.
# Native memory allocation (mmap) failed to map 272105472 bytes for committing reserved memory.
# Possible reasons:
#   The system is out of physical RAM or swap space
#   In 32 bit mode, the process size limit was hit
# Possible solutions:
#   Reduce memory load on the system
#   Increase physical memory or swap space
#   Check if swap backing store is full
#   Use 64 bit Java on a 64 bit OS
#   Decrease Java heap size (-Xmx/-Xms)
#   Decrease number of Java threads
#   Decrease Java thread stack sizes (-Xss)
#   Set larger code cache with -XX:ReservedCodeCacheSize=
# This output file may be truncated or incomplete.
#
#  Out of Memory Error (os_linux.cpp:2627), pid=5070, tid=139720485787392
#
# JRE version: Java(TM) SE Runtime Environment (8.0_60-b27) (build 1.8.0_60-b27)
# Java VM: Java HotSpot(TM) 64-Bit Server VM (25.60-b23 mixed mode linux-amd64 compressed oops)
# Failed to write core dump. Core dumps have been disabled. To enable core dumping, try "ulimit -c unlimited" before starting Java again
#

---------------  T H R E A D  ---------------

Current thread (0x00007f134c082000):  VMThread [stack: 0x00007f1335dc5000,0x00007f1335ec6000] [id=5080]

Stack: [0x00007f1335dc5000,0x00007f1335ec6000],  sp=0x00007f1335ec3fa0,  free space=1019k
Native frames: (J=compiled Java code, j=interpreted, Vv=VM code, C=native code)
V  [libjvm.so+0xab97ea]  VMError::report_and_die()+0x2ba
V  [libjvm.so+0x4f9dab]  report_vm_out_of_memory(char const*, int, unsigned long, VMErrorType, char const*)+0x8b
V  [libjvm.so+0x91a7c3]  os::Linux::commit_memory_impl(char*, unsigned long, bool)+0x103
V  [libjvm.so+0x91ad19]  os::pd_commit_memory(char*, unsigned long, unsigned long, bool)+0x29
V  [libjvm.so+0x91502a]  os::commit_memory(char*, unsigned long, unsigned long, bool)+0x2a
V  [libjvm.so+0x9886d3]  PSVirtualSpace::expand_by(unsigned long)+0x53
V  [libjvm.so+0x989ad8]  PSYoungGen::resize_generation(unsigned long, unsigned long)+0xf8
V  [libjvm.so+0x988c32]  PSYoungGen::resize(unsigned long, unsigned long)+0x22
V  [libjvm.so+0x985f0b]  PSScavenge::invoke_no_policy()+0xf3b
V  [libjvm.so+0x986691]  PSScavenge::invoke()+0x41
V  [libjvm.so+0x93e430]  ParallelScavengeHeap::failed_mem_allocate(unsigned long)+0x70
V  [libjvm.so+0xabb207]  VM_ParallelGCFailedAllocation::doit()+0x97
V  [libjvm.so+0xac2c35]  VM_Operation::evaluate()+0x55
V  [libjvm.so+0xac100a]  VMThread::evaluate_operation(VM_Operation*)+0xba
V  [libjvm.so+0xac138e]  VMThread::loop()+0x1ce
V  [libjvm.so+0xac1800]  VMThread::run()+0x70
V  [libjvm.so+0x91cb88]  java_start(Thread*)+0x108

VM_Operation (0x00007f1325ae1e70): ParallelGCFailedAllocation, mode: safepoint, requested by thread 0x00007f134c511000


---------------  P R O C E S S  ---------------

Java Threads: ( => current thread )
  0x00007f12a4003000 JavaThread "ojAlgo-daemon-6" daemon [_thread_blocked, id=5134, stack(0x00007f1324cd8000,0x00007f1324dd9000)]
  0x00007f12a4001000 JavaThread "ojAlgo-daemon-4" daemon [_thread_blocked, id=5133, stack(0x00007f1324dd9000,0x00007f1324eda000)]
  0x00007f12b0003000 JavaThread "ojAlgo-daemon-5" daemon [_thread_blocked, id=5132, stack(0x00007f1324eda000,0x00007f1324fdb000)]
  0x00007f12b0001000 JavaThread "ojAlgo-daemon-3" daemon [_thread_blocked, id=5131, stack(0x00007f1324fdb000,0x00007f13250dc000)]
  0x00007f12c4040000 JavaThread "ojAlgo-daemon-2" daemon [_thread_blocked, id=5130, stack(0x00007f13250dc000,0x00007f13251dd000)]
  0x00007f12c403e000 JavaThread "ojAlgo-daemon-1" daemon [_thread_blocked, id=5129, stack(0x00007f13251dd000,0x00007f13252de000)]
  0x00007f12bc00a000 JavaThread "pool-2-thread-3" [_thread_blocked, id=5127, stack(0x00007f13254de000,0x00007f13255df000)]
  0x00007f12bc006000 JavaThread "pool-2-thread-2" [_thread_blocked, id=5126, stack(0x00007f13255df000,0x00007f13256e0000)]
  0x00007f12bc005000 JavaThread "pool-2-thread-1" [_thread_blocked, id=5125, stack(0x00007f13256e0000,0x00007f13257e1000)]
  0x00007f134c51c800 JavaThread "pool-1-thread-4" [_thread_blocked, id=5124, stack(0x00007f13257e1000,0x00007f13258e2000)]
  0x00007f134c524800 JavaThread "pool-1-thread-3" [_thread_blocked, id=5123, stack(0x00007f13258e2000,0x00007f13259e3000)]
  0x00007f134c511000 JavaThread "pool-1-thread-2" [_thread_blocked, id=5122, stack(0x00007f13259e3000,0x00007f1325ae4000)]
  0x00007f134c473800 JavaThread "pool-1-thread-1" [_thread_blocked, id=5121, stack(0x00007f1325ae4000,0x00007f1325be5000)]
  0x00007f134c508800 JavaThread "Java2D Disposer" daemon [_thread_blocked, id=5120, stack(0x00007f1326020000,0x00007f1326121000)]
  0x00007f134c4c4800 JavaThread "Keep-Alive-Timer" daemon [_thread_blocked, id=5119, stack(0x00007f1334038000,0x00007f1334139000)]
  0x00007f134c39b000 JavaThread "pool-1-thread-1" daemon [_thread_blocked, id=5113, stack(0x00007f1334139000,0x00007f133423a000)]
  0x00007f134c343800 JavaThread "cluster-ClusterId{value='564f29e0911fb413ce19f90f', description='null'}-127.0.0.1:27017" daemon [_thread_blocked, id=5112, stack(0x00007f133423a000,0x00007f133433b000)]
  0x00007f134c21c800 JavaThread "Monitor Ctrl-Break" daemon [_thread_in_native, id=5091, stack(0x00007f13349c7000,0x00007f1334ac8000)]
  0x00007f134c0ce800 JavaThread "Service Thread" daemon [_thread_blocked, id=5089, stack(0x00007f1334ecf000,0x00007f1334fd0000)]
  0x00007f134c0c9800 JavaThread "C1 CompilerThread3" daemon [_thread_blocked, id=5088, stack(0x00007f1334fd0000,0x00007f13350d1000)]
  0x00007f134c0c7800 JavaThread "C2 CompilerThread2" daemon [_thread_blocked, id=5087, stack(0x00007f13350d1000,0x00007f13351d2000)]
  0x00007f134c0c5800 JavaThread "C2 CompilerThread1" daemon [_thread_blocked, id=5086, stack(0x00007f13351d2000,0x00007f13352d3000)]
  0x00007f134c0c2800 JavaThread "C2 CompilerThread0" daemon [_thread_blocked, id=5085, stack(0x00007f13352d3000,0x00007f13353d4000)]
  0x00007f134c0c1000 JavaThread "Signal Dispatcher" daemon [_thread_blocked, id=5084, stack(0x00007f13353d4000,0x00007f13354d5000)]
  0x00007f134c089000 JavaThread "Finalizer" daemon [_thread_blocked, id=5082, stack(0x00007f1335bc3000,0x00007f1335cc4000)]
  0x00007f134c087000 JavaThread "Reference Handler" daemon [_thread_blocked, id=5081, stack(0x00007f1335cc4000,0x00007f1335dc5000)]
  0x00007f134c00c000 JavaThread "main" [_thread_blocked, id=5071, stack(0x00007f13549c8000,0x00007f1354ac9000)]

Other Threads:
=>0x00007f134c082000 VMThread [stack: 0x00007f1335dc5000,0x00007f1335ec6000] [id=5080]
  0x00007f134c0d1800 WatcherThread [stack: 0x00007f1334dce000,0x00007f1334ecf000] [id=5090]

VM state:at safepoint (normal execution)

VM Mutex/Monitor currently owned by a thread:  ([mutex/lock_event])
[0x00007f134c008040] Threads_lock - owner thread: 0x00007f134c082000
[0x00007f134c008540] Heap_lock - owner thread: 0x00007f134c511000

Heap:
 PSYoungGen      total 791040K, used 18715K [0x000000076d100000, 0x00000007a2900000, 0x00000007c0000000)
  eden space 740352K, 0% used [0x000000076d100000,0x000000076d100000,0x000000079a400000)
  from space 50688K, 36% used [0x000000079c600000,0x000000079d846df0,0x000000079f780000)
  to   space 3072K, 0% used [0x00000007a2600000,0x00000007a2600000,0x00000007a2900000)
 ParOldGen       total 181760K, used 66729K [0x00000006c7200000, 0x00000006d2380000, 0x000000076d100000)
  object space 181760K, 36% used [0x00000006c7200000,0x00000006cb32a5e8,0x00000006d2380000)
 Metaspace       used 14680K, capacity 14826K, committed 14976K, reserved 1062912K
  class space    used 1800K, capacity 1851K, committed 1920K, reserved 1048576K

Card table byte_map: [0x00007f1350ac2000,0x00007f135128a000] byte_map_base: 0x00007f134d489000

Marking Bits: (ParMarkBitMap*) 0x00007f1353692de0
 Begin Bits: [0x00007f1308390000, 0x00007f130c1c8000)
 End Bits:   [0x00007f130c1c8000, 0x00007f1310000000)

Polling page: 0x00007f1354afa000

CodeCache: size=245760Kb used=5373Kb max_used=5392Kb free=240386Kb
 bounds [0x00007f133d000000, 0x00007f133d550000, 0x00007f134c000000]
 total_blobs=1889 nmethods=1438 adapters=364
 compilation: enabled

Compilation events (10 events):
Event: 3.325 Thread 0x00007f134c0c9800 nmethod 1436 0x00007f133d537cd0 code [0x00007f133d537e40, 0x00007f133d537ff0]
Event: 3.325 Thread 0x00007f134c0c9800 1437       3       com.sun.imageio.plugins.jpeg.JPEGImageWriter$CallBackLock::lock (8 bytes)
Event: 3.325 Thread 0x00007f134c0c9800 nmethod 1437 0x00007f133d537990 code [0x00007f133d537b00, 0x00007f133d537c70]
Event: 3.325 Thread 0x00007f134c0c9800 1435       1       javax.imageio.ImageWriteParam::canWriteCompressed (5 bytes)
Event: 3.325 Thread 0x00007f134c0c9800 nmethod 1435 0x00007f133d52e7d0 code [0x00007f133d52e920, 0x00007f133d52ea30]
Event: 3.330 Thread 0x00007f134c0c2800 1438       4       java.awt.image.ComponentSampleModel::<init> (169 bytes)
Event: 3.336 Thread 0x00007f134c0c2800 nmethod 1438 0x00007f133d533690 code [0x00007f133d533840, 0x00007f133d533f38]
Event: 3.336 Thread 0x00007f134c0c2800 1439       4       sun.awt.image.ByteInterleavedRaster::<init> (458 bytes)
Event: 3.360 Thread 0x00007f134c0c9800 1440       3       java.util.concurrent.locks.AbstractOwnableSynchronizer::setExclusiveOwnerThread (6 bytes)
Event: 3.360 Thread 0x00007f134c0c9800 nmethod 1440 0x00007f133d536150 code [0x00007f133d5362a0, 0x00007f133d536410]

GC Heap History (10 events):
Event: 2.568 GC heap after
Heap after GC invocations=7 (full 0):
 PSYoungGen      total 307712K, used 11796K [0x000000076d100000, 0x0000000792a00000, 0x00000007c0000000)
  eden space 257024K, 0% used [0x000000076d100000,0x000000076d100000,0x000000077cc00000)
  from space 50688K, 23% used [0x000000077cc00000,0x000000077d785280,0x000000077fd80000)
  to   space 50688K, 0% used [0x000000078f880000,0x000000078f880000,0x0000000792a00000)
 ParOldGen       total 171008K, used 119180K [0x00000006c7200000, 0x00000006d1900000, 0x000000076d100000)
  object space 171008K, 69% used [0x00000006c7200000,0x00000006ce6630e8,0x00000006d1900000)
 Metaspace       used 14298K, capacity 14474K, committed 14720K, reserved 1062912K
  class space    used 1750K, capacity 1819K, committed 1920K, reserved 1048576K
}
Event: 2.639 GC heap before
{Heap before GC invocations=8 (full 0):
 PSYoungGen      total 307712K, used 268820K [0x000000076d100000, 0x0000000792a00000, 0x00000007c0000000)
  eden space 257024K, 100% used [0x000000076d100000,0x000000077cc00000,0x000000077cc00000)
  from space 50688K, 23% used [0x000000077cc00000,0x000000077d785280,0x000000077fd80000)
  to   space 50688K, 0% used [0x000000078f880000,0x000000078f880000,0x0000000792a00000)
 ParOldGen       total 171008K, used 123835K [0x00000006c7200000, 0x00000006d1900000, 0x000000076d100000)
  object space 171008K, 72% used [0x00000006c7200000,0x00000006ceaeefc8,0x00000006d1900000)
 Metaspace       used 14446K, capacity 14634K, committed 14976K, reserved 1062912K
  class space    used 1778K, capacity 1851K, committed 1920K, reserved 1048576K
Event: 2.646 GC heap after
Heap after GC invocations=8 (full 0):
 PSYoungGen      total 563712K, used 10644K [0x000000076d100000, 0x0000000792900000, 0x00000007c0000000)
  eden space 514048K, 0% used [0x000000076d100000,0x000000076d100000,0x000000078c700000)
  from space 49664K, 21% used [0x000000078f880000,0x00000007902e5280,0x0000000792900000)
  to   space 50176K, 0% used [0x000000078c700000,0x000000078c700000,0x000000078f800000)
 ParOldGen       total 171008K, used 124039K [0x00000006c7200000, 0x00000006d1900000, 0x000000076d100000)
  object space 171008K, 72% used [0x00000006c7200000,0x00000006ceb21fe8,0x00000006d1900000)
 Metaspace       used 14446K, capacity 14634K, committed 14976K, reserved 1062912K
  class space    used 1778K, capacity 1851K, committed 1920K, reserved 1048576K
}
Event: 2.938 GC heap before
{Heap before GC invocations=9 (full 0):
 PSYoungGen      total 563712K, used 524692K [0x000000076d100000, 0x0000000792900000, 0x00000007c0000000)
  eden space 514048K, 100% used [0x000000076d100000,0x000000078c700000,0x000000078c700000)
  from space 49664K, 21% used [0x000000078f880000,0x00000007902e5280,0x0000000792900000)
  to   space 50176K, 0% used [0x000000078c700000,0x000000078c700000,0x000000078f800000)
 ParOldGen       total 171008K, used 124044K [0x00000006c7200000, 0x00000006d1900000, 0x000000076d100000)
  object space 171008K, 72% used [0x00000006c7200000,0x00000006ceb23100,0x00000006d1900000)
 Metaspace       used 14678K, capacity 14826K, committed 14976K, reserved 1062912K
  class space    used 1798K, capacity 1851K, committed 1920K, reserved 1048576K
Event: 2.953 GC heap after
Heap after GC invocations=9 (full 0):
 PSYoungGen      total 564224K, used 6438K [0x000000076d100000, 0x00000007a5780000, 0x00000007c0000000)
  eden space 514048K, 0% used [0x000000076d100000,0x000000076d100000,0x000000078c700000)
  from space 50176K, 12% used [0x000000078c700000,0x000000078cd499b0,0x000000078f800000)
  to   space 50688K, 0% used [0x00000007a2600000,0x00000007a2600000,0x00000007a5780000)
 ParOldGen       total 171008K, used 133808K [0x00000006c7200000, 0x00000006d1900000, 0x000000076d100000)
  object space 171008K, 78% used [0x00000006c7200000,0x00000006cf4ac388,0x00000006d1900000)
 Metaspace       used 14678K, capacity 14826K, committed 14976K, reserved 1062912K
  class space    used 1798K, capacity 1851K, committed 1920K, reserved 1048576K
}
Event: 2.953 GC heap before
{Heap before GC invocations=10 (full 1):
 PSYoungGen      total 564224K, used 6438K [0x000000076d100000, 0x00000007a5780000, 0x00000007c0000000)
  eden space 514048K, 0% used [0x000000076d100000,0x000000076d100000,0x000000078c700000)
  from space 50176K, 12% used [0x000000078c700000,0x000000078cd499b0,0x000000078f800000)
  to   space 50688K, 0% used [0x00000007a2600000,0x00000007a2600000,0x00000007a5780000)
 ParOldGen       total 171008K, used 133808K [0x00000006c7200000, 0x00000006d1900000, 0x000000076d100000)
  object space 171008K, 78% used [0x00000006c7200000,0x00000006cf4ac388,0x00000006d1900000)
 Metaspace       used 14678K, capacity 14826K, committed 14976K, reserved 1062912K
  class space    used 1798K, capacity 1851K, committed 1920K, reserved 1048576K
Event: 3.014 GC heap after
Heap after GC invocations=10 (full 1):
 PSYoungGen      total 564224K, used 0K [0x000000076d100000, 0x00000007a5780000, 0x00000007c0000000)
  eden space 514048K, 0% used [0x000000076d100000,0x000000076d100000,0x000000078c700000)
  from space 50176K, 0% used [0x000000078c700000,0x000000078c700000,0x000000078f800000)
  to   space 50688K, 0% used [0x00000007a2600000,0x00000007a2600000,0x00000007a5780000)
 ParOldGen       total 181760K, used 64313K [0x00000006c7200000, 0x00000006d2380000, 0x000000076d100000)
  object space 181760K, 35% used [0x00000006c7200000,0x00000006cb0ce4e8,0x00000006d2380000)
 Metaspace       used 14678K, capacity 14826K, committed 14976K, reserved 1062912K
  class space    used 1798K, capacity 1851K, committed 1920K, reserved 1048576K
}
Event: 3.132 GC heap before
{Heap before GC invocations=11 (full 1):
 PSYoungGen      total 564224K, used 514048K [0x000000076d100000, 0x00000007a5780000, 0x00000007c0000000)
  eden space 514048K, 100% used [0x000000076d100000,0x000000078c700000,0x000000078c700000)
  from space 50176K, 0% used [0x000000078c700000,0x000000078c700000,0x000000078f800000)
  to   space 50688K, 0% used [0x00000007a2600000,0x00000007a2600000,0x00000007a5780000)
 ParOldGen       total 181760K, used 66409K [0x00000006c7200000, 0x00000006d2380000, 0x000000076d100000)
  object space 181760K, 36% used [0x00000006c7200000,0x00000006cb2da618,0x00000006d2380000)
 Metaspace       used 14679K, capacity 14826K, committed 14976K, reserved 1062912K
  class space    used 1798K, capacity 1851K, committed 1920K, reserved 1048576K
Event: 3.133 GC heap after
Heap after GC invocations=11 (full 1):
 PSYoungGen      total 743424K, used 2688K [0x000000076d100000, 0x00000007a2900000, 0x00000007c0000000)
  eden space 740352K, 0% used [0x000000076d100000,0x000000076d100000,0x000000079a400000)
  from space 3072K, 87% used [0x00000007a2600000,0x00000007a28a0000,0x00000007a2900000)
  to   space 50688K, 0% used [0x000000079c600000,0x000000079c600000,0x000000079f780000)
 ParOldGen       total 181760K, used 66417K [0x00000006c7200000, 0x00000006d2380000, 0x000000076d100000)
  object space 181760K, 36% used [0x00000006c7200000,0x00000006cb2dc618,0x00000006d2380000)
 Metaspace       used 14679K, capacity 14826K, committed 14976K, reserved 1062912K
  class space    used 1798K, capacity 1851K, committed 1920K, reserved 1048576K
}
Event: 3.364 GC heap before
{Heap before GC invocations=12 (full 1):
 PSYoungGen      total 743424K, used 743040K [0x000000076d100000, 0x00000007a2900000, 0x00000007c0000000)
  eden space 740352K, 100% used [0x000000076d100000,0x000000079a400000,0x000000079a400000)
  from space 3072K, 87% used [0x00000007a2600000,0x00000007a28a0000,0x00000007a2900000)
  to   space 50688K, 0% used [0x000000079c600000,0x000000079c600000,0x000000079f780000)
 ParOldGen       total 181760K, used 66673K [0x00000006c7200000, 0x00000006d2380000, 0x000000076d100000)
  object space 181760K, 36% used [0x00000006c7200000,0x00000006cb31c5d8,0x00000006d2380000)
 Metaspace       used 14680K, capacity 14826K, committed 14976K, reserved 1062912K
  class space    used 1800K, capacity 1851K, committed 1920K, reserved 1048576K

Deoptimization events (10 events):
Event: 2.693 Thread 0x00007f134c473800 Uncommon trap: reason=class_check action=maybe_recompile pc=0x00007f133d38c9b8 method=java.util.Collections.max(Ljava/util/Collection;)Ljava/lang/Object; @ 1
Event: 2.726 Thread 0x00007f134c51c800 Uncommon trap: reason=unstable_if action=reinterpret pc=0x00007f133d425a68 method=com.sun.imageio.plugins.png.PNGImageWriter.encodePass(Ljavax/imageio/stream/ImageOutputStream;Ljava/awt/image/RenderedImage;IIII)V @ 303
Event: 2.741 Thread 0x00007f134c473800 Uncommon trap: reason=class_check action=maybe_recompile pc=0x00007f133d37d77c method=java.util.Collections.min(Ljava/util/Collection;)Ljava/lang/Object; @ 1
Event: 2.742 Thread 0x00007f134c473800 Uncommon trap: reason=class_check action=maybe_recompile pc=0x00007f133d38c9b8 method=java.util.Collections.max(Ljava/util/Collection;)Ljava/lang/Object; @ 1
Event: 2.759 Thread 0x00007f134c473800 Uncommon trap: reason=unstable_if action=reinterpret pc=0x00007f133d4adfe4 method=java.lang.StrictMath.floorOrCeil(DDDD)D @ 90
Event: 2.777 Thread 0x00007f134c473800 Uncommon trap: reason=class_check action=maybe_recompile pc=0x00007f133d37d77c method=java.util.Collections.min(Ljava/util/Collection;)Ljava/lang/Object; @ 1
Event: 2.783 Thread 0x00007f134c473800 Uncommon trap: reason=class_check action=maybe_recompile pc=0x00007f133d37d77c method=java.util.Collections.min(Ljava/util/Collection;)Ljava/lang/Object; @ 1
Event: 2.913 Thread 0x00007f134c473800 Uncommon trap: reason=unstable_if action=reinterpret pc=0x00007f133d3abc24 method=java.awt.image.ComponentColorModel.getDataElements(ILjava/lang/Object;)Ljava/lang/Object; @ 30
Event: 2.922 Thread 0x00007f134c473800 Uncommon trap: reason=unstable_if action=reinterpret pc=0x00007f133d45cff8 method=com.sun.imageio.plugins.png.PNGImageWriter.encodePass(Ljavax/imageio/stream/ImageOutputStream;Ljava/awt/image/RenderedImage;IIII)V @ 303
Event: 3.360 Thread 0x00007f12bc006000 Uncommon trap: reason=unstable_if action=reinterpret pc=0x00007f133d51f4cc method=Utils.Util.ShrinkMap([[FII)[[F @ 31

Internal exceptions (10 events):
Event: 3.268 Thread 0x00007f12bc006000 Exception <a 'java/lang/ArrayIndexOutOfBoundsException': 650> (0x000000078f7ba060) thrown at [/HUDSON/workspace/8-2-build-linux-amd64/jdk8u60/4407/hotspot/src/share/vm/interpreter/interpreterRuntime.cpp, line 366]
Event: 3.268 Thread 0x00007f12bc006000 Exception <a 'java/lang/ArrayIndexOutOfBoundsException': 652> (0x000000078f7ba4c0) thrown at [/HUDSON/workspace/8-2-build-linux-amd64/jdk8u60/4407/hotspot/src/share/vm/interpreter/interpreterRuntime.cpp, line 366]
Event: 3.268 Thread 0x00007f12bc006000 Exception <a 'java/lang/ArrayIndexOutOfBoundsException': 655> (0x000000078f7ba920) thrown at [/HUDSON/workspace/8-2-build-linux-amd64/jdk8u60/4407/hotspot/src/share/vm/interpreter/interpreterRuntime.cpp, line 366]
Event: 3.268 Thread 0x00007f12bc006000 Exception <a 'java/lang/ArrayIndexOutOfBoundsException': 658> (0x000000078f7bad80) thrown at [/HUDSON/workspace/8-2-build-linux-amd64/jdk8u60/4407/hotspot/src/share/vm/interpreter/interpreterRuntime.cpp, line 366]
Event: 3.268 Thread 0x00007f12bc006000 Exception <a 'java/lang/ArrayIndexOutOfBoundsException': 660> (0x000000078f7bb1e0) thrown at [/HUDSON/workspace/8-2-build-linux-amd64/jdk8u60/4407/hotspot/src/share/vm/interpreter/interpreterRuntime.cpp, line 366]
Event: 3.268 Thread 0x00007f12bc006000 Exception <a 'java/lang/ArrayIndexOutOfBoundsException': 663> (0x000000078f7bb640) thrown at [/HUDSON/workspace/8-2-build-linux-amd64/jdk8u60/4407/hotspot/src/share/vm/interpreter/interpreterRuntime.cpp, line 366]
Event: 3.268 Thread 0x00007f12bc006000 Exception <a 'java/lang/ArrayIndexOutOfBoundsException': 665> (0x000000078f7bbaa0) thrown at [/HUDSON/workspace/8-2-build-linux-amd64/jdk8u60/4407/hotspot/src/share/vm/interpreter/interpreterRuntime.cpp, line 366]
Event: 3.268 Thread 0x00007f12bc006000 Exception <a 'java/lang/ArrayIndexOutOfBoundsException': 668> (0x000000078f7bbf00) thrown at [/HUDSON/workspace/8-2-build-linux-amd64/jdk8u60/4407/hotspot/src/share/vm/interpreter/interpreterRuntime.cpp, line 366]
Event: 3.268 Thread 0x00007f12bc006000 Exception <a 'java/lang/ArrayIndexOutOfBoundsException': 671> (0x000000078f7bc360) thrown at [/HUDSON/workspace/8-2-build-linux-amd64/jdk8u60/4407/hotspot/src/share/vm/interpreter/interpreterRuntime.cpp, line 366]
Event: 3.268 Thread 0x00007f12bc006000 Exception <a 'java/lang/ArrayIndexOutOfBoundsException': 673> (0x000000078f7bc7c0) thrown at [/HUDSON/workspace/8-2-build-linux-amd64/jdk8u60/4407/hotspot/src/share/vm/interpreter/interpreterRuntime.cpp, line 366]

Events (10 events):
Event: 3.131 Executing VM operation: ParallelGCFailedAllocation
Event: 3.131 Executing VM operation: ParallelGCFailedAllocation done
Event: 3.131 Executing VM operation: ParallelGCSystemGC
Event: 3.133 Executing VM operation: ParallelGCSystemGC done
Event: 3.250 Thread 0x00007f12bc006000 DEOPT PACKING pc=0x00007f133d3bd44f sp=0x00007f13256de450
Event: 3.250 Thread 0x00007f12bc006000 DEOPT UNPACKING pc=0x00007f133d047633 sp=0x00007f13256de198 mode 0
Event: 3.360 Thread 0x00007f12bc006000 Uncommon trap: trap_request=0xffffff65 fr.pc=0x00007f133d51f4cc
Event: 3.360 Thread 0x00007f12bc006000 DEOPT PACKING pc=0x00007f133d51f4cc sp=0x00007f13256de370
Event: 3.360 Thread 0x00007f12bc006000 DEOPT UNPACKING pc=0x00007f133d005229 sp=0x00007f13256de400 mode 2
Event: 3.362 Executing VM operation: ParallelGCFailedAllocation


Dynamic libraries:
00400000-00401000 r-xp 00000000 08:13 31472115                           /usr/lib/jvm/oracle-jdk-8u60-linux-x64/jdk1.8.0_60/bin/java
00600000-00601000 rw-p 00000000 08:13 31472115                           /usr/lib/jvm/oracle-jdk-8u60-linux-x64/jdk1.8.0_60/bin/java
01383000-013a4000 rw-p 00000000 00:00 0                                  [heap]
6c7200000-6d2380000 rw-p 00000000 00:00 0 
6d2380000-76d100000 ---p 00000000 00:00 0 
76d100000-7a2900000 rw-p 00000000 00:00 0 
7b2c80000-7c0000000 ---p 00000000 00:00 0 
7c0000000-7c01e0000 rw-p 00000000 00:00 0 
7c01e0000-800000000 ---p 00000000 00:00 0 
7f1294000000-7f129405c000 rw-p 00000000 00:00 0 
7f129405c000-7f1298000000 ---p 00000000 00:00 0 
7f129c000000-7f129c054000 rw-p 00000000 00:00 0 
7f129c054000-7f12a0000000 ---p 00000000 00:00 0 
7f12a0000000-7f12a006c000 rw-p 00000000 00:00 0 
7f12a006c000-7f12a4000000 ---p 00000000 00:00 0 
7f12a4000000-7f12a4021000 rw-p 00000000 00:00 0 
7f12a4021000-7f12a8000000 ---p 00000000 00:00 0 
7f12a8000000-7f12a80aa000 rw-p 00000000 00:00 0 
7f12a80aa000-7f12ac000000 ---p 00000000 00:00 0 
7f12ac000000-7f12ac021000 rw-p 00000000 00:00 0 
7f12ac021000-7f12b0000000 ---p 00000000 00:00 0 
7f12b0000000-7f12b0021000 rw-p 00000000 00:00 0 
7f12b0021000-7f12b4000000 ---p 00000000 00:00 0 
7f12b4000000-7f12b4021000 rw-p 00000000 00:00 0 
7f12b4021000-7f12b8000000 ---p 00000000 00:00 0 
7f12b8000000-7f12b8021000 rw-p 00000000 00:00 0 
7f12b8021000-7f12bc000000 ---p 00000000 00:00 0 
7f12bc000000-7f12bc021000 rw-p 00000000 00:00 0 
7f12bc021000-7f12c0000000 ---p 00000000 00:00 0 
7f12c0000000-7f12c0064000 rw-p 00000000 00:00 0 
7f12c0064000-7f12c4000000 ---p 00000000 00:00 0 
7f12c4000000-7f12c411c000 rw-p 00000000 00:00 0 
7f12c411c000-7f12c8000000 ---p 00000000 00:00 0 
7f12c8000000-7f12c8034000 rw-p 00000000 00:00 0 
7f12c8034000-7f12cc000000 ---p 00000000 00:00 0 
7f12cc000000-7f12cc021000 rw-p 00000000 00:00 0 
7f12cc021000-7f12d0000000 ---p 00000000 00:00 0 
7f12d0000000-7f12d0021000 rw-p 00000000 00:00 0 
7f12d0021000-7f12d4000000 ---p 00000000 00:00 0 
7f12d4000000-7f12d4043000 rw-p 00000000 00:00 0 
7f12d4043000-7f12d8000000 ---p 00000000 00:00 0 
7f12d8000000-7f12d8021000 rw-p 00000000 00:00 0 
7f12d8021000-7f12dc000000 ---p 00000000 00:00 0 
7f12dc000000-7f12dc021000 rw-p 00000000 00:00 0 
7f12dc021000-7f12e0000000 ---p 00000000 00:00 0 
7f12e0000000-7f12e0021000 rw-p 00000000 00:00 0 
7f12e0021000-7f12e4000000 ---p 00000000 00:00 0 
7f12e4000000-7f12e455e000 rw-p 00000000 00:00 0 
7f12e455e000-7f12e8000000 ---p 00000000 00:00 0 
7f12e8000000-7f12e8021000 rw-p 00000000 00:00 0 
7f12e8021000-7f12ec000000 ---p 00000000 00:00 0 
7f12ec000000-7f12ecb52000 rw-p 00000000 00:00 0 
7f12ecb52000-7f12f0000000 ---p 00000000 00:00 0 
7f12f0000000-7f12f0ab1000 rw-p 00000000 00:00 0 
7f12f0ab1000-7f12f4000000 ---p 00000000 00:00 0 
7f12f4000000-7f12f4021000 rw-p 00000000 00:00 0 
7f12f4021000-7f12f8000000 ---p 00000000 00:00 0 
7f12f8000000-7f12f848e000 rw-p 00000000 00:00 0 
7f12f848e000-7f12fc000000 ---p 00000000 00:00 0 
7f12fc000000-7f12fc021000 rw-p 00000000 00:00 0 
7f12fc021000-7f1300000000 ---p 00000000 00:00 0 
7f1300000000-7f1300021000 rw-p 00000000 00:00 0 
7f1300021000-7f1304000000 ---p 00000000 00:00 0 
7f1304000000-7f130428b000 rw-p 00000000 00:00 0 
7f130428b000-7f1308000000 ---p 00000000 00:00 0 
7f1308390000-7f1310000000 rw-p 00000000 00:00 0 
7f1310000000-7f1310021000 rw-p 00000000 00:00 0 
7f1310021000-7f1314000000 ---p 00000000 00:00 0 
7f1314000000-7f1314021000 rw-p 00000000 00:00 0 
7f1314021000-7f1318000000 ---p 00000000 00:00 0 
7f1318000000-7f1318021000 rw-p 00000000 00:00 0 
7f1318021000-7f131c000000 ---p 00000000 00:00 0 
7f1320000000-7f1320021000 rw-p 00000000 00:00 0 
7f1320021000-7f1324000000 ---p 00000000 00:00 0 
7f1324cd8000-7f1324cdb000 ---p 00000000 00:00 0 
7f1324cdb000-7f1324dd9000 rw-p 00000000 00:00 0                          [stack:5134]
7f1324dd9000-7f1324ddc000 ---p 00000000 00:00 0 
7f1324ddc000-7f1324eda000 rw-p 00000000 00:00 0                          [stack:5133]
7f1324eda000-7f1324edd000 ---p 00000000 00:00 0 
7f1324edd000-7f1324fdb000 rw-p 00000000 00:00 0                          [stack:5132]
7f1324fdb000-7f1324fde000 ---p 00000000 00:00 0 
7f1324fde000-7f13250dc000 rw-p 00000000 00:00 0                          [stack:5131]
7f13250dc000-7f13250df000 ---p 00000000 00:00 0 
7f13250df000-7f13251dd000 rw-p 00000000 00:00 0                          [stack:5130]
7f13251dd000-7f13251e0000 ---p 00000000 00:00 0 
7f13251e0000-7f132539e000 rw-p 00000000 00:00 0                          [stack:5129]
7f132539e000-7f13254de000 ---p 00000000 00:00 0 
7f13254de000-7f13254e1000 ---p 00000000 00:00 0 
7f13254e1000-7f13255df000 rw-p 00000000 00:00 0                          [stack:5127]
7f13255df000-7f13255e2000 ---p 00000000 00:00 0 
7f13255e2000-7f13256e0000 rw-p 00000000 00:00 0                          [stack:5126]
7f13256e0000-7f13256e3000 ---p 00000000 00:00 0 
7f13256e3000-7f13257e1000 rw-p 00000000 00:00 0                          [stack:5125]
7f13257e1000-7f13257e4000 ---p 00000000 00:00 0 
7f13257e4000-7f13258e2000 rw-p 00000000 00:00 0                          [stack:5124]
7f13258e2000-7f13258e5000 ---p 00000000 00:00 0 
7f13258e5000-7f13259e3000 rw-p 00000000 00:00 0                          [stack:5123]
7f13259e3000-7f13259e6000 ---p 00000000 00:00 0 
7f13259e6000-7f1325ae4000 rw-p 00000000 00:00 0                          [stack:5122]
7f1325ae4000-7f1325ae7000 ---p 00000000 00:00 0 
7f1325ae7000-7f1325de5000 rw-p 00000000 00:00 0                          [stack:5121]
7f1325de5000-7f1325e1f000 r-xp 00000000 08:13 31471979                   /usr/lib/jvm/oracle-jdk-8u60-linux-x64/jdk1.8.0_60/jre/lib/amd64/libjpeg.so
7f1325e1f000-7f132601f000 ---p 0003a000 08:13 31471979                   /usr/lib/jvm/oracle-jdk-8u60-linux-x64/jdk1.8.0_60/jre/lib/amd64/libjpeg.so
7f132601f000-7f1326020000 rw-p 0003a000 08:13 31471979                   /usr/lib/jvm/oracle-jdk-8u60-linux-x64/jdk1.8.0_60/jre/lib/amd64/libjpeg.so
7f1326020000-7f1326023000 ---p 00000000 00:00 0 
7f1326023000-7f1326121000 rw-p 00000000 00:00 0                          [stack:5120]
7f1326121000-7f1326126000 r-xp 00000000 08:13 30933992                   /usr/lib/x86_64-linux-gnu/libXdmcp.so.6.0.0
7f1326126000-7f1326325000 ---p 00005000 08:13 30933992                   /usr/lib/x86_64-linux-gnu/libXdmcp.so.6.0.0
7f1326325000-7f1326326000 r--p 00004000 08:13 30933992                   /usr/lib/x86_64-linux-gnu/libXdmcp.so.6.0.0
7f1326326000-7f1326327000 rw-p 00005000 08:13 30933992                   /usr/lib/x86_64-linux-gnu/libXdmcp.so.6.0.0
7f1326327000-7f1326329000 r-xp 00000000 08:13 30933267                   /usr/lib/x86_64-linux-gnu/libXau.so.6.0.0
7f1326329000-7f1326529000 ---p 00002000 08:13 30933267                   /usr/lib/x86_64-linux-gnu/libXau.so.6.0.0
7f1326529000-7f132652a000 r--p 00002000 08:13 30933267                   /usr/lib/x86_64-linux-gnu/libXau.so.6.0.0
7f132652a000-7f132652b000 rw-p 00003000 08:13 30933267                   /usr/lib/x86_64-linux-gnu/libXau.so.6.0.0
7f132652b000-7f1326548000 r-xp 00000000 08:13 30938489                   /usr/lib/x86_64-linux-gnu/libxcb.so.1.1.0
7f1326548000-7f1326748000 ---p 0001d000 08:13 30938489                   /usr/lib/x86_64-linux-gnu/libxcb.so.1.1.0
7f1326748000-7f1326749000 r--p 0001d000 08:13 30938489                   /usr/lib/x86_64-linux-gnu/libxcb.so.1.1.0
7f1326749000-7f132674a000 rw-p 0001e000 08:13 30938489                   /usr/lib/x86_64-linux-gnu/libxcb.so.1.1.0
7f132674a000-7f1326759000 r-xp 00000000 08:13 30936015                   /usr/lib/x86_64-linux-gnu/libXi.so.6.1.0
7f1326759000-7f1326958000 ---p 0000f000 08:13 30936015                   /usr/lib/x86_64-linux-gnu/libXi.so.6.1.0
7f1326958000-7f1326959000 r--p 0000e000 08:13 30936015                   /usr/lib/x86_64-linux-gnu/libXi.so.6.1.0
7f1326959000-7f132695a000 rw-p 0000f000 08:13 30936015                   /usr/lib/x86_64-linux-gnu/libXi.so.6.1.0
7f132695a000-7f132695f000 r-xp 00000000 08:13 30936677                   /usr/lib/x86_64-linux-gnu/libXtst.so.6.1.0
7f132695f000-7f1326b5e000 ---p 00005000 08:13 30936677                   /usr/lib/x86_64-linux-gnu/libXtst.so.6.1.0
7f1326b5e000-7f1326b5f000 r--p 00004000 08:13 30936677                   /usr/lib/x86_64-linux-gnu/libXtst.so.6.1.0
7f1326b5f000-7f1326b60000 rw-p 00005000 08:13 30936677                   /usr/lib/x86_64-linux-gnu/libXtst.so.6.1.0
7f1326b60000-7f1326b69000 r-xp 00000000 08:13 30938493                   /usr/lib/x86_64-linux-gnu/libXrender.so.1.3.0
7f1326b69000-7f1326d68000 ---p 00009000 08:13 30938493                   /usr/lib/x86_64-linux-gnu/libXrender.so.1.3.0
7f1326d68000-7f1326d69000 r--p 00008000 08:13 30938493                   /usr/lib/x86_64-linux-gnu/libXrender.so.1.3.0
7f1326d69000-7f1326d6a000 rw-p 00009000 08:13 30938493                   /usr/lib/x86_64-linux-gnu/libXrender.so.1.3.0
7f1326d6a000-7f1326e9a000 r-xp 00000000 08:13 30934116                   /usr/lib/x86_64-linux-gnu/libX11.so.6.3.0
7f1326e9a000-7f132709a000 ---p 00130000 08:13 30934116                   /usr/lib/x86_64-linux-gnu/libX11.so.6.3.0
7f132709a000-7f132709b000 r--p 00130000 08:13 30934116                   /usr/lib/x86_64-linux-gnu/libX11.so.6.3.0
7f132709b000-7f132709f000 rw-p 00131000 08:13 30934116                   /usr/lib/x86_64-linux-gnu/libX11.so.6.3.0
7f132709f000-7f13270b0000 r-xp 00000000 08:13 30937501                   /usr/lib/x86_64-linux-gnu/libXext.so.6.4.0
7f13270b0000-7f13272af000 ---p 00011000 08:13 30937501                   /usr/lib/x86_64-linux-gnu/libXext.so.6.4.0
7f13272af000-7f13272b0000 r--p 00010000 08:13 30937501                   /usr/lib/x86_64-linux-gnu/libXext.so.6.4.0
7f13272b0000-7f13272b1000 rw-p 00011000 08:13 30937501                   /usr/lib/x86_64-linux-gnu/libXext.so.6.4.0
7f13272b1000-7f1327305000 r-xp 00000000 08:13 31472000                   /usr/lib/jvm/oracle-jdk-8u60-linux-x64/jdk1.8.0_60/jre/lib/amd64/libawt_xawt.so
7f1327305000-7f1327505000 ---p 00054000 08:13 31472000                   /usr/lib/jvm/oracle-jdk-8u60-linux-x64/jdk1.8.0_60/jre/lib/amd64/libawt_xawt.so
7f1327505000-7f1327509000 rw-p 00054000 08:13 31472000                   /usr/lib/jvm/oracle-jdk-8u60-linux-x64/jdk1.8.0_60/jre/lib/amd64/libawt_xawt.so
7f1327509000-7f132750a000 rw-p 00000000 00:00 0 
7f132750a000-7f13275ac000 r-xp 00000000 08:13 31472007                   /usr/lib/jvm/oracle-jdk-8u60-linux-x64/jdk1.8.0_60/jre/lib/amd64/libawt.so
7f13275ac000-7f13277ac000 ---p 000a2000 08:13 31472007                   /usr/lib/jvm/oracle-jdk-8u60-linux-x64/jdk1.8.0_60/jre/lib/amd64/libawt.so
7f13277ac000-7f13277b8000 rw-p 000a2000 08:13 31472007                   /usr/lib/jvm/oracle-jdk-8u60-linux-x64/jdk1.8.0_60/jre/lib/amd64/libawt.so
7f13277b8000-7f13277dc000 rw-p 00000000 00:00 0 
7f13277dc000-7f13277f3000 r-xp 00000000 08:13 35258813                   /lib/x86_64-linux-gnu/libresolv-2.19.so
7f13277f3000-7f13279f3000 ---p 00017000 08:13 35258813                   /lib/x86_64-linux-gnu/libresolv-2.19.so
7f13279f3000-7f13279f4000 r--p 00017000 08:13 35258813                   /lib/x86_64-linux-gnu/libresolv-2.19.so
7f13279f4000-7f13279f5000 rw-p 00018000 08:13 35258813                   /lib/x86_64-linux-gnu/libresolv-2.19.so
7f13279f5000-7f13279f7000 rw-p 00000000 00:00 0 
7f13279f7000-7f13279fc000 r-xp 00000000 08:13 35259014                   /lib/x86_64-linux-gnu/libnss_dns-2.19.so
7f13279fc000-7f1327bfb000 ---p 00005000 08:13 35259014                   /lib/x86_64-linux-gnu/libnss_dns-2.19.so
7f1327bfb000-7f1327bfc000 r--p 00004000 08:13 35259014                   /lib/x86_64-linux-gnu/libnss_dns-2.19.so
7f1327bfc000-7f1327bfd000 rw-p 00005000 08:13 35259014                   /lib/x86_64-linux-gnu/libnss_dns-2.19.so
7f1327bfd000-7f1327bff000 r-xp 00000000 08:13 35258642                   /lib/x86_64-linux-gnu/libnss_mdns4_minimal.so.2
7f1327bff000-7f1327dfe000 ---p 00002000 08:13 35258642                   /lib/x86_64-linux-gnu/libnss_mdns4_minimal.so.2
7f1327dfe000-7f1327dff000 r--p 00001000 08:13 35258642                   /lib/x86_64-linux-gnu/libnss_mdns4_minimal.so.2
7f1327dff000-7f1327e00000 rw-p 00002000 08:13 35258642                   /lib/x86_64-linux-gnu/libnss_mdns4_minimal.so.2
7f1327e00000-7f1328000000 rw-p 00000000 00:00 0 
7f1328000000-7f1328021000 rw-p 00000000 00:00 0 
7f1328021000-7f132c000000 ---p 00000000 00:00 0 
7f132c000000-7f132c021000 rw-p 00000000 00:00 0 
7f132c021000-7f1330000000 ---p 00000000 00:00 0 
7f1330000000-7f1330021000 rw-p 00000000 00:00 0 
7f1330021000-7f1334000000 ---p 00000000 00:00 0 
7f1334037000-7f1334038000 rw-p 00000000 00:00 0 
7f1334038000-7f133403b000 ---p 00000000 00:00 0 
7f133403b000-7f1334139000 rw-p 00000000 00:00 0                          [stack:5119]
7f1334139000-7f133413c000 ---p 00000000 00:00 0 
7f133413c000-7f133423a000 rw-p 00000000 00:00 0                          [stack:5113]
7f133423a000-7f133423d000 ---p 00000000 00:00 0 
7f133423d000-7f133433b000 rw-p 00000000 00:00 0                          [stack:5112]
7f133433b000-7f133434c000 r-xp 00000000 08:13 31472013                   /usr/lib/jvm/oracle-jdk-8u60-linux-x64/jdk1.8.0_60/jre/lib/amd64/libnio.so
7f133434c000-7f133454b000 ---p 00011000 08:13 31472013                   /usr/lib/jvm/oracle-jdk-8u60-linux-x64/jdk1.8.0_60/jre/lib/amd64/libnio.so
7f133454b000-7f133454c000 rw-p 00010000 08:13 31472013                   /usr/lib/jvm/oracle-jdk-8u60-linux-x64/jdk1.8.0_60/jre/lib/amd64/libnio.so
7f133454c000-7f1334568000 r--s 00393000 08:13 31472044                   /usr/lib/jvm/oracle-jdk-8u60-linux-x64/jdk1.8.0_60/jre/lib/ext/cldrdata.jar
7f1334568000-7f1334572000 r--s 00116000 08:13 31472037                   /usr/lib/jvm/oracle-jdk-8u60-linux-x64/jdk1.8.0_60/jre/lib/ext/localedata.jar
7f1334572000-7f133457a000 r-xp 00000000 08:13 31471973                   /usr/lib/jvm/oracle-jdk-8u60-linux-x64/jdk1.8.0_60/jre/lib/amd64/libmanagement.so
7f133457a000-7f133477a000 ---p 00008000 08:13 31471973                   /usr/lib/jvm/oracle-jdk-8u60-linux-x64/jdk1.8.0_60/jre/lib/amd64/libmanagement.so
7f133477a000-7f133477b000 rw-p 00008000 08:13 31471973                   /usr/lib/jvm/oracle-jdk-8u60-linux-x64/jdk1.8.0_60/jre/lib/amd64/libmanagement.so
7f133477b000-7f133477f000 r--s 00095000 08:13 31472033                   /usr/lib/jvm/oracle-jdk-8u60-linux-x64/jdk1.8.0_60/jre/lib/jsse.jar
7f133477f000-7f13347b0000 rw-p 00000000 00:00 0 
7f13347b0000-7f13347c6000 r-xp 00000000 08:13 31471987                   /usr/lib/jvm/oracle-jdk-8u60-linux-x64/jdk1.8.0_60/jre/lib/amd64/libnet.so
7f13347c6000-7f13349c6000 ---p 00016000 08:13 31471987                   /usr/lib/jvm/oracle-jdk-8u60-linux-x64/jdk1.8.0_60/jre/lib/amd64/libnet.so
7f13349c6000-7f13349c7000 rw-p 00016000 08:13 31471987                   /usr/lib/jvm/oracle-jdk-8u60-linux-x64/jdk1.8.0_60/jre/lib/amd64/libnet.so
7f13349c7000-7f13349ca000 ---p 00000000 00:00 0 
7f13349ca000-7f1334ac8000 rw-p 00000000 00:00 0                          [stack:5091]
7f1334ac8000-7f1334ac9000 r-xp 00000000 08:13 71671017                   /home/marzampoglou/IntelliJ_IDEA/idea-IU-141.1532.4/bin/libbreakgen64.so
7f1334ac9000-7f1334cc8000 ---p 00001000 08:13 71671017                   /home/marzampoglou/IntelliJ_IDEA/idea-IU-141.1532.4/bin/libbreakgen64.so
7f1334cc8000-7f1334cc9000 r--p 00000000 08:13 71671017                   /home/marzampoglou/IntelliJ_IDEA/idea-IU-141.1532.4/bin/libbreakgen64.so
7f1334cc9000-7f1334cca000 rw-p 00001000 08:13 71671017                   /home/marzampoglou/IntelliJ_IDEA/idea-IU-141.1532.4/bin/libbreakgen64.so
7f1334cca000-7f1334ccc000 r--s 00016000 08:13 71671111                   /home/marzampoglou/IntelliJ_IDEA/idea-IU-141.1532.4/lib/idea_rt.jar
7f1334ccc000-7f1334cce000 r--s 00005000 08:13 77334120                   /home/marzampoglou/.m2/repository/xpp3/xpp3_min/1.1.4c/xpp3_min-1.1.4c.jar
7f1334cce000-7f1334cdb000 r--s 0006a000 08:13 77334151                   /home/marzampoglou/.m2/repository/com/thoughtworks/xstream/xstream/1.4.4/xstream-1.4.4.jar
7f1334cdb000-7f1334cdf000 r--s 0001f000 08:13 77334150                   /home/marzampoglou/.m2/repository/org/ddogleg/ddogleg/0.3/ddogleg-0.3.jar
7f1334cdf000-7f1334ce4000 r--s 0002d000 08:13 77334147                   /home/marzampoglou/.m2/repository/org/georegression/georegression/0.4/georegression-0.4.jar
7f1334ce4000-7f1334ce9000 r--s 00045000 08:13 77334146                   /home/marzampoglou/.m2/repository/com/googlecode/efficient-java-matrix-library/ejml/0.23/ejml-0.23.jar
7f1334ce9000-7f1334d0a000 r--s 001a4000 08:13 77334144                   /home/marzampoglou/.m2/repository/org/boofcv/boofcv/0.15/boofcv-0.15.jar
7f1334d0a000-7f1334d0d000 r--s 0003d000 08:13 77334136                   /home/marzampoglou/.m2/repository/javax/media/jai/com.springsource.javax.media.jai.codec/1.1.3/com.springsource.javax.media.jai.codec-1.1.3.jar
7f1334d0d000-7f1334d21000 r--s 001c0000 08:13 77334135                   /home/marzampoglou/.m2/repository/javax/media/jai/com.springsource.javax.media.jai.core/1.1.3/com.springsource.javax.media.jai.core-1.1.3.jar
7f1334d21000-7f1334d25000 r--s 00107000 08:13 77334142                   /home/marzampoglou/.m2/repository/net/java/dev/jna/jna/4.2.0/jna-4.2.0.jar
7f1334d25000-7f1334d41000 r--s 00144000 08:13 77334141                   /home/marzampoglou/.m2/repository/org/ojalgo/ojalgo/38.2/ojalgo-38.2.jar
7f1334d41000-7f1334d65000 r--s 001ce000 08:13 77334139                   /home/marzampoglou/.m2/repository/org/apache/commons/commons-math3/3.5/commons-math3-3.5.jar
7f1334d65000-7f1334d6c000 r--s 00064000 08:13 77334140                   /home/marzampoglou/.m2/repository/org/apache/commons/commons-lang3/3.4/commons-lang3-3.4.jar
7f1334d6c000-7f1334d6e000 r--s 0001b000 08:13 83104501                   /home/marzampoglou/.m2/repository/com/adobe/xmp/xmpcore/5.1.2/xmpcore-5.1.2.jar
7f1334d6e000-7f1334d74000 r--s 0004f000 08:13 83104502                   /home/marzampoglou/.m2/repository/com/drewnoakes/metadata-extractor/2.8.1/metadata-extractor-2.8.1.jar
7f1334d74000-7f1334d79000 r--s 0002f000 08:13 76023650                   /home/marzampoglou/.m2/repository/com/google/code/gson/gson/2.4/gson-2.4.jar
7f1334d79000-7f1334d7f000 r--s 0004a000 08:13 83231062                   /home/marzampoglou/.m2/repository/cglib/cglib-nodep/2.2.2/cglib-nodep-2.2.2.jar
7f1334d7f000-7f1334d83000 r--s 00016000 08:13 83231063                   /home/marzampoglou/.m2/repository/com/thoughtworks/proxytoys/proxytoys/1.0/proxytoys-1.0.jar
7f1334d83000-7f1334d9b000 r--s 00121000 08:13 76823339                   /home/marzampoglou/.m2/repository/org/mongodb/mongo-java-driver/3.0.2/mongo-java-driver-3.0.2.jar
7f1334d9b000-7f1334da3000 r--s 00051000 08:13 76686121                   /home/marzampoglou/.m2/repository/org/mongodb/morphia/morphia/1.0.1/morphia-1.0.1.jar
7f1334da3000-7f1334da6000 r--s 0001a000 08:13 31471951                   /usr/lib/jvm/oracle-jdk-8u60-linux-x64/jdk1.8.0_60/jre/lib/jce.jar
7f1334da6000-7f1334db9000 r--s 00344000 08:13 31472057                   /usr/lib/jvm/oracle-jdk-8u60-linux-x64/jdk1.8.0_60/jre/lib/resources.jar
7f1334db9000-7f1334dbb000 r--s 00007000 08:13 31472060                   /usr/lib/jvm/oracle-jdk-8u60-linux-x64/jdk1.8.0_60/jre/lib/jfxswt.jar
7f1334dbb000-7f1334dce000 r--s 000d5000 08:13 31471949                   /usr/lib/jvm/oracle-jdk-8u60-linux-x64/jdk1.8.0_60/jre/lib/plugin.jar
7f1334dce000-7f1334dcf000 ---p 00000000 00:00 0 
7f1334dcf000-7f1334ecf000 rw-p 00000000 00:00 0                          [stack:5090]
7f1334ecf000-7f1334ed2000 ---p 00000000 00:00 0 
7f1334ed2000-7f1334fd0000 rw-p 00000000 00:00 0                          [stack:5089]
7f1334fd0000-7f1334fd3000 ---p 00000000 00:00 0 
7f1334fd3000-7f13350d1000 rw-p 00000000 00:00 0                          [stack:5088]
7f13350d1000-7f13350d4000 ---p 00000000 00:00 0 
7f13350d4000-7f13351d2000 rw-p 00000000 00:00 0                          [stack:5087]
7f13351d2000-7f13351d5000 ---p 00000000 00:00 0 
7f13351d5000-7f13352d3000 rw-p 00000000 00:00 0                          [stack:5086]
7f13352d3000-7f13352d6000 ---p 00000000 00:00 0 
7f13352d6000-7f13353d4000 rw-p 00000000 00:00 0                          [stack:5085]
7f13353d4000-7f13353d7000 ---p 00000000 00:00 0 
7f13353d7000-7f13354d5000 rw-p 00000000 00:00 0                          [stack:5084]
7f13354d5000-7f1335bc3000 r--p 00000000 08:13 30934335                   /usr/lib/locale/locale-archive
7f1335bc3000-7f1335bc6000 ---p 00000000 00:00 0 
7f1335bc6000-7f1335cc4000 rw-p 00000000 00:00 0                          [stack:5082]
7f1335cc4000-7f1335cc7000 ---p 00000000 00:00 0 
7f1335cc7000-7f1335dc5000 rw-p 00000000 00:00 0                          [stack:5081]
7f1335dc5000-7f1335dc6000 ---p 00000000 00:00 0 
7f1335dc6000-7f1338000000 rw-p 00000000 00:00 0                          [stack:5080]
7f1338000000-7f1338021000 rw-p 00000000 00:00 0 
7f1338021000-7f133c000000 ---p 00000000 00:00 0 
7f133c000000-7f133c001000 r--s 00001000 08:13 77334118                   /home/marzampoglou/.m2/repository/xmlpull/xmlpull/1.1.3.1/xmlpull-1.1.3.1.jar
7f133c001000-7f133c005000 r--s 00095000 08:13 31472033                   /usr/lib/jvm/oracle-jdk-8u60-linux-x64/jdk1.8.0_60/jre/lib/jsse.jar
7f133c005000-7f133c020000 r--s 001fc000 08:13 31472047                   /usr/lib/jvm/oracle-jdk-8u60-linux-x64/jdk1.8.0_60/jre/lib/deploy.jar
7f133c020000-7f133c2e8000 rw-p 00000000 00:00 0 
7f133c2e8000-7f133c4c0000 r--s 03d17000 08:13 31472030                   /usr/lib/jvm/oracle-jdk-8u60-linux-x64/jdk1.8.0_60/jre/lib/rt.jar
7f133c4c0000-7f133ccfd000 rw-p 00000000 00:00 0 
7f133ccfd000-7f133ccfe000 ---p 00000000 00:00 0 
7f133ccfe000-7f133cdfe000 rw-p 00000000 00:00 0                          [stack:5079]
7f133cdfe000-7f133cdff000 ---p 00000000 00:00 0 
7f133cdff000-7f133ceff000 rw-p 00000000 00:00 0                          [stack:5078]
7f133ceff000-7f133cf00000 ---p 00000000 00:00 0 
7f133cf00000-7f133d000000 rw-p 00000000 00:00 0                          [stack:5077]
7f133d000000-7f133d550000 rwxp 00000000 00:00 0 
7f133d550000-7f134c000000 ---p 00000000 00:00 0 
7f134c000000-7f134c59e000 rw-p 00000000 00:00 0 
7f134c59e000-7f1350000000 ---p 00000000 00:00 0 
7f1350000000-7f1350001000 r--s 00000000 08:13 31472027                   /usr/lib/jvm/oracle-jdk-8u60-linux-x64/jdk1.8.0_60/jre/lib/management-agent.jar
7f1350001000-7f135000b000 r--s 0006b000 08:13 31471879                   /usr/lib/jvm/oracle-jdk-8u60-linux-x64/jdk1.8.0_60/jre/lib/javaws.jar
7f135000b000-7f1350011000 r--s 002f8000 08:13 31471950                   /usr/lib/jvm/oracle-jdk-8u60-linux-x64/jdk1.8.0_60/jre/lib/charsets.jar
7f1350011000-7f135008d000 rw-p 00000000 00:00 0 
7f135008d000-7f135008e000 ---p 00000000 00:00 0 
7f135008e000-7f135018e000 rw-p 00000000 00:00 0                          [stack:5076]
7f135018e000-7f135018f000 ---p 00000000 00:00 0 
7f135018f000-7f135028f000 rw-p 00000000 00:00 0                          [stack:5075]
7f135028f000-7f1350290000 ---p 00000000 00:00 0 
7f1350290000-7f1350390000 rw-p 00000000 00:00 0                          [stack:5074]
7f1350390000-7f1350391000 ---p 00000000 00:00 0 
7f1350391000-7f1350491000 rw-p 00000000 00:00 0                          [stack:5073]
7f1350491000-7f1350492000 ---p 00000000 00:00 0 
7f1350492000-7f13505eb000 rw-p 00000000 00:00 0                          [stack:5072]
7f13505eb000-7f1350ac2000 ---p 00000000 00:00 0 
7f1350ac2000-7f1350b1b000 rw-p 00000000 00:00 0 
7f1350b1b000-7f1350ff1000 ---p 00000000 00:00 0 
7f1350ff1000-7f135119e000 rw-p 00000000 00:00 0 
7f135119e000-7f1351289000 ---p 00000000 00:00 0 
7f1351289000-7f13512a0000 rw-p 00000000 00:00 0 
7f13512a0000-7f135164a000 ---p 00000000 00:00 0 
7f135164a000-7f1351664000 r-xp 00000000 08:13 31471982                   /usr/lib/jvm/oracle-jdk-8u60-linux-x64/jdk1.8.0_60/jre/lib/amd64/libzip.so
7f1351664000-7f1351864000 ---p 0001a000 08:13 31471982                   /usr/lib/jvm/oracle-jdk-8u60-linux-x64/jdk1.8.0_60/jre/lib/amd64/libzip.so
7f1351864000-7f1351865000 rw-p 0001a000 08:13 31471982                   /usr/lib/jvm/oracle-jdk-8u60-linux-x64/jdk1.8.0_60/jre/lib/amd64/libzip.so
7f1351865000-7f1351870000 r-xp 00000000 08:13 35258873                   /lib/x86_64-linux-gnu/libnss_files-2.19.so
7f1351870000-7f1351a6f000 ---p 0000b000 08:13 35258873                   /lib/x86_64-linux-gnu/libnss_files-2.19.so
7f1351a6f000-7f1351a70000 r--p 0000a000 08:13 35258873                   /lib/x86_64-linux-gnu/libnss_files-2.19.so
7f1351a70000-7f1351a71000 rw-p 0000b000 08:13 35258873                   /lib/x86_64-linux-gnu/libnss_files-2.19.so
7f1351a71000-7f1351a7c000 r-xp 00000000 08:13 35259048                   /lib/x86_64-linux-gnu/libnss_nis-2.19.so
7f1351a7c000-7f1351c7b000 ---p 0000b000 08:13 35259048                   /lib/x86_64-linux-gnu/libnss_nis-2.19.so
7f1351c7b000-7f1351c7c000 r--p 0000a000 08:13 35259048                   /lib/x86_64-linux-gnu/libnss_nis-2.19.so
7f1351c7c000-7f1351c7d000 rw-p 0000b000 08:13 35259048                   /lib/x86_64-linux-gnu/libnss_nis-2.19.so
7f1351c7d000-7f1351c94000 r-xp 00000000 08:13 35259028                   /lib/x86_64-linux-gnu/libnsl-2.19.so
7f1351c94000-7f1351e93000 ---p 00017000 08:13 35259028                   /lib/x86_64-linux-gnu/libnsl-2.19.so
7f1351e93000-7f1351e94000 r--p 00016000 08:13 35259028                   /lib/x86_64-linux-gnu/libnsl-2.19.so
7f1351e94000-7f1351e95000 rw-p 00017000 08:13 35259028                   /lib/x86_64-linux-gnu/libnsl-2.19.so
7f1351e95000-7f1351e97000 rw-p 00000000 00:00 0 
7f1351e97000-7f1351ea0000 r-xp 00000000 08:13 35259026                   /lib/x86_64-linux-gnu/libnss_compat-2.19.so
7f1351ea0000-7f135209f000 ---p 00009000 08:13 35259026                   /lib/x86_64-linux-gnu/libnss_compat-2.19.so
7f135209f000-7f13520a0000 r--p 00008000 08:13 35259026                   /lib/x86_64-linux-gnu/libnss_compat-2.19.so
7f13520a0000-7f13520a1000 rw-p 00009000 08:13 35259026                   /lib/x86_64-linux-gnu/libnss_compat-2.19.so
7f13520a1000-7f13520cb000 r-xp 00000000 08:13 31471961                   /usr/lib/jvm/oracle-jdk-8u60-linux-x64/jdk1.8.0_60/jre/lib/amd64/libjava.so
7f13520cb000-7f13522cb000 ---p 0002a000 08:13 31471961                   /usr/lib/jvm/oracle-jdk-8u60-linux-x64/jdk1.8.0_60/jre/lib/amd64/libjava.so
7f13522cb000-7f13522cd000 rw-p 0002a000 08:13 31471961                   /usr/lib/jvm/oracle-jdk-8u60-linux-x64/jdk1.8.0_60/jre/lib/amd64/libjava.so
7f13522cd000-7f13522da000 r-xp 00000000 08:13 31471976                   /usr/lib/jvm/oracle-jdk-8u60-linux-x64/jdk1.8.0_60/jre/lib/amd64/libverify.so
7f13522da000-7f13524da000 ---p 0000d000 08:13 31471976                   /usr/lib/jvm/oracle-jdk-8u60-linux-x64/jdk1.8.0_60/jre/lib/amd64/libverify.so
7f13524da000-7f13524dc000 rw-p 0000d000 08:13 31471976                   /usr/lib/jvm/oracle-jdk-8u60-linux-x64/jdk1.8.0_60/jre/lib/amd64/libverify.so
7f13524dc000-7f13524e3000 r-xp 00000000 08:13 35259044                   /lib/x86_64-linux-gnu/librt-2.19.so
7f13524e3000-7f13526e2000 ---p 00007000 08:13 35259044                   /lib/x86_64-linux-gnu/librt-2.19.so
7f13526e2000-7f13526e3000 r--p 00006000 08:13 35259044                   /lib/x86_64-linux-gnu/librt-2.19.so
7f13526e3000-7f13526e4000 rw-p 00007000 08:13 35259044                   /lib/x86_64-linux-gnu/librt-2.19.so
7f13526e4000-7f13533a2000 r-xp 00000000 08:13 31471997                   /usr/lib/jvm/oracle-jdk-8u60-linux-x64/jdk1.8.0_60/jre/lib/amd64/server/libjvm.so
7f13533a2000-7f13535a1000 ---p 00cbe000 08:13 31471997                   /usr/lib/jvm/oracle-jdk-8u60-linux-x64/jdk1.8.0_60/jre/lib/amd64/server/libjvm.so
7f13535a1000-7f1353679000 rw-p 00cbd000 08:13 31471997                   /usr/lib/jvm/oracle-jdk-8u60-linux-x64/jdk1.8.0_60/jre/lib/amd64/server/libjvm.so
7f1353679000-7f13536be000 rw-p 00000000 00:00 0 
7f13536be000-7f13536d4000 r-xp 00000000 08:13 35258559                   /lib/x86_64-linux-gnu/libgcc_s.so.1
7f13536d4000-7f13538d3000 ---p 00016000 08:13 35258559                   /lib/x86_64-linux-gnu/libgcc_s.so.1
7f13538d3000-7f13538d4000 rw-p 00015000 08:13 35258559                   /lib/x86_64-linux-gnu/libgcc_s.so.1
7f13538d4000-7f13539d9000 r-xp 00000000 08:13 35258845                   /lib/x86_64-linux-gnu/libm-2.19.so
7f13539d9000-7f1353bd8000 ---p 00105000 08:13 35258845                   /lib/x86_64-linux-gnu/libm-2.19.so
7f1353bd8000-7f1353bd9000 r--p 00104000 08:13 35258845                   /lib/x86_64-linux-gnu/libm-2.19.so
7f1353bd9000-7f1353bda000 rw-p 00105000 08:13 35258845                   /lib/x86_64-linux-gnu/libm-2.19.so
7f1353bda000-7f1353d95000 r-xp 00000000 08:13 35259038                   /lib/x86_64-linux-gnu/libc-2.19.so
7f1353d95000-7f1353f94000 ---p 001bb000 08:13 35259038                   /lib/x86_64-linux-gnu/libc-2.19.so
7f1353f94000-7f1353f98000 r--p 001ba000 08:13 35259038                   /lib/x86_64-linux-gnu/libc-2.19.so
7f1353f98000-7f1353f9a000 rw-p 001be000 08:13 35259038                   /lib/x86_64-linux-gnu/libc-2.19.so
7f1353f9a000-7f1353f9f000 rw-p 00000000 00:00 0 
7f1353f9f000-7f1353fa2000 r-xp 00000000 08:13 35259016                   /lib/x86_64-linux-gnu/libdl-2.19.so
7f1353fa2000-7f13541a1000 ---p 00003000 08:13 35259016                   /lib/x86_64-linux-gnu/libdl-2.19.so
7f13541a1000-7f13541a2000 r--p 00002000 08:13 35259016                   /lib/x86_64-linux-gnu/libdl-2.19.so
7f13541a2000-7f13541a3000 rw-p 00003000 08:13 35259016                   /lib/x86_64-linux-gnu/libdl-2.19.so
7f13541a3000-7f13541b8000 r-xp 00000000 08:13 31461846                   /usr/lib/jvm/oracle-jdk-8u60-linux-x64/jdk1.8.0_60/lib/amd64/jli/libjli.so
7f13541b8000-7f13543b8000 ---p 00015000 08:13 31461846                   /usr/lib/jvm/oracle-jdk-8u60-linux-x64/jdk1.8.0_60/lib/amd64/jli/libjli.so
7f13543b8000-7f13543b9000 rw-p 00015000 08:13 31461846                   /usr/lib/jvm/oracle-jdk-8u60-linux-x64/jdk1.8.0_60/lib/amd64/jli/libjli.so
7f13543b9000-7f13543d2000 r-xp 00000000 08:13 35259040                   /lib/x86_64-linux-gnu/libpthread-2.19.so
7f13543d2000-7f13545d1000 ---p 00019000 08:13 35259040                   /lib/x86_64-linux-gnu/libpthread-2.19.so
7f13545d1000-7f13545d2000 r--p 00018000 08:13 35259040                   /lib/x86_64-linux-gnu/libpthread-2.19.so
7f13545d2000-7f13545d3000 rw-p 00019000 08:13 35259040                   /lib/x86_64-linux-gnu/libpthread-2.19.so
7f13545d3000-7f13545d7000 rw-p 00000000 00:00 0 
7f13545d7000-7f13546bd000 r-xp 00000000 08:13 30938428                   /usr/lib/x86_64-linux-gnu/libstdc++.so.6.0.19
7f13546bd000-7f13548bc000 ---p 000e6000 08:13 30938428                   /usr/lib/x86_64-linux-gnu/libstdc++.so.6.0.19
7f13548bc000-7f13548c4000 r--p 000e5000 08:13 30938428                   /usr/lib/x86_64-linux-gnu/libstdc++.so.6.0.19
7f13548c4000-7f13548c6000 rw-p 000ed000 08:13 30938428                   /usr/lib/x86_64-linux-gnu/libstdc++.so.6.0.19
7f13548c6000-7f13548db000 rw-p 00000000 00:00 0 
7f13548db000-7f13548fe000 r-xp 00000000 08:13 35259032                   /lib/x86_64-linux-gnu/ld-2.19.so
7f13548fe000-7f1354903000 r--s 00083000 08:13 31472031                   /usr/lib/jvm/oracle-jdk-8u60-linux-x64/jdk1.8.0_60/jre/lib/jfr.jar
7f1354903000-7f13549c8000 rw-p 00000000 00:00 0 
7f13549c8000-7f13549cb000 ---p 00000000 00:00 0 
7f13549cb000-7f1354af1000 rw-p 00000000 00:00 0                          [stack:5071]
7f1354af1000-7f1354af9000 rw-s 00000000 08:13 18087968                   /tmp/hsperfdata_marzampoglou/5070
7f1354af9000-7f1354afa000 rw-p 00000000 00:00 0 
7f1354afa000-7f1354afb000 ---p 00000000 00:00 0 
7f1354afb000-7f1354afd000 rw-p 00000000 00:00 0 
7f1354afd000-7f1354afe000 r--p 00022000 08:13 35259032                   /lib/x86_64-linux-gnu/ld-2.19.so
7f1354afe000-7f1354aff000 rw-p 00023000 08:13 35259032                   /lib/x86_64-linux-gnu/ld-2.19.so
7f1354aff000-7f1354b00000 rw-p 00000000 00:00 0 
7ffe048cf000-7ffe048f1000 rw-p 00000000 00:00 0                          [stack]
7ffe04950000-7ffe04952000 r-xp 00000000 00:00 0                          [vdso]
ffffffffff600000-ffffffffff601000 r-xp 00000000 00:00 0                  [vsyscall]

VM Arguments:
jvm_args: -Didea.launcher.port=7542 -Didea.launcher.bin.path=/home/marzampoglou/IntelliJ_IDEA/idea-IU-141.1532.4/bin -Dfile.encoding=UTF-8 
java_command: com.intellij.rt.execution.application.AppMain ForensicsToolbox.ReportManagement
java_class_path (initial): /usr/lib/jvm/oracle-jdk-8u60-linux-x64/jdk1.8.0_60/jre/lib/charsets.jar:/usr/lib/jvm/oracle-jdk-8u60-linux-x64/jdk1.8.0_60/jre/lib/deploy.jar:/usr/lib/jvm/oracle-jdk-8u60-linux-x64/jdk1.8.0_60/jre/lib/jfr.jar:/usr/lib/jvm/oracle-jdk-8u60-linux-x64/jdk1.8.0_60/jre/lib/javaws.jar:/usr/lib/jvm/oracle-jdk-8u60-linux-x64/jdk1.8.0_60/jre/lib/rt.jar:/usr/lib/jvm/oracle-jdk-8u60-linux-x64/jdk1.8.0_60/jre/lib/plugin.jar:/usr/lib/jvm/oracle-jdk-8u60-linux-x64/jdk1.8.0_60/jre/lib/jsse.jar:/usr/lib/jvm/oracle-jdk-8u60-linux-x64/jdk1.8.0_60/jre/lib/jfxswt.jar:/usr/lib/jvm/oracle-jdk-8u60-linux-x64/jdk1.8.0_60/jre/lib/resources.jar:/usr/lib/jvm/oracle-jdk-8u60-linux-x64/jdk1.8.0_60/jre/lib/jce.jar:/usr/lib/jvm/oracle-jdk-8u60-linux-x64/jdk1.8.0_60/jre/lib/management-agent.jar:/usr/lib/jvm/oracle-jdk-8u60-linux-x64/jdk1.8.0_60/jre/lib/ext/sunpkcs11.jar:/usr/lib/jvm/oracle-jdk-8u60-linux-x64/jdk1.8.0_60/jre/lib/ext/sunec.jar:/usr/lib/jvm/oracle-jdk-8u60-linux-x64/jdk1.8.0_60/jre/lib/ext/jfxrt.jar:/usr/lib/jvm/oracle-jdk-8u60-linux-x64/jdk1.8.0_60/jre/lib/ext/zipfs.jar:/usr/lib/jvm/oracle-jdk-8u60-linux-x64/jdk1.8.0_60/jre/lib/ext/sunjce_provider.jar:/usr/lib/jvm/oracle-jdk-8u60-linux-x64/jdk1.8.0_60/jre/lib/ext/nashorn.jar:/usr/lib/jvm/oracle-jdk-8u60-linux-x64/jdk1.8.0_60/jre/lib/ext/localedata.jar:/usr/lib/jvm/oracle-jdk-8u60-linux-x64/jdk1.8.0_60/jre/lib/ext/jaccess.jar:/usr/lib/jvm/oracle-jdk-8u60-linux-x64/jdk1.8.0_60/jre/lib/ext/cldrdata.jar:/usr/lib/jvm/oracle-jdk-8u60-linux-x64/jdk1.8.0_60/jre/lib/ext/dnsns.jar:/media/marzampoglou/3TB/markzampoglou/ImageForensics/Deliverables/Code/CurrentVersion/MultimediaManipulationToolbox/target/classes:/home/marzampoglou/.m2/repository/org/mongodb/morphia/morphia/1.0.1/morphia-1.0.1.jar:/home/marzampoglou/.m2/repository/org/mongodb/mongo-java-driver/3.0.2/mongo-java-driver-3.0.2.jar:/home/marzampoglou/.m2/repository/com/thoughtworks/proxytoys/proxytoys/1.0/proxytoys-1.0.jar:/home/marzampoglou/.m2/repository/
Launcher Type: SUN_STANDARD

Environment Variables:
PATH=/usr/local/cuda-7.0/bin:/usr/local/anaconda/bin:/usr/local/sbin:/usr/local/bin:/usr/sbin:/usr/bin:/sbin:/bin:/usr/games:/usr/local/games
LD_LIBRARY_PATH=/home/marzampoglou/IntelliJ_IDEA/idea-IU-141.1532.4/bin:/usr/local/anaconda/pkgs/hdf5-1.8.14-0/lib:/usr/lib/cudnn-6.5-linux-x64-v2:/usr/lib/x86_64-linux-gnu:/usr/local/lib:/usr/local/cuda-7.0/lib64:/usr/local/cuda-7.0/lib64
LD_PRELOAD=/usr/lib/x86_64-linux-gnu/libstdc++.so.6
SHELL=/bin/bash
DISPLAY=:0.0

Signal Handlers:
SIGSEGV: [libjvm.so+0xaba070], sa_mask[0]=11111111011111111101111111111110, sa_flags=SA_RESTART|SA_SIGINFO
SIGBUS: [libjvm.so+0xaba070], sa_mask[0]=11111111011111111101111111111110, sa_flags=SA_RESTART|SA_SIGINFO
SIGFPE: [libjvm.so+0x917630], sa_mask[0]=11111111011111111101111111111110, sa_flags=SA_RESTART|SA_SIGINFO
SIGPIPE: [libjvm.so+0x917630], sa_mask[0]=11111111011111111101111111111110, sa_flags=SA_RESTART|SA_SIGINFO
SIGXFSZ: [libjvm.so+0x917630], sa_mask[0]=11111111011111111101111111111110, sa_flags=SA_RESTART|SA_SIGINFO
SIGILL: [libjvm.so+0x917630], sa_mask[0]=11111111011111111101111111111110, sa_flags=SA_RESTART|SA_SIGINFO
SIGUSR1: SIG_DFL, sa_mask[0]=00000000000000000000000000000000, sa_flags=none
SIGUSR2: [libjvm.so+0x918c60], sa_mask[0]=00100000000000000000000000000000, sa_flags=SA_RESTART|SA_SIGINFO
SIGHUP: [libjvm.so+0x91a060], sa_mask[0]=11111111011111111101111111111110, sa_flags=SA_RESTART|SA_SIGINFO
SIGINT: [libjvm.so+0x91a060], sa_mask[0]=11111111011111111101111111111110, sa_flags=SA_RESTART|SA_SIGINFO
SIGTERM: [libjvm.so+0x91a060], sa_mask[0]=11111111011111111101111111111110, sa_flags=SA_RESTART|SA_SIGINFO
SIGQUIT: [libjvm.so+0x91a060], sa_mask[0]=11111111011111111101111111111110, sa_flags=SA_RESTART|SA_SIGINFO


---------------  S Y S T E M  ---------------

OS:DISTRIB_ID=Ubuntu
DISTRIB_RELEASE=14.04
DISTRIB_CODENAME=trusty
DISTRIB_DESCRIPTION="Ubuntu 14.04.2 LTS"

uname:Linux 3.13.0-49-generic #83-Ubuntu SMP Fri Apr 10 20:11:33 UTC 2015 x86_64
libc:glibc 2.19 NPTL 2.19 
rlimit: STACK 8192k, CORE 0k, NPROC 127203, NOFILE 4096, AS infinity
load average:1.38 1.02 0.86

/proc/meminfo:
MemTotal:       16303688 kB
MemFree:          199860 kB
Buffers:            2908 kB
Cached:           267028 kB
SwapCached:            0 kB
Active:         15630404 kB
Inactive:         192208 kB
Active(anon):   15554560 kB
Inactive(anon):   121148 kB
Active(file):      75844 kB
Inactive(file):    71060 kB
Unevictable:          32 kB
Mlocked:              32 kB
SwapTotal:             0 kB
SwapFree:              0 kB
Dirty:               156 kB
Writeback:             0 kB
AnonPages:      15553340 kB
Mapped:           161804 kB
Shmem:            122472 kB
Slab:              78876 kB
SReclaimable:      36444 kB
SUnreclaim:        42432 kB
KernelStack:        9128 kB
PageTables:        67188 kB
NFS_Unstable:          0 kB
Bounce:                0 kB
WritebackTmp:          0 kB
CommitLimit:     8151844 kB
Committed_AS:   22112004 kB
VmallocTotal:   34359738367 kB
VmallocUsed:      373252 kB
VmallocChunk:   34359353432 kB
HardwareCorrupted:     0 kB
AnonHugePages:  12244992 kB
HugePages_Total:       0
HugePages_Free:        0
HugePages_Rsvd:        0
HugePages_Surp:        0
Hugepagesize:       2048 kB
DirectMap4k:       90956 kB
DirectMap2M:     3973120 kB
DirectMap1G:    12582912 kB


CPU:total 8 (4 cores per cpu, 2 threads per core) family 6 model 60 stepping 3, cmov, cx8, fxsr, mmx, sse, sse2, sse3, ssse3, sse4.1, sse4.2, popcnt, avx, avx2, aes, clmul, erms, lzcnt, ht, tsc, tscinvbit, bmi1, bmi2

/proc/cpuinfo:
processor	: 0
vendor_id	: GenuineIntel
cpu family	: 6
model		: 60
model name	: Intel(R) Core(TM) i7-4770K CPU @ 3.50GHz
stepping	: 3
microcode	: 0x12
cpu MHz		: 1800.000
cache size	: 8192 KB
physical id	: 0
siblings	: 8
core id		: 0
cpu cores	: 4
apicid		: 0
initial apicid	: 0
fpu		: yes
fpu_exception	: yes
cpuid level	: 13
wp		: yes
flags		: fpu vme de pse tsc msr pae mce cx8 apic sep mtrr pge mca cmov pat pse36 clflush dts acpi mmx fxsr sse sse2 ss ht tm pbe syscall nx pdpe1gb rdtscp lm constant_tsc arch_perfmon pebs bts rep_good nopl xtopology nonstop_tsc aperfmperf eagerfpu pni pclmulqdq dtes64 monitor ds_cpl vmx est tm2 ssse3 fma cx16 xtpr pdcm pcid sse4_1 sse4_2 movbe popcnt tsc_deadline_timer aes xsave avx f16c rdrand lahf_lm abm ida arat epb xsaveopt pln pts dtherm tpr_shadow vnmi flexpriority ept vpid fsgsbase tsc_adjust bmi1 avx2 smep bmi2 erms invpcid
bogomips	: 6996.20
clflush size	: 64
cache_alignment	: 64
address sizes	: 39 bits physical, 48 bits virtual
power management:

processor	: 1
vendor_id	: GenuineIntel
cpu family	: 6
model		: 60
model name	: Intel(R) Core(TM) i7-4770K CPU @ 3.50GHz
stepping	: 3
microcode	: 0x12
cpu MHz		: 800.000
cache size	: 8192 KB
physical id	: 0
siblings	: 8
core id		: 1
cpu cores	: 4
apicid		: 2
initial apicid	: 2
fpu		: yes
fpu_exception	: yes
cpuid level	: 13
wp		: yes
flags		: fpu vme de pse tsc msr pae mce cx8 apic sep mtrr pge mca cmov pat pse36 clflush dts acpi mmx fxsr sse sse2 ss ht tm pbe syscall nx pdpe1gb rdtscp lm constant_tsc arch_perfmon pebs bts rep_good nopl xtopology nonstop_tsc aperfmperf eagerfpu pni pclmulqdq dtes64 monitor ds_cpl vmx est tm2 ssse3 fma cx16 xtpr pdcm pcid sse4_1 sse4_2 movbe popcnt tsc_deadline_timer aes xsave avx f16c rdrand lahf_lm abm ida arat epb xsaveopt pln pts dtherm tpr_shadow vnmi flexpriority ept vpid fsgsbase tsc_adjust bmi1 avx2 smep bmi2 erms invpcid
bogomips	: 6996.20
clflush size	: 64
cache_alignment	: 64
address sizes	: 39 bits physical, 48 bits virtual
power management:

processor	: 2
vendor_id	: GenuineIntel
cpu family	: 6
model		: 60
model name	: Intel(R) Core(TM) i7-4770K CPU @ 3.50GHz
stepping	: 3
microcode	: 0x12
cpu MHz		: 3501.000
cache size	: 8192 KB
physical id	: 0
siblings	: 8
core id		: 2
cpu cores	: 4
apicid		: 4
initial apicid	: 4
fpu		: yes
fpu_exception	: yes
cpuid level	: 13
wp		: yes
flags		: fpu vme de pse tsc msr pae mce cx8 apic sep mtrr pge mca cmov pat pse36 clflush dts acpi mmx fxsr sse sse2 ss ht tm pbe syscall nx pdpe1gb rdtscp lm constant_tsc arch_perfmon pebs bts rep_good nopl xtopology nonstop_tsc aperfmperf eagerfpu pni pclmulqdq dtes64 monitor ds_cpl vmx est tm2 ssse3 fma cx16 xtpr pdcm pcid sse4_1 sse4_2 movbe popcnt tsc_deadline_timer aes xsave avx f16c rdrand lahf_lm abm ida arat epb xsaveopt pln pts dtherm tpr_shadow vnmi flexpriority ept vpid fsgsbase tsc_adjust bmi1 avx2 smep bmi2 erms invpcid
bogomips	: 6996.20
clflush size	: 64
cache_alignment	: 64
address sizes	: 39 bits physical, 48 bits virtual
power management:

processor	: 3
vendor_id	: GenuineIntel
cpu family	: 6
model		: 60
model name	: Intel(R) Core(TM) i7-4770K CPU @ 3.50GHz
stepping	: 3
microcode	: 0x12
cpu MHz		: 800.000
cache size	: 8192 KB
physical id	: 0
siblings	: 8
core id		: 3
cpu cores	: 4
apicid		: 6
initial apicid	: 6
fpu		: yes
fpu_exception	: yes
cpuid level	: 13
wp		: yes
flags		: fpu vme de pse tsc msr pae mce cx8 apic sep mtrr pge mca cmov pat pse36 clflush dts acpi mmx fxsr sse sse2 ss ht tm pbe syscall nx pdpe1gb rdtscp lm constant_tsc arch_perfmon pebs bts rep_good nopl xtopology nonstop_tsc aperfmperf eagerfpu pni pclmulqdq dtes64 monitor ds_cpl vmx est tm2 ssse3 fma cx16 xtpr pdcm pcid sse4_1 sse4_2 movbe popcnt tsc_deadline_timer aes xsave avx f16c rdrand lahf_lm abm ida arat epb xsaveopt pln pts dtherm tpr_shadow vnmi flexpriority ept vpid fsgsbase tsc_adjust bmi1 avx2 smep bmi2 erms invpcid
bogomips	: 6996.20
clflush size	: 64
cache_alignment	: 64
address sizes	: 39 bits physical, 48 bits virtual
power management:

processor	: 4
vendor_id	: GenuineIntel
cpu family	: 6
model		: 60
model name	: Intel(R) Core(TM) i7-4770K CPU @ 3.50GHz
stepping	: 3
microcode	: 0x12
cpu MHz		: 2300.000
cache size	: 8192 KB
physical id	: 0
siblings	: 8
core id		: 0
cpu cores	: 4
apicid		: 1
initial apicid	: 1
fpu		: yes
fpu_exception	: yes
cpuid level	: 13
wp		: yes
flags		: fpu vme de pse tsc msr pae mce cx8 apic sep mtrr pge mca cmov pat pse36 clflush dts acpi mmx fxsr sse sse2 ss ht tm pbe syscall nx pdpe1gb rdtscp lm constant_tsc arch_perfmon pebs bts rep_good nopl xtopology nonstop_tsc aperfmperf eagerfpu pni pclmulqdq dtes64 monitor ds_cpl vmx est tm2 ssse3 fma cx16 xtpr pdcm pcid sse4_1 sse4_2 movbe popcnt tsc_deadline_timer aes xsave avx f16c rdrand lahf_lm abm ida arat epb xsaveopt pln pts dtherm tpr_shadow vnmi flexpriority ept vpid fsgsbase tsc_adjust bmi1 avx2 smep bmi2 erms invpcid
bogomips	: 6996.20
clflush size	: 64
cache_alignment	: 64
address sizes	: 39 bits physical, 48 bits virtual
power management:

processor	: 5
vendor_id	: GenuineIntel
cpu family	: 6
model		: 60
model name	: Intel(R) Core(TM) i7-4770K CPU @ 3.50GHz
stepping	: 3
microcode	: 0x12
cpu MHz		: 3500.000
cache size	: 8192 KB
physical id	: 0
siblings	: 8
core id		: 1
cpu cores	: 4
apicid		: 3
initial apicid	: 3
fpu		: yes
fpu_exception	: yes
cpuid level	: 13
wp		: yes
flags		: fpu vme de pse tsc msr pae mce cx8 apic sep mtrr pge mca cmov pat pse36 clflush dts acpi mmx fxsr sse sse2 ss ht tm pbe syscall nx pdpe1gb rdtscp lm constant_tsc arch_perfmon pebs bts rep_good nopl xtopology nonstop_tsc aperfmperf eagerfpu pni pclmulqdq dtes64 monitor ds_cpl vmx est tm2 ssse3 fma cx16 xtpr pdcm pcid sse4_1 sse4_2 movbe popcnt tsc_deadline_timer aes xsave avx f16c rdrand lahf_lm abm ida arat epb xsaveopt pln pts dtherm tpr_shadow vnmi flexpriority ept vpid fsgsbase tsc_adjust bmi1 avx2 smep bmi2 erms invpcid
bogomips	: 6996.20
clflush size	: 64
cache_alignment	: 64
address sizes	: 39 bits physical, 48 bits virtual
power management:

processor	: 6
vendor_id	: GenuineIntel
cpu family	: 6
model		: 60
model name	: Intel(R) Core(TM) i7-4770K CPU @ 3.50GHz
stepping	: 3
microcode	: 0x12
cpu MHz		: 800.000
cache size	: 8192 KB
physical id	: 0
siblings	: 8
core id		: 2
cpu cores	: 4
apicid		: 5
initial apicid	: 5
fpu		: yes
fpu_exception	: yes
cpuid level	: 13
wp		: yes
flags		: fpu vme de pse tsc msr pae mce cx8 apic sep mtrr pge mca cmov pat pse36 clflush dts acpi mmx fxsr sse sse2 ss ht tm pbe syscall nx pdpe1gb rdtscp lm constant_tsc arch_perfmon pebs bts rep_good nopl xtopology nonstop_tsc aperfmperf eagerfpu pni pclmulqdq dtes64 monitor ds_cpl vmx est tm2 ssse3 fma cx16 xtpr pdcm pcid sse4_1 sse4_2 movbe popcnt tsc_deadline_timer aes xsave avx f16c rdrand lahf_lm abm ida arat epb xsaveopt pln pts dtherm tpr_shadow vnmi flexpriority ept vpid fsgsbase tsc_adjust bmi1 avx2 smep bmi2 erms invpcid
bogomips	: 6996.20
clflush size	: 64
cache_alignment	: 64
address sizes	: 39 bits physical, 48 bits virtual
power management:

processor	: 7
vendor_id	: GenuineIntel
cpu family	: 6
model		: 60
model name	: Intel(R) Core(TM) i7-4770K CPU @ 3.50GHz
stepping	: 3
microcode	: 0x12
cpu MHz		: 1400.000
cache size	: 8192 KB
physical id	: 0
siblings	: 8
core id		: 3
cpu cores	: 4
apicid		: 7
initial apicid	: 7
fpu		: yes
fpu_exception	: yes
cpuid level	: 13
wp		: yes
flags		: fpu vme de pse tsc msr pae mce cx8 apic sep mtrr pge mca cmov pat pse36 clflush dts acpi mmx fxsr sse sse2 ss ht tm pbe syscall nx pdpe1gb rdtscp lm constant_tsc arch_perfmon pebs bts rep_good nopl xtopology nonstop_tsc aperfmperf eagerfpu pni pclmulqdq dtes64 monitor ds_cpl vmx est tm2 ssse3 fma cx16 xtpr pdcm pcid sse4_1 sse4_2 movbe popcnt tsc_deadline_timer aes xsave avx f16c rdrand lahf_lm abm ida arat epb xsaveopt pln pts dtherm tpr_shadow vnmi flexpriority ept vpid fsgsbase tsc_adjust bmi1 avx2 smep bmi2 erms invpcid
bogomips	: 6996.20
clflush size	: 64
cache_alignment	: 64
address sizes	: 39 bits physical, 48 bits virtual
power management:



Memory: 4k page, physical 16303688k(199860k free), swap 0k(0k free)

vm_info: Java HotSpot(TM) 64-Bit Server VM (25.60-b23) for linux-amd64 JRE (1.8.0_60-b27), built on Aug  4 2015 12:19:40 by "java_re" with gcc 4.3.0 20080428 (Red Hat 4.3.0-8)

time: Fri Nov 20 16:10:45 2015
elapsed time: 4 seconds (0d 0h 0m 4s)

