#
# There is insufficient memory for the Java Runtime Environment to continue.
# Native memory allocation (mmap) failed to map 466092032 bytes for committing reserved memory.
# Possible reasons:
#   The system is out of physical RAM or swap space
#   In 32 bit mode, the process size limit was hit
# Possible solutions:
#   Reduce memory load on the system
#   Increase physical memory or swap space
#   Check if swap backing store is full
#   Use 64 bit Java on a 64 bit OS
#   Decrease Java heap size (-Xmx/-Xms)
#   Decrease number of Java threads
#   Decrease Java thread stack sizes (-Xss)
#   Set larger code cache with -XX:ReservedCodeCacheSize=
# This output file may be truncated or incomplete.
#
#  Out of Memory Error (os_linux.cpp:2627), pid=5428, tid=140147357898496
#
# JRE version: Java(TM) SE Runtime Environment (8.0_60-b27) (build 1.8.0_60-b27)
# Java VM: Java HotSpot(TM) 64-Bit Server VM (25.60-b23 mixed mode linux-amd64 compressed oops)
# Failed to write core dump. Core dumps have been disabled. To enable core dumping, try "ulimit -c unlimited" before starting Java again
#

---------------  T H R E A D  ---------------

Current thread (0x00007f76bc082000):  VMThread [stack: 0x00007f76996bd000,0x00007f76997be000] [id=5449]

Stack: [0x00007f76996bd000,0x00007f76997be000],  sp=0x00007f76997bc0a0,  free space=1020k
Native frames: (J=compiled Java code, j=interpreted, Vv=VM code, C=native code)
V  [libjvm.so+0xab97ea]  VMError::report_and_die()+0x2ba
V  [libjvm.so+0x4f9dab]  report_vm_out_of_memory(char const*, int, unsigned long, VMErrorType, char const*)+0x8b
V  [libjvm.so+0x91a7c3]  os::Linux::commit_memory_impl(char*, unsigned long, bool)+0x103
V  [libjvm.so+0x91ad19]  os::pd_commit_memory(char*, unsigned long, unsigned long, bool)+0x29
V  [libjvm.so+0x91502a]  os::commit_memory(char*, unsigned long, unsigned long, bool)+0x2a
V  [libjvm.so+0x9886d3]  PSVirtualSpace::expand_by(unsigned long)+0x53
V  [libjvm.so+0x989ad8]  PSYoungGen::resize_generation(unsigned long, unsigned long)+0xf8
V  [libjvm.so+0x988c32]  PSYoungGen::resize(unsigned long, unsigned long)+0x22
V  [libjvm.so+0x985f0b]  PSScavenge::invoke_no_policy()+0xf3b
V  [libjvm.so+0x986691]  PSScavenge::invoke()+0x41
V  [libjvm.so+0x93e430]  ParallelScavengeHeap::failed_mem_allocate(unsigned long)+0x70
V  [libjvm.so+0xabb207]  VM_ParallelGCFailedAllocation::doit()+0x97
V  [libjvm.so+0xac2c35]  VM_Operation::evaluate()+0x55
V  [libjvm.so+0xac100a]  VMThread::evaluate_operation(VM_Operation*)+0xba
V  [libjvm.so+0xac138e]  VMThread::loop()+0x1ce
V  [libjvm.so+0xac1800]  VMThread::run()+0x70
V  [libjvm.so+0x91cb88]  java_start(Thread*)+0x108

VM_Operation (0x00007f76893c4fa0): ParallelGCFailedAllocation, mode: safepoint, requested by thread 0x00007f76bc424000


---------------  P R O C E S S  ---------------

Java Threads: ( => current thread )
  0x00007f7618002800 JavaThread "ojAlgo-daemon-6" daemon [_thread_blocked, id=5491, stack(0x00007f76887bd000,0x00007f76888be000)]
  0x00007f7618001000 JavaThread "ojAlgo-daemon-5" daemon [_thread_blocked, id=5490, stack(0x00007f76888be000,0x00007f76889bf000)]
  0x00007f7638023800 JavaThread "ojAlgo-daemon-4" daemon [_thread_blocked, id=5489, stack(0x00007f76889bf000,0x00007f7688ac0000)]
  0x00007f762c003000 JavaThread "ojAlgo-daemon-3" daemon [_thread_blocked, id=5488, stack(0x00007f7688ac0000,0x00007f7688bc1000)]
  0x00007f762c001000 JavaThread "ojAlgo-daemon-2" daemon [_thread_blocked, id=5487, stack(0x00007f7688bc1000,0x00007f7688cc2000)]
  0x00007f7638022000 JavaThread "ojAlgo-daemon-1" daemon [_thread_blocked, id=5486, stack(0x00007f7688cc2000,0x00007f7688dc3000)]
  0x00007f7630004800 JavaThread "pool-2-thread-1" [_thread_blocked, id=5481, stack(0x00007f7688fc3000,0x00007f76890c4000)]
  0x00007f76bc41d800 JavaThread "pool-1-thread-4" [_thread_blocked, id=5480, stack(0x00007f76890c4000,0x00007f76891c5000)]
  0x00007f76bc425000 JavaThread "pool-1-thread-3" [_thread_blocked, id=5479, stack(0x00007f76891c5000,0x00007f76892c6000)]
  0x00007f76bc424000 JavaThread "pool-1-thread-2" [_thread_blocked, id=5478, stack(0x00007f76892c6000,0x00007f76893c7000)]
  0x00007f76bc36d800 JavaThread "pool-1-thread-1" [_thread_blocked, id=5477, stack(0x00007f76893c7000,0x00007f76894c8000)]
  0x00007f76bc409800 JavaThread "Java2D Disposer" daemon [_thread_blocked, id=5475, stack(0x00007f7689903000,0x00007f7689a04000)]
  0x00007f76bc3c5800 JavaThread "Keep-Alive-Timer" daemon [_thread_blocked, id=5474, stack(0x00007f768b0bf000,0x00007f768b1c0000)]
  0x00007f76bc321000 JavaThread "pool-1-thread-1" daemon [_thread_blocked, id=5470, stack(0x00007f768b9e4000,0x00007f768bae5000)]
  0x00007f76bc322800 JavaThread "cluster-ClusterId{value='564f2b88911fb41534b7b1d6', description='null'}-127.0.0.1:27017" daemon [_thread_blocked, id=5469, stack(0x00007f768bae5000,0x00007f768bbe6000)]
  0x00007f76bc224800 JavaThread "Monitor Ctrl-Break" daemon [_thread_in_native, id=5468, stack(0x00007f76982b4000,0x00007f76983b5000)]
  0x00007f76bc0d6800 JavaThread "Service Thread" daemon [_thread_blocked, id=5465, stack(0x00007f76987c7000,0x00007f76988c8000)]
  0x00007f76bc0c9800 JavaThread "C1 CompilerThread3" daemon [_thread_blocked, id=5462, stack(0x00007f76988c8000,0x00007f76989c9000)]
  0x00007f76bc0c7800 JavaThread "C2 CompilerThread2" daemon [_thread_blocked, id=5461, stack(0x00007f76989c9000,0x00007f7698aca000)]
  0x00007f76bc0c5800 JavaThread "C2 CompilerThread1" daemon [_thread_blocked, id=5458, stack(0x00007f7698aca000,0x00007f7698bcb000)]
  0x00007f76bc0c2800 JavaThread "C2 CompilerThread0" daemon [_thread_blocked, id=5457, stack(0x00007f7698bcb000,0x00007f7698ccc000)]
  0x00007f76bc0c1000 JavaThread "Signal Dispatcher" daemon [_thread_blocked, id=5455, stack(0x00007f7698ccc000,0x00007f7698dcd000)]
  0x00007f76bc089000 JavaThread "Finalizer" daemon [_thread_blocked, id=5453, stack(0x00007f76994bb000,0x00007f76995bc000)]
  0x00007f76bc087000 JavaThread "Reference Handler" daemon [_thread_blocked, id=5451, stack(0x00007f76995bc000,0x00007f76996bd000)]
  0x00007f76bc00c000 JavaThread "main" [_thread_blocked, id=5430, stack(0x00007f76c42b5000,0x00007f76c43b6000)]

Other Threads:
=>0x00007f76bc082000 VMThread [stack: 0x00007f76996bd000,0x00007f76997be000] [id=5449]
  0x00007f76bc0d9800 WatcherThread [stack: 0x00007f76986c6000,0x00007f76987c7000] [id=5467]

VM state:at safepoint (normal execution)

VM Mutex/Monitor currently owned by a thread:  ([mutex/lock_event])
[0x00007f76bc008040] Threads_lock - owner thread: 0x00007f76bc082000
[0x00007f76bc008540] Heap_lock - owner thread: 0x00007f76bc424000

Heap:
 PSYoungGen      total 864768K, used 2688K [0x000000076d100000, 0x00000007a4380000, 0x00000007c0000000)
  eden space 825856K, 0% used [0x000000076d100000,0x000000076d100000,0x000000079f780000)
  from space 38912K, 6% used [0x000000079f780000,0x000000079fa20010,0x00000007a1d80000)
  to   space 37888K, 0% used [0x00000007a1e80000,0x00000007a1e80000,0x00000007a4380000)
 ParOldGen       total 171008K, used 94275K [0x00000006c7200000, 0x00000006d1900000, 0x000000076d100000)
  object space 171008K, 55% used [0x00000006c7200000,0x00000006cce10db0,0x00000006d1900000)
 Metaspace       used 14677K, capacity 14826K, committed 14976K, reserved 1062912K
  class space    used 1801K, capacity 1851K, committed 1920K, reserved 1048576K

Card table byte_map: [0x00007f76c03af000,0x00007f76c0b77000] byte_map_base: 0x00007f76bcd76000

Marking Bits: (ParMarkBitMap*) 0x00007f76c2f7fde0
 Begin Bits: [0x00007f767c390000, 0x00007f76801c8000)
 End Bits:   [0x00007f76801c8000, 0x00007f7684000000)

Polling page: 0x00007f76c43e7000

CodeCache: size=245760Kb used=4907Kb max_used=4919Kb free=240852Kb
 bounds [0x00007f76ad000000, 0x00007f76ad4e0000, 0x00007f76bc000000]
 total_blobs=1781 nmethods=1331 adapters=364
 compilation: enabled

Compilation events (10 events):
Event: 4.593 Thread 0x00007f76bc0c9800 1330       3       java.util.HashMap$KeySet::iterator (12 bytes)
Event: 4.593 Thread 0x00007f76bc0c9800 nmethod 1330 0x00007f76ad12ae90 code [0x00007f76ad12b000, 0x00007f76ad12b268]
Event: 4.593 Thread 0x00007f76bc0c9800 1331       3       java.util.HashMap$KeyIterator::<init> (11 bytes)
Event: 4.593 Thread 0x00007f76bc0c9800 nmethod 1331 0x00007f76ad12aad0 code [0x00007f76ad12ac40, 0x00007f76ad12ade8]
Event: 4.603 Thread 0x00007f76bc0c5800 1332       4       java.awt.image.PixelInterleavedSampleModel::createSubsetSampleModel (59 bytes)
Event: 4.605 Thread 0x00007f76bc0c9800 1333   !   3       javax.imageio.stream.MemoryCache::pad (78 bytes)
Event: 4.606 Thread 0x00007f76bc0c9800 nmethod 1333 0x00007f76ad1298d0 code [0x00007f76ad129ac0, 0x00007f76ad12a418]
Event: 4.614 Thread 0x00007f76bc0c5800 nmethod 1332 0x00007f76ad4d1450 code [0x00007f76ad4d1620, 0x00007f76ad4d2178]
Event: 4.641 Thread 0x00007f76bc0c9800 1334       3       javax.imageio.ImageReader::processImageProgress (56 bytes)
Event: 4.641 Thread 0x00007f76bc0c9800 nmethod 1334 0x00007f76ad4d0ad0 code [0x00007f76ad4d0c80, 0x00007f76ad4d1268]

GC Heap History (10 events):
Event: 4.143 GC heap after
Heap after GC invocations=6 (full 0):
 PSYoungGen      total 295936K, used 23458K [0x000000076d100000, 0x0000000781b00000, 0x00000007c0000000)
  eden space 258048K, 0% used [0x000000076d100000,0x000000076d100000,0x000000077cd00000)
  from space 37888K, 61% used [0x000000077f600000,0x0000000780ce8b88,0x0000000781b00000)
  to   space 39936K, 0% used [0x000000077cd00000,0x000000077cd00000,0x000000077f400000)
 ParOldGen       total 171008K, used 66930K [0x00000006c7200000, 0x00000006d1900000, 0x000000076d100000)
  object space 171008K, 39% used [0x00000006c7200000,0x00000006cb35ca48,0x00000006d1900000)
 Metaspace       used 14554K, capacity 14698K, committed 14976K, reserved 1062912K
  class space    used 1794K, capacity 1851K, committed 1920K, reserved 1048576K
}
Event: 4.203 GC heap before
{Heap before GC invocations=7 (full 0):
 PSYoungGen      total 295936K, used 281506K [0x000000076d100000, 0x0000000781b00000, 0x00000007c0000000)
  eden space 258048K, 100% used [0x000000076d100000,0x000000077cd00000,0x000000077cd00000)
  from space 37888K, 61% used [0x000000077f600000,0x0000000780ce8b88,0x0000000781b00000)
  to   space 39936K, 0% used [0x000000077cd00000,0x000000077cd00000,0x000000077f400000)
 ParOldGen       total 171008K, used 71681K [0x00000006c7200000, 0x00000006d1900000, 0x000000076d100000)
  object space 171008K, 41% used [0x00000006c7200000,0x00000006cb800798,0x00000006d1900000)
 Metaspace       used 14634K, capacity 14762K, committed 14976K, reserved 1062912K
  class space    used 1800K, capacity 1851K, committed 1920K, reserved 1048576K
Event: 4.212 GC heap after
Heap after GC invocations=7 (full 0):
 PSYoungGen      total 297984K, used 11674K [0x000000076d100000, 0x0000000791700000, 0x00000007c0000000)
  eden space 258048K, 0% used [0x000000076d100000,0x000000076d100000,0x000000077cd00000)
  from space 39936K, 29% used [0x000000077cd00000,0x000000077d866848,0x000000077f400000)
  to   space 39936K, 0% used [0x000000078f000000,0x000000078f000000,0x0000000791700000)
 ParOldGen       total 171008K, used 75784K [0x00000006c7200000, 0x00000006d1900000, 0x000000076d100000)
  object space 171008K, 44% used [0x00000006c7200000,0x00000006cbc022c8,0x00000006d1900000)
 Metaspace       used 14634K, capacity 14762K, committed 14976K, reserved 1062912K
  class space    used 1800K, capacity 1851K, committed 1920K, reserved 1048576K
}
Event: 4.275 GC heap before
{Heap before GC invocations=8 (full 0):
 PSYoungGen      total 297984K, used 269722K [0x000000076d100000, 0x0000000791700000, 0x00000007c0000000)
  eden space 258048K, 100% used [0x000000076d100000,0x000000077cd00000,0x000000077cd00000)
  from space 39936K, 29% used [0x000000077cd00000,0x000000077d866848,0x000000077f400000)
  to   space 39936K, 0% used [0x000000078f000000,0x000000078f000000,0x0000000791700000)
 ParOldGen       total 171008K, used 86841K [0x00000006c7200000, 0x00000006d1900000, 0x000000076d100000)
  object space 171008K, 50% used [0x00000006c7200000,0x00000006cc6ce7b8,0x00000006d1900000)
 Metaspace       used 14646K, capacity 14762K, committed 14976K, reserved 1062912K
  class space    used 1801K, capacity 1851K, committed 1920K, reserved 1048576K
Event: 4.284 GC heap after
Heap after GC invocations=8 (full 0):
 PSYoungGen      total 552960K, used 15212K [0x000000076d100000, 0x0000000791400000, 0x00000007c0000000)
  eden space 516096K, 0% used [0x000000076d100000,0x000000076d100000,0x000000078c900000)
  from space 36864K, 41% used [0x000000078f000000,0x000000078fedb168,0x0000000791400000)
  to   space 38400K, 0% used [0x000000078c900000,0x000000078c900000,0x000000078ee80000)
 ParOldGen       total 171008K, used 88494K [0x00000006c7200000, 0x00000006d1900000, 0x000000076d100000)
  object space 171008K, 51% used [0x00000006c7200000,0x00000006cc86b890,0x00000006d1900000)
 Metaspace       used 14646K, capacity 14762K, committed 14976K, reserved 1062912K
  class space    used 1801K, capacity 1851K, committed 1920K, reserved 1048576K
}
Event: 4.413 GC heap before
{Heap before GC invocations=9 (full 0):
 PSYoungGen      total 552960K, used 531308K [0x000000076d100000, 0x0000000791400000, 0x00000007c0000000)
  eden space 516096K, 100% used [0x000000076d100000,0x000000078c900000,0x000000078c900000)
  from space 36864K, 41% used [0x000000078f000000,0x000000078fedb168,0x0000000791400000)
  to   space 38400K, 0% used [0x000000078c900000,0x000000078c900000,0x000000078ee80000)
 ParOldGen       total 171008K, used 90115K [0x00000006c7200000, 0x00000006d1900000, 0x000000076d100000)
  object space 171008K, 52% used [0x00000006c7200000,0x00000006cca00c68,0x00000006d1900000)
 Metaspace       used 14661K, capacity 14762K, committed 14976K, reserved 1062912K
  class space    used 1801K, capacity 1851K, committed 1920K, reserved 1048576K
Event: 4.417 GC heap after
Heap after GC invocations=9 (full 0):
 PSYoungGen      total 554496K, used 1794K [0x000000076d100000, 0x00000007a4580000, 0x00000007c0000000)
  eden space 516096K, 0% used [0x000000076d100000,0x000000076d100000,0x000000078c900000)
  from space 38400K, 4% used [0x000000078c900000,0x000000078cac0a18,0x000000078ee80000)
  to   space 39936K, 0% used [0x00000007a1e80000,0x00000007a1e80000,0x00000007a4580000)
 ParOldGen       total 171008K, used 92723K [0x00000006c7200000, 0x00000006d1900000, 0x000000076d100000)
  object space 171008K, 54% used [0x00000006c7200000,0x00000006ccc8cd60,0x00000006d1900000)
 Metaspace       used 14661K, capacity 14762K, committed 14976K, reserved 1062912K
  class space    used 1801K, capacity 1851K, committed 1920K, reserved 1048576K
}
Event: 4.521 GC heap before
{Heap before GC invocations=10 (full 0):
 PSYoungGen      total 554496K, used 517890K [0x000000076d100000, 0x00000007a4580000, 0x00000007c0000000)
  eden space 516096K, 100% used [0x000000076d100000,0x000000078c900000,0x000000078c900000)
  from space 38400K, 4% used [0x000000078c900000,0x000000078cac0a18,0x000000078ee80000)
  to   space 39936K, 0% used [0x00000007a1e80000,0x00000007a1e80000,0x00000007a4580000)
 ParOldGen       total 171008K, used 92979K [0x00000006c7200000, 0x00000006d1900000, 0x000000076d100000)
  object space 171008K, 54% used [0x00000006c7200000,0x00000006cccccd20,0x00000006d1900000)
 Metaspace       used 14672K, capacity 14826K, committed 14976K, reserved 1062912K
  class space    used 1801K, capacity 1851K, committed 1920K, reserved 1048576K
Event: 4.525 GC heap after
Heap after GC invocations=10 (full 0):
 PSYoungGen      total 863744K, used 9112K [0x000000076d100000, 0x00000007a4380000, 0x00000007c0000000)
  eden space 825856K, 0% used [0x000000076d100000,0x000000076d100000,0x000000079f780000)
  from space 37888K, 24% used [0x00000007a1e80000,0x00000007a27661d0,0x00000007a4380000)
  to   space 38912K, 0% used [0x000000079f780000,0x000000079f780000,0x00000007a1d80000)
 ParOldGen       total 171008K, used 93467K [0x00000006c7200000, 0x00000006d1900000, 0x000000076d100000)
  object space 171008K, 54% used [0x00000006c7200000,0x00000006ccd46db0,0x00000006d1900000)
 Metaspace       used 14672K, capacity 14826K, committed 14976K, reserved 1062912K
  class space    used 1801K, capacity 1851K, committed 1920K, reserved 1048576K
}
Event: 4.746 GC heap before
{Heap before GC invocations=11 (full 0):
 PSYoungGen      total 863744K, used 834968K [0x000000076d100000, 0x00000007a4380000, 0x00000007c0000000)
  eden space 825856K, 100% used [0x000000076d100000,0x000000079f780000,0x000000079f780000)
  from space 37888K, 24% used [0x00000007a1e80000,0x00000007a27661d0,0x00000007a4380000)
  to   space 38912K, 0% used [0x000000079f780000,0x000000079f780000,0x00000007a1d80000)
 ParOldGen       total 171008K, used 93467K [0x00000006c7200000, 0x00000006d1900000, 0x000000076d100000)
  object space 171008K, 54% used [0x00000006c7200000,0x00000006ccd46db0,0x00000006d1900000)
 Metaspace       used 14677K, capacity 14826K, committed 14976K, reserved 1062912K
  class space    used 1801K, capacity 1851K, committed 1920K, reserved 1048576K

Deoptimization events (10 events):
Event: 4.064 Thread 0x00007f76bc36d800 Uncommon trap: reason=class_check action=maybe_recompile pc=0x00007f76ad393ff8 method=java.util.Collections.max(Ljava/util/Collection;)Ljava/lang/Object; @ 1
Event: 4.064 Thread 0x00007f76bc36d800 Uncommon trap: reason=predicate action=maybe_recompile pc=0x00007f76ad3966cc method=java.util.Collections.max(Ljava/util/Collection;)Ljava/lang/Object; @ 14
Event: 4.066 Thread 0x00007f76bc36d800 Uncommon trap: reason=class_check action=maybe_recompile pc=0x00007f76ad394094 method=java.util.Collections.max(Ljava/util/Collection;)Ljava/lang/Object; @ 31
Event: 4.144 Thread 0x00007f76bc36d800 Uncommon trap: reason=class_check action=maybe_recompile pc=0x00007f76ad393ff8 method=java.util.Collections.max(Ljava/util/Collection;)Ljava/lang/Object; @ 1
Event: 4.171 Thread 0x00007f76bc36d800 Uncommon trap: reason=class_check action=maybe_recompile pc=0x00007f76ad39083c method=java.util.Collections.min(Ljava/util/Collection;)Ljava/lang/Object; @ 1
Event: 4.171 Thread 0x00007f76bc36d800 Uncommon trap: reason=class_check action=maybe_recompile pc=0x00007f76ad393ff8 method=java.util.Collections.max(Ljava/util/Collection;)Ljava/lang/Object; @ 1
Event: 4.171 Thread 0x00007f76bc36d800 Uncommon trap: reason=unstable_if action=reinterpret pc=0x00007f76ad441964 method=java.lang.StrictMath.floorOrCeil(DDDD)D @ 90
Event: 4.184 Thread 0x00007f76bc36d800 Uncommon trap: reason=class_check action=maybe_recompile pc=0x00007f76ad39083c method=java.util.Collections.min(Ljava/util/Collection;)Ljava/lang/Object; @ 1
Event: 4.189 Thread 0x00007f76bc36d800 Uncommon trap: reason=class_check action=maybe_recompile pc=0x00007f76ad39083c method=java.util.Collections.min(Ljava/util/Collection;)Ljava/lang/Object; @ 1
Event: 4.264 Thread 0x00007f76bc36d800 Uncommon trap: reason=unstable_if action=reinterpret pc=0x00007f76ad3b6824 method=java.awt.image.ComponentColorModel.getDataElements(ILjava/lang/Object;)Ljava/lang/Object; @ 30

Internal exceptions (10 events):
Event: 1.422 Thread 0x00007f76bc00c000 Exception <a 'java/lang/ArrayIndexOutOfBoundsException'> (0x000000076dc3ad20) thrown at [/HUDSON/workspace/8-2-build-linux-amd64/jdk8u60/4407/hotspot/src/share/vm/runtime/sharedRuntime.cpp, line 605]
Event: 1.422 Thread 0x00007f76bc00c000 Exception <a 'java/lang/ArrayIndexOutOfBoundsException'> (0x000000076dc3bf88) thrown at [/HUDSON/workspace/8-2-build-linux-amd64/jdk8u60/4407/hotspot/src/share/vm/runtime/sharedRuntime.cpp, line 605]
Event: 1.422 Thread 0x00007f76bc00c000 Exception <a 'java/lang/ArrayIndexOutOfBoundsException'> (0x000000076dc3d680) thrown at [/HUDSON/workspace/8-2-build-linux-amd64/jdk8u60/4407/hotspot/src/share/vm/runtime/sharedRuntime.cpp, line 605]
Event: 1.427 Thread 0x00007f76bc00c000 Exception <a 'java/lang/ArrayIndexOutOfBoundsException'> (0x000000076dc631e0) thrown at [/HUDSON/workspace/8-2-build-linux-amd64/jdk8u60/4407/hotspot/src/share/vm/runtime/sharedRuntime.cpp, line 605]
Event: 1.447 Thread 0x00007f76bc00c000 Exception <a 'java/lang/ArrayIndexOutOfBoundsException'> (0x000000076dc73188) thrown at [/HUDSON/workspace/8-2-build-linux-amd64/jdk8u60/4407/hotspot/src/share/vm/runtime/sharedRuntime.cpp, line 605]
Event: 1.478 Thread 0x00007f76bc00c000 Implicit null exception at 0x00007f76ad1e8ef5 to 0x00007f76ad1e9251
Event: 2.795 Thread 0x00007f76bc00c000 Exception <a 'java/lang/NoSuchFieldError': method resolution failed> (0x000000076edac1c0) thrown at [/HUDSON/workspace/8-2-build-linux-amd64/jdk8u60/4407/hotspot/src/share/vm/prims/methodHandles.cpp, line 1146]
Event: 2.796 Thread 0x00007f76bc00c000 Exception <a 'java/lang/NoSuchFieldError': method resolution failed> (0x000000076edb9880) thrown at [/HUDSON/workspace/8-2-build-linux-amd64/jdk8u60/4407/hotspot/src/share/vm/prims/methodHandles.cpp, line 1146]
Event: 3.040 Thread 0x00007f76bc00c000 Exception <a 'java/io/FileNotFoundException'> (0x000000076ee3a718) thrown at [/HUDSON/workspace/8-2-build-linux-amd64/jdk8u60/4407/hotspot/src/share/vm/prims/jni.cpp, line 709]
Event: 3.040 Thread 0x00007f76bc00c000 Exception <a 'java/io/FileNotFoundException'> (0x000000076ee3b1d0) thrown at [/HUDSON/workspace/8-2-build-linux-amd64/jdk8u60/4407/hotspot/src/share/vm/prims/jni.cpp, line 709]

Events (10 events):
Event: 4.526 Executing VM operation: RevokeBias done
Event: 4.526 Executing VM operation: RevokeBias
Event: 4.527 Executing VM operation: RevokeBias done
Event: 4.527 Executing VM operation: RevokeBias
Event: 4.527 Executing VM operation: RevokeBias done
Event: 4.527 Executing VM operation: RevokeBias
Event: 4.527 Executing VM operation: RevokeBias done
Event: 4.545 Thread 0x00007f76bc0c9800 flushing nmethod 0x00007f76ad1293d0
Event: 4.545 Thread 0x00007f76bc0c9800 flushing nmethod 0x00007f76ad12dcd0
Event: 4.746 Executing VM operation: ParallelGCFailedAllocation


Dynamic libraries:
00400000-00401000 r-xp 00000000 08:13 31472115                           /usr/lib/jvm/oracle-jdk-8u60-linux-x64/jdk1.8.0_60/bin/java
00600000-00601000 rw-p 00000000 08:13 31472115                           /usr/lib/jvm/oracle-jdk-8u60-linux-x64/jdk1.8.0_60/bin/java
024a2000-024c3000 rw-p 00000000 00:00 0                                  [heap]
6c7200000-6d1900000 rw-p 00000000 00:00 0 
6d1900000-76d100000 ---p 00000000 00:00 0 
76d100000-7a4380000 rw-p 00000000 00:00 0 
7c0000000-7c01e0000 rw-p 00000000 00:00 0 
7c01e0000-800000000 ---p 00000000 00:00 0 
7f7610000000-7f7610021000 rw-p 00000000 00:00 0 
7f7610021000-7f7614000000 ---p 00000000 00:00 0 
7f7618000000-7f7618021000 rw-p 00000000 00:00 0 
7f7618021000-7f761c000000 ---p 00000000 00:00 0 
7f761c000000-7f761c021000 rw-p 00000000 00:00 0 
7f761c021000-7f7620000000 ---p 00000000 00:00 0 
7f7620000000-7f7620021000 rw-p 00000000 00:00 0 
7f7620021000-7f7624000000 ---p 00000000 00:00 0 
7f7624000000-7f7624021000 rw-p 00000000 00:00 0 
7f7624021000-7f7628000000 ---p 00000000 00:00 0 
7f7628000000-7f7628021000 rw-p 00000000 00:00 0 
7f7628021000-7f762c000000 ---p 00000000 00:00 0 
7f762c000000-7f762c021000 rw-p 00000000 00:00 0 
7f762c021000-7f7630000000 ---p 00000000 00:00 0 
7f7630000000-7f7630021000 rw-p 00000000 00:00 0 
7f7630021000-7f7634000000 ---p 00000000 00:00 0 
7f7634000000-7f7634064000 rw-p 00000000 00:00 0 
7f7634064000-7f7638000000 ---p 00000000 00:00 0 
7f7638000000-7f76380fe000 rw-p 00000000 00:00 0 
7f76380fe000-7f763c000000 ---p 00000000 00:00 0 
7f763c000000-7f763c2d3000 rw-p 00000000 00:00 0 
7f763c2d3000-7f7640000000 ---p 00000000 00:00 0 
7f7640000000-7f7640021000 rw-p 00000000 00:00 0 
7f7640021000-7f7644000000 ---p 00000000 00:00 0 
7f7644000000-7f7644021000 rw-p 00000000 00:00 0 
7f7644021000-7f7648000000 ---p 00000000 00:00 0 
7f7648000000-7f7648023000 rw-p 00000000 00:00 0 
7f7648023000-7f764c000000 ---p 00000000 00:00 0 
7f764c000000-7f764c021000 rw-p 00000000 00:00 0 
7f764c021000-7f7650000000 ---p 00000000 00:00 0 
7f7650000000-7f7650021000 rw-p 00000000 00:00 0 
7f7650021000-7f7654000000 ---p 00000000 00:00 0 
7f7654000000-7f7654021000 rw-p 00000000 00:00 0 
7f7654021000-7f7658000000 ---p 00000000 00:00 0 
7f7658000000-7f76583b0000 rw-p 00000000 00:00 0 
7f76583b0000-7f765c000000 ---p 00000000 00:00 0 
7f765c000000-7f765c021000 rw-p 00000000 00:00 0 
7f765c021000-7f7660000000 ---p 00000000 00:00 0 
7f7660000000-7f76605fb000 rw-p 00000000 00:00 0 
7f76605fb000-7f7664000000 ---p 00000000 00:00 0 
7f7664000000-7f76644a5000 rw-p 00000000 00:00 0 
7f76644a5000-7f7668000000 ---p 00000000 00:00 0 
7f7668000000-7f7668021000 rw-p 00000000 00:00 0 
7f7668021000-7f766c000000 ---p 00000000 00:00 0 
7f766c000000-7f766cb20000 rw-p 00000000 00:00 0 
7f766cb20000-7f7670000000 ---p 00000000 00:00 0 
7f7670000000-7f7670021000 rw-p 00000000 00:00 0 
7f7670021000-7f7674000000 ---p 00000000 00:00 0 
7f7674000000-7f7674021000 rw-p 00000000 00:00 0 
7f7674021000-7f7678000000 ---p 00000000 00:00 0 
7f7678000000-7f767828a000 rw-p 00000000 00:00 0 
7f767828a000-7f767c000000 ---p 00000000 00:00 0 
7f767c390000-7f7684000000 rw-p 00000000 00:00 0 
7f7684000000-7f7684021000 rw-p 00000000 00:00 0 
7f7684021000-7f7688000000 ---p 00000000 00:00 0 
7f76887bd000-7f76887c0000 ---p 00000000 00:00 0 
7f76887c0000-7f76888be000 rw-p 00000000 00:00 0                          [stack:5491]
7f76888be000-7f76888c1000 ---p 00000000 00:00 0 
7f76888c1000-7f76889bf000 rw-p 00000000 00:00 0                          [stack:5490]
7f76889bf000-7f76889c2000 ---p 00000000 00:00 0 
7f76889c2000-7f7688ac0000 rw-p 00000000 00:00 0                          [stack:5489]
7f7688ac0000-7f7688ac3000 ---p 00000000 00:00 0 
7f7688ac3000-7f7688bc1000 rw-p 00000000 00:00 0                          [stack:5488]
7f7688bc1000-7f7688bc4000 ---p 00000000 00:00 0 
7f7688bc4000-7f7688cc2000 rw-p 00000000 00:00 0                          [stack:5487]
7f7688cc2000-7f7688cc5000 ---p 00000000 00:00 0 
7f7688cc5000-7f7688e83000 rw-p 00000000 00:00 0                          [stack:5486]
7f7688e83000-7f7688fc3000 ---p 00000000 00:00 0 
7f7688fc3000-7f7688fc6000 ---p 00000000 00:00 0 
7f7688fc6000-7f76890c4000 rw-p 00000000 00:00 0                          [stack:5481]
7f76890c4000-7f76890c7000 ---p 00000000 00:00 0 
7f76890c7000-7f76891c5000 rw-p 00000000 00:00 0                          [stack:5480]
7f76891c5000-7f76891c8000 ---p 00000000 00:00 0 
7f76891c8000-7f76892c6000 rw-p 00000000 00:00 0                          [stack:5479]
7f76892c6000-7f76892c9000 ---p 00000000 00:00 0 
7f76892c9000-7f76893c7000 rw-p 00000000 00:00 0                          [stack:5478]
7f76893c7000-7f76893ca000 ---p 00000000 00:00 0 
7f76893ca000-7f76896c8000 rw-p 00000000 00:00 0                          [stack:5477]
7f76896c8000-7f7689702000 r-xp 00000000 08:13 31471979                   /usr/lib/jvm/oracle-jdk-8u60-linux-x64/jdk1.8.0_60/jre/lib/amd64/libjpeg.so
7f7689702000-7f7689902000 ---p 0003a000 08:13 31471979                   /usr/lib/jvm/oracle-jdk-8u60-linux-x64/jdk1.8.0_60/jre/lib/amd64/libjpeg.so
7f7689902000-7f7689903000 rw-p 0003a000 08:13 31471979                   /usr/lib/jvm/oracle-jdk-8u60-linux-x64/jdk1.8.0_60/jre/lib/amd64/libjpeg.so
7f7689903000-7f7689906000 ---p 00000000 00:00 0 
7f7689906000-7f7689a04000 rw-p 00000000 00:00 0                          [stack:5475]
7f7689a04000-7f7689a09000 r-xp 00000000 08:13 30933992                   /usr/lib/x86_64-linux-gnu/libXdmcp.so.6.0.0
7f7689a09000-7f7689c08000 ---p 00005000 08:13 30933992                   /usr/lib/x86_64-linux-gnu/libXdmcp.so.6.0.0
7f7689c08000-7f7689c09000 r--p 00004000 08:13 30933992                   /usr/lib/x86_64-linux-gnu/libXdmcp.so.6.0.0
7f7689c09000-7f7689c0a000 rw-p 00005000 08:13 30933992                   /usr/lib/x86_64-linux-gnu/libXdmcp.so.6.0.0
7f7689c0a000-7f7689c0c000 r-xp 00000000 08:13 30933267                   /usr/lib/x86_64-linux-gnu/libXau.so.6.0.0
7f7689c0c000-7f7689e0c000 ---p 00002000 08:13 30933267                   /usr/lib/x86_64-linux-gnu/libXau.so.6.0.0
7f7689e0c000-7f7689e0d000 r--p 00002000 08:13 30933267                   /usr/lib/x86_64-linux-gnu/libXau.so.6.0.0
7f7689e0d000-7f7689e0e000 rw-p 00003000 08:13 30933267                   /usr/lib/x86_64-linux-gnu/libXau.so.6.0.0
7f7689e0e000-7f7689e2b000 r-xp 00000000 08:13 30938489                   /usr/lib/x86_64-linux-gnu/libxcb.so.1.1.0
7f7689e2b000-7f768a02b000 ---p 0001d000 08:13 30938489                   /usr/lib/x86_64-linux-gnu/libxcb.so.1.1.0
7f768a02b000-7f768a02c000 r--p 0001d000 08:13 30938489                   /usr/lib/x86_64-linux-gnu/libxcb.so.1.1.0
7f768a02c000-7f768a02d000 rw-p 0001e000 08:13 30938489                   /usr/lib/x86_64-linux-gnu/libxcb.so.1.1.0
7f768a02d000-7f768a03c000 r-xp 00000000 08:13 30936015                   /usr/lib/x86_64-linux-gnu/libXi.so.6.1.0
7f768a03c000-7f768a23b000 ---p 0000f000 08:13 30936015                   /usr/lib/x86_64-linux-gnu/libXi.so.6.1.0
7f768a23b000-7f768a23c000 r--p 0000e000 08:13 30936015                   /usr/lib/x86_64-linux-gnu/libXi.so.6.1.0
7f768a23c000-7f768a23d000 rw-p 0000f000 08:13 30936015                   /usr/lib/x86_64-linux-gnu/libXi.so.6.1.0
7f768a23d000-7f768a242000 r-xp 00000000 08:13 30936677                   /usr/lib/x86_64-linux-gnu/libXtst.so.6.1.0
7f768a242000-7f768a441000 ---p 00005000 08:13 30936677                   /usr/lib/x86_64-linux-gnu/libXtst.so.6.1.0
7f768a441000-7f768a442000 r--p 00004000 08:13 30936677                   /usr/lib/x86_64-linux-gnu/libXtst.so.6.1.0
7f768a442000-7f768a443000 rw-p 00005000 08:13 30936677                   /usr/lib/x86_64-linux-gnu/libXtst.so.6.1.0
7f768a443000-7f768a44c000 r-xp 00000000 08:13 30938493                   /usr/lib/x86_64-linux-gnu/libXrender.so.1.3.0
7f768a44c000-7f768a64b000 ---p 00009000 08:13 30938493                   /usr/lib/x86_64-linux-gnu/libXrender.so.1.3.0
7f768a64b000-7f768a64c000 r--p 00008000 08:13 30938493                   /usr/lib/x86_64-linux-gnu/libXrender.so.1.3.0
7f768a64c000-7f768a64d000 rw-p 00009000 08:13 30938493                   /usr/lib/x86_64-linux-gnu/libXrender.so.1.3.0
7f768a64d000-7f768a77d000 r-xp 00000000 08:13 30934116                   /usr/lib/x86_64-linux-gnu/libX11.so.6.3.0
7f768a77d000-7f768a97d000 ---p 00130000 08:13 30934116                   /usr/lib/x86_64-linux-gnu/libX11.so.6.3.0
7f768a97d000-7f768a97e000 r--p 00130000 08:13 30934116                   /usr/lib/x86_64-linux-gnu/libX11.so.6.3.0
7f768a97e000-7f768a982000 rw-p 00131000 08:13 30934116                   /usr/lib/x86_64-linux-gnu/libX11.so.6.3.0
7f768a982000-7f768a993000 r-xp 00000000 08:13 30937501                   /usr/lib/x86_64-linux-gnu/libXext.so.6.4.0
7f768a993000-7f768ab92000 ---p 00011000 08:13 30937501                   /usr/lib/x86_64-linux-gnu/libXext.so.6.4.0
7f768ab92000-7f768ab93000 r--p 00010000 08:13 30937501                   /usr/lib/x86_64-linux-gnu/libXext.so.6.4.0
7f768ab93000-7f768ab94000 rw-p 00011000 08:13 30937501                   /usr/lib/x86_64-linux-gnu/libXext.so.6.4.0
7f768ab94000-7f768abe8000 r-xp 00000000 08:13 31472000                   /usr/lib/jvm/oracle-jdk-8u60-linux-x64/jdk1.8.0_60/jre/lib/amd64/libawt_xawt.so
7f768abe8000-7f768ade8000 ---p 00054000 08:13 31472000                   /usr/lib/jvm/oracle-jdk-8u60-linux-x64/jdk1.8.0_60/jre/lib/amd64/libawt_xawt.so
7f768ade8000-7f768adec000 rw-p 00054000 08:13 31472000                   /usr/lib/jvm/oracle-jdk-8u60-linux-x64/jdk1.8.0_60/jre/lib/amd64/libawt_xawt.so
7f768adec000-7f768aded000 rw-p 00000000 00:00 0 
7f768aded000-7f768ae8f000 r-xp 00000000 08:13 31472007                   /usr/lib/jvm/oracle-jdk-8u60-linux-x64/jdk1.8.0_60/jre/lib/amd64/libawt.so
7f768ae8f000-7f768b08f000 ---p 000a2000 08:13 31472007                   /usr/lib/jvm/oracle-jdk-8u60-linux-x64/jdk1.8.0_60/jre/lib/amd64/libawt.so
7f768b08f000-7f768b09b000 rw-p 000a2000 08:13 31472007                   /usr/lib/jvm/oracle-jdk-8u60-linux-x64/jdk1.8.0_60/jre/lib/amd64/libawt.so
7f768b09b000-7f768b0bf000 rw-p 00000000 00:00 0 
7f768b0bf000-7f768b0c2000 ---p 00000000 00:00 0 
7f768b0c2000-7f768b1c0000 rw-p 00000000 00:00 0                          [stack:5474]
7f768b1c0000-7f768b1d7000 r-xp 00000000 08:13 35258813                   /lib/x86_64-linux-gnu/libresolv-2.19.so
7f768b1d7000-7f768b3d7000 ---p 00017000 08:13 35258813                   /lib/x86_64-linux-gnu/libresolv-2.19.so
7f768b3d7000-7f768b3d8000 r--p 00017000 08:13 35258813                   /lib/x86_64-linux-gnu/libresolv-2.19.so
7f768b3d8000-7f768b3d9000 rw-p 00018000 08:13 35258813                   /lib/x86_64-linux-gnu/libresolv-2.19.so
7f768b3d9000-7f768b3db000 rw-p 00000000 00:00 0 
7f768b3db000-7f768b3e0000 r-xp 00000000 08:13 35259014                   /lib/x86_64-linux-gnu/libnss_dns-2.19.so
7f768b3e0000-7f768b5df000 ---p 00005000 08:13 35259014                   /lib/x86_64-linux-gnu/libnss_dns-2.19.so
7f768b5df000-7f768b5e0000 r--p 00004000 08:13 35259014                   /lib/x86_64-linux-gnu/libnss_dns-2.19.so
7f768b5e0000-7f768b5e1000 rw-p 00005000 08:13 35259014                   /lib/x86_64-linux-gnu/libnss_dns-2.19.so
7f768b5e1000-7f768b5e3000 r-xp 00000000 08:13 35258642                   /lib/x86_64-linux-gnu/libnss_mdns4_minimal.so.2
7f768b5e3000-7f768b7e2000 ---p 00002000 08:13 35258642                   /lib/x86_64-linux-gnu/libnss_mdns4_minimal.so.2
7f768b7e2000-7f768b7e3000 r--p 00001000 08:13 35258642                   /lib/x86_64-linux-gnu/libnss_mdns4_minimal.so.2
7f768b7e3000-7f768b7e4000 rw-p 00002000 08:13 35258642                   /lib/x86_64-linux-gnu/libnss_mdns4_minimal.so.2
7f768b7e4000-7f768b9e4000 rw-p 00000000 00:00 0 
7f768b9e4000-7f768b9e7000 ---p 00000000 00:00 0 
7f768b9e7000-7f768bae5000 rw-p 00000000 00:00 0                          [stack:5470]
7f768bae5000-7f768bae8000 ---p 00000000 00:00 0 
7f768bae8000-7f768bbe6000 rw-p 00000000 00:00 0                          [stack:5469]
7f768bbe6000-7f768bbf7000 r-xp 00000000 08:13 31472013                   /usr/lib/jvm/oracle-jdk-8u60-linux-x64/jdk1.8.0_60/jre/lib/amd64/libnio.so
7f768bbf7000-7f768bdf6000 ---p 00011000 08:13 31472013                   /usr/lib/jvm/oracle-jdk-8u60-linux-x64/jdk1.8.0_60/jre/lib/amd64/libnio.so
7f768bdf6000-7f768bdf7000 rw-p 00010000 08:13 31472013                   /usr/lib/jvm/oracle-jdk-8u60-linux-x64/jdk1.8.0_60/jre/lib/amd64/libnio.so
7f768bdf7000-7f768bdff000 r-xp 00000000 08:13 31471973                   /usr/lib/jvm/oracle-jdk-8u60-linux-x64/jdk1.8.0_60/jre/lib/amd64/libmanagement.so
7f768bdff000-7f768bfff000 ---p 00008000 08:13 31471973                   /usr/lib/jvm/oracle-jdk-8u60-linux-x64/jdk1.8.0_60/jre/lib/amd64/libmanagement.so
7f768bfff000-7f768c000000 rw-p 00008000 08:13 31471973                   /usr/lib/jvm/oracle-jdk-8u60-linux-x64/jdk1.8.0_60/jre/lib/amd64/libmanagement.so
7f768c000000-7f768c021000 rw-p 00000000 00:00 0 
7f768c021000-7f7690000000 ---p 00000000 00:00 0 
7f7690000000-7f7690021000 rw-p 00000000 00:00 0 
7f7690021000-7f7694000000 ---p 00000000 00:00 0 
7f7694000000-7f7694021000 rw-p 00000000 00:00 0 
7f7694021000-7f7698000000 ---p 00000000 00:00 0 
7f7698041000-7f7698042000 rw-p 00000000 00:00 0 
7f7698042000-7f769805e000 r--s 00393000 08:13 31472044                   /usr/lib/jvm/oracle-jdk-8u60-linux-x64/jdk1.8.0_60/jre/lib/ext/cldrdata.jar
7f769805e000-7f7698068000 r--s 00116000 08:13 31472037                   /usr/lib/jvm/oracle-jdk-8u60-linux-x64/jdk1.8.0_60/jre/lib/ext/localedata.jar
7f7698068000-7f769806c000 r--s 00095000 08:13 31472033                   /usr/lib/jvm/oracle-jdk-8u60-linux-x64/jdk1.8.0_60/jre/lib/jsse.jar
7f769806c000-7f769809d000 rw-p 00000000 00:00 0 
7f769809d000-7f76980b3000 r-xp 00000000 08:13 31471987                   /usr/lib/jvm/oracle-jdk-8u60-linux-x64/jdk1.8.0_60/jre/lib/amd64/libnet.so
7f76980b3000-7f76982b3000 ---p 00016000 08:13 31471987                   /usr/lib/jvm/oracle-jdk-8u60-linux-x64/jdk1.8.0_60/jre/lib/amd64/libnet.so
7f76982b3000-7f76982b4000 rw-p 00016000 08:13 31471987                   /usr/lib/jvm/oracle-jdk-8u60-linux-x64/jdk1.8.0_60/jre/lib/amd64/libnet.so
7f76982b4000-7f76982b7000 ---p 00000000 00:00 0 
7f76982b7000-7f76983b5000 rw-p 00000000 00:00 0                          [stack:5468]
7f76983b5000-7f76983b6000 r-xp 00000000 08:13 71671017                   /home/marzampoglou/IntelliJ_IDEA/idea-IU-141.1532.4/bin/libbreakgen64.so
7f76983b6000-7f76985b5000 ---p 00001000 08:13 71671017                   /home/marzampoglou/IntelliJ_IDEA/idea-IU-141.1532.4/bin/libbreakgen64.so
7f76985b5000-7f76985b6000 r--p 00000000 08:13 71671017                   /home/marzampoglou/IntelliJ_IDEA/idea-IU-141.1532.4/bin/libbreakgen64.so
7f76985b6000-7f76985b7000 rw-p 00001000 08:13 71671017                   /home/marzampoglou/IntelliJ_IDEA/idea-IU-141.1532.4/bin/libbreakgen64.so
7f76985b7000-7f76985b9000 r--s 00016000 08:13 71671111                   /home/marzampoglou/IntelliJ_IDEA/idea-IU-141.1532.4/lib/idea_rt.jar
7f76985b9000-7f76985bb000 r--s 00005000 08:13 77334120                   /home/marzampoglou/.m2/repository/xpp3/xpp3_min/1.1.4c/xpp3_min-1.1.4c.jar
7f76985bb000-7f76985bc000 r--s 00001000 08:13 77334118                   /home/marzampoglou/.m2/repository/xmlpull/xmlpull/1.1.3.1/xmlpull-1.1.3.1.jar
7f76985bc000-7f76985c9000 r--s 0006a000 08:13 77334151                   /home/marzampoglou/.m2/repository/com/thoughtworks/xstream/xstream/1.4.4/xstream-1.4.4.jar
7f76985c9000-7f76985cd000 r--s 0001f000 08:13 77334150                   /home/marzampoglou/.m2/repository/org/ddogleg/ddogleg/0.3/ddogleg-0.3.jar
7f76985cd000-7f76985d2000 r--s 0002d000 08:13 77334147                   /home/marzampoglou/.m2/repository/org/georegression/georegression/0.4/georegression-0.4.jar
7f76985d2000-7f76985d7000 r--s 00045000 08:13 77334146                   /home/marzampoglou/.m2/repository/com/googlecode/efficient-java-matrix-library/ejml/0.23/ejml-0.23.jar
7f76985d7000-7f76985f8000 r--s 001a4000 08:13 77334144                   /home/marzampoglou/.m2/repository/org/boofcv/boofcv/0.15/boofcv-0.15.jar
7f76985f8000-7f76985fb000 r--s 0003d000 08:13 77334136                   /home/marzampoglou/.m2/repository/javax/media/jai/com.springsource.javax.media.jai.codec/1.1.3/com.springsource.javax.media.jai.codec-1.1.3.jar
7f76985fb000-7f769860f000 r--s 001c0000 08:13 77334135                   /home/marzampoglou/.m2/repository/javax/media/jai/com.springsource.javax.media.jai.core/1.1.3/com.springsource.javax.media.jai.core-1.1.3.jar
7f769860f000-7f7698613000 r--s 00107000 08:13 77334142                   /home/marzampoglou/.m2/repository/net/java/dev/jna/jna/4.2.0/jna-4.2.0.jar
7f7698613000-7f769862f000 r--s 00144000 08:13 77334141                   /home/marzampoglou/.m2/repository/org/ojalgo/ojalgo/38.2/ojalgo-38.2.jar
7f769862f000-7f7698653000 r--s 001ce000 08:13 77334139                   /home/marzampoglou/.m2/repository/org/apache/commons/commons-math3/3.5/commons-math3-3.5.jar
7f7698653000-7f769865a000 r--s 00064000 08:13 77334140                   /home/marzampoglou/.m2/repository/org/apache/commons/commons-lang3/3.4/commons-lang3-3.4.jar
7f769865a000-7f769865c000 r--s 0001b000 08:13 83104501                   /home/marzampoglou/.m2/repository/com/adobe/xmp/xmpcore/5.1.2/xmpcore-5.1.2.jar
7f769865c000-7f7698662000 r--s 0004f000 08:13 83104502                   /home/marzampoglou/.m2/repository/com/drewnoakes/metadata-extractor/2.8.1/metadata-extractor-2.8.1.jar
7f7698662000-7f7698667000 r--s 0002f000 08:13 76023650                   /home/marzampoglou/.m2/repository/com/google/code/gson/gson/2.4/gson-2.4.jar
7f7698667000-7f769866d000 r--s 0004a000 08:13 83231062                   /home/marzampoglou/.m2/repository/cglib/cglib-nodep/2.2.2/cglib-nodep-2.2.2.jar
7f769866d000-7f7698685000 r--s 00121000 08:13 76823339                   /home/marzampoglou/.m2/repository/org/mongodb/mongo-java-driver/3.0.2/mongo-java-driver-3.0.2.jar
7f7698685000-7f7698698000 r--s 00344000 08:13 31472057                   /usr/lib/jvm/oracle-jdk-8u60-linux-x64/jdk1.8.0_60/jre/lib/resources.jar
7f7698698000-7f76986ab000 r--s 000d5000 08:13 31471949                   /usr/lib/jvm/oracle-jdk-8u60-linux-x64/jdk1.8.0_60/jre/lib/plugin.jar
7f76986ab000-7f76986c6000 r--s 001fc000 08:13 31472047                   /usr/lib/jvm/oracle-jdk-8u60-linux-x64/jdk1.8.0_60/jre/lib/deploy.jar
7f76986c6000-7f76986c7000 ---p 00000000 00:00 0 
7f76986c7000-7f76987c7000 rw-p 00000000 00:00 0                          [stack:5467]
7f76987c7000-7f76987ca000 ---p 00000000 00:00 0 
7f76987ca000-7f76988c8000 rw-p 00000000 00:00 0                          [stack:5465]
7f76988c8000-7f76988cb000 ---p 00000000 00:00 0 
7f76988cb000-7f76989c9000 rw-p 00000000 00:00 0                          [stack:5462]
7f76989c9000-7f76989cc000 ---p 00000000 00:00 0 
7f76989cc000-7f7698aca000 rw-p 00000000 00:00 0                          [stack:5461]
7f7698aca000-7f7698acd000 ---p 00000000 00:00 0 
7f7698acd000-7f7698bcb000 rw-p 00000000 00:00 0                          [stack:5458]
7f7698bcb000-7f7698bce000 ---p 00000000 00:00 0 
7f7698bce000-7f7698ccc000 rw-p 00000000 00:00 0                          [stack:5457]
7f7698ccc000-7f7698ccf000 ---p 00000000 00:00 0 
7f7698ccf000-7f7698dcd000 rw-p 00000000 00:00 0                          [stack:5455]
7f7698dcd000-7f76994bb000 r--p 00000000 08:13 30934335                   /usr/lib/locale/locale-archive
7f76994bb000-7f76994be000 ---p 00000000 00:00 0 
7f76994be000-7f76995bc000 rw-p 00000000 00:00 0                          [stack:5453]
7f76995bc000-7f76995bf000 ---p 00000000 00:00 0 
7f76995bf000-7f76996bd000 rw-p 00000000 00:00 0                          [stack:5451]
7f76996bd000-7f76996be000 ---p 00000000 00:00 0 
7f76996be000-7f769c000000 rw-p 00000000 00:00 0                          [stack:5449]
7f769c000000-7f769c021000 rw-p 00000000 00:00 0 
7f769c021000-7f76a0000000 ---p 00000000 00:00 0 
7f76a0000000-7f76a0021000 rw-p 00000000 00:00 0 
7f76a0021000-7f76a4000000 ---p 00000000 00:00 0 
7f76a4000000-7f76a4021000 rw-p 00000000 00:00 0 
7f76a4021000-7f76a8000000 ---p 00000000 00:00 0 
7f76a8000000-7f76a8021000 rw-p 00000000 00:00 0 
7f76a8021000-7f76ac000000 ---p 00000000 00:00 0 
7f76ac000000-7f76ac004000 r--s 00016000 08:13 83231063                   /home/marzampoglou/.m2/repository/com/thoughtworks/proxytoys/proxytoys/1.0/proxytoys-1.0.jar
7f76ac004000-7f76ac00c000 r--s 00051000 08:13 76686121                   /home/marzampoglou/.m2/repository/org/mongodb/morphia/morphia/1.0.1/morphia-1.0.1.jar
7f76ac00c000-7f76ac00d000 r--s 00000000 08:13 31472027                   /usr/lib/jvm/oracle-jdk-8u60-linux-x64/jdk1.8.0_60/jre/lib/management-agent.jar
7f76ac00d000-7f76ac017000 r--s 0006b000 08:13 31471879                   /usr/lib/jvm/oracle-jdk-8u60-linux-x64/jdk1.8.0_60/jre/lib/javaws.jar
7f76ac017000-7f76ac37d000 rw-p 00000000 00:00 0 
7f76ac37d000-7f76ac555000 r--s 03d17000 08:13 31472030                   /usr/lib/jvm/oracle-jdk-8u60-linux-x64/jdk1.8.0_60/jre/lib/rt.jar
7f76ac555000-7f76ac5cb000 rw-p 00000000 00:00 0 
7f76ac5cb000-7f76ac5cc000 ---p 00000000 00:00 0 
7f76ac5cc000-7f76ac6cc000 rw-p 00000000 00:00 0                          [stack:5447]
7f76ac6cc000-7f76ac6cd000 ---p 00000000 00:00 0 
7f76ac6cd000-7f76ac7cd000 rw-p 00000000 00:00 0                          [stack:5446]
7f76ac7cd000-7f76ac7ce000 ---p 00000000 00:00 0 
7f76ac7ce000-7f76ac8ce000 rw-p 00000000 00:00 0                          [stack:5445]
7f76ac8ce000-7f76ac8cf000 ---p 00000000 00:00 0 
7f76ac8cf000-7f76ac9cf000 rw-p 00000000 00:00 0                          [stack:5444]
7f76ac9cf000-7f76ac9d0000 ---p 00000000 00:00 0 
7f76ac9d0000-7f76acb24000 rw-p 00000000 00:00 0                          [stack:5443]
7f76acb24000-7f76ad000000 ---p 00000000 00:00 0 
7f76ad000000-7f76ad4e0000 rwxp 00000000 00:00 0 
7f76ad4e0000-7f76bc000000 ---p 00000000 00:00 0 
7f76bc000000-7f76bc4c7000 rw-p 00000000 00:00 0 
7f76bc4c7000-7f76c0000000 ---p 00000000 00:00 0 
7f76c0000000-7f76c0003000 r--s 0001a000 08:13 31471951                   /usr/lib/jvm/oracle-jdk-8u60-linux-x64/jdk1.8.0_60/jre/lib/jce.jar
7f76c0003000-7f76c0005000 r--s 00007000 08:13 31472060                   /usr/lib/jvm/oracle-jdk-8u60-linux-x64/jdk1.8.0_60/jre/lib/jfxswt.jar
7f76c0005000-7f76c0009000 r--s 00095000 08:13 31472033                   /usr/lib/jvm/oracle-jdk-8u60-linux-x64/jdk1.8.0_60/jre/lib/jsse.jar
7f76c0009000-7f76c000f000 r--s 002f8000 08:13 31471950                   /usr/lib/jvm/oracle-jdk-8u60-linux-x64/jdk1.8.0_60/jre/lib/charsets.jar
7f76c000f000-7f76c00ac000 rw-p 00000000 00:00 0 
7f76c00ac000-7f76c00ad000 ---p 00000000 00:00 0 
7f76c00ad000-7f76c01ad000 rw-p 00000000 00:00 0                          [stack:5442]
7f76c01ad000-7f76c01ae000 ---p 00000000 00:00 0 
7f76c01ae000-7f76c02ae000 rw-p 00000000 00:00 0                          [stack:5441]
7f76c02ae000-7f76c02af000 ---p 00000000 00:00 0 
7f76c02af000-7f76c0403000 rw-p 00000000 00:00 0                          [stack:5439]
7f76c0403000-7f76c08de000 ---p 00000000 00:00 0 
7f76c08de000-7f76c0a98000 rw-p 00000000 00:00 0 
7f76c0a98000-7f76c0b76000 ---p 00000000 00:00 0 
7f76c0b76000-7f76c0b8b000 rw-p 00000000 00:00 0 
7f76c0b8b000-7f76c0f37000 ---p 00000000 00:00 0 
7f76c0f37000-7f76c0f51000 r-xp 00000000 08:13 31471982                   /usr/lib/jvm/oracle-jdk-8u60-linux-x64/jdk1.8.0_60/jre/lib/amd64/libzip.so
7f76c0f51000-7f76c1151000 ---p 0001a000 08:13 31471982                   /usr/lib/jvm/oracle-jdk-8u60-linux-x64/jdk1.8.0_60/jre/lib/amd64/libzip.so
7f76c1151000-7f76c1152000 rw-p 0001a000 08:13 31471982                   /usr/lib/jvm/oracle-jdk-8u60-linux-x64/jdk1.8.0_60/jre/lib/amd64/libzip.so
7f76c1152000-7f76c115d000 r-xp 00000000 08:13 35258873                   /lib/x86_64-linux-gnu/libnss_files-2.19.so
7f76c115d000-7f76c135c000 ---p 0000b000 08:13 35258873                   /lib/x86_64-linux-gnu/libnss_files-2.19.so
7f76c135c000-7f76c135d000 r--p 0000a000 08:13 35258873                   /lib/x86_64-linux-gnu/libnss_files-2.19.so
7f76c135d000-7f76c135e000 rw-p 0000b000 08:13 35258873                   /lib/x86_64-linux-gnu/libnss_files-2.19.so
7f76c135e000-7f76c1369000 r-xp 00000000 08:13 35259048                   /lib/x86_64-linux-gnu/libnss_nis-2.19.so
7f76c1369000-7f76c1568000 ---p 0000b000 08:13 35259048                   /lib/x86_64-linux-gnu/libnss_nis-2.19.so
7f76c1568000-7f76c1569000 r--p 0000a000 08:13 35259048                   /lib/x86_64-linux-gnu/libnss_nis-2.19.so
7f76c1569000-7f76c156a000 rw-p 0000b000 08:13 35259048                   /lib/x86_64-linux-gnu/libnss_nis-2.19.so
7f76c156a000-7f76c1581000 r-xp 00000000 08:13 35259028                   /lib/x86_64-linux-gnu/libnsl-2.19.so
7f76c1581000-7f76c1780000 ---p 00017000 08:13 35259028                   /lib/x86_64-linux-gnu/libnsl-2.19.so
7f76c1780000-7f76c1781000 r--p 00016000 08:13 35259028                   /lib/x86_64-linux-gnu/libnsl-2.19.so
7f76c1781000-7f76c1782000 rw-p 00017000 08:13 35259028                   /lib/x86_64-linux-gnu/libnsl-2.19.so
7f76c1782000-7f76c1784000 rw-p 00000000 00:00 0 
7f76c1784000-7f76c178d000 r-xp 00000000 08:13 35259026                   /lib/x86_64-linux-gnu/libnss_compat-2.19.so
7f76c178d000-7f76c198c000 ---p 00009000 08:13 35259026                   /lib/x86_64-linux-gnu/libnss_compat-2.19.so
7f76c198c000-7f76c198d000 r--p 00008000 08:13 35259026                   /lib/x86_64-linux-gnu/libnss_compat-2.19.so
7f76c198d000-7f76c198e000 rw-p 00009000 08:13 35259026                   /lib/x86_64-linux-gnu/libnss_compat-2.19.so
7f76c198e000-7f76c19b8000 r-xp 00000000 08:13 31471961                   /usr/lib/jvm/oracle-jdk-8u60-linux-x64/jdk1.8.0_60/jre/lib/amd64/libjava.so
7f76c19b8000-7f76c1bb8000 ---p 0002a000 08:13 31471961                   /usr/lib/jvm/oracle-jdk-8u60-linux-x64/jdk1.8.0_60/jre/lib/amd64/libjava.so
7f76c1bb8000-7f76c1bba000 rw-p 0002a000 08:13 31471961                   /usr/lib/jvm/oracle-jdk-8u60-linux-x64/jdk1.8.0_60/jre/lib/amd64/libjava.so
7f76c1bba000-7f76c1bc7000 r-xp 00000000 08:13 31471976                   /usr/lib/jvm/oracle-jdk-8u60-linux-x64/jdk1.8.0_60/jre/lib/amd64/libverify.so
7f76c1bc7000-7f76c1dc7000 ---p 0000d000 08:13 31471976                   /usr/lib/jvm/oracle-jdk-8u60-linux-x64/jdk1.8.0_60/jre/lib/amd64/libverify.so
7f76c1dc7000-7f76c1dc9000 rw-p 0000d000 08:13 31471976                   /usr/lib/jvm/oracle-jdk-8u60-linux-x64/jdk1.8.0_60/jre/lib/amd64/libverify.so
7f76c1dc9000-7f76c1dd0000 r-xp 00000000 08:13 35259044                   /lib/x86_64-linux-gnu/librt-2.19.so
7f76c1dd0000-7f76c1fcf000 ---p 00007000 08:13 35259044                   /lib/x86_64-linux-gnu/librt-2.19.so
7f76c1fcf000-7f76c1fd0000 r--p 00006000 08:13 35259044                   /lib/x86_64-linux-gnu/librt-2.19.so
7f76c1fd0000-7f76c1fd1000 rw-p 00007000 08:13 35259044                   /lib/x86_64-linux-gnu/librt-2.19.so
7f76c1fd1000-7f76c2c8f000 r-xp 00000000 08:13 31471997                   /usr/lib/jvm/oracle-jdk-8u60-linux-x64/jdk1.8.0_60/jre/lib/amd64/server/libjvm.so
7f76c2c8f000-7f76c2e8e000 ---p 00cbe000 08:13 31471997                   /usr/lib/jvm/oracle-jdk-8u60-linux-x64/jdk1.8.0_60/jre/lib/amd64/server/libjvm.so
7f76c2e8e000-7f76c2f66000 rw-p 00cbd000 08:13 31471997                   /usr/lib/jvm/oracle-jdk-8u60-linux-x64/jdk1.8.0_60/jre/lib/amd64/server/libjvm.so
7f76c2f66000-7f76c2fab000 rw-p 00000000 00:00 0 
7f76c2fab000-7f76c2fc1000 r-xp 00000000 08:13 35258559                   /lib/x86_64-linux-gnu/libgcc_s.so.1
7f76c2fc1000-7f76c31c0000 ---p 00016000 08:13 35258559                   /lib/x86_64-linux-gnu/libgcc_s.so.1
7f76c31c0000-7f76c31c1000 rw-p 00015000 08:13 35258559                   /lib/x86_64-linux-gnu/libgcc_s.so.1
7f76c31c1000-7f76c32c6000 r-xp 00000000 08:13 35258845                   /lib/x86_64-linux-gnu/libm-2.19.so
7f76c32c6000-7f76c34c5000 ---p 00105000 08:13 35258845                   /lib/x86_64-linux-gnu/libm-2.19.so
7f76c34c5000-7f76c34c6000 r--p 00104000 08:13 35258845                   /lib/x86_64-linux-gnu/libm-2.19.so
7f76c34c6000-7f76c34c7000 rw-p 00105000 08:13 35258845                   /lib/x86_64-linux-gnu/libm-2.19.so
7f76c34c7000-7f76c3682000 r-xp 00000000 08:13 35259038                   /lib/x86_64-linux-gnu/libc-2.19.so
7f76c3682000-7f76c3881000 ---p 001bb000 08:13 35259038                   /lib/x86_64-linux-gnu/libc-2.19.so
7f76c3881000-7f76c3885000 r--p 001ba000 08:13 35259038                   /lib/x86_64-linux-gnu/libc-2.19.so
7f76c3885000-7f76c3887000 rw-p 001be000 08:13 35259038                   /lib/x86_64-linux-gnu/libc-2.19.so
7f76c3887000-7f76c388c000 rw-p 00000000 00:00 0 
7f76c388c000-7f76c388f000 r-xp 00000000 08:13 35259016                   /lib/x86_64-linux-gnu/libdl-2.19.so
7f76c388f000-7f76c3a8e000 ---p 00003000 08:13 35259016                   /lib/x86_64-linux-gnu/libdl-2.19.so
7f76c3a8e000-7f76c3a8f000 r--p 00002000 08:13 35259016                   /lib/x86_64-linux-gnu/libdl-2.19.so
7f76c3a8f000-7f76c3a90000 rw-p 00003000 08:13 35259016                   /lib/x86_64-linux-gnu/libdl-2.19.so
7f76c3a90000-7f76c3aa5000 r-xp 00000000 08:13 31461846                   /usr/lib/jvm/oracle-jdk-8u60-linux-x64/jdk1.8.0_60/lib/amd64/jli/libjli.so
7f76c3aa5000-7f76c3ca5000 ---p 00015000 08:13 31461846                   /usr/lib/jvm/oracle-jdk-8u60-linux-x64/jdk1.8.0_60/lib/amd64/jli/libjli.so
7f76c3ca5000-7f76c3ca6000 rw-p 00015000 08:13 31461846                   /usr/lib/jvm/oracle-jdk-8u60-linux-x64/jdk1.8.0_60/lib/amd64/jli/libjli.so
7f76c3ca6000-7f76c3cbf000 r-xp 00000000 08:13 35259040                   /lib/x86_64-linux-gnu/libpthread-2.19.so
7f76c3cbf000-7f76c3ebe000 ---p 00019000 08:13 35259040                   /lib/x86_64-linux-gnu/libpthread-2.19.so
7f76c3ebe000-7f76c3ebf000 r--p 00018000 08:13 35259040                   /lib/x86_64-linux-gnu/libpthread-2.19.so
7f76c3ebf000-7f76c3ec0000 rw-p 00019000 08:13 35259040                   /lib/x86_64-linux-gnu/libpthread-2.19.so
7f76c3ec0000-7f76c3ec4000 rw-p 00000000 00:00 0 
7f76c3ec4000-7f76c3faa000 r-xp 00000000 08:13 30938428                   /usr/lib/x86_64-linux-gnu/libstdc++.so.6.0.19
7f76c3faa000-7f76c41a9000 ---p 000e6000 08:13 30938428                   /usr/lib/x86_64-linux-gnu/libstdc++.so.6.0.19
7f76c41a9000-7f76c41b1000 r--p 000e5000 08:13 30938428                   /usr/lib/x86_64-linux-gnu/libstdc++.so.6.0.19
7f76c41b1000-7f76c41b3000 rw-p 000ed000 08:13 30938428                   /usr/lib/x86_64-linux-gnu/libstdc++.so.6.0.19
7f76c41b3000-7f76c41c8000 rw-p 00000000 00:00 0 
7f76c41c8000-7f76c41eb000 r-xp 00000000 08:13 35259032                   /lib/x86_64-linux-gnu/ld-2.19.so
7f76c41eb000-7f76c41f0000 r--s 00083000 08:13 31472031                   /usr/lib/jvm/oracle-jdk-8u60-linux-x64/jdk1.8.0_60/jre/lib/jfr.jar
7f76c41f0000-7f76c42b5000 rw-p 00000000 00:00 0 
7f76c42b5000-7f76c42b8000 ---p 00000000 00:00 0 
7f76c42b8000-7f76c43de000 rw-p 00000000 00:00 0                          [stack:5430]
7f76c43de000-7f76c43e6000 rw-s 00000000 08:13 18087968                   /tmp/hsperfdata_marzampoglou/5428
7f76c43e6000-7f76c43e7000 rw-p 00000000 00:00 0 
7f76c43e7000-7f76c43e8000 ---p 00000000 00:00 0 
7f76c43e8000-7f76c43ea000 rw-p 00000000 00:00 0 
7f76c43ea000-7f76c43eb000 r--p 00022000 08:13 35259032                   /lib/x86_64-linux-gnu/ld-2.19.so
7f76c43eb000-7f76c43ec000 rw-p 00023000 08:13 35259032                   /lib/x86_64-linux-gnu/ld-2.19.so
7f76c43ec000-7f76c43ed000 rw-p 00000000 00:00 0 
7fffa6624000-7fffa6646000 rw-p 00000000 00:00 0                          [stack]
7fffa66ac000-7fffa66ae000 r-xp 00000000 00:00 0                          [vdso]
ffffffffff600000-ffffffffff601000 r-xp 00000000 00:00 0                  [vsyscall]

VM Arguments:
jvm_args: -Didea.launcher.port=7543 -Didea.launcher.bin.path=/home/marzampoglou/IntelliJ_IDEA/idea-IU-141.1532.4/bin -Dfile.encoding=UTF-8 
java_command: com.intellij.rt.execution.application.AppMain ForensicsToolbox.ReportManagement
java_class_path (initial): /usr/lib/jvm/oracle-jdk-8u60-linux-x64/jdk1.8.0_60/jre/lib/charsets.jar:/usr/lib/jvm/oracle-jdk-8u60-linux-x64/jdk1.8.0_60/jre/lib/deploy.jar:/usr/lib/jvm/oracle-jdk-8u60-linux-x64/jdk1.8.0_60/jre/lib/jfr.jar:/usr/lib/jvm/oracle-jdk-8u60-linux-x64/jdk1.8.0_60/jre/lib/javaws.jar:/usr/lib/jvm/oracle-jdk-8u60-linux-x64/jdk1.8.0_60/jre/lib/rt.jar:/usr/lib/jvm/oracle-jdk-8u60-linux-x64/jdk1.8.0_60/jre/lib/plugin.jar:/usr/lib/jvm/oracle-jdk-8u60-linux-x64/jdk1.8.0_60/jre/lib/jsse.jar:/usr/lib/jvm/oracle-jdk-8u60-linux-x64/jdk1.8.0_60/jre/lib/jfxswt.jar:/usr/lib/jvm/oracle-jdk-8u60-linux-x64/jdk1.8.0_60/jre/lib/resources.jar:/usr/lib/jvm/oracle-jdk-8u60-linux-x64/jdk1.8.0_60/jre/lib/jce.jar:/usr/lib/jvm/oracle-jdk-8u60-linux-x64/jdk1.8.0_60/jre/lib/management-agent.jar:/usr/lib/jvm/oracle-jdk-8u60-linux-x64/jdk1.8.0_60/jre/lib/ext/sunpkcs11.jar:/usr/lib/jvm/oracle-jdk-8u60-linux-x64/jdk1.8.0_60/jre/lib/ext/sunec.jar:/usr/lib/jvm/oracle-jdk-8u60-linux-x64/jdk1.8.0_60/jre/lib/ext/jfxrt.jar:/usr/lib/jvm/oracle-jdk-8u60-linux-x64/jdk1.8.0_60/jre/lib/ext/zipfs.jar:/usr/lib/jvm/oracle-jdk-8u60-linux-x64/jdk1.8.0_60/jre/lib/ext/sunjce_provider.jar:/usr/lib/jvm/oracle-jdk-8u60-linux-x64/jdk1.8.0_60/jre/lib/ext/nashorn.jar:/usr/lib/jvm/oracle-jdk-8u60-linux-x64/jdk1.8.0_60/jre/lib/ext/localedata.jar:/usr/lib/jvm/oracle-jdk-8u60-linux-x64/jdk1.8.0_60/jre/lib/ext/jaccess.jar:/usr/lib/jvm/oracle-jdk-8u60-linux-x64/jdk1.8.0_60/jre/lib/ext/cldrdata.jar:/usr/lib/jvm/oracle-jdk-8u60-linux-x64/jdk1.8.0_60/jre/lib/ext/dnsns.jar:/media/marzampoglou/3TB/markzampoglou/ImageForensics/Deliverables/Code/CurrentVersion/MultimediaManipulationToolbox/target/classes:/home/marzampoglou/.m2/repository/org/mongodb/morphia/morphia/1.0.1/morphia-1.0.1.jar:/home/marzampoglou/.m2/repository/org/mongodb/mongo-java-driver/3.0.2/mongo-java-driver-3.0.2.jar:/home/marzampoglou/.m2/repository/com/thoughtworks/proxytoys/proxytoys/1.0/proxytoys-1.0.jar:/home/marzampoglou/.m2/repository/
Launcher Type: SUN_STANDARD

Environment Variables:
PATH=/usr/local/cuda-7.0/bin:/usr/local/anaconda/bin:/usr/local/sbin:/usr/local/bin:/usr/sbin:/usr/bin:/sbin:/bin:/usr/games:/usr/local/games
LD_LIBRARY_PATH=/home/marzampoglou/IntelliJ_IDEA/idea-IU-141.1532.4/bin:/usr/local/anaconda/pkgs/hdf5-1.8.14-0/lib:/usr/lib/cudnn-6.5-linux-x64-v2:/usr/lib/x86_64-linux-gnu:/usr/local/lib:/usr/local/cuda-7.0/lib64:/usr/local/cuda-7.0/lib64
LD_PRELOAD=/usr/lib/x86_64-linux-gnu/libstdc++.so.6
SHELL=/bin/bash
DISPLAY=:0.0

Signal Handlers:
SIGSEGV: [libjvm.so+0xaba070], sa_mask[0]=11111111011111111101111111111110, sa_flags=SA_RESTART|SA_SIGINFO
SIGBUS: [libjvm.so+0xaba070], sa_mask[0]=11111111011111111101111111111110, sa_flags=SA_RESTART|SA_SIGINFO
SIGFPE: [libjvm.so+0x917630], sa_mask[0]=11111111011111111101111111111110, sa_flags=SA_RESTART|SA_SIGINFO
SIGPIPE: [libjvm.so+0x917630], sa_mask[0]=11111111011111111101111111111110, sa_flags=SA_RESTART|SA_SIGINFO
SIGXFSZ: [libjvm.so+0x917630], sa_mask[0]=11111111011111111101111111111110, sa_flags=SA_RESTART|SA_SIGINFO
SIGILL: [libjvm.so+0x917630], sa_mask[0]=11111111011111111101111111111110, sa_flags=SA_RESTART|SA_SIGINFO
SIGUSR1: SIG_DFL, sa_mask[0]=00000000000000000000000000000000, sa_flags=none
SIGUSR2: [libjvm.so+0x918c60], sa_mask[0]=00100000000000000000000000000000, sa_flags=SA_RESTART|SA_SIGINFO
SIGHUP: [libjvm.so+0x91a060], sa_mask[0]=11111111011111111101111111111110, sa_flags=SA_RESTART|SA_SIGINFO
SIGINT: [libjvm.so+0x91a060], sa_mask[0]=11111111011111111101111111111110, sa_flags=SA_RESTART|SA_SIGINFO
SIGTERM: [libjvm.so+0x91a060], sa_mask[0]=11111111011111111101111111111110, sa_flags=SA_RESTART|SA_SIGINFO
SIGQUIT: [libjvm.so+0x91a060], sa_mask[0]=11111111011111111101111111111110, sa_flags=SA_RESTART|SA_SIGINFO


---------------  S Y S T E M  ---------------

OS:DISTRIB_ID=Ubuntu
DISTRIB_RELEASE=14.04
DISTRIB_CODENAME=trusty
DISTRIB_DESCRIPTION="Ubuntu 14.04.2 LTS"

uname:Linux 3.13.0-49-generic #83-Ubuntu SMP Fri Apr 10 20:11:33 UTC 2015 x86_64
libc:glibc 2.19 NPTL 2.19 
rlimit: STACK 8192k, CORE 0k, NPROC 127203, NOFILE 4096, AS infinity
load average:0.60 0.86 0.86

/proc/meminfo:
MemTotal:       16303688 kB
MemFree:          171088 kB
Buffers:            1804 kB
Cached:           241588 kB
SwapCached:            0 kB
Active:         15663956 kB
Inactive:         188364 kB
Active(anon):   15610804 kB
Inactive(anon):   129580 kB
Active(file):      53152 kB
Inactive(file):    58784 kB
Unevictable:          32 kB
Mlocked:              32 kB
SwapTotal:             0 kB
SwapFree:              0 kB
Dirty:               236 kB
Writeback:            52 kB
AnonPages:      15609536 kB
Mapped:           155608 kB
Shmem:            130908 kB
Slab:              77008 kB
SReclaimable:      34084 kB
SUnreclaim:        42924 kB
KernelStack:        9104 kB
PageTables:        67828 kB
NFS_Unstable:          0 kB
Bounce:                0 kB
WritebackTmp:          0 kB
CommitLimit:     8151844 kB
Committed_AS:   22144040 kB
VmallocTotal:   34359738367 kB
VmallocUsed:      373252 kB
VmallocChunk:   34359353432 kB
HardwareCorrupted:     0 kB
AnonHugePages:  12435456 kB
HugePages_Total:       0
HugePages_Free:        0
HugePages_Rsvd:        0
HugePages_Surp:        0
Hugepagesize:       2048 kB
DirectMap4k:       90956 kB
DirectMap2M:     3973120 kB
DirectMap1G:    12582912 kB


CPU:total 8 (4 cores per cpu, 2 threads per core) family 6 model 60 stepping 3, cmov, cx8, fxsr, mmx, sse, sse2, sse3, ssse3, sse4.1, sse4.2, popcnt, avx, avx2, aes, clmul, erms, lzcnt, ht, tsc, tscinvbit, bmi1, bmi2

/proc/cpuinfo:
processor	: 0
vendor_id	: GenuineIntel
cpu family	: 6
model		: 60
model name	: Intel(R) Core(TM) i7-4770K CPU @ 3.50GHz
stepping	: 3
microcode	: 0x12
cpu MHz		: 800.000
cache size	: 8192 KB
physical id	: 0
siblings	: 8
core id		: 0
cpu cores	: 4
apicid		: 0
initial apicid	: 0
fpu		: yes
fpu_exception	: yes
cpuid level	: 13
wp		: yes
flags		: fpu vme de pse tsc msr pae mce cx8 apic sep mtrr pge mca cmov pat pse36 clflush dts acpi mmx fxsr sse sse2 ss ht tm pbe syscall nx pdpe1gb rdtscp lm constant_tsc arch_perfmon pebs bts rep_good nopl xtopology nonstop_tsc aperfmperf eagerfpu pni pclmulqdq dtes64 monitor ds_cpl vmx est tm2 ssse3 fma cx16 xtpr pdcm pcid sse4_1 sse4_2 movbe popcnt tsc_deadline_timer aes xsave avx f16c rdrand lahf_lm abm ida arat epb xsaveopt pln pts dtherm tpr_shadow vnmi flexpriority ept vpid fsgsbase tsc_adjust bmi1 avx2 smep bmi2 erms invpcid
bogomips	: 6996.20
clflush size	: 64
cache_alignment	: 64
address sizes	: 39 bits physical, 48 bits virtual
power management:

processor	: 1
vendor_id	: GenuineIntel
cpu family	: 6
model		: 60
model name	: Intel(R) Core(TM) i7-4770K CPU @ 3.50GHz
stepping	: 3
microcode	: 0x12
cpu MHz		: 800.000
cache size	: 8192 KB
physical id	: 0
siblings	: 8
core id		: 1
cpu cores	: 4
apicid		: 2
initial apicid	: 2
fpu		: yes
fpu_exception	: yes
cpuid level	: 13
wp		: yes
flags		: fpu vme de pse tsc msr pae mce cx8 apic sep mtrr pge mca cmov pat pse36 clflush dts acpi mmx fxsr sse sse2 ss ht tm pbe syscall nx pdpe1gb rdtscp lm constant_tsc arch_perfmon pebs bts rep_good nopl xtopology nonstop_tsc aperfmperf eagerfpu pni pclmulqdq dtes64 monitor ds_cpl vmx est tm2 ssse3 fma cx16 xtpr pdcm pcid sse4_1 sse4_2 movbe popcnt tsc_deadline_timer aes xsave avx f16c rdrand lahf_lm abm ida arat epb xsaveopt pln pts dtherm tpr_shadow vnmi flexpriority ept vpid fsgsbase tsc_adjust bmi1 avx2 smep bmi2 erms invpcid
bogomips	: 6996.20
clflush size	: 64
cache_alignment	: 64
address sizes	: 39 bits physical, 48 bits virtual
power management:

processor	: 2
vendor_id	: GenuineIntel
cpu family	: 6
model		: 60
model name	: Intel(R) Core(TM) i7-4770K CPU @ 3.50GHz
stepping	: 3
microcode	: 0x12
cpu MHz		: 2500.000
cache size	: 8192 KB
physical id	: 0
siblings	: 8
core id		: 2
cpu cores	: 4
apicid		: 4
initial apicid	: 4
fpu		: yes
fpu_exception	: yes
cpuid level	: 13
wp		: yes
flags		: fpu vme de pse tsc msr pae mce cx8 apic sep mtrr pge mca cmov pat pse36 clflush dts acpi mmx fxsr sse sse2 ss ht tm pbe syscall nx pdpe1gb rdtscp lm constant_tsc arch_perfmon pebs bts rep_good nopl xtopology nonstop_tsc aperfmperf eagerfpu pni pclmulqdq dtes64 monitor ds_cpl vmx est tm2 ssse3 fma cx16 xtpr pdcm pcid sse4_1 sse4_2 movbe popcnt tsc_deadline_timer aes xsave avx f16c rdrand lahf_lm abm ida arat epb xsaveopt pln pts dtherm tpr_shadow vnmi flexpriority ept vpid fsgsbase tsc_adjust bmi1 avx2 smep bmi2 erms invpcid
bogomips	: 6996.20
clflush size	: 64
cache_alignment	: 64
address sizes	: 39 bits physical, 48 bits virtual
power management:

processor	: 3
vendor_id	: GenuineIntel
cpu family	: 6
model		: 60
model name	: Intel(R) Core(TM) i7-4770K CPU @ 3.50GHz
stepping	: 3
microcode	: 0x12
cpu MHz		: 800.000
cache size	: 8192 KB
physical id	: 0
siblings	: 8
core id		: 3
cpu cores	: 4
apicid		: 6
initial apicid	: 6
fpu		: yes
fpu_exception	: yes
cpuid level	: 13
wp		: yes
flags		: fpu vme de pse tsc msr pae mce cx8 apic sep mtrr pge mca cmov pat pse36 clflush dts acpi mmx fxsr sse sse2 ss ht tm pbe syscall nx pdpe1gb rdtscp lm constant_tsc arch_perfmon pebs bts rep_good nopl xtopology nonstop_tsc aperfmperf eagerfpu pni pclmulqdq dtes64 monitor ds_cpl vmx est tm2 ssse3 fma cx16 xtpr pdcm pcid sse4_1 sse4_2 movbe popcnt tsc_deadline_timer aes xsave avx f16c rdrand lahf_lm abm ida arat epb xsaveopt pln pts dtherm tpr_shadow vnmi flexpriority ept vpid fsgsbase tsc_adjust bmi1 avx2 smep bmi2 erms invpcid
bogomips	: 6996.20
clflush size	: 64
cache_alignment	: 64
address sizes	: 39 bits physical, 48 bits virtual
power management:

processor	: 4
vendor_id	: GenuineIntel
cpu family	: 6
model		: 60
model name	: Intel(R) Core(TM) i7-4770K CPU @ 3.50GHz
stepping	: 3
microcode	: 0x12
cpu MHz		: 800.000
cache size	: 8192 KB
physical id	: 0
siblings	: 8
core id		: 0
cpu cores	: 4
apicid		: 1
initial apicid	: 1
fpu		: yes
fpu_exception	: yes
cpuid level	: 13
wp		: yes
flags		: fpu vme de pse tsc msr pae mce cx8 apic sep mtrr pge mca cmov pat pse36 clflush dts acpi mmx fxsr sse sse2 ss ht tm pbe syscall nx pdpe1gb rdtscp lm constant_tsc arch_perfmon pebs bts rep_good nopl xtopology nonstop_tsc aperfmperf eagerfpu pni pclmulqdq dtes64 monitor ds_cpl vmx est tm2 ssse3 fma cx16 xtpr pdcm pcid sse4_1 sse4_2 movbe popcnt tsc_deadline_timer aes xsave avx f16c rdrand lahf_lm abm ida arat epb xsaveopt pln pts dtherm tpr_shadow vnmi flexpriority ept vpid fsgsbase tsc_adjust bmi1 avx2 smep bmi2 erms invpcid
bogomips	: 6996.20
clflush size	: 64
cache_alignment	: 64
address sizes	: 39 bits physical, 48 bits virtual
power management:

processor	: 5
vendor_id	: GenuineIntel
cpu family	: 6
model		: 60
model name	: Intel(R) Core(TM) i7-4770K CPU @ 3.50GHz
stepping	: 3
microcode	: 0x12
cpu MHz		: 3501.000
cache size	: 8192 KB
physical id	: 0
siblings	: 8
core id		: 1
cpu cores	: 4
apicid		: 3
initial apicid	: 3
fpu		: yes
fpu_exception	: yes
cpuid level	: 13
wp		: yes
flags		: fpu vme de pse tsc msr pae mce cx8 apic sep mtrr pge mca cmov pat pse36 clflush dts acpi mmx fxsr sse sse2 ss ht tm pbe syscall nx pdpe1gb rdtscp lm constant_tsc arch_perfmon pebs bts rep_good nopl xtopology nonstop_tsc aperfmperf eagerfpu pni pclmulqdq dtes64 monitor ds_cpl vmx est tm2 ssse3 fma cx16 xtpr pdcm pcid sse4_1 sse4_2 movbe popcnt tsc_deadline_timer aes xsave avx f16c rdrand lahf_lm abm ida arat epb xsaveopt pln pts dtherm tpr_shadow vnmi flexpriority ept vpid fsgsbase tsc_adjust bmi1 avx2 smep bmi2 erms invpcid
bogomips	: 6996.20
clflush size	: 64
cache_alignment	: 64
address sizes	: 39 bits physical, 48 bits virtual
power management:

processor	: 6
vendor_id	: GenuineIntel
cpu family	: 6
model		: 60
model name	: Intel(R) Core(TM) i7-4770K CPU @ 3.50GHz
stepping	: 3
microcode	: 0x12
cpu MHz		: 800.000
cache size	: 8192 KB
physical id	: 0
siblings	: 8
core id		: 2
cpu cores	: 4
apicid		: 5
initial apicid	: 5
fpu		: yes
fpu_exception	: yes
cpuid level	: 13
wp		: yes
flags		: fpu vme de pse tsc msr pae mce cx8 apic sep mtrr pge mca cmov pat pse36 clflush dts acpi mmx fxsr sse sse2 ss ht tm pbe syscall nx pdpe1gb rdtscp lm constant_tsc arch_perfmon pebs bts rep_good nopl xtopology nonstop_tsc aperfmperf eagerfpu pni pclmulqdq dtes64 monitor ds_cpl vmx est tm2 ssse3 fma cx16 xtpr pdcm pcid sse4_1 sse4_2 movbe popcnt tsc_deadline_timer aes xsave avx f16c rdrand lahf_lm abm ida arat epb xsaveopt pln pts dtherm tpr_shadow vnmi flexpriority ept vpid fsgsbase tsc_adjust bmi1 avx2 smep bmi2 erms invpcid
bogomips	: 6996.20
clflush size	: 64
cache_alignment	: 64
address sizes	: 39 bits physical, 48 bits virtual
power management:

processor	: 7
vendor_id	: GenuineIntel
cpu family	: 6
model		: 60
model name	: Intel(R) Core(TM) i7-4770K CPU @ 3.50GHz
stepping	: 3
microcode	: 0x12
cpu MHz		: 800.000
cache size	: 8192 KB
physical id	: 0
siblings	: 8
core id		: 3
cpu cores	: 4
apicid		: 7
initial apicid	: 7
fpu		: yes
fpu_exception	: yes
cpuid level	: 13
wp		: yes
flags		: fpu vme de pse tsc msr pae mce cx8 apic sep mtrr pge mca cmov pat pse36 clflush dts acpi mmx fxsr sse sse2 ss ht tm pbe syscall nx pdpe1gb rdtscp lm constant_tsc arch_perfmon pebs bts rep_good nopl xtopology nonstop_tsc aperfmperf eagerfpu pni pclmulqdq dtes64 monitor ds_cpl vmx est tm2 ssse3 fma cx16 xtpr pdcm pcid sse4_1 sse4_2 movbe popcnt tsc_deadline_timer aes xsave avx f16c rdrand lahf_lm abm ida arat epb xsaveopt pln pts dtherm tpr_shadow vnmi flexpriority ept vpid fsgsbase tsc_adjust bmi1 avx2 smep bmi2 erms invpcid
bogomips	: 6996.20
clflush size	: 64
cache_alignment	: 64
address sizes	: 39 bits physical, 48 bits virtual
power management:



Memory: 4k page, physical 16303688k(171088k free), swap 0k(0k free)

vm_info: Java HotSpot(TM) 64-Bit Server VM (25.60-b23) for linux-amd64 JRE (1.8.0_60-b27), built on Aug  4 2015 12:19:40 by "java_re" with gcc 4.3.0 20080428 (Red Hat 4.3.0-8)

time: Fri Nov 20 16:17:49 2015
elapsed time: 6 seconds (0d 0h 0m 6s)

