[INFO] Error stacktraces are turned on.
[INFO] Scanning for projects...
[INFO] Inspecting build with total of 1 modules...
[INFO] Installing Nexus Staging features:
[INFO]   ... total of 1 executions of maven-deploy-plugin replaced with nexus-staging-maven-plugin
[INFO]                                                                         
[INFO] ------------------------------------------------------------------------
[INFO] Building MultimediaManipulationToolbox 1.0-SNAPSHOT
[INFO] ------------------------------------------------------------------------
[INFO] 
[INFO] --- maven-release-plugin:2.0:clean (default-cli) @ MultimediaManipulationToolbox ---
[INFO] Cleaning up after release...
[INFO] 
[INFO] --- maven-release-plugin:2.0:prepare (default-cli) @ MultimediaManipulationToolbox ---
[INFO] ------------------------------------------------------------------------
[INFO] BUILD FAILURE
[INFO] ------------------------------------------------------------------------
[INFO] Total time: 0.725s
[INFO] Finished at: Wed Sep 23 12:17:26 EEST 2015
[INFO] Final Memory: 15M/303M
[INFO] ------------------------------------------------------------------------
[ERROR] Failed to execute goal org.apache.maven.plugins:maven-release-plugin:2.0:prepare (default-cli) on project MultimediaManipulationToolbox: Missing required setting: scm connection or developerConnection must be specified. -> [Help 1]
org.apache.maven.lifecycle.LifecycleExecutionException: Failed to execute goal org.apache.maven.plugins:maven-release-plugin:2.0:prepare (default-cli) on project MultimediaManipulationToolbox: Missing required setting: scm connection or developerConnection must be specified.
	at org.apache.maven.lifecycle.internal.MojoExecutor.execute(MojoExecutor.java:213)
	at org.apache.maven.lifecycle.internal.MojoExecutor.execute(MojoExecutor.java:153)
	at org.apache.maven.lifecycle.internal.MojoExecutor.execute(MojoExecutor.java:145)
	at org.apache.maven.lifecycle.internal.LifecycleModuleBuilder.buildProject(LifecycleModuleBuilder.java:84)
	at org.apache.maven.lifecycle.internal.LifecycleModuleBuilder.buildProject(LifecycleModuleBuilder.java:59)
	at org.apache.maven.lifecycle.internal.LifecycleStarter.singleThreadedBuild(LifecycleStarter.java:183)
	at org.apache.maven.lifecycle.internal.LifecycleStarter.execute(LifecycleStarter.java:161)
	at org.apache.maven.DefaultMaven.doExecute(DefaultMaven.java:320)
	at org.apache.maven.DefaultMaven.execute(DefaultMaven.java:156)
	at org.apache.maven.cli.MavenCli.execute(MavenCli.java:537)
	at org.apache.maven.cli.MavenCli.doMain(MavenCli.java:196)
	at org.apache.maven.cli.MavenCli.main(MavenCli.java:141)
	at sun.reflect.NativeMethodAccessorImpl.invoke0(Native Method)
	at sun.reflect.NativeMethodAccessorImpl.invoke(NativeMethodAccessorImpl.java:62)
	at sun.reflect.DelegatingMethodAccessorImpl.invoke(DelegatingMethodAccessorImpl.java:43)
	at java.lang.reflect.Method.invoke(Method.java:497)
	at org.codehaus.plexus.classworlds.launcher.Launcher.launchEnhanced(Launcher.java:289)
	at org.codehaus.plexus.classworlds.launcher.Launcher.launch(Launcher.java:229)
	at org.codehaus.plexus.classworlds.launcher.Launcher.mainWithExitCode(Launcher.java:415)
	at org.codehaus.plexus.classworlds.launcher.Launcher.main(Launcher.java:356)
Caused by: org.apache.maven.plugin.MojoFailureException: Missing required setting: scm connection or developerConnection must be specified.
	at org.apache.maven.plugins.release.PrepareReleaseMojo.prepareRelease(PrepareReleaseMojo.java:219)
	at org.apache.maven.plugins.release.PrepareReleaseMojo.execute(PrepareReleaseMojo.java:181)
	at org.apache.maven.plugin.DefaultBuildPluginManager.executeMojo(DefaultBuildPluginManager.java:101)
	at org.apache.maven.lifecycle.internal.MojoExecutor.execute(MojoExecutor.java:209)
	... 19 more
Caused by: org.apache.maven.shared.release.ReleaseFailureException: Missing required setting: scm connection or developerConnection must be specified.
	at org.apache.maven.shared.release.phase.CheckPomPhase.execute(CheckPomPhase.java:78)
	at org.apache.maven.shared.release.DefaultReleaseManager.prepare(DefaultReleaseManager.java:203)
	at org.apache.maven.shared.release.DefaultReleaseManager.prepare(DefaultReleaseManager.java:140)
	at org.apache.maven.shared.release.DefaultReleaseManager.prepare(DefaultReleaseManager.java:103)
	at org.apache.maven.plugins.release.PrepareReleaseMojo.prepareRelease(PrepareReleaseMojo.java:211)
	... 22 more
[ERROR] 
[ERROR] Re-run Maven using the -X switch to enable full debug logging.
[ERROR] 
[ERROR] For more information about the errors and possible solutions, please read the following articles:
[ERROR] [Help 1] http://cwiki.apache.org/confluence/display/MAVEN/MojoFailureException
